#
# There is insufficient memory for the Java Runtime Environment to continue.
# Native memory allocation (malloc) failed to allocate 807776 bytes for Chunk::new
# Possible reasons:
#   The system is out of physical RAM or swap space
#   The process is running with CompressedOops enabled, and the Java Heap may be blocking the growth of the native heap
# Possible solutions:
#   Reduce memory load on the system
#   Increase physical memory or swap space
#   Check if swap backing store is full
#   Decrease Java heap size (-Xmx/-Xms)
#   Decrease number of Java threads
#   Decrease Java thread stack sizes (-Xss)
#   Set larger code cache with -XX:ReservedCodeCacheSize=
#   JVM is running with Unscaled Compressed Oops mode in which the Java heap is
#     placed in the first 4GB address space. The Java Heap base address is the
#     maximum limit for the native heap growth. Please use -XX:HeapBaseMinAddress
#     to set the Java Heap base and to place the Java Heap above 4GB virtual address.
# This output file may be truncated or incomplete.
#
#  Out of Memory Error (allocation.cpp:389), pid=15680, tid=0x00000000000044b0
#
# JRE version: OpenJDK Runtime Environment (8.0_242-b01) (build 1.8.0_242-release-1644-b01)
# Java VM: OpenJDK 64-Bit Server VM (25.242-b01 mixed mode windows-amd64 compressed oops)
# Failed to write core dump. Minidumps are not enabled by default on client versions of Windows
#

---------------  T H R E A D  ---------------

Current thread (0x000000001a2b7000):  JavaThread "C2 CompilerThread1" daemon [_thread_in_native, id=17584, stack(0x000000001ac80000,0x000000001ad80000)]

Stack: [0x000000001ac80000,0x000000001ad80000]
[error occurred during error reporting (printing stack bounds), id 0xc0000005]

Native frames: (J=compiled Java code, j=interpreted, Vv=VM code, C=native code)


Current CompileTask:
C2:   2835 2625       4       org.objectweb.asm.Frame::execute (2318 bytes)


---------------  P R O C E S S  ---------------

Java Threads: ( => current thread )
  0x000000001d0a3800 JavaThread "Cache worker for file content cache (C:\Users\WILLY\.gradle\caches\6.5\fileContent)" [_thread_blocked, id=10644, stack(0x00000000234f0000,0x00000000235f0000)]
  0x000000001d0a4000 JavaThread "jar transforms" [_thread_blocked, id=10432, stack(0x00000000233f0000,0x00000000234f0000)]
  0x000000001d0a2800 JavaThread "Cache worker for execution history cache (C:\Users\WILLY\.gradle\caches\6.5\executionHistory)" [_thread_blocked, id=19148, stack(0x0000000022cf0000,0x0000000022df0000)]
  0x000000001d0a1000 JavaThread "Cache worker for cache directory md-rule (C:\Users\WILLY\.gradle\caches\6.5\md-rule)" [_thread_blocked, id=18972, stack(0x0000000022bf0000,0x0000000022cf0000)]
  0x000000001d0a0800 JavaThread "Cache worker for cache directory md-supplier (C:\Users\WILLY\.gradle\caches\6.5\md-supplier)" [_thread_blocked, id=17128, stack(0x00000000218a0000,0x00000000219a0000)]
  0x000000001d0a2000 JavaThread "Cache worker for checksums cache (C:\Users\WILLY\AndroidStudioProjects\MedicalApp\.gradle\checksums)" [_thread_blocked, id=18636, stack(0x00000000217a0000,0x00000000218a0000)]
  0x000000001d0a5800 JavaThread "Cache worker for file hash cache (C:\Users\WILLY\AndroidStudioProjects\MedicalApp\.gradle\6.5\fileHashes)" [_thread_blocked, id=10200, stack(0x000000001f2c0000,0x000000001f3c0000)]
  0x000000001d0a6800 JavaThread "Cache worker for file hash cache (C:\Users\WILLY\.gradle\caches\6.5\fileHashes)" [_thread_blocked, id=14068, stack(0x000000001f1c0000,0x000000001f2c0000)]
  0x000000001d09f800 JavaThread "File lock request listener" [_thread_in_native, id=1532, stack(0x000000001f0c0000,0x000000001f1c0000)]
  0x000000001b22b800 JavaThread "Cache worker for journal cache (C:\Users\WILLY\.gradle\caches\journal-1)" [_thread_blocked, id=16736, stack(0x000000001efc0000,0x000000001f0c0000)]
  0x000000001d16d000 JavaThread "Thread-9" [_thread_blocked, id=1512, stack(0x000000001ecc0000,0x000000001edc0000)]
  0x000000001d188800 JavaThread "Stdin handler" [_thread_blocked, id=3392, stack(0x000000001ebc0000,0x000000001ecc0000)]
  0x000000001d192800 JavaThread "Asynchronous log dispatcher for DefaultDaemonConnection: socket connection from /127.0.0.1:65033 to /127.0.0.1:65034" [_thread_blocked, id=9112, stack(0x000000001eac0000,0x000000001ebc0000)]
  0x000000001d176000 JavaThread "Daemon worker" [_thread_in_Java, id=16080, stack(0x000000001e9c0000,0x000000001eac0000)]
  0x000000001d198800 JavaThread "Cancel handler" [_thread_blocked, id=6800, stack(0x000000001e8c0000,0x000000001e9c0000)]
  0x000000001d13c800 JavaThread "Handler for socket connection from /127.0.0.1:65033 to /127.0.0.1:65034" [_thread_in_native, id=18176, stack(0x000000001e5c0000,0x000000001e6c0000)]
  0x000000001d135000 JavaThread "Daemon" [_thread_blocked, id=12016, stack(0x000000001e4c0000,0x000000001e5c0000)]
  0x000000001d12a000 JavaThread "Daemon periodic checks" [_thread_blocked, id=18816, stack(0x000000001e3c0000,0x000000001e4c0000)]
  0x000000001d0c8000 JavaThread "Incoming local TCP Connector on port 65033" [_thread_in_native, id=18152, stack(0x000000001e180000,0x000000001e280000)]
  0x000000001d05f000 JavaThread "Daemon health stats" [_thread_blocked, id=20264, stack(0x000000001c950000,0x000000001ca50000)]
  0x000000001a34b800 JavaThread "Service Thread" daemon [_thread_blocked, id=13328, stack(0x000000001af80000,0x000000001b080000)]
  0x000000001a2c6800 JavaThread "C1 CompilerThread3" daemon [_thread_in_native, id=13124, stack(0x000000001ae80000,0x000000001af80000)]
  0x000000001a2c1800 JavaThread "C2 CompilerThread2" daemon [_thread_in_native, id=16440, stack(0x000000001ad80000,0x000000001ae80000)]
=>0x000000001a2b7000 JavaThread "C2 CompilerThread1" daemon [_thread_in_native, id=17584, stack(0x000000001ac80000,0x000000001ad80000)]
  0x000000001a2b3000 JavaThread "C2 CompilerThread0" daemon [_thread_in_native, id=8440, stack(0x000000001ab80000,0x000000001ac80000)]
  0x000000001a2ae000 JavaThread "Attach Listener" daemon [_thread_blocked, id=10204, stack(0x000000001aa80000,0x000000001ab80000)]
  0x00000000184be000 JavaThread "Signal Dispatcher" daemon [_thread_blocked, id=14000, stack(0x000000001a980000,0x000000001aa80000)]
  0x0000000003438800 JavaThread "Finalizer" daemon [_thread_blocked, id=7152, stack(0x000000001a780000,0x000000001a880000)]
  0x00000000184ac000 JavaThread "Reference Handler" daemon [_thread_blocked, id=14328, stack(0x000000001a680000,0x000000001a780000)]
  0x000000000333e000 JavaThread "main" [_thread_blocked, id=9604, stack(0x00000000031a0000,0x00000000032a0000)]

Other Threads:
  0x00000000184a7800 VMThread [stack: 0x000000001a180000,0x000000001a280000] [id=19988]
  0x000000001a34c800 WatcherThread [stack: 0x000000001b080000,0x000000001b180000] [id=1664]

VM state:not at safepoint (normal execution)

VM Mutex/Monitor currently owned by a thread: None

heap address: 0x0000000080000000, size: 2048 MB, Compressed Oops mode: 32-bit
Narrow klass base: 0x0000000000000000, Narrow klass shift: 3
Compressed class space size: 1073741824 Address: 0x0000000100000000

Heap:
 PSYoungGen      total 140800K, used 23073K [0x00000000d5580000, 0x00000000e4880000, 0x0000000100000000)
  eden space 130048K, 9% used [0x00000000d5580000,0x00000000d618b0f8,0x00000000dd480000)
  from space 10752K, 99% used [0x00000000dd480000,0x00000000ddefd658,0x00000000ddf00000)
  to   space 15872K, 0% used [0x00000000e3900000,0x00000000e3900000,0x00000000e4880000)
 ParOldGen       total 93184K, used 10636K [0x0000000080000000, 0x0000000085b00000, 0x00000000d5580000)
  object space 93184K, 11% used [0x0000000080000000,0x0000000080a633f0,0x0000000085b00000)
 Metaspace       used 33404K, capacity 34542K, committed 34864K, reserved 1079296K
  class space    used 4577K, capacity 4826K, committed 4912K, reserved 1048576K

Card table byte_map: [0x0000000012800000,0x0000000012c10000] byte_map_base: 0x0000000012400000

Marking Bits: (ParMarkBitMap*) 0x00000000605af030
 Begin Bits: [0x00000000136c0000, 0x00000000156c0000)
 End Bits:   [0x00000000156c0000, 0x00000000176c0000)

Polling page: 0x00000000030e0000

CodeCache: size=245760Kb used=10305Kb max_used=10305Kb free=235454Kb
 bounds [0x0000000003440000, 0x0000000003e60000, 0x0000000012440000]
 total_blobs=3352 nmethods=2669 adapters=596
 compilation: enabled

Compilation events (10 events):
Event: 2.830 Thread 0x000000001a2c6800 nmethod 2672 0x0000000003e503d0 code [0x0000000003e506c0, 0x0000000003e51bb8]
Event: 2.830 Thread 0x000000001a2c6800 2673       3       java.lang.AbstractStringBuilder::append (54 bytes)
Event: 2.831 Thread 0x000000001a2c6800 nmethod 2673 0x0000000003e52690 code [0x0000000003e52860, 0x0000000003e53168]
Event: 2.831 Thread 0x000000001a2c6800 2674       3       java.util.regex.Matcher::find (69 bytes)
Event: 2.831 Thread 0x000000001a2c6800 nmethod 2674 0x0000000003e532d0 code [0x0000000003e53440, 0x0000000003e537e8]
Event: 2.832 Thread 0x000000001a2c6800 2675       3       org.gradle.internal.reflect.MutableClassDetails::superType (12 bytes)
Event: 2.832 Thread 0x000000001a2c6800 nmethod 2675 0x0000000003e538d0 code [0x0000000003e53a40, 0x0000000003e53c68]
Event: 2.832 Thread 0x000000001a2c6800 2676       3       org.gradle.internal.instantiation.generator.AbstractClassGenerator$PropertyMetadata::<init> (65 bytes)
Event: 2.833 Thread 0x000000001a2c6800 nmethod 2676 0x0000000003e53d50 code [0x0000000003e53f60, 0x0000000003e54af0]
Event: 2.833 Thread 0x000000001a2c6800 2677       3       org.gradle.model.internal.asm.AsmClassGeneratorUtils::visitType (417 bytes)

GC Heap History (10 events):
Event: 1.383 GC heap before
{Heap before GC invocations=2 (full 0):
 PSYoungGen      total 75776K, used 70726K [0x00000000d5580000, 0x00000000daa00000, 0x0000000100000000)
  eden space 65024K, 100% used [0x00000000d5580000,0x00000000d9500000,0x00000000d9500000)
  from space 10752K, 53% used [0x00000000d9500000,0x00000000d9a91958,0x00000000d9f80000)
  to   space 10752K, 0% used [0x00000000d9f80000,0x00000000d9f80000,0x00000000daa00000)
 ParOldGen       total 173568K, used 16K [0x0000000080000000, 0x000000008a980000, 0x00000000d5580000)
  object space 173568K, 0% used [0x0000000080000000,0x0000000080004000,0x000000008a980000)
 Metaspace       used 14182K, capacity 14622K, committed 14976K, reserved 1062912K
  class space    used 1953K, capacity 2085K, committed 2176K, reserved 1048576K
Event: 1.390 GC heap after
Heap after GC invocations=2 (full 0):
 PSYoungGen      total 75776K, used 8983K [0x00000000d5580000, 0x00000000daa00000, 0x0000000100000000)
  eden space 65024K, 0% used [0x00000000d5580000,0x00000000d5580000,0x00000000d9500000)
  from space 10752K, 83% used [0x00000000d9f80000,0x00000000da845f18,0x00000000daa00000)
  to   space 10752K, 0% used [0x00000000d9500000,0x00000000d9500000,0x00000000d9f80000)
 ParOldGen       total 173568K, used 24K [0x0000000080000000, 0x000000008a980000, 0x00000000d5580000)
  object space 173568K, 0% used [0x0000000080000000,0x0000000080006000,0x000000008a980000)
 Metaspace       used 14182K, capacity 14622K, committed 14976K, reserved 1062912K
  class space    used 1953K, capacity 2085K, committed 2176K, reserved 1048576K
}
Event: 1.855 GC heap before
{Heap before GC invocations=3 (full 0):
 PSYoungGen      total 75776K, used 74007K [0x00000000d5580000, 0x00000000daa00000, 0x0000000100000000)
  eden space 65024K, 100% used [0x00000000d5580000,0x00000000d9500000,0x00000000d9500000)
  from space 10752K, 83% used [0x00000000d9f80000,0x00000000da845f18,0x00000000daa00000)
  to   space 10752K, 0% used [0x00000000d9500000,0x00000000d9500000,0x00000000d9f80000)
 ParOldGen       total 173568K, used 24K [0x0000000080000000, 0x000000008a980000, 0x00000000d5580000)
  object space 173568K, 0% used [0x0000000080000000,0x0000000080006000,0x000000008a980000)
 Metaspace       used 19962K, capacity 20570K, committed 20736K, reserved 1067008K
  class space    used 2778K, capacity 2945K, committed 3072K, reserved 1048576K
Event: 1.868 GC heap after
Heap after GC invocations=3 (full 0):
 PSYoungGen      total 75776K, used 10730K [0x00000000d5580000, 0x00000000de980000, 0x0000000100000000)
  eden space 65024K, 0% used [0x00000000d5580000,0x00000000d5580000,0x00000000d9500000)
  from space 10752K, 99% used [0x00000000d9500000,0x00000000d9f7a9d0,0x00000000d9f80000)
  to   space 10752K, 0% used [0x00000000ddf00000,0x00000000ddf00000,0x00000000de980000)
 ParOldGen       total 173568K, used 790K [0x0000000080000000, 0x000000008a980000, 0x00000000d5580000)
  object space 173568K, 0% used [0x0000000080000000,0x00000000800c5878,0x000000008a980000)
 Metaspace       used 19962K, capacity 20570K, committed 20736K, reserved 1067008K
  class space    used 2778K, capacity 2945K, committed 3072K, reserved 1048576K
}
Event: 1.928 GC heap before
{Heap before GC invocations=4 (full 0):
 PSYoungGen      total 75776K, used 20852K [0x00000000d5580000, 0x00000000de980000, 0x0000000100000000)
  eden space 65024K, 15% used [0x00000000d5580000,0x00000000d5f62998,0x00000000d9500000)
  from space 10752K, 99% used [0x00000000d9500000,0x00000000d9f7a9d0,0x00000000d9f80000)
  to   space 10752K, 0% used [0x00000000ddf00000,0x00000000ddf00000,0x00000000de980000)
 ParOldGen       total 173568K, used 790K [0x0000000080000000, 0x000000008a980000, 0x00000000d5580000)
  object space 173568K, 0% used [0x0000000080000000,0x00000000800c5878,0x000000008a980000)
 Metaspace       used 20560K, capacity 21220K, committed 21296K, reserved 1067008K
  class space    used 2873K, capacity 3076K, committed 3120K, reserved 1048576K
Event: 1.933 GC heap after
Heap after GC invocations=4 (full 0):
 PSYoungGen      total 140800K, used 7394K [0x00000000d5580000, 0x00000000de980000, 0x0000000100000000)
  eden space 130048K, 0% used [0x00000000d5580000,0x00000000d5580000,0x00000000dd480000)
  from space 10752K, 68% used [0x00000000ddf00000,0x00000000de638878,0x00000000de980000)
  to   space 10752K, 0% used [0x00000000dd480000,0x00000000dd480000,0x00000000ddf00000)
 ParOldGen       total 173568K, used 798K [0x0000000080000000, 0x000000008a980000, 0x00000000d5580000)
  object space 173568K, 0% used [0x0000000080000000,0x00000000800c7878,0x000000008a980000)
 Metaspace       used 20560K, capacity 21220K, committed 21296K, reserved 1067008K
  class space    used 2873K, capacity 3076K, committed 3120K, reserved 1048576K
}
Event: 1.933 GC heap before
{Heap before GC invocations=5 (full 1):
 PSYoungGen      total 140800K, used 7394K [0x00000000d5580000, 0x00000000de980000, 0x0000000100000000)
  eden space 130048K, 0% used [0x00000000d5580000,0x00000000d5580000,0x00000000dd480000)
  from space 10752K, 68% used [0x00000000ddf00000,0x00000000de638878,0x00000000de980000)
  to   space 10752K, 0% used [0x00000000dd480000,0x00000000dd480000,0x00000000ddf00000)
 ParOldGen       total 173568K, used 798K [0x0000000080000000, 0x000000008a980000, 0x00000000d5580000)
  object space 173568K, 0% used [0x0000000080000000,0x00000000800c7878,0x000000008a980000)
 Metaspace       used 20560K, capacity 21220K, committed 21296K, reserved 1067008K
  class space    used 2873K, capacity 3076K, committed 3120K, reserved 1048576K
Event: 1.958 GC heap after
Heap after GC invocations=5 (full 1):
 PSYoungGen      total 140800K, used 0K [0x00000000d5580000, 0x00000000de980000, 0x0000000100000000)
  eden space 130048K, 0% used [0x00000000d5580000,0x00000000d5580000,0x00000000dd480000)
  from space 10752K, 0% used [0x00000000ddf00000,0x00000000ddf00000,0x00000000de980000)
  to   space 10752K, 0% used [0x00000000dd480000,0x00000000dd480000,0x00000000ddf00000)
 ParOldGen       total 93184K, used 7175K [0x0000000080000000, 0x0000000085b00000, 0x00000000d5580000)
  object space 93184K, 7% used [0x0000000080000000,0x0000000080701fc8,0x0000000085b00000)
 Metaspace       used 20560K, capacity 21220K, committed 21296K, reserved 1067008K
  class space    used 2873K, capacity 3076K, committed 3120K, reserved 1048576K
}
Event: 2.758 GC heap before
{Heap before GC invocations=6 (full 1):
 PSYoungGen      total 140800K, used 130048K [0x00000000d5580000, 0x00000000de980000, 0x0000000100000000)
  eden space 130048K, 100% used [0x00000000d5580000,0x00000000dd480000,0x00000000dd480000)
  from space 10752K, 0% used [0x00000000ddf00000,0x00000000ddf00000,0x00000000de980000)
  to   space 10752K, 0% used [0x00000000dd480000,0x00000000dd480000,0x00000000ddf00000)
 ParOldGen       total 93184K, used 7175K [0x0000000080000000, 0x0000000085b00000, 0x00000000d5580000)
  object space 93184K, 7% used [0x0000000080000000,0x0000000080701fc8,0x0000000085b00000)
 Metaspace       used 32737K, capacity 33760K, committed 33968K, reserved 1079296K
  class space    used 4473K, capacity 4718K, committed 4784K, reserved 1048576K
Event: 2.770 GC heap after
Heap after GC invocations=6 (full 1):
 PSYoungGen      total 140800K, used 10741K [0x00000000d5580000, 0x00000000e4880000, 0x0000000100000000)
  eden space 130048K, 0% used [0x00000000d5580000,0x00000000d5580000,0x00000000dd480000)
  from space 10752K, 99% used [0x00000000dd480000,0x00000000ddefd658,0x00000000ddf00000)
  to   space 15872K, 0% used [0x00000000e3900000,0x00000000e3900000,0x00000000e4880000)
 ParOldGen       total 93184K, used 10636K [0x0000000080000000, 0x0000000085b00000, 0x00000000d5580000)
  object space 93184K, 11% used [0x0000000080000000,0x0000000080a633f0,0x0000000085b00000)
 Metaspace       used 32737K, capacity 33760K, committed 33968K, reserved 1079296K
  class space    used 4473K, capacity 4718K, committed 4784K, reserved 1048576K
}

Deoptimization events (10 events):
Event: 2.395 Thread 0x000000001d176000 Uncommon trap: reason=unstable_if action=reinterpret pc=0x0000000003a3de20 method=java.net.URLClassLoader.defineClass(Ljava/lang/String;Lsun/misc/Resource;)Ljava/lang/Class; @ 21
Event: 2.395 Thread 0x000000001d176000 Uncommon trap: reason=unstable_if action=reinterpret pc=0x0000000003949934 method=java.lang.ClassLoader.getClassLoadingLock(Ljava/lang/String;)Ljava/lang/Object; @ 6
Event: 2.557 Thread 0x000000001d176000 Uncommon trap: reason=unstable_if action=reinterpret pc=0x00000000039ef104 method=java.util.HashMap.getNode(ILjava/lang/Object;)Ljava/util/HashMap$Node; @ 53
Event: 2.557 Thread 0x000000001d176000 Uncommon trap: reason=unstable_if action=reinterpret pc=0x0000000003b75340 method=java.util.HashMap.putVal(ILjava/lang/Object;Ljava/lang/Object;ZZ)Ljava/lang/Object; @ 85
Event: 2.607 Thread 0x000000001d176000 Uncommon trap: reason=unstable_if action=reinterpret pc=0x0000000003c262c4 method=org.gradle.internal.reflect.PropertyAccessorType.isGetGetterName(Ljava/lang/String;)Z @ 14
Event: 2.626 Thread 0x000000001d176000 Uncommon trap: reason=unstable_if action=reinterpret pc=0x0000000003b39e80 method=org.objectweb.asm.ByteVector.putShort(I)Lorg/objectweb/asm/ByteVector; @ 13
Event: 2.675 Thread 0x000000001d176000 Uncommon trap: reason=unstable_if action=reinterpret pc=0x0000000003a91f6c method=java.net.URLClassLoader.defineClass(Ljava/lang/String;Lsun/misc/Resource;)Ljava/lang/Class; @ 21
Event: 2.716 Thread 0x000000001d176000 Uncommon trap: reason=unstable_if action=reinterpret pc=0x0000000003df1644 method=org.codehaus.groovy.runtime.metaclass.MetaMethodIndex.addMethodToList(Ljava/lang/Object;Lgroovy/lang/MetaMethod;)Ljava/lang/Object; @ 226
Event: 2.770 Thread 0x00000000184ac000 Uncommon trap: reason=unstable_if action=reinterpret pc=0x0000000003a358fc method=java.lang.ref.Reference.tryHandlePending(Z)Z @ 104
Event: 2.774 Thread 0x000000001d176000 Uncommon trap: reason=range_check action=make_not_entrant pc=0x0000000003dda5b8 method=java.lang.String.charAt(I)C @ 27

Classes redefined (0 events):
No events

Internal exceptions (10 events):
Event: 2.730 Thread 0x000000001d176000 Exception <a 'java/lang/ClassNotFoundException': org/gradle/api/internal/DefaultNamedDomainObjectCollectionBeanInfo> (0x00000000dce52d58) thrown at [C:\src\AOSP-openjdk-git\hotspot\src\share\vm\classfile\systemDictionary.cpp, line 210]
Event: 2.731 Thread 0x000000001d176000 Exception <a 'java/lang/ClassNotFoundException': org/gradle/api/internal/DefaultDomainObjectCollectionBeanInfo> (0x00000000dce87198) thrown at [C:\src\AOSP-openjdk-git\hotspot\src\share\vm\classfile\systemDictionary.cpp, line 210]
Event: 2.731 Thread 0x000000001d176000 Exception <a 'java/lang/ClassNotFoundException': java/util/AbstractCollectionBeanInfo> (0x00000000dce8b968) thrown at [C:\src\AOSP-openjdk-git\hotspot\src\share\vm\classfile\systemDictionary.cpp, line 210]
Event: 2.731 Thread 0x000000001d176000 Exception <a 'java/lang/ClassNotFoundException': java/util/AbstractCollectionCustomizer> (0x00000000dce900d0) thrown at [C:\src\AOSP-openjdk-git\hotspot\src\share\vm\classfile\systemDictionary.cpp, line 210]
Event: 2.733 Thread 0x000000001d176000 Exception <a 'java/lang/ClassNotFoundException': org/gradle/api/internal/DefaultDomainObjectCollectionCustomizer> (0x00000000dcecfff0) thrown at [C:\src\AOSP-openjdk-git\hotspot\src\share\vm\classfile\systemDictionary.cpp, line 210]
Event: 2.734 Thread 0x000000001d176000 Exception <a 'java/lang/ClassNotFoundException': org/gradle/api/internal/DefaultNamedDomainObjectCollectionCustomizer> (0x00000000dcf2e3a0) thrown at [C:\src\AOSP-openjdk-git\hotspot\src\share\vm\classfile\systemDictionary.cpp, line 210]
Event: 2.737 Thread 0x000000001d176000 Exception <a 'java/lang/ClassNotFoundException': org/gradle/api/internal/DefaultNamedDomainObjectListCustomizer> (0x00000000dcfa2db0) thrown at [C:\src\AOSP-openjdk-git\hotspot\src\share\vm\classfile\systemDictionary.cpp, line 210]
Event: 2.738 Thread 0x000000001d176000 Exception <a 'java/lang/ClassNotFoundException': org/gradle/api/internal/artifacts/DefaultArtifactRepositoryContainerCustomizer> (0x00000000dd017b30) thrown at [C:\src\AOSP-openjdk-git\hotspot\src\share\vm\classfile\systemDictionary.cpp, line 210]
Event: 2.739 Thread 0x000000001d176000 Exception <a 'java/lang/ClassNotFoundException': org/gradle/api/internal/artifacts/dsl/DefaultRepositoryHandlerCustomizer> (0x00000000dd07cdb8) thrown at [C:\src\AOSP-openjdk-git\hotspot\src\share\vm\classfile\systemDictionary.cpp, line 210]
Event: 2.741 Thread 0x000000001d176000 Exception <a 'java/lang/ClassNotFoundException': org/gradle/api/internal/artifacts/dsl/DefaultRepositoryHandler_DecoratedCustomizer> (0x00000000dd1005c0) thrown at [C:\src\AOSP-openjdk-git\hotspot\src\share\vm\classfile\systemDictionary.cpp, line 210]

Events (10 events):
Event: 2.830 loading class org/gradle/api/internal/artifacts/query/DefaultArtifactResolutionQueryFactory
Event: 2.830 loading class org/gradle/api/internal/artifacts/query/DefaultArtifactResolutionQueryFactory done
Event: 2.831 loading class org/gradle/api/artifacts/query/ArtifactResolutionQuery
Event: 2.831 loading class org/gradle/api/artifacts/query/ArtifactResolutionQuery done
Event: 2.831 loading class org/gradle/api/internal/artifacts/dsl/dependencies/DefaultDependencyHandler
Event: 2.831 loading class org/gradle/api/internal/artifacts/dsl/dependencies/DefaultDependencyHandler done
Event: 2.832 loading class org/gradle/api/artifacts/ModuleDependencyCapabilitiesHandler
Event: 2.832 loading class org/gradle/api/artifacts/ModuleDependencyCapabilitiesHandler done
Event: 2.834 loading class org/gradle/api/internal/artifacts/ArtifactAttributes
Event: 2.834 loading class org/gradle/api/internal/artifacts/ArtifactAttributes done


Dynamic libraries:
0x00007ff7bc220000 - 0x00007ff7bc251000 	C:\Program Files\Android\Android Studio\jre\bin\java.exe
0x00007ffba64b0000 - 0x00007ffba66a5000 	C:\WINDOWS\SYSTEM32\ntdll.dll
0x00007ffba6380000 - 0x00007ffba643d000 	C:\WINDOWS\System32\KERNEL32.DLL
0x00007ffba3f20000 - 0x00007ffba41e7000 	C:\WINDOWS\System32\KERNELBASE.dll
0x00007ffba5a80000 - 0x00007ffba5b2a000 	C:\WINDOWS\System32\ADVAPI32.dll
0x00007ffba60c0000 - 0x00007ffba615e000 	C:\WINDOWS\System32\msvcrt.dll
0x00007ffba61c0000 - 0x00007ffba625b000 	C:\WINDOWS\System32\sechost.dll
0x00007ffba47f0000 - 0x00007ffba4913000 	C:\WINDOWS\System32\RPCRT4.dll
0x00007ffba4650000 - 0x00007ffba47f0000 	C:\WINDOWS\System32\USER32.dll
0x00007ffba3c00000 - 0x00007ffba3c22000 	C:\WINDOWS\System32\win32u.dll
0x00007ffba62d0000 - 0x00007ffba62fa000 	C:\WINDOWS\System32\GDI32.dll
0x00007ffba3c30000 - 0x00007ffba3d3a000 	C:\WINDOWS\System32\gdi32full.dll
0x00007ffba4320000 - 0x00007ffba43bd000 	C:\WINDOWS\System32\msvcp_win.dll
0x00007ffba3d40000 - 0x00007ffba3e40000 	C:\WINDOWS\System32\ucrtbase.dll
0x00007ffb8df00000 - 0x00007ffb8e19a000 	C:\WINDOWS\WinSxS\amd64_microsoft.windows.common-controls_6595b64144ccf1df_6.0.19041.1_none_b555e41d4684ddec\COMCTL32.dll
0x00007ffba6440000 - 0x00007ffba6470000 	C:\WINDOWS\System32\IMM32.DLL
0x0000000060940000 - 0x0000000060a12000 	C:\Program Files\Android\Android Studio\jre\jre\bin\msvcr100.dll
0x000000005fde0000 - 0x000000006062b000 	C:\Program Files\Android\Android Studio\jre\jre\bin\server\jvm.dll
0x00007ffba6260000 - 0x00007ffba6268000 	C:\WINDOWS\System32\PSAPI.DLL
0x00007ffb82150000 - 0x00007ffb82159000 	C:\WINDOWS\SYSTEM32\WSOCK32.dll
0x00007ffb8e350000 - 0x00007ffb8e377000 	C:\WINDOWS\SYSTEM32\WINMM.dll
0x00007ffba5be0000 - 0x00007ffba5c4b000 	C:\WINDOWS\System32\WS2_32.dll
0x00007ffb9d140000 - 0x00007ffb9d14a000 	C:\WINDOWS\SYSTEM32\VERSION.dll
0x00007ffb8aaa0000 - 0x00007ffb8aaaf000 	C:\Program Files\Android\Android Studio\jre\jre\bin\verify.dll
0x00007ffb74400000 - 0x00007ffb74429000 	C:\Program Files\Android\Android Studio\jre\jre\bin\java.dll
0x00007ffb6c790000 - 0x00007ffb6c7a6000 	C:\Program Files\Android\Android Studio\jre\jre\bin\zip.dll
0x00007ffba5340000 - 0x00007ffba5a80000 	C:\WINDOWS\System32\SHELL32.dll
0x00007ffba1d80000 - 0x00007ffba2511000 	C:\WINDOWS\SYSTEM32\windows.storage.dll
0x00007ffba4fe0000 - 0x00007ffba5333000 	C:\WINDOWS\System32\combase.dll
0x00007ffba3680000 - 0x00007ffba36ac000 	C:\WINDOWS\SYSTEM32\Wldp.dll
0x00007ffba5b30000 - 0x00007ffba5bde000 	C:\WINDOWS\System32\SHCORE.dll
0x00007ffba6160000 - 0x00007ffba61b5000 	C:\WINDOWS\System32\shlwapi.dll
0x00007ffba3b40000 - 0x00007ffba3b5f000 	C:\WINDOWS\SYSTEM32\profapi.dll
0x00007ffb6c770000 - 0x00007ffb6c78a000 	C:\Program Files\Android\Android Studio\jre\jre\bin\net.dll
0x00007ffba3400000 - 0x00007ffba346a000 	C:\WINDOWS\system32\mswsock.dll
0x00007ffb6c750000 - 0x00007ffb6c763000 	C:\Program Files\Android\Android Studio\jre\jre\bin\nio.dll
0x00007ffb40c40000 - 0x00007ffb40c67000 	C:\Users\WILLY\.gradle\native\f6784746aeab05261644944871eae4fe03e0ef1612fff0a4a95f87b438bc6780\windows-amd64\native-platform.dll
0x00007ffb87870000 - 0x00007ffb8787d000 	C:\Program Files\Android\Android Studio\jre\jre\bin\management.dll
0x00007ffba35e0000 - 0x00007ffba35f8000 	C:\WINDOWS\SYSTEM32\CRYPTSP.dll
0x00007ffba2d20000 - 0x00007ffba2d54000 	C:\WINDOWS\system32\rsaenh.dll
0x00007ffba3e40000 - 0x00007ffba3e67000 	C:\WINDOWS\System32\bcrypt.dll
0x00007ffba3b00000 - 0x00007ffba3b2e000 	C:\WINDOWS\SYSTEM32\USERENV.dll
0x00007ffba42a0000 - 0x00007ffba431f000 	C:\WINDOWS\System32\bcryptprimitives.dll
0x00007ffba35d0000 - 0x00007ffba35dc000 	C:\WINDOWS\SYSTEM32\CRYPTBASE.dll
0x00007ffba30a0000 - 0x00007ffba30db000 	C:\WINDOWS\SYSTEM32\IPHLPAPI.DLL
0x00007ffba5c60000 - 0x00007ffba5c69000 	C:\WINDOWS\System32\NSI.dll
0x00007ffb94fd0000 - 0x00007ffb94fe7000 	C:\WINDOWS\SYSTEM32\dhcpcsvc6.DLL
0x00007ffb95010000 - 0x00007ffb9502d000 	C:\WINDOWS\SYSTEM32\dhcpcsvc.DLL
0x00007ffba30f0000 - 0x00007ffba31ba000 	C:\WINDOWS\SYSTEM32\DNSAPI.dll
0x00007ffb97a50000 - 0x00007ffb97a5b000 	C:\WINDOWS\SYSTEM32\WINNSI.DLL

VM Arguments:
jvm_args: -Xmx2048m -Dfile.encoding=UTF-8 -Duser.country=US -Duser.language=en -Duser.variant 
java_command: org.gradle.launcher.daemon.bootstrap.GradleDaemon 6.5
java_class_path (initial): C:\Users\WILLY\.gradle\wrapper\dists\gradle-6.5-bin\6nifqtx7604sqp1q6g8wikw7p\gradle-6.5\lib\gradle-launcher-6.5.jar
Launcher Type: SUN_STANDARD

Environment Variables:
PATH=C:\Program Files (x86)\Common Files\Oracle\Java\javapath;C:\Python38\Scripts\;C:\Python38\;C:\WINDOWS\system32;C:\WINDOWS;C:\WINDOWS\System32\Wbem;C:\WINDOWS\System32\WindowsPowerShell\v1.0\;C:\WINDOWS\System32\OpenSSH\;C:\ProgramData\chocolatey\bin;C:\Program Files\nodejs\;C:\Program Files\TortoiseSVN\bin;C:\Program Files\VisualSVN Server\bin;C:\Program Files\Inkscape\bin;C:\Program Files\Git\cmd;C:\Users\WILLY\AppData\Local\Microsoft\WindowsApps;C:\Users\WILLY\AppData\Local\Programs\Microsoft VS Code\bin;C:\Users\WILLY\AppData\Roaming\npm;C:\Users\WILLY\AppData\Local\GitHubDesktop\bin;C:\Users\WILLY\AppData\Local\Android\Sdk\platform-tools;
USERNAME=WILLY
OS=Windows_NT
PROCESSOR_IDENTIFIER=Intel64 Family 6 Model 142 Stepping 11, GenuineIntel



---------------  S Y S T E M  ---------------

OS: Windows 10.0 , 64 bit Build 19041 (10.0.19041.292)

CPU:total 8 (initial active 8) (4 cores per cpu, 2 threads per core) family 6 model 142 stepping 11, cmov, cx8, fxsr, mmx, sse, sse2, sse3, ssse3, sse4.1, sse4.2, popcnt, avx, avx2, aes, clmul, erms, 3dnowpref, lzcnt, ht, tsc, tscinvbit, bmi1, bmi2, adx

Memory: 4k page, physical 16644896k(5548824k free), swap 18180896k(5900k free)

vm_info: OpenJDK 64-Bit Server VM (25.242-b01) for windows-amd64 JRE (1.8.0_242-release-1644-b01), built by "builder" with MS VC++ 10.0 (VS2010)

time: Thu Jan 21 19:27:13 2021
timezone: E. Africa Standard Time
elapsed time: 2 seconds (0d 0h 0m 2s)

