#
# There is insufficient memory for the Java Runtime Environment to continue.
# Native memory allocation (malloc) failed to allocate 1564544 bytes for Chunk::new
# Possible reasons:
#   The system is out of physical RAM or swap space
#   The process is running with CompressedOops enabled, and the Java Heap may be blocking the growth of the native heap
# Possible solutions:
#   Reduce memory load on the system
#   Increase physical memory or swap space
#   Check if swap backing store is full
#   Decrease Java heap size (-Xmx/-Xms)
#   Decrease number of Java threads
#   Decrease Java thread stack sizes (-Xss)
#   Set larger code cache with -XX:ReservedCodeCacheSize=
#   JVM is running with Unscaled Compressed Oops mode in which the Java heap is
#     placed in the first 4GB address space. The Java Heap base address is the
#     maximum limit for the native heap growth. Please use -XX:HeapBaseMinAddress
#     to set the Java Heap base and to place the Java Heap above 4GB virtual address.
# This output file may be truncated or incomplete.
#
#  Out of Memory Error (allocation.cpp:389), pid=12672, tid=0x00000000000021e8
#
# JRE version: OpenJDK Runtime Environment (8.0_242-b01) (build 1.8.0_242-release-1644-b01)
# Java VM: OpenJDK 64-Bit Server VM (25.242-b01 mixed mode windows-amd64 compressed oops)
# Failed to write core dump. Minidumps are not enabled by default on client versions of Windows
#

---------------  T H R E A D  ---------------

Current thread (0x0000000019307800):  JavaThread "C2 CompilerThread2" daemon [_thread_in_native, id=8680, stack(0x0000000019dd0000,0x0000000019ed0000)]

Stack: [0x0000000019dd0000,0x0000000019ed0000]
[error occurred during error reporting (printing stack bounds), id 0xc0000005]

Native frames: (J=compiled Java code, j=interpreted, Vv=VM code, C=native code)


Current CompileTask:
C2:   3496 2590       4       groovy.lang.MetaClassImpl$1MOPIter::methodNameAction (325 bytes)


---------------  P R O C E S S  ---------------

Java Threads: ( => current thread )
  0x0000000022374000 JavaThread "jar transforms Thread 94" [_thread_blocked, id=7524, stack(0x000000002a4a0000,0x000000002a5a0000)]
  0x0000000022371000 JavaThread "jar transforms Thread 93" [_thread_blocked, id=18144, stack(0x000000002a3a0000,0x000000002a4a0000)]
  0x000000001edfc000 JavaThread "jar transforms Thread 92" [_thread_blocked, id=5668, stack(0x000000002a2a0000,0x000000002a3a0000)]
  0x000000001edfa800 JavaThread "jar transforms Thread 91" [_thread_blocked, id=12152, stack(0x000000002a1a0000,0x000000002a2a0000)]
  0x000000001edfe800 JavaThread "jar transforms Thread 90" [_thread_blocked, id=8364, stack(0x000000002a0a0000,0x000000002a1a0000)]
  0x000000001edfd800 JavaThread "jar transforms Thread 89" [_thread_blocked, id=19296, stack(0x0000000029fa0000,0x000000002a0a0000)]
  0x000000001edfa000 JavaThread "jar transforms Thread 88" [_thread_blocked, id=10128, stack(0x0000000029ea0000,0x0000000029fa0000)]
  0x000000001edfd000 JavaThread "jar transforms Thread 87" [_thread_blocked, id=15732, stack(0x0000000029da0000,0x0000000029ea0000)]
  0x000000001ee00800 JavaThread "jar transforms Thread 86" [_thread_blocked, id=15304, stack(0x0000000029ca0000,0x0000000029da0000)]
  0x000000001ee00000 JavaThread "jar transforms Thread 85" [_thread_blocked, id=20260, stack(0x0000000029ba0000,0x0000000029ca0000)]
  0x000000001edfb800 JavaThread "jar transforms Thread 84" [_thread_blocked, id=6780, stack(0x0000000029aa0000,0x0000000029ba0000)]
  0x000000001edff000 JavaThread "jar transforms Thread 83" [_thread_blocked, id=8172, stack(0x00000000299a0000,0x0000000029aa0000)]
  0x000000001edf2800 JavaThread "jar transforms Thread 82" [_thread_blocked, id=10512, stack(0x00000000298a0000,0x00000000299a0000)]
  0x000000001edf3000 JavaThread "jar transforms Thread 81" [_thread_blocked, id=17120, stack(0x00000000297a0000,0x00000000298a0000)]
  0x000000001edf9000 JavaThread "jar transforms Thread 80" [_thread_blocked, id=13200, stack(0x00000000296a0000,0x00000000297a0000)]
  0x000000001edf7800 JavaThread "jar transforms Thread 79" [_thread_blocked, id=3100, stack(0x00000000295a0000,0x00000000296a0000)]
  0x000000001edf4000 JavaThread "jar transforms Thread 78" [_thread_blocked, id=4756, stack(0x00000000294a0000,0x00000000295a0000)]
  0x000000001edf5800 JavaThread "jar transforms Thread 77" [_thread_blocked, id=16148, stack(0x00000000293a0000,0x00000000294a0000)]
  0x000000001edf1800 JavaThread "jar transforms Thread 76" [_thread_blocked, id=12480, stack(0x00000000292a0000,0x00000000293a0000)]
  0x000000001edf4800 JavaThread "jar transforms Thread 75" [_thread_blocked, id=9056, stack(0x00000000291a0000,0x00000000292a0000)]
  0x000000001edf8800 JavaThread "jar transforms Thread 74" [_thread_blocked, id=8948, stack(0x00000000290a0000,0x00000000291a0000)]
  0x000000001edf7000 JavaThread "jar transforms Thread 73" [_thread_blocked, id=15540, stack(0x0000000028fa0000,0x00000000290a0000)]
  0x000000001edf6000 JavaThread "jar transforms Thread 72" [_thread_blocked, id=19884, stack(0x0000000028ea0000,0x0000000028fa0000)]
  0x000000001f810000 JavaThread "jar transforms Thread 71" [_thread_blocked, id=9804, stack(0x0000000028da0000,0x0000000028ea0000)]
  0x000000001f80e800 JavaThread "jar transforms Thread 70" [_thread_blocked, id=10252, stack(0x0000000028ca0000,0x0000000028da0000)]
  0x000000001f80f000 JavaThread "jar transforms Thread 69" [_thread_blocked, id=19792, stack(0x0000000028ba0000,0x0000000028ca0000)]
  0x000000001f80d800 JavaThread "jar transforms Thread 68" [_thread_blocked, id=10256, stack(0x0000000028aa0000,0x0000000028ba0000)]
  0x000000001f80d000 JavaThread "jar transforms Thread 67" [_thread_blocked, id=8584, stack(0x00000000289a0000,0x0000000028aa0000)]
  0x000000001f80c000 JavaThread "jar transforms Thread 66" [_thread_blocked, id=18440, stack(0x00000000288a0000,0x00000000289a0000)]
  0x000000001f80b800 JavaThread "jar transforms Thread 65" [_thread_blocked, id=19744, stack(0x00000000287a0000,0x00000000288a0000)]
  0x000000001f80a800 JavaThread "jar transforms Thread 64" [_thread_blocked, id=19616, stack(0x00000000286a0000,0x00000000287a0000)]
  0x000000001f803000 JavaThread "jar transforms Thread 63" [_thread_blocked, id=14384, stack(0x00000000285a0000,0x00000000286a0000)]
  0x000000001f80a000 JavaThread "jar transforms Thread 62" [_thread_blocked, id=19788, stack(0x00000000284a0000,0x00000000285a0000)]
  0x000000001f809000 JavaThread "jar transforms Thread 61" [_thread_blocked, id=18640, stack(0x00000000283a0000,0x00000000284a0000)]
  0x000000001f807800 JavaThread "jar transforms Thread 60" [_thread_blocked, id=6436, stack(0x0000000027f50000,0x0000000028050000)]
  0x000000001f808800 JavaThread "jar transforms Thread 59" [_thread_blocked, id=11736, stack(0x0000000027e50000,0x0000000027f50000)]
  0x000000001f805800 JavaThread "jar transforms Thread 58" [_thread_blocked, id=13512, stack(0x0000000027d50000,0x0000000027e50000)]
  0x000000001f807000 JavaThread "jar transforms Thread 57" [_thread_blocked, id=19276, stack(0x0000000027c50000,0x0000000027d50000)]
  0x000000001f806000 JavaThread "jar transforms Thread 56" [_thread_blocked, id=9720, stack(0x0000000027b50000,0x0000000027c50000)]
  0x000000001f801000 JavaThread "jar transforms Thread 55" [_thread_blocked, id=18140, stack(0x0000000027a50000,0x0000000027b50000)]
  0x000000001f802800 JavaThread "jar transforms Thread 54" [_thread_blocked, id=18032, stack(0x0000000027950000,0x0000000027a50000)]
  0x000000001f804800 JavaThread "jar transforms Thread 53" [_thread_blocked, id=14480, stack(0x0000000027850000,0x0000000027950000)]
  0x000000001f804000 JavaThread "jar transforms Thread 52" [_thread_blocked, id=16812, stack(0x0000000027750000,0x0000000027850000)]
  0x000000001f801800 JavaThread "jar transforms Thread 51" [_thread_blocked, id=12432, stack(0x0000000027650000,0x0000000027750000)]
  0x000000001f1c6000 JavaThread "jar transforms Thread 50" [_thread_blocked, id=14820, stack(0x0000000027550000,0x0000000027650000)]
  0x000000001f1c3800 JavaThread "jar transforms Thread 49" [_thread_blocked, id=11932, stack(0x0000000027450000,0x0000000027550000)]
  0x000000001f1c2000 JavaThread "jar transforms Thread 48" [_thread_blocked, id=16792, stack(0x0000000027350000,0x0000000027450000)]
  0x000000001f1c4800 JavaThread "jar transforms Thread 47" [_thread_blocked, id=6912, stack(0x0000000027250000,0x0000000027350000)]
  0x000000001f1c3000 JavaThread "jar transforms Thread 46" [_thread_blocked, id=15280, stack(0x0000000027150000,0x0000000027250000)]
  0x000000001f1c5000 JavaThread "jar transforms Thread 45" [_thread_blocked, id=20212, stack(0x0000000027050000,0x0000000027150000)]
  0x000000001f1c1800 JavaThread "jar transforms Thread 44" [_thread_blocked, id=2216, stack(0x0000000026f50000,0x0000000027050000)]
  0x000000001f1c7800 JavaThread "jar transforms Thread 43" [_thread_blocked, id=15412, stack(0x0000000026e50000,0x0000000026f50000)]
  0x000000001f1c0000 JavaThread "jar transforms Thread 42" [_thread_blocked, id=8456, stack(0x0000000026d50000,0x0000000026e50000)]
  0x000000001f1c6800 JavaThread "jar transforms Thread 41" [_thread_blocked, id=14488, stack(0x0000000026c50000,0x0000000026d50000)]
  0x000000001f1c0800 JavaThread "jar transforms Thread 40" [_thread_blocked, id=15764, stack(0x0000000026b50000,0x0000000026c50000)]
  0x000000001f1b8800 JavaThread "jar transforms Thread 39" [_thread_blocked, id=18616, stack(0x0000000026a50000,0x0000000026b50000)]
  0x000000001f1bd800 JavaThread "jar transforms Thread 38" [_thread_blocked, id=16720, stack(0x0000000026950000,0x0000000026a50000)]
  0x000000001f1bd000 JavaThread "jar transforms Thread 37" [_thread_blocked, id=14108, stack(0x0000000026850000,0x0000000026950000)]
  0x000000001f1bc000 JavaThread "jar transforms Thread 36" [_thread_blocked, id=17596, stack(0x0000000026750000,0x0000000026850000)]
  0x000000001f1bb800 JavaThread "jar transforms Thread 35" [_thread_blocked, id=19488, stack(0x0000000026650000,0x0000000026750000)]
  0x000000001f1b9000 JavaThread "jar transforms Thread 34" [_thread_blocked, id=4696, stack(0x0000000026550000,0x0000000026650000)]
  0x000000001f1ba000 JavaThread "jar transforms Thread 33" [_thread_blocked, id=15788, stack(0x0000000026450000,0x0000000026550000)]
  0x000000001f1ba800 JavaThread "jar transforms Thread 32" [_thread_blocked, id=13620, stack(0x0000000026350000,0x0000000026450000)]
  0x000000001f1be800 JavaThread "jar transforms Thread 31" [_thread_blocked, id=9176, stack(0x0000000026250000,0x0000000026350000)]
  0x000000001f1bf000 JavaThread "jar transforms Thread 30" [_thread_blocked, id=9280, stack(0x0000000026150000,0x0000000026250000)]
  0x000000002185a000 JavaThread "jar transforms Thread 29" [_thread_blocked, id=2608, stack(0x0000000026050000,0x0000000026150000)]
  0x000000002185e800 JavaThread "jar transforms Thread 28" [_thread_blocked, id=16180, stack(0x0000000025f50000,0x0000000026050000)]
  0x0000000021857800 JavaThread "jar transforms Thread 27" [_thread_blocked, id=13384, stack(0x0000000025e50000,0x0000000025f50000)]
  0x000000002185c000 JavaThread "jar transforms Thread 26" [_thread_blocked, id=11196, stack(0x0000000025d50000,0x0000000025e50000)]
  0x000000002185b800 JavaThread "jar transforms Thread 25" [_thread_blocked, id=16292, stack(0x0000000025c50000,0x0000000025d50000)]
  0x000000002185a800 JavaThread "jar transforms Thread 24" [_thread_blocked, id=20084, stack(0x0000000025b50000,0x0000000025c50000)]
  0x0000000021859000 JavaThread "jar transforms Thread 23" [_thread_blocked, id=4392, stack(0x0000000025a50000,0x0000000025b50000)]
  0x0000000021858800 JavaThread "jar transforms Thread 22" [_thread_blocked, id=3604, stack(0x0000000025950000,0x0000000025a50000)]
  0x000000002185d800 JavaThread "jar transforms Thread 21" [_thread_blocked, id=8580, stack(0x0000000025850000,0x0000000025950000)]
  0x000000002185d000 JavaThread "jar transforms Thread 20" [_thread_blocked, id=19868, stack(0x0000000025750000,0x0000000025850000)]
  0x0000000021850000 JavaThread "jar transforms Thread 19" [_thread_blocked, id=19012, stack(0x0000000025650000,0x0000000025750000)]
  0x0000000021857000 JavaThread "jar transforms Thread 18" [_thread_blocked, id=20140, stack(0x0000000025550000,0x0000000025650000)]
  0x0000000021855800 JavaThread "jar transforms Thread 17" [_thread_blocked, id=18244, stack(0x0000000025450000,0x0000000025550000)]
  0x0000000021850800 JavaThread "jar transforms Thread 16" [_thread_blocked, id=14576, stack(0x0000000025350000,0x0000000025450000)]
  0x0000000021856000 JavaThread "jar transforms Thread 15" [_thread_blocked, id=15004, stack(0x0000000025250000,0x0000000025350000)]
  0x0000000021854800 JavaThread "jar transforms Thread 14" [_thread_blocked, id=11340, stack(0x0000000025150000,0x0000000025250000)]
  0x000000002184f000 JavaThread "jar transforms Thread 13" [_thread_blocked, id=8280, stack(0x0000000025050000,0x0000000025150000)]
  0x0000000021853000 JavaThread "jar transforms Thread 12" [_thread_blocked, id=9892, stack(0x0000000024f50000,0x0000000025050000)]
  0x0000000021852000 JavaThread "jar transforms Thread 11" [_thread_blocked, id=14832, stack(0x0000000024e50000,0x0000000024f50000)]
  0x0000000021851800 JavaThread "jar transforms Thread 10" [_thread_blocked, id=11376, stack(0x0000000024d50000,0x0000000024e50000)]
  0x0000000021854000 JavaThread "jar transforms Thread 9" [_thread_blocked, id=18048, stack(0x0000000024c50000,0x0000000024d50000)]
  0x0000000021d54000 JavaThread "jar transforms Thread 8" [_thread_blocked, id=20440, stack(0x0000000024b50000,0x0000000024c50000)]
  0x0000000021d53800 JavaThread "jar transforms Thread 7" [_thread_blocked, id=308, stack(0x0000000024a50000,0x0000000024b50000)]
  0x0000000021d51000 JavaThread "jar transforms Thread 6" [_thread_blocked, id=13272, stack(0x0000000024950000,0x0000000024a50000)]
  0x0000000021d55000 JavaThread "jar transforms Thread 5" [_thread_blocked, id=15912, stack(0x0000000024850000,0x0000000024950000)]
  0x0000000021d4f000 JavaThread "jar transforms Thread 4" [_thread_blocked, id=8472, stack(0x0000000024750000,0x0000000024850000)]
  0x0000000021d50800 JavaThread "jar transforms Thread 3" [_thread_blocked, id=7676, stack(0x0000000024650000,0x0000000024750000)]
  0x0000000021d52000 JavaThread "jar transforms Thread 2" [_thread_blocked, id=16360, stack(0x0000000024550000,0x0000000024650000)]
  0x0000000021d52800 JavaThread "Build operations Thread 8" [_thread_blocked, id=8596, stack(0x0000000024350000,0x0000000024450000)]
  0x0000000021d4f800 JavaThread "Build operations Thread 7" [_thread_blocked, id=19720, stack(0x0000000024250000,0x0000000024350000)]
  0x0000000021d47800 JavaThread "Build operations Thread 6" [_thread_blocked, id=20284, stack(0x0000000024150000,0x0000000024250000)]
  0x0000000021d4e000 JavaThread "Build operations Thread 5" [_thread_blocked, id=12396, stack(0x0000000024050000,0x0000000024150000)]
  0x0000000021d4d800 JavaThread "Build operations Thread 4" [_thread_blocked, id=16356, stack(0x0000000023f50000,0x0000000024050000)]
  0x0000000021d46800 JavaThread "Build operations Thread 3" [_thread_blocked, id=13948, stack(0x0000000023e50000,0x0000000023f50000)]
  0x0000000021d46000 JavaThread "Build operations Thread 2" [_thread_blocked, id=20068, stack(0x0000000023d50000,0x0000000023e50000)]
  0x0000000021d49000 JavaThread "Build operations" [_thread_blocked, id=9392, stack(0x0000000023c50000,0x0000000023d50000)]
  0x000000001beaf800 JavaThread "Cache worker for file content cache (C:\Users\WILLY\.gradle\caches\6.5\fileContent)" [_thread_blocked, id=16504, stack(0x0000000023550000,0x0000000023650000)]
  0x000000001beb4800 JavaThread "jar transforms" [_thread_blocked, id=19760, stack(0x0000000020bb0000,0x0000000020cb0000)]
  0x000000001beae800 JavaThread "Cache worker for execution history cache (C:\Users\WILLY\.gradle\caches\6.5\executionHistory)" [_thread_blocked, id=19256, stack(0x0000000020ab0000,0x0000000020bb0000)]
  0x000000001beb4000 JavaThread "Cache worker for cache directory md-rule (C:\Users\WILLY\.gradle\caches\6.5\md-rule)" [_thread_blocked, id=10180, stack(0x00000000209b0000,0x0000000020ab0000)]
  0x000000001beb1000 JavaThread "Cache worker for cache directory md-supplier (C:\Users\WILLY\.gradle\caches\6.5\md-supplier)" [_thread_blocked, id=16408, stack(0x00000000208b0000,0x00000000209b0000)]
  0x000000001beb3000 JavaThread "Cache worker for checksums cache (C:\Users\WILLY\AndroidStudioProjects\MedicalApp\.gradle\checksums)" [_thread_blocked, id=19216, stack(0x00000000207b0000,0x00000000208b0000)]
  0x000000001beb1800 JavaThread "Cache worker for file hash cache (C:\Users\WILLY\AndroidStudioProjects\MedicalApp\.gradle\6.5\fileHashes)" [_thread_blocked, id=20412, stack(0x000000001f2c0000,0x000000001f3c0000)]
  0x000000001beb5800 JavaThread "Cache worker for file hash cache (C:\Users\WILLY\.gradle\caches\6.5\fileHashes)" [_thread_blocked, id=1372, stack(0x000000001e1f0000,0x000000001e2f0000)]
  0x000000001beb2800 JavaThread "File lock request listener" [_thread_in_native, id=12188, stack(0x000000001e0f0000,0x000000001e1f0000)]
  0x000000001bee5800 JavaThread "Cache worker for journal cache (C:\Users\WILLY\.gradle\caches\journal-1)" [_thread_blocked, id=2072, stack(0x000000001dff0000,0x000000001e0f0000)]
  0x000000001be03800 JavaThread "Thread-9" [_thread_blocked, id=6644, stack(0x000000001dcf0000,0x000000001ddf0000)]
  0x000000001bdfd000 JavaThread "Stdin handler" [_thread_blocked, id=16044, stack(0x000000001dbf0000,0x000000001dcf0000)]
  0x000000001bdfc000 JavaThread "Asynchronous log dispatcher for DefaultDaemonConnection: socket connection from /127.0.0.1:65191 to /127.0.0.1:65192" [_thread_blocked, id=20356, stack(0x000000001daf0000,0x000000001dbf0000)]
  0x000000001be01000 JavaThread "Daemon worker" [_thread_in_vm, id=18900, stack(0x000000001d9f0000,0x000000001daf0000)]
  0x000000001be23000 JavaThread "Cancel handler" [_thread_blocked, id=17080, stack(0x000000001d8f0000,0x000000001d9f0000)]
  0x000000001bdac000 JavaThread "Handler for socket connection from /127.0.0.1:65191 to /127.0.0.1:65192" [_thread_in_native, id=17608, stack(0x000000001d7f0000,0x000000001d8f0000)]
  0x000000001bda9800 JavaThread "Daemon" [_thread_blocked, id=12740, stack(0x000000001d6f0000,0x000000001d7f0000)]
  0x000000001bd9e800 JavaThread "Daemon periodic checks" [_thread_blocked, id=6560, stack(0x000000001d3f0000,0x000000001d4f0000)]
  0x000000001bd3b000 JavaThread "Incoming local TCP Connector on port 65191" [_thread_in_native, id=8264, stack(0x000000001d1b0000,0x000000001d2b0000)]
  0x000000001bc89800 JavaThread "Daemon health stats" [_thread_blocked, id=18632, stack(0x000000001cb70000,0x000000001cc70000)]
  0x00000000193a2000 JavaThread "Service Thread" daemon [_thread_blocked, id=15460, stack(0x0000000019fd0000,0x000000001a0d0000)]
  0x000000001930b800 JavaThread "C1 CompilerThread3" daemon [_thread_blocked, id=13228, stack(0x0000000019ed0000,0x0000000019fd0000)]
=>0x0000000019307800 JavaThread "C2 CompilerThread2" daemon [_thread_in_native, id=8680, stack(0x0000000019dd0000,0x0000000019ed0000)]
  0x000000001751c000 JavaThread "C2 CompilerThread1" daemon [_thread_in_native, id=18940, stack(0x0000000019cd0000,0x0000000019dd0000)]
  0x0000000019302000 JavaThread "C2 CompilerThread0" daemon [_thread_blocked, id=7048, stack(0x0000000019bd0000,0x0000000019cd0000)]
  0x0000000019301000 JavaThread "Attach Listener" daemon [_thread_blocked, id=14964, stack(0x0000000019ad0000,0x0000000019bd0000)]
  0x0000000019300000 JavaThread "Signal Dispatcher" daemon [_thread_blocked, id=1864, stack(0x00000000199d0000,0x0000000019ad0000)]
  0x000000000249c800 JavaThread "Finalizer" daemon [_thread_blocked, id=15480, stack(0x00000000197d0000,0x00000000198d0000)]
  0x00000000192f0800 JavaThread "Reference Handler" daemon [_thread_blocked, id=8748, stack(0x00000000196d0000,0x00000000197d0000)]
  0x000000000239e000 JavaThread "main" [_thread_blocked, id=1160, stack(0x0000000002200000,0x0000000002300000)]

Other Threads:
  0x0000000017508000 VMThread [stack: 0x00000000191d0000,0x00000000192d0000] [id=19056]
  0x00000000193a2800 WatcherThread [stack: 0x000000001a0d0000,0x000000001a1d0000] [id=8328]

VM state:not at safepoint (normal execution)

VM Mutex/Monitor currently owned by a thread: None

OutOfMemory and StackOverflow Exception counts:
OutOfMemoryError java_heap_errors=5

heap address: 0x0000000080000000, size: 2048 MB, Compressed Oops mode: 32-bit
Narrow klass base: 0x0000000000000000, Narrow klass shift: 3
Compressed class space size: 1073741824 Address: 0x0000000100000000

Heap:
 PSYoungGen      total 140800K, used 96563K [0x00000000d5580000, 0x00000000de980000, 0x0000000100000000)
  eden space 130048K, 74% used [0x00000000d5580000,0x00000000db3ccd68,0x00000000dd480000)
  from space 10752K, 0% used [0x00000000ddf00000,0x00000000ddf00000,0x00000000de980000)
  to   space 10752K, 0% used [0x00000000dd480000,0x00000000dd480000,0x00000000ddf00000)
 ParOldGen       total 145408K, used 14699K [0x0000000080000000, 0x0000000088e00000, 0x00000000d5580000)
  object space 145408K, 10% used [0x0000000080000000,0x0000000080e5ae90,0x0000000088e00000)
 Metaspace       used 36680K, capacity 38202K, committed 38440K, reserved 1083392K
  class space    used 5055K, capacity 5370K, committed 5424K, reserved 1048576K

Card table byte_map: [0x0000000011860000,0x0000000011c70000] byte_map_base: 0x0000000011460000

Marking Bits: (ParMarkBitMap*) 0x00000000605af030
 Begin Bits: [0x0000000012720000, 0x0000000014720000)
 End Bits:   [0x0000000014720000, 0x0000000016720000)

Polling page: 0x0000000002160000

CodeCache: size=245760Kb used=12648Kb max_used=12651Kb free=233111Kb
 bounds [0x00000000024a0000, 0x0000000003110000, 0x00000000114a0000]
 total_blobs=4375 nmethods=3673 adapters=615
 compilation: enabled

Compilation events (10 events):
Event: 3.492 Thread 0x000000001930b800 nmethod 3660 0x00000000030f3550 code [0x00000000030f36e0, 0x00000000030f3918]
Event: 3.492 Thread 0x000000001930b800 3662       3       java.lang.Class::getDeclaredMethod (67 bytes)
Event: 3.492 Thread 0x000000001751c000 nmethod 3639 0x00000000030f57d0 code [0x00000000030f5920, 0x00000000030f5ff8]
Event: 3.492 Thread 0x000000001751c000 3664       4       sun.reflect.ClassFileAssembler::emitShort (24 bytes)
Event: 3.492 Thread 0x000000001930b800 nmethod 3662 0x00000000030f2050 code [0x00000000030f22a0, 0x00000000030f2f58]
Event: 3.492 Thread 0x000000001930b800 3663       3       org.codehaus.groovy.runtime.StackTraceUtils::isApplicationClass (84 bytes)
Event: 3.493 Thread 0x000000001930b800 nmethod 3663 0x00000000030f46d0 code [0x00000000030f48e0, 0x00000000030f5378]
Event: 3.495 Thread 0x000000001930b800 3666       3       sun.reflect.ClassFileAssembler::opc_invokespecial (26 bytes)
Event: 3.495 Thread 0x000000001751c000 nmethod 3664 0x00000000030f3fd0 code [0x00000000030f4140, 0x00000000030f4398]
Event: 3.495 Thread 0x000000001751c000 3665       4       java.util.Arrays::equals (78 bytes)

GC Heap History (10 events):
Event: 1.956 GC heap before
{Heap before GC invocations=4 (full 0):
 PSYoungGen      total 75776K, used 21526K [0x00000000d5580000, 0x00000000de980000, 0x0000000100000000)
  eden space 65024K, 16% used [0x00000000d5580000,0x00000000d60066e8,0x00000000d9500000)
  from space 10752K, 99% used [0x00000000d9500000,0x00000000d9f7f2f8,0x00000000d9f80000)
  to   space 10752K, 0% used [0x00000000ddf00000,0x00000000ddf00000,0x00000000de980000)
 ParOldGen       total 173568K, used 824K [0x0000000080000000, 0x000000008a980000, 0x00000000d5580000)
  object space 173568K, 0% used [0x0000000080000000,0x00000000800ce128,0x000000008a980000)
 Metaspace       used 20568K, capacity 21208K, committed 21296K, reserved 1067008K
  class space    used 2873K, capacity 3076K, committed 3120K, reserved 1048576K
Event: 1.960 GC heap after
Heap after GC invocations=4 (full 0):
 PSYoungGen      total 140800K, used 7378K [0x00000000d5580000, 0x00000000de980000, 0x0000000100000000)
  eden space 130048K, 0% used [0x00000000d5580000,0x00000000d5580000,0x00000000dd480000)
  from space 10752K, 68% used [0x00000000ddf00000,0x00000000de634888,0x00000000de980000)
  to   space 10752K, 0% used [0x00000000dd480000,0x00000000dd480000,0x00000000ddf00000)
 ParOldGen       total 173568K, used 832K [0x0000000080000000, 0x000000008a980000, 0x00000000d5580000)
  object space 173568K, 0% used [0x0000000080000000,0x00000000800d0128,0x000000008a980000)
 Metaspace       used 20568K, capacity 21208K, committed 21296K, reserved 1067008K
  class space    used 2873K, capacity 3076K, committed 3120K, reserved 1048576K
}
Event: 1.961 GC heap before
{Heap before GC invocations=5 (full 1):
 PSYoungGen      total 140800K, used 7378K [0x00000000d5580000, 0x00000000de980000, 0x0000000100000000)
  eden space 130048K, 0% used [0x00000000d5580000,0x00000000d5580000,0x00000000dd480000)
  from space 10752K, 68% used [0x00000000ddf00000,0x00000000de634888,0x00000000de980000)
  to   space 10752K, 0% used [0x00000000dd480000,0x00000000dd480000,0x00000000ddf00000)
 ParOldGen       total 173568K, used 832K [0x0000000080000000, 0x000000008a980000, 0x00000000d5580000)
  object space 173568K, 0% used [0x0000000080000000,0x00000000800d0128,0x000000008a980000)
 Metaspace       used 20568K, capacity 21208K, committed 21296K, reserved 1067008K
  class space    used 2873K, capacity 3076K, committed 3120K, reserved 1048576K
Event: 1.987 GC heap after
Heap after GC invocations=5 (full 1):
 PSYoungGen      total 140800K, used 0K [0x00000000d5580000, 0x00000000de980000, 0x0000000100000000)
  eden space 130048K, 0% used [0x00000000d5580000,0x00000000d5580000,0x00000000dd480000)
  from space 10752K, 0% used [0x00000000ddf00000,0x00000000ddf00000,0x00000000de980000)
  to   space 10752K, 0% used [0x00000000dd480000,0x00000000dd480000,0x00000000ddf00000)
 ParOldGen       total 94720K, used 7181K [0x0000000080000000, 0x0000000085c80000, 0x00000000d5580000)
  object space 94720K, 7% used [0x0000000080000000,0x00000000807035a8,0x0000000085c80000)
 Metaspace       used 20568K, capacity 21208K, committed 21296K, reserved 1067008K
  class space    used 2873K, capacity 3076K, committed 3120K, reserved 1048576K
}
Event: 2.842 GC heap before
{Heap before GC invocations=6 (full 1):
 PSYoungGen      total 140800K, used 130048K [0x00000000d5580000, 0x00000000de980000, 0x0000000100000000)
  eden space 130048K, 100% used [0x00000000d5580000,0x00000000dd480000,0x00000000dd480000)
  from space 10752K, 0% used [0x00000000ddf00000,0x00000000ddf00000,0x00000000de980000)
  to   space 10752K, 0% used [0x00000000dd480000,0x00000000dd480000,0x00000000ddf00000)
 ParOldGen       total 94720K, used 7181K [0x0000000080000000, 0x0000000085c80000, 0x00000000d5580000)
  object space 94720K, 7% used [0x0000000080000000,0x00000000807035a8,0x0000000085c80000)
 Metaspace       used 32716K, capacity 33722K, committed 33968K, reserved 1079296K
  class space    used 4478K, capacity 4751K, committed 4784K, reserved 1048576K
Event: 2.855 GC heap after
Heap after GC invocations=6 (full 1):
 PSYoungGen      total 140800K, used 10720K [0x00000000d5580000, 0x00000000de980000, 0x0000000100000000)
  eden space 130048K, 0% used [0x00000000d5580000,0x00000000d5580000,0x00000000dd480000)
  from space 10752K, 99% used [0x00000000dd480000,0x00000000ddef8348,0x00000000ddf00000)
  to   space 10752K, 0% used [0x00000000ddf00000,0x00000000ddf00000,0x00000000de980000)
 ParOldGen       total 94720K, used 10509K [0x0000000080000000, 0x0000000085c80000, 0x00000000d5580000)
  object space 94720K, 11% used [0x0000000080000000,0x0000000080a435e0,0x0000000085c80000)
 Metaspace       used 32716K, capacity 33722K, committed 33968K, reserved 1079296K
  class space    used 4478K, capacity 4751K, committed 4784K, reserved 1048576K
}
Event: 3.034 GC heap before
{Heap before GC invocations=7 (full 1):
 PSYoungGen      total 140800K, used 42196K [0x00000000d5580000, 0x00000000de980000, 0x0000000100000000)
  eden space 130048K, 24% used [0x00000000d5580000,0x00000000d743cf70,0x00000000dd480000)
  from space 10752K, 99% used [0x00000000dd480000,0x00000000ddef8348,0x00000000ddf00000)
  to   space 10752K, 0% used [0x00000000ddf00000,0x00000000ddf00000,0x00000000de980000)
 ParOldGen       total 94720K, used 10509K [0x0000000080000000, 0x0000000085c80000, 0x00000000d5580000)
  object space 94720K, 11% used [0x0000000080000000,0x0000000080a435e0,0x0000000085c80000)
 Metaspace       used 34270K, capacity 35398K, committed 35496K, reserved 1079296K
  class space    used 4722K, capacity 5002K, committed 5040K, reserved 1048576K
Event: 3.042 GC heap after
Heap after GC invocations=7 (full 1):
 PSYoungGen      total 140800K, used 8260K [0x00000000d5580000, 0x00000000de980000, 0x0000000100000000)
  eden space 130048K, 0% used [0x00000000d5580000,0x00000000d5580000,0x00000000dd480000)
  from space 10752K, 76% used [0x00000000ddf00000,0x00000000de7111f0,0x00000000de980000)
  to   space 10752K, 0% used [0x00000000dd480000,0x00000000dd480000,0x00000000ddf00000)
 ParOldGen       total 94720K, used 10517K [0x0000000080000000, 0x0000000085c80000, 0x00000000d5580000)
  object space 94720K, 11% used [0x0000000080000000,0x0000000080a455e0,0x0000000085c80000)
 Metaspace       used 34270K, capacity 35398K, committed 35496K, reserved 1079296K
  class space    used 4722K, capacity 5002K, committed 5040K, reserved 1048576K
}
Event: 3.042 GC heap before
{Heap before GC invocations=8 (full 2):
 PSYoungGen      total 140800K, used 8260K [0x00000000d5580000, 0x00000000de980000, 0x0000000100000000)
  eden space 130048K, 0% used [0x00000000d5580000,0x00000000d5580000,0x00000000dd480000)
  from space 10752K, 76% used [0x00000000ddf00000,0x00000000de7111f0,0x00000000de980000)
  to   space 10752K, 0% used [0x00000000dd480000,0x00000000dd480000,0x00000000ddf00000)
 ParOldGen       total 94720K, used 10517K [0x0000000080000000, 0x0000000085c80000, 0x00000000d5580000)
  object space 94720K, 11% used [0x0000000080000000,0x0000000080a455e0,0x0000000085c80000)
 Metaspace       used 34270K, capacity 35398K, committed 35496K, reserved 1079296K
  class space    used 4722K, capacity 5002K, committed 5040K, reserved 1048576K
Event: 3.085 GC heap after
Heap after GC invocations=8 (full 2):
 PSYoungGen      total 140800K, used 0K [0x00000000d5580000, 0x00000000de980000, 0x0000000100000000)
  eden space 130048K, 0% used [0x00000000d5580000,0x00000000d5580000,0x00000000dd480000)
  from space 10752K, 0% used [0x00000000ddf00000,0x00000000ddf00000,0x00000000de980000)
  to   space 10752K, 0% used [0x00000000dd480000,0x00000000dd480000,0x00000000ddf00000)
 ParOldGen       total 145408K, used 14699K [0x0000000080000000, 0x0000000088e00000, 0x00000000d5580000)
  object space 145408K, 10% used [0x0000000080000000,0x0000000080e5ae90,0x0000000088e00000)
 Metaspace       used 34270K, capacity 35398K, committed 35496K, reserved 1079296K
  class space    used 4722K, capacity 5002K, committed 5040K, reserved 1048576K
}

Deoptimization events (10 events):
Event: 3.337 Thread 0x0000000021d49000 Uncommon trap: reason=class_check action=maybe_recompile pc=0x0000000002a1065c method=java.util.concurrent.ConcurrentHashMap.putVal(Ljava/lang/Object;Ljava/lang/Object;Z)Ljava/lang/Object; @ 192
Event: 3.339 Thread 0x0000000021d46800 Uncommon trap: reason=unstable_if action=reinterpret pc=0x0000000002fe4a44 method=com.esotericsoftware.kryo.io.Input.readUtf8Length(I)I @ 9
Event: 3.342 Thread 0x0000000021d4d800 Uncommon trap: reason=unstable_if action=reinterpret pc=0x0000000002a104d0 method=java.util.concurrent.ConcurrentHashMap.addCount(JI)V @ 34
Event: 3.343 Thread 0x0000000021d49000 Uncommon trap: reason=unstable_if action=reinterpret pc=0x000000000297edf8 method=java.util.concurrent.ConcurrentHashMap.addCount(JI)V @ 7
Event: 3.420 Thread 0x0000000021d55000 Uncommon trap: reason=unstable_if action=reinterpret pc=0x000000000302ea1c method=java.util.concurrent.SynchronousQueue$TransferStack.shouldSpin(Ljava/util/concurrent/SynchronousQueue$TransferStack$SNode;)Z @ 7
Event: 3.420 Thread 0x0000000021854000 Uncommon trap: reason=unstable_if action=reinterpret pc=0x000000000302ea1c method=java.util.concurrent.SynchronousQueue$TransferStack.shouldSpin(Ljava/util/concurrent/SynchronousQueue$TransferStack$SNode;)Z @ 7
Event: 3.420 Thread 0x0000000021d50800 Uncommon trap: reason=unstable_if action=reinterpret pc=0x000000000302ea1c method=java.util.concurrent.SynchronousQueue$TransferStack.shouldSpin(Ljava/util/concurrent/SynchronousQueue$TransferStack$SNode;)Z @ 7
Event: 3.420 Thread 0x0000000021d4f000 Uncommon trap: reason=unstable_if action=reinterpret pc=0x000000000302ea1c method=java.util.concurrent.SynchronousQueue$TransferStack.shouldSpin(Ljava/util/concurrent/SynchronousQueue$TransferStack$SNode;)Z @ 7
Event: 3.464 Thread 0x000000001be01000 Uncommon trap: reason=unstable_if action=reinterpret pc=0x0000000002802d2c method=java.util.jar.JarFile.match([C[B[I[I)Z @ 29
Event: 3.485 Thread 0x000000001be01000 Uncommon trap: reason=unstable_if action=reinterpret pc=0x00000000028029d0 method=java.util.regex.Pattern.has(I)Z @ 6

Classes redefined (0 events):
No events

Internal exceptions (10 events):
Event: 3.478 Thread 0x000000001be01000 Exception <a 'java/lang/OutOfMemoryError'> (0x00000000daf589f0) thrown at [C:\src\AOSP-openjdk-git\hotspot\src\share\vm\prims\jvm.cpp, line 1506]
Event: 3.478 Thread 0x000000001be01000 Exception <a 'java/lang/OutOfMemoryError'> (0x00000000daf589f0) thrown at [C:\src\AOSP-openjdk-git\hotspot\src\share\vm\prims\jvm.cpp, line 1506]
Event: 3.490 Thread 0x000000001be03800 Exception <a 'java/lang/NoSuchMethodError': <clinit>> (0x00000000d7d9c570) thrown at [C:\src\AOSP-openjdk-git\hotspot\src\share\vm\prims\jni.cpp, line 1615]
Event: 3.492 Thread 0x000000001be03800 Exception <a 'java/lang/NoSuchMethodError': <clinit>> (0x00000000d7dba6f0) thrown at [C:\src\AOSP-openjdk-git\hotspot\src\share\vm\prims\jni.cpp, line 1615]
Event: 3.492 Thread 0x000000001be03800 Exception <a 'java/lang/NoSuchMethodError': <clinit>> (0x00000000d7dbc0d8) thrown at [C:\src\AOSP-openjdk-git\hotspot\src\share\vm\prims\jni.cpp, line 1615]
Event: 3.492 Thread 0x000000001be03800 Exception <a 'java/lang/NoSuchMethodError': <clinit>> (0x00000000d7dbd9d0) thrown at [C:\src\AOSP-openjdk-git\hotspot\src\share\vm\prims\jni.cpp, line 1615]
Event: 3.492 Thread 0x000000001be03800 Exception <a 'java/lang/NoSuchMethodError': <clinit>> (0x00000000d7dbeef8) thrown at [C:\src\AOSP-openjdk-git\hotspot\src\share\vm\prims\jni.cpp, line 1615]
Event: 3.493 Thread 0x000000001be03800 Exception <a 'java/lang/NoSuchMethodError': <clinit>> (0x00000000d7dc9338) thrown at [C:\src\AOSP-openjdk-git\hotspot\src\share\vm\prims\jni.cpp, line 1615]
Event: 3.493 Thread 0x000000001be03800 Exception <a 'java/lang/NoSuchMethodError': <clinit>> (0x00000000d7dd4258) thrown at [C:\src\AOSP-openjdk-git\hotspot\src\share\vm\prims\jni.cpp, line 1615]
Event: 3.495 Thread 0x000000001be03800 Exception <a 'java/lang/NoSuchMethodError': <clinit>> (0x00000000d7de7628) thrown at [C:\src\AOSP-openjdk-git\hotspot\src\share\vm\prims\jni.cpp, line 1615]

Events (10 events):
Event: 3.494 loading class org/gradle/internal/logging/text/BufferingStyledTextOutput
Event: 3.494 loading class org/gradle/internal/logging/text/BufferingStyledTextOutput done
Event: 3.494 loading class java/time/Ser done
Event: 3.494 loading class org/gradle/internal/buildevents/BuildExceptionReporter$ExceptionStyle
Event: 3.494 loading class org/gradle/internal/buildevents/BuildExceptionReporter$ExceptionStyle done
Event: 3.495 loading class org/gradle/internal/logging/text/BufferingStyledTextOutput$1
Event: 3.495 loading class org/gradle/internal/logging/text/BufferingStyledTextOutput$1 done
Event: 3.495 loading class org/gradle/internal/logging/text/AbstractStyledTextOutput$StyleOverrideTextOutput
Event: 3.495 loading class org/gradle/internal/logging/text/AbstractStyledTextOutput$StyleOverrideTextOutput done
Event: 3.495 Executing VM operation: Deoptimize


Dynamic libraries:
0x00007ff7bc220000 - 0x00007ff7bc251000 	C:\Program Files\Android\Android Studio\jre\bin\java.exe
0x00007ffba64b0000 - 0x00007ffba66a5000 	C:\WINDOWS\SYSTEM32\ntdll.dll
0x00007ffba6380000 - 0x00007ffba643d000 	C:\WINDOWS\System32\KERNEL32.DLL
0x00007ffba3f20000 - 0x00007ffba41e7000 	C:\WINDOWS\System32\KERNELBASE.dll
0x00007ffba5a80000 - 0x00007ffba5b2a000 	C:\WINDOWS\System32\ADVAPI32.dll
0x00007ffba60c0000 - 0x00007ffba615e000 	C:\WINDOWS\System32\msvcrt.dll
0x00007ffba61c0000 - 0x00007ffba625b000 	C:\WINDOWS\System32\sechost.dll
0x00007ffba47f0000 - 0x00007ffba4913000 	C:\WINDOWS\System32\RPCRT4.dll
0x00007ffba4650000 - 0x00007ffba47f0000 	C:\WINDOWS\System32\USER32.dll
0x00007ffba3c00000 - 0x00007ffba3c22000 	C:\WINDOWS\System32\win32u.dll
0x00007ffba62d0000 - 0x00007ffba62fa000 	C:\WINDOWS\System32\GDI32.dll
0x00007ffba3c30000 - 0x00007ffba3d3a000 	C:\WINDOWS\System32\gdi32full.dll
0x00007ffba4320000 - 0x00007ffba43bd000 	C:\WINDOWS\System32\msvcp_win.dll
0x00007ffba3d40000 - 0x00007ffba3e40000 	C:\WINDOWS\System32\ucrtbase.dll
0x00007ffb8df00000 - 0x00007ffb8e19a000 	C:\WINDOWS\WinSxS\amd64_microsoft.windows.common-controls_6595b64144ccf1df_6.0.19041.1_none_b555e41d4684ddec\COMCTL32.dll
0x00007ffba6440000 - 0x00007ffba6470000 	C:\WINDOWS\System32\IMM32.DLL
0x0000000060940000 - 0x0000000060a12000 	C:\Program Files\Android\Android Studio\jre\jre\bin\msvcr100.dll
0x000000005fde0000 - 0x000000006062b000 	C:\Program Files\Android\Android Studio\jre\jre\bin\server\jvm.dll
0x00007ffba6260000 - 0x00007ffba6268000 	C:\WINDOWS\System32\PSAPI.DLL
0x00007ffb82150000 - 0x00007ffb82159000 	C:\WINDOWS\SYSTEM32\WSOCK32.dll
0x00007ffb9d140000 - 0x00007ffb9d14a000 	C:\WINDOWS\SYSTEM32\VERSION.dll
0x00007ffb8e350000 - 0x00007ffb8e377000 	C:\WINDOWS\SYSTEM32\WINMM.dll
0x00007ffba5be0000 - 0x00007ffba5c4b000 	C:\WINDOWS\System32\WS2_32.dll
0x00007ffb8aaa0000 - 0x00007ffb8aaaf000 	C:\Program Files\Android\Android Studio\jre\jre\bin\verify.dll
0x00007ffb74400000 - 0x00007ffb74429000 	C:\Program Files\Android\Android Studio\jre\jre\bin\java.dll
0x00007ffb6c790000 - 0x00007ffb6c7a6000 	C:\Program Files\Android\Android Studio\jre\jre\bin\zip.dll
0x00007ffba5340000 - 0x00007ffba5a80000 	C:\WINDOWS\System32\SHELL32.dll
0x00007ffba1d80000 - 0x00007ffba2511000 	C:\WINDOWS\SYSTEM32\windows.storage.dll
0x00007ffba4fe0000 - 0x00007ffba5333000 	C:\WINDOWS\System32\combase.dll
0x00007ffba3680000 - 0x00007ffba36ac000 	C:\WINDOWS\SYSTEM32\Wldp.dll
0x00007ffba5b30000 - 0x00007ffba5bde000 	C:\WINDOWS\System32\SHCORE.dll
0x00007ffba6160000 - 0x00007ffba61b5000 	C:\WINDOWS\System32\shlwapi.dll
0x00007ffba3b40000 - 0x00007ffba3b5f000 	C:\WINDOWS\SYSTEM32\profapi.dll
0x00007ffb6c770000 - 0x00007ffb6c78a000 	C:\Program Files\Android\Android Studio\jre\jre\bin\net.dll
0x00007ffba3400000 - 0x00007ffba346a000 	C:\WINDOWS\system32\mswsock.dll
0x00007ffb6c750000 - 0x00007ffb6c763000 	C:\Program Files\Android\Android Studio\jre\jre\bin\nio.dll
0x00007ffb40c40000 - 0x00007ffb40c67000 	C:\Users\WILLY\.gradle\native\f6784746aeab05261644944871eae4fe03e0ef1612fff0a4a95f87b438bc6780\windows-amd64\native-platform.dll
0x00007ffb87870000 - 0x00007ffb8787d000 	C:\Program Files\Android\Android Studio\jre\jre\bin\management.dll
0x00007ffba35e0000 - 0x00007ffba35f8000 	C:\WINDOWS\SYSTEM32\CRYPTSP.dll
0x00007ffba2d20000 - 0x00007ffba2d54000 	C:\WINDOWS\system32\rsaenh.dll
0x00007ffba3e40000 - 0x00007ffba3e67000 	C:\WINDOWS\System32\bcrypt.dll
0x00007ffba3b00000 - 0x00007ffba3b2e000 	C:\WINDOWS\SYSTEM32\USERENV.dll
0x00007ffba42a0000 - 0x00007ffba431f000 	C:\WINDOWS\System32\bcryptprimitives.dll
0x00007ffba35d0000 - 0x00007ffba35dc000 	C:\WINDOWS\SYSTEM32\CRYPTBASE.dll
0x00007ffba30a0000 - 0x00007ffba30db000 	C:\WINDOWS\SYSTEM32\IPHLPAPI.DLL
0x00007ffba5c60000 - 0x00007ffba5c69000 	C:\WINDOWS\System32\NSI.dll
0x00007ffb94fd0000 - 0x00007ffb94fe7000 	C:\WINDOWS\SYSTEM32\dhcpcsvc6.DLL
0x00007ffb95010000 - 0x00007ffb9502d000 	C:\WINDOWS\SYSTEM32\dhcpcsvc.DLL
0x00007ffba30f0000 - 0x00007ffba31ba000 	C:\WINDOWS\SYSTEM32\DNSAPI.dll
0x00007ffb97a50000 - 0x00007ffb97a5b000 	C:\WINDOWS\SYSTEM32\WINNSI.DLL

VM Arguments:
jvm_args: -Xmx2048m -Dfile.encoding=UTF-8 -Duser.country=US -Duser.language=en -Duser.variant 
java_command: org.gradle.launcher.daemon.bootstrap.GradleDaemon 6.5
java_class_path (initial): C:\Users\WILLY\.gradle\wrapper\dists\gradle-6.5-bin\6nifqtx7604sqp1q6g8wikw7p\gradle-6.5\lib\gradle-launcher-6.5.jar
Launcher Type: SUN_STANDARD

Environment Variables:
PATH=C:\Program Files (x86)\Common Files\Oracle\Java\javapath;C:\Python38\Scripts\;C:\Python38\;C:\WINDOWS\system32;C:\WINDOWS;C:\WINDOWS\System32\Wbem;C:\WINDOWS\System32\WindowsPowerShell\v1.0\;C:\WINDOWS\System32\OpenSSH\;C:\ProgramData\chocolatey\bin;C:\Program Files\nodejs\;C:\Program Files\TortoiseSVN\bin;C:\Program Files\VisualSVN Server\bin;C:\Program Files\Inkscape\bin;C:\Program Files\Git\cmd;C:\Users\WILLY\AppData\Local\Microsoft\WindowsApps;C:\Users\WILLY\AppData\Local\Programs\Microsoft VS Code\bin;C:\Users\WILLY\AppData\Roaming\npm;C:\Users\WILLY\AppData\Local\GitHubDesktop\bin;C:\Users\WILLY\AppData\Local\Android\Sdk\platform-tools;
USERNAME=WILLY
OS=Windows_NT
PROCESSOR_IDENTIFIER=Intel64 Family 6 Model 142 Stepping 11, GenuineIntel



---------------  S Y S T E M  ---------------

OS: Windows 10.0 , 64 bit Build 19041 (10.0.19041.292)

CPU:total 8 (initial active 8) (4 cores per cpu, 2 threads per core) family 6 model 142 stepping 11, cmov, cx8, fxsr, mmx, sse, sse2, sse3, ssse3, sse4.1, sse4.2, popcnt, avx, avx2, aes, clmul, erms, 3dnowpref, lzcnt, ht, tsc, tscinvbit, bmi1, bmi2, adx

Memory: 4k page, physical 16644896k(5192628k free), swap 18180896k(6560k free)

vm_info: OpenJDK 64-Bit Server VM (25.242-b01) for windows-amd64 JRE (1.8.0_242-release-1644-b01), built by "builder" with MS VC++ 10.0 (VS2010)

time: Thu Jan 21 19:29:57 2021
timezone: E. Africa Standard Time
elapsed time: 3 seconds (0d 0h 0m 3s)

