#
# There is insufficient memory for the Java Runtime Environment to continue.
# Native memory allocation (malloc) failed to allocate 1955696 bytes for Chunk::new
# Possible reasons:
#   The system is out of physical RAM or swap space
#   The process is running with CompressedOops enabled, and the Java Heap may be blocking the growth of the native heap
# Possible solutions:
#   Reduce memory load on the system
#   Increase physical memory or swap space
#   Check if swap backing store is full
#   Decrease Java heap size (-Xmx/-Xms)
#   Decrease number of Java threads
#   Decrease Java thread stack sizes (-Xss)
#   Set larger code cache with -XX:ReservedCodeCacheSize=
#   JVM is running with Unscaled Compressed Oops mode in which the Java heap is
#     placed in the first 4GB address space. The Java Heap base address is the
#     maximum limit for the native heap growth. Please use -XX:HeapBaseMinAddress
#     to set the Java Heap base and to place the Java Heap above 4GB virtual address.
# This output file may be truncated or incomplete.
#
#  Out of Memory Error (allocation.cpp:389), pid=13328, tid=0x00000000000036ac
#
# JRE version: OpenJDK Runtime Environment (8.0_242-b01) (build 1.8.0_242-release-1644-b01)
# Java VM: OpenJDK 64-Bit Server VM (25.242-b01 mixed mode windows-amd64 compressed oops)
# Failed to write core dump. Minidumps are not enabled by default on client versions of Windows
#

---------------  T H R E A D  ---------------

Current thread (0x0000000019a59800):  JavaThread "C2 CompilerThread1" daemon [_thread_in_native, id=13996, stack(0x000000001a420000,0x000000001a520000)]

Stack: [0x000000001a420000,0x000000001a520000]
[error occurred during error reporting (printing stack bounds), id 0xc0000005]

Native frames: (J=compiled Java code, j=interpreted, Vv=VM code, C=native code)


Current CompileTask:
C2:   4383 2858       4       groovy.lang.MetaClassImpl$1MOPIter::methodNameAction (325 bytes)


---------------  P R O C E S S  ---------------

Java Threads: ( => current thread )
  0x000000001caf3000 JavaThread "jar transforms Thread 94" [_thread_blocked, id=9848, stack(0x000000002be30000,0x000000002bf30000)]
  0x000000001caf0000 JavaThread "jar transforms Thread 93" [_thread_blocked, id=18184, stack(0x000000002bd30000,0x000000002be30000)]
  0x000000001caf3800 JavaThread "jar transforms Thread 92" [_thread_blocked, id=16704, stack(0x000000002bc30000,0x000000002bd30000)]
  0x000000001caef000 JavaThread "jar transforms Thread 91" [_thread_blocked, id=9208, stack(0x000000002bb30000,0x000000002bc30000)]
  0x000000001caee800 JavaThread "jar transforms Thread 90" [_thread_blocked, id=15608, stack(0x000000002ba30000,0x000000002bb30000)]
  0x000000001cb34000 JavaThread "jar transforms Thread 89" [_thread_blocked, id=4828, stack(0x000000002b930000,0x000000002ba30000)]
  0x000000001cb30800 JavaThread "jar transforms Thread 88" [_thread_blocked, id=19768, stack(0x000000002b830000,0x000000002b930000)]
  0x000000001cb35800 JavaThread "jar transforms Thread 87" [_thread_blocked, id=13400, stack(0x000000002b730000,0x000000002b830000)]
  0x000000001cb32000 JavaThread "jar transforms Thread 86" [_thread_blocked, id=16468, stack(0x000000002b630000,0x000000002b730000)]
  0x000000001cb37000 JavaThread "jar transforms Thread 85" [_thread_blocked, id=11128, stack(0x000000002b530000,0x000000002b630000)]
  0x000000001cb35000 JavaThread "jar transforms Thread 84" [_thread_blocked, id=14440, stack(0x000000002b430000,0x000000002b530000)]
  0x000000001cb33800 JavaThread "jar transforms Thread 83" [_thread_blocked, id=18996, stack(0x000000002b330000,0x000000002b430000)]
  0x000000001cb31000 JavaThread "jar transforms Thread 82" [_thread_blocked, id=11160, stack(0x000000002b230000,0x000000002b330000)]
  0x000000001cb32800 JavaThread "jar transforms Thread 81" [_thread_blocked, id=19024, stack(0x000000002b130000,0x000000002b230000)]
  0x000000001cb36800 JavaThread "jar transforms Thread 80" [_thread_blocked, id=17228, stack(0x000000002b030000,0x000000002b130000)]
  0x000000001cb2a800 JavaThread "jar transforms Thread 79" [_thread_blocked, id=10732, stack(0x000000002af30000,0x000000002b030000)]
  0x000000001cb29000 JavaThread "jar transforms Thread 78" [_thread_blocked, id=9568, stack(0x000000002ae30000,0x000000002af30000)]
  0x000000001cb2f800 JavaThread "jar transforms Thread 77" [_thread_blocked, id=3004, stack(0x000000002ad30000,0x000000002ae30000)]
  0x000000001cb2f000 JavaThread "jar transforms Thread 76" [_thread_blocked, id=7036, stack(0x000000002ac30000,0x000000002ad30000)]
  0x000000001cb2e000 JavaThread "jar transforms Thread 75" [_thread_blocked, id=15740, stack(0x000000002ab30000,0x000000002ac30000)]
  0x000000001cb2d800 JavaThread "jar transforms Thread 74" [_thread_blocked, id=3940, stack(0x000000002aa30000,0x000000002ab30000)]
  0x000000001cb2b000 JavaThread "jar transforms Thread 73" [_thread_blocked, id=19808, stack(0x000000002a930000,0x000000002aa30000)]
  0x000000001cb29800 JavaThread "jar transforms Thread 72" [_thread_blocked, id=17216, stack(0x000000002a830000,0x000000002a930000)]
  0x000000001cb2c000 JavaThread "jar transforms Thread 71" [_thread_blocked, id=14196, stack(0x000000002a730000,0x000000002a830000)]
  0x000000001cb2c800 JavaThread "jar transforms Thread 70" [_thread_blocked, id=5960, stack(0x000000002a630000,0x000000002a730000)]
  0x000000001cb28000 JavaThread "jar transforms Thread 69" [_thread_blocked, id=20112, stack(0x000000002a530000,0x000000002a630000)]
  0x000000001cfbd000 JavaThread "jar transforms Thread 68" [_thread_blocked, id=11836, stack(0x000000002a430000,0x000000002a530000)]
  0x000000001cfba800 JavaThread "jar transforms Thread 67" [_thread_blocked, id=9648, stack(0x000000002a330000,0x000000002a430000)]
  0x000000001cfbc000 JavaThread "jar transforms Thread 66" [_thread_blocked, id=15844, stack(0x000000002a230000,0x000000002a330000)]
  0x000000001cfba000 JavaThread "jar transforms Thread 65" [_thread_blocked, id=20192, stack(0x000000002a130000,0x000000002a230000)]
  0x000000001cfb9000 JavaThread "jar transforms Thread 64" [_thread_blocked, id=19676, stack(0x000000002a030000,0x000000002a130000)]
  0x000000001cfbb800 JavaThread "jar transforms Thread 63" [_thread_blocked, id=6836, stack(0x0000000029f30000,0x000000002a030000)]
  0x000000001cfb8800 JavaThread "jar transforms Thread 62" [_thread_blocked, id=20032, stack(0x0000000029e30000,0x0000000029f30000)]
  0x000000001cfb7800 JavaThread "jar transforms Thread 61" [_thread_blocked, id=11288, stack(0x0000000029d30000,0x0000000029e30000)]
  0x000000001cfb0000 JavaThread "jar transforms Thread 60" [_thread_blocked, id=19516, stack(0x0000000029c30000,0x0000000029d30000)]
  0x000000001cfb1800 JavaThread "jar transforms Thread 59" [_thread_blocked, id=6004, stack(0x0000000029930000,0x0000000029a30000)]
  0x000000001cfb7000 JavaThread "jar transforms Thread 58" [_thread_blocked, id=1552, stack(0x0000000029830000,0x0000000029930000)]
  0x000000001cfb6000 JavaThread "jar transforms Thread 57" [_thread_blocked, id=10508, stack(0x0000000029730000,0x0000000029830000)]
  0x000000001cfb4000 JavaThread "jar transforms Thread 56" [_thread_blocked, id=20292, stack(0x0000000029630000,0x0000000029730000)]
  0x000000001cfb3000 JavaThread "jar transforms Thread 55" [_thread_blocked, id=9764, stack(0x0000000029530000,0x0000000029630000)]
  0x000000001cfb1000 JavaThread "jar transforms Thread 54" [_thread_blocked, id=20040, stack(0x0000000029430000,0x0000000029530000)]
  0x000000001cfb5800 JavaThread "jar transforms Thread 53" [_thread_blocked, id=12892, stack(0x0000000029330000,0x0000000029430000)]
  0x000000001cfb2800 JavaThread "jar transforms Thread 52" [_thread_blocked, id=12272, stack(0x0000000029230000,0x0000000029330000)]
  0x000000001cfaf800 JavaThread "jar transforms Thread 51" [_thread_blocked, id=1736, stack(0x0000000029130000,0x0000000029230000)]
  0x000000001cfb4800 JavaThread "jar transforms Thread 50" [_thread_blocked, id=18844, stack(0x0000000029030000,0x0000000029130000)]
  0x000000001cfae800 JavaThread "jar transforms Thread 49" [_thread_blocked, id=17792, stack(0x0000000028f30000,0x0000000029030000)]
  0x000000001cfae000 JavaThread "jar transforms Thread 48" [_thread_blocked, id=14980, stack(0x0000000028e30000,0x0000000028f30000)]
  0x0000000024acb800 JavaThread "jar transforms Thread 47" [_thread_blocked, id=12608, stack(0x0000000028d30000,0x0000000028e30000)]
  0x0000000024acb000 JavaThread "jar transforms Thread 46" [_thread_blocked, id=11176, stack(0x0000000028c30000,0x0000000028d30000)]
  0x0000000024ad0000 JavaThread "jar transforms Thread 45" [_thread_blocked, id=8360, stack(0x0000000028b30000,0x0000000028c30000)]
  0x0000000024acf800 JavaThread "jar transforms Thread 44" [_thread_blocked, id=16368, stack(0x0000000028a30000,0x0000000028b30000)]
  0x0000000024ad1800 JavaThread "jar transforms Thread 43" [_thread_blocked, id=14844, stack(0x0000000028930000,0x0000000028a30000)]
  0x0000000024ad1000 JavaThread "jar transforms Thread 42" [_thread_blocked, id=17012, stack(0x0000000028830000,0x0000000028930000)]
  0x0000000024ace800 JavaThread "jar transforms Thread 41" [_thread_blocked, id=16516, stack(0x0000000028730000,0x0000000028830000)]
  0x0000000024aca000 JavaThread "jar transforms Thread 40" [_thread_blocked, id=19300, stack(0x0000000028630000,0x0000000028730000)]
  0x0000000024acc800 JavaThread "jar transforms Thread 39" [_thread_blocked, id=13268, stack(0x0000000028530000,0x0000000028630000)]
  0x0000000024acd000 JavaThread "jar transforms Thread 38" [_thread_blocked, id=15312, stack(0x0000000028430000,0x0000000028530000)]
  0x0000000024ace000 JavaThread "jar transforms Thread 37" [_thread_blocked, id=19452, stack(0x0000000028330000,0x0000000028430000)]
  0x0000000024ac4000 JavaThread "jar transforms Thread 36" [_thread_blocked, id=13536, stack(0x0000000028230000,0x0000000028330000)]
  0x0000000024ac7000 JavaThread "jar transforms Thread 35" [_thread_blocked, id=14864, stack(0x0000000028130000,0x0000000028230000)]
  0x0000000024ac5800 JavaThread "jar transforms Thread 34" [_thread_blocked, id=17920, stack(0x0000000028030000,0x0000000028130000)]
  0x0000000024ac9800 JavaThread "jar transforms Thread 33" [_thread_blocked, id=12084, stack(0x0000000027f30000,0x0000000028030000)]
  0x0000000024ac4800 JavaThread "jar transforms Thread 32" [_thread_blocked, id=20088, stack(0x0000000027e30000,0x0000000027f30000)]
  0x0000000024ac8800 JavaThread "jar transforms Thread 31" [_thread_blocked, id=19208, stack(0x0000000027d30000,0x0000000027e30000)]
  0x0000000024ac6800 JavaThread "jar transforms Thread 30" [_thread_blocked, id=2780, stack(0x0000000027c30000,0x0000000027d30000)]
  0x0000000024ac3000 JavaThread "jar transforms Thread 29" [_thread_blocked, id=19944, stack(0x0000000027b30000,0x0000000027c30000)]
  0x0000000024ac8000 JavaThread "jar transforms Thread 28" [_thread_blocked, id=16800, stack(0x0000000027a30000,0x0000000027b30000)]
  0x0000000024ac2800 JavaThread "jar transforms Thread 27" [_thread_blocked, id=19540, stack(0x0000000027930000,0x0000000027a30000)]
  0x000000001edf1000 JavaThread "jar transforms Thread 26" [_thread_blocked, id=7820, stack(0x0000000027830000,0x0000000027930000)]
  0x000000001edf7800 JavaThread "jar transforms Thread 25" [_thread_blocked, id=20296, stack(0x0000000027730000,0x0000000027830000)]
  0x000000001edf7000 JavaThread "jar transforms Thread 24" [_thread_blocked, id=11680, stack(0x0000000027630000,0x0000000027730000)]
  0x000000001edf4800 JavaThread "jar transforms Thread 23" [_thread_blocked, id=3436, stack(0x0000000027530000,0x0000000027630000)]
  0x000000001edf4000 JavaThread "jar transforms Thread 22" [_thread_blocked, id=2352, stack(0x0000000027430000,0x0000000027530000)]
  0x000000001edf6000 JavaThread "jar transforms Thread 21" [_thread_blocked, id=15440, stack(0x0000000027330000,0x0000000027430000)]
  0x000000001edf3000 JavaThread "Build operations Thread 8" [_thread_blocked, id=16644, stack(0x0000000027230000,0x0000000027330000)]
  0x000000001edf0000 JavaThread "Build operations Thread 7" [_thread_blocked, id=4000, stack(0x0000000027130000,0x0000000027230000)]
  0x000000001edf2800 JavaThread "Build operations Thread 6" [_thread_blocked, id=19888, stack(0x0000000025de0000,0x0000000025ee0000)]
  0x000000001edf1800 JavaThread "Build operations Thread 5" [_thread_blocked, id=13152, stack(0x0000000025ce0000,0x0000000025de0000)]
  0x000000001edf5800 JavaThread "Build operations Thread 4" [_thread_blocked, id=8812, stack(0x0000000025be0000,0x0000000025ce0000)]
  0x000000001ede8800 JavaThread "Build operations Thread 3" [_thread_blocked, id=13840, stack(0x0000000025ae0000,0x0000000025be0000)]
  0x000000001edee800 JavaThread "Build operations Thread 2" [_thread_blocked, id=13352, stack(0x00000000259e0000,0x0000000025ae0000)]
  0x000000001edeb000 JavaThread "Build operations" [_thread_blocked, id=15612, stack(0x00000000258e0000,0x00000000259e0000)]
  0x000000001edea000 JavaThread "Cache worker for Build Output Cleanup Cache (C:\Users\WILLY\AndroidStudioProjects\MedicalApp\.gradle\buildOutputCleanup)" [_thread_blocked, id=13872, stack(0x0000000024200000,0x0000000024300000)]
  0x000000001edec800 JavaThread "Cache worker for file content cache (C:\Users\WILLY\.gradle\caches\6.5\fileContent)" [_thread_blocked, id=12464, stack(0x0000000024100000,0x0000000024200000)]
  0x000000001bbbd800 JavaThread "Cache worker for execution history cache (C:\Users\WILLY\.gradle\caches\6.5\executionHistory)" [_thread_blocked, id=19168, stack(0x0000000023c00000,0x0000000023d00000)]
  0x000000001bbbc000 JavaThread "Cache worker for cache directory md-rule (C:\Users\WILLY\.gradle\caches\6.5\md-rule)" [_thread_blocked, id=13320, stack(0x0000000023900000,0x0000000023a00000)]
  0x000000001bbb9000 JavaThread "Cache worker for cache directory md-supplier (C:\Users\WILLY\.gradle\caches\6.5\md-supplier)" [_thread_blocked, id=4036, stack(0x0000000023800000,0x0000000023900000)]
  0x000000001bbb8800 JavaThread "Cache worker for checksums cache (C:\Users\WILLY\AndroidStudioProjects\MedicalApp\.gradle\checksums)" [_thread_blocked, id=15632, stack(0x0000000023700000,0x0000000023800000)]
  0x000000001bbbd000 JavaThread "jar transforms Thread 20" [_thread_blocked, id=20216, stack(0x0000000023400000,0x0000000023500000)]
  0x000000001bbba800 JavaThread "jar transforms Thread 19" [_thread_blocked, id=17524, stack(0x0000000023300000,0x0000000023400000)]
  0x000000001bbba000 JavaThread "jar transforms Thread 18" [_thread_blocked, id=20132, stack(0x0000000023200000,0x0000000023300000)]
  0x000000001bbbb800 JavaThread "jar transforms Thread 17" [_thread_blocked, id=14516, stack(0x0000000023100000,0x0000000023200000)]
  0x000000001bbb0800 JavaThread "jar transforms Thread 16" [_thread_blocked, id=18212, stack(0x0000000023000000,0x0000000023100000)]
  0x000000001bbb7800 JavaThread "jar transforms Thread 15" [_thread_blocked, id=10244, stack(0x0000000022f00000,0x0000000023000000)]
  0x000000001bbb4000 JavaThread "jar transforms Thread 14" [_thread_blocked, id=10304, stack(0x0000000020ee0000,0x0000000020fe0000)]
  0x000000001bbb0000 JavaThread "jar transforms Thread 13" [_thread_blocked, id=15444, stack(0x0000000020de0000,0x0000000020ee0000)]
  0x000000001bbb7000 JavaThread "jar transforms Thread 12" [_thread_blocked, id=2088, stack(0x0000000020ce0000,0x0000000020de0000)]
  0x000000001bbb3000 JavaThread "jar transforms Thread 11" [_thread_blocked, id=3476, stack(0x0000000022e00000,0x0000000022f00000)]
  0x000000001bbaf000 JavaThread "jar transforms Thread 10" [_thread_blocked, id=3748, stack(0x0000000022d00000,0x0000000022e00000)]
  0x000000001bbb6000 JavaThread "jar transforms Thread 9" [_thread_blocked, id=13896, stack(0x0000000022c00000,0x0000000022d00000)]
  0x000000001bbb5800 JavaThread "jar transforms Thread 8" [_thread_blocked, id=11656, stack(0x0000000022b00000,0x0000000022c00000)]
  0x000000001bbb1800 JavaThread "jar transforms Thread 7" [_thread_blocked, id=16744, stack(0x0000000022a00000,0x0000000022b00000)]
  0x000000001bbb2000 JavaThread "jar transforms Thread 6" [_thread_blocked, id=20436, stack(0x0000000022900000,0x0000000022a00000)]
  0x000000001bbb4800 JavaThread "jar transforms Thread 5" [_thread_blocked, id=3644, stack(0x0000000022800000,0x0000000022900000)]
  0x0000000019a5c000 JavaThread "jar transforms Thread 4" [_thread_blocked, id=18328, stack(0x0000000022700000,0x0000000022800000)]
  0x0000000019a5e000 JavaThread "jar transforms Thread 3" [_thread_blocked, id=20236, stack(0x0000000022600000,0x0000000022700000)]
  0x0000000019a5b000 JavaThread "jar transforms Thread 2" [_thread_blocked, id=14100, stack(0x0000000022500000,0x0000000022600000)]
  0x0000000019a59000 JavaThread "jar transforms" [_thread_blocked, id=17016, stack(0x0000000022400000,0x0000000022500000)]
  0x0000000019a58000 JavaThread "Cache worker for file hash cache (C:\Users\WILLY\AndroidStudioProjects\MedicalApp\.gradle\6.5\fileHashes)" [_thread_blocked, id=18732, stack(0x0000000020be0000,0x0000000020ce0000)]
  0x0000000019a5c800 JavaThread "Cache worker for file hash cache (C:\Users\WILLY\.gradle\caches\6.5\fileHashes)" [_thread_blocked, id=15476, stack(0x000000001e940000,0x000000001ea40000)]
  0x0000000019a5a800 JavaThread "File lock request listener" [_thread_in_native, id=15876, stack(0x000000001e840000,0x000000001e940000)]
  0x000000001c8b8800 JavaThread "Cache worker for journal cache (C:\Users\WILLY\.gradle\caches\journal-1)" [_thread_blocked, id=16712, stack(0x000000001e740000,0x000000001e840000)]
  0x000000001c508800 JavaThread "Thread-9" [_thread_blocked, id=19332, stack(0x000000001e440000,0x000000001e540000)]
  0x000000001c507800 JavaThread "Stdin handler" [_thread_blocked, id=15096, stack(0x000000001e340000,0x000000001e440000)]
  0x000000001c550800 JavaThread "Asynchronous log dispatcher for DefaultDaemonConnection: socket connection from /127.0.0.1:65116 to /127.0.0.1:65117" [_thread_blocked, id=14840, stack(0x000000001e240000,0x000000001e340000)]
  0x000000001c52b800 JavaThread "Daemon worker" [_thread_in_native, id=17732, stack(0x000000001e140000,0x000000001e240000)]
  0x000000001c5b1800 JavaThread "Cancel handler" [_thread_blocked, id=17876, stack(0x000000001e040000,0x000000001e140000)]
  0x000000001c4e1000 JavaThread "Handler for socket connection from /127.0.0.1:65116 to /127.0.0.1:65117" [_thread_in_native, id=11056, stack(0x000000001dd40000,0x000000001de40000)]
  0x000000001c4db800 JavaThread "Daemon" [_thread_blocked, id=12584, stack(0x000000001dc40000,0x000000001dd40000)]
  0x000000001c4bf000 JavaThread "Daemon periodic checks" [_thread_blocked, id=14708, stack(0x000000001db40000,0x000000001dc40000)]
  0x000000001c467800 JavaThread "Incoming local TCP Connector on port 65116" [_thread_in_native, id=17472, stack(0x000000001d900000,0x000000001da00000)]
  0x000000001c3bb800 JavaThread "Daemon health stats" [_thread_blocked, id=7824, stack(0x000000001d2c0000,0x000000001d3c0000)]
  0x0000000019af2800 JavaThread "Service Thread" daemon [_thread_blocked, id=3820, stack(0x000000001a720000,0x000000001a820000)]
  0x0000000019a5d800 JavaThread "C1 CompilerThread3" daemon [_thread_blocked, id=20024, stack(0x000000001a620000,0x000000001a720000)]
  0x0000000019a57800 JavaThread "C2 CompilerThread2" daemon [_thread_blocked, id=3668, stack(0x000000001a520000,0x000000001a620000)]
=>0x0000000019a59800 JavaThread "C2 CompilerThread1" daemon [_thread_in_native, id=13996, stack(0x000000001a420000,0x000000001a520000)]
  0x0000000019a53800 JavaThread "C2 CompilerThread0" daemon [_thread_blocked, id=11320, stack(0x000000001a320000,0x000000001a420000)]
  0x0000000019a4e000 JavaThread "Attach Listener" daemon [_thread_blocked, id=14148, stack(0x000000001a220000,0x000000001a320000)]
  0x0000000017c1e000 JavaThread "Signal Dispatcher" daemon [_thread_blocked, id=17584, stack(0x000000001a120000,0x000000001a220000)]
  0x0000000019a41000 JavaThread "Finalizer" daemon [_thread_blocked, id=17256, stack(0x0000000019f20000,0x000000001a020000)]
  0x0000000019a40800 JavaThread "Reference Handler" daemon [_thread_blocked, id=19508, stack(0x0000000019e20000,0x0000000019f20000)]
  0x000000000293e000 JavaThread "main" [_thread_blocked, id=14068, stack(0x00000000029a0000,0x0000000002aa0000)]

Other Threads:
  0x0000000017c08000 VMThread [stack: 0x0000000019920000,0x0000000019a20000] [id=13080]
  0x0000000019af3800 WatcherThread [stack: 0x000000001a820000,0x000000001a920000] [id=8548]

VM state:not at safepoint (normal execution)

VM Mutex/Monitor currently owned by a thread: None

heap address: 0x0000000080000000, size: 2048 MB, Compressed Oops mode: 32-bit
Narrow klass base: 0x0000000000000000, Narrow klass shift: 3
Compressed class space size: 1073741824 Address: 0x0000000100000000

Heap:
 PSYoungGen      total 238592K, used 145573K [0x00000000d5580000, 0x00000000e4e00000, 0x0000000100000000)
  eden space 224768K, 64% used [0x00000000d5580000,0x00000000de3a96e8,0x00000000e3100000)
  from space 13824K, 0% used [0x00000000e4080000,0x00000000e4080000,0x00000000e4e00000)
  to   space 14848K, 0% used [0x00000000e3100000,0x00000000e3100000,0x00000000e3f80000)
 ParOldGen       total 89600K, used 14973K [0x0000000080000000, 0x0000000085780000, 0x00000000d5580000)
  object space 89600K, 16% used [0x0000000080000000,0x0000000080e9f7b8,0x0000000085780000)
 Metaspace       used 38837K, capacity 40796K, committed 41048K, reserved 1085440K
  class space    used 5351K, capacity 5717K, committed 5760K, reserved 1048576K

Card table byte_map: [0x0000000011f60000,0x0000000012370000] byte_map_base: 0x0000000011b60000

Marking Bits: (ParMarkBitMap*) 0x00000000605af030
 Begin Bits: [0x0000000012e20000, 0x0000000014e20000)
 End Bits:   [0x0000000014e20000, 0x0000000016e20000)

Polling page: 0x0000000000b80000

CodeCache: size=245760Kb used=14175Kb max_used=14175Kb free=231584Kb
 bounds [0x0000000002ba0000, 0x0000000003980000, 0x0000000011ba0000]
 total_blobs=4729 nmethods=4021 adapters=621
 compilation: enabled

Compilation events (10 events):
Event: 4.376 Thread 0x0000000019a5d800 nmethod 4016 0x0000000003968090 code [0x00000000039681e0, 0x0000000003968390]
Event: 4.376 Thread 0x0000000019a5d800 4017   !   3       org.gradle.internal.classloader.FilteringClassLoader::loadClass (62 bytes)
Event: 4.376 Thread 0x0000000019a53800 nmethod 4013 0x000000000392d8d0 code [0x000000000392da00, 0x000000000392da78]
Event: 4.377 Thread 0x0000000019a5d800 nmethod 4017 0x00000000039698d0 code [0x0000000003969b00, 0x000000000396a6d8]
Event: 4.378 Thread 0x0000000019a57800 nmethod 4012 0x000000000396e990 code [0x000000000396eb00, 0x000000000396f028]
Event: 4.379 Thread 0x0000000019a5d800 4018       3       org.gradle.internal.reflect.JavaPropertyReflectionUtil::hasTypeVariable (267 bytes)
Event: 4.380 Thread 0x0000000019a5d800 nmethod 4018 0x000000000396b810 code [0x000000000396bbc0, 0x000000000396df68]
Event: 4.382 Thread 0x0000000019a5d800 4020       3       java.util.HashMap::putMapEntries (154 bytes)
Event: 4.382 Thread 0x0000000019a5d800 nmethod 4020 0x000000000396f5d0 code [0x000000000396f840, 0x00000000039705a8]
Event: 4.382 Thread 0x0000000019a5d800 4021   !   3       sun.reflect.annotation.AnnotationParser::parseAnnotation2 (284 bytes)

GC Heap History (10 events):
Event: 2.171 GC heap before
{Heap before GC invocations=4 (full 0):
 PSYoungGen      total 75776K, used 17061K [0x00000000d5580000, 0x00000000de980000, 0x0000000100000000)
  eden space 65024K, 9% used [0x00000000d5580000,0x00000000d5bb0c10,0x00000000d9500000)
  from space 10752K, 99% used [0x00000000d9500000,0x00000000d9f78af8,0x00000000d9f80000)
  to   space 10752K, 0% used [0x00000000ddf00000,0x00000000ddf00000,0x00000000de980000)
 ParOldGen       total 173568K, used 862K [0x0000000080000000, 0x000000008a980000, 0x00000000d5580000)
  object space 173568K, 0% used [0x0000000080000000,0x00000000800d7a90,0x000000008a980000)
 Metaspace       used 20486K, capacity 21154K, committed 21248K, reserved 1067008K
  class space    used 2859K, capacity 3037K, committed 3072K, reserved 1048576K
Event: 2.178 GC heap after
Heap after GC invocations=4 (full 0):
 PSYoungGen      total 140800K, used 7337K [0x00000000d5580000, 0x00000000de980000, 0x0000000100000000)
  eden space 130048K, 0% used [0x00000000d5580000,0x00000000d5580000,0x00000000dd480000)
  from space 10752K, 68% used [0x00000000ddf00000,0x00000000de62a4e8,0x00000000de980000)
  to   space 10752K, 0% used [0x00000000dd480000,0x00000000dd480000,0x00000000ddf00000)
 ParOldGen       total 173568K, used 870K [0x0000000080000000, 0x000000008a980000, 0x00000000d5580000)
  object space 173568K, 0% used [0x0000000080000000,0x00000000800d9a90,0x000000008a980000)
 Metaspace       used 20486K, capacity 21154K, committed 21248K, reserved 1067008K
  class space    used 2859K, capacity 3037K, committed 3072K, reserved 1048576K
}
Event: 2.178 GC heap before
{Heap before GC invocations=5 (full 1):
 PSYoungGen      total 140800K, used 7337K [0x00000000d5580000, 0x00000000de980000, 0x0000000100000000)
  eden space 130048K, 0% used [0x00000000d5580000,0x00000000d5580000,0x00000000dd480000)
  from space 10752K, 68% used [0x00000000ddf00000,0x00000000de62a4e8,0x00000000de980000)
  to   space 10752K, 0% used [0x00000000dd480000,0x00000000dd480000,0x00000000ddf00000)
 ParOldGen       total 173568K, used 870K [0x0000000080000000, 0x000000008a980000, 0x00000000d5580000)
  object space 173568K, 0% used [0x0000000080000000,0x00000000800d9a90,0x000000008a980000)
 Metaspace       used 20486K, capacity 21154K, committed 21248K, reserved 1067008K
  class space    used 2859K, capacity 3037K, committed 3072K, reserved 1048576K
Event: 2.207 GC heap after
Heap after GC invocations=5 (full 1):
 PSYoungGen      total 140800K, used 0K [0x00000000d5580000, 0x00000000de980000, 0x0000000100000000)
  eden space 130048K, 0% used [0x00000000d5580000,0x00000000d5580000,0x00000000dd480000)
  from space 10752K, 0% used [0x00000000ddf00000,0x00000000ddf00000,0x00000000de980000)
  to   space 10752K, 0% used [0x00000000dd480000,0x00000000dd480000,0x00000000ddf00000)
 ParOldGen       total 89600K, used 7103K [0x0000000080000000, 0x0000000085780000, 0x00000000d5580000)
  object space 89600K, 7% used [0x0000000080000000,0x00000000806eff58,0x0000000085780000)
 Metaspace       used 20486K, capacity 21154K, committed 21248K, reserved 1067008K
  class space    used 2859K, capacity 3037K, committed 3072K, reserved 1048576K
}
Event: 3.159 GC heap before
{Heap before GC invocations=6 (full 1):
 PSYoungGen      total 140800K, used 130048K [0x00000000d5580000, 0x00000000de980000, 0x0000000100000000)
  eden space 130048K, 100% used [0x00000000d5580000,0x00000000dd480000,0x00000000dd480000)
  from space 10752K, 0% used [0x00000000ddf00000,0x00000000ddf00000,0x00000000de980000)
  to   space 10752K, 0% used [0x00000000dd480000,0x00000000dd480000,0x00000000ddf00000)
 ParOldGen       total 89600K, used 7103K [0x0000000080000000, 0x0000000085780000, 0x00000000d5580000)
  object space 89600K, 7% used [0x0000000080000000,0x00000000806eff58,0x0000000085780000)
 Metaspace       used 32827K, capacity 34014K, committed 34304K, reserved 1079296K
  class space    used 4436K, capacity 4742K, committed 4864K, reserved 1048576K
Event: 3.177 GC heap after
Heap after GC invocations=6 (full 1):
 PSYoungGen      total 140800K, used 10726K [0x00000000d5580000, 0x00000000e5000000, 0x0000000100000000)
  eden space 130048K, 0% used [0x00000000d5580000,0x00000000d5580000,0x00000000dd480000)
  from space 10752K, 99% used [0x00000000dd480000,0x00000000ddef9a58,0x00000000ddf00000)
  to   space 15872K, 0% used [0x00000000e4080000,0x00000000e4080000,0x00000000e5000000)
 ParOldGen       total 89600K, used 10106K [0x0000000080000000, 0x0000000085780000, 0x00000000d5580000)
  object space 89600K, 11% used [0x0000000080000000,0x00000000809dea50,0x0000000085780000)
 Metaspace       used 32827K, capacity 34014K, committed 34304K, reserved 1079296K
  class space    used 4436K, capacity 4742K, committed 4864K, reserved 1048576K
}
Event: 3.415 GC heap before
{Heap before GC invocations=7 (full 1):
 PSYoungGen      total 140800K, used 39617K [0x00000000d5580000, 0x00000000e5000000, 0x0000000100000000)
  eden space 130048K, 22% used [0x00000000d5580000,0x00000000d71b6b00,0x00000000dd480000)
  from space 10752K, 99% used [0x00000000dd480000,0x00000000ddef9a58,0x00000000ddf00000)
  to   space 15872K, 0% used [0x00000000e4080000,0x00000000e4080000,0x00000000e5000000)
 ParOldGen       total 89600K, used 10106K [0x0000000080000000, 0x0000000085780000, 0x00000000d5580000)
  object space 89600K, 11% used [0x0000000080000000,0x00000000809dea50,0x0000000085780000)
 Metaspace       used 33974K, capacity 35240K, committed 35416K, reserved 1079296K
  class space    used 4587K, capacity 4879K, committed 4992K, reserved 1048576K
Event: 3.423 GC heap after
Heap after GC invocations=7 (full 1):
 PSYoungGen      total 238592K, used 8497K [0x00000000d5580000, 0x00000000e4e00000, 0x0000000100000000)
  eden space 224768K, 0% used [0x00000000d5580000,0x00000000d5580000,0x00000000e3100000)
  from space 13824K, 61% used [0x00000000e4080000,0x00000000e48cc430,0x00000000e4e00000)
  to   space 14848K, 0% used [0x00000000e3100000,0x00000000e3100000,0x00000000e3f80000)
 ParOldGen       total 89600K, used 10114K [0x0000000080000000, 0x0000000085780000, 0x00000000d5580000)
  object space 89600K, 11% used [0x0000000080000000,0x00000000809e0a50,0x0000000085780000)
 Metaspace       used 33974K, capacity 35240K, committed 35416K, reserved 1079296K
  class space    used 4587K, capacity 4879K, committed 4992K, reserved 1048576K
}
Event: 3.423 GC heap before
{Heap before GC invocations=8 (full 2):
 PSYoungGen      total 238592K, used 8497K [0x00000000d5580000, 0x00000000e4e00000, 0x0000000100000000)
  eden space 224768K, 0% used [0x00000000d5580000,0x00000000d5580000,0x00000000e3100000)
  from space 13824K, 61% used [0x00000000e4080000,0x00000000e48cc430,0x00000000e4e00000)
  to   space 14848K, 0% used [0x00000000e3100000,0x00000000e3100000,0x00000000e3f80000)
 ParOldGen       total 89600K, used 10114K [0x0000000080000000, 0x0000000085780000, 0x00000000d5580000)
  object space 89600K, 11% used [0x0000000080000000,0x00000000809e0a50,0x0000000085780000)
 Metaspace       used 33974K, capacity 35240K, committed 35416K, reserved 1079296K
  class space    used 4587K, capacity 4879K, committed 4992K, reserved 1048576K
Event: 3.471 GC heap after
Heap after GC invocations=8 (full 2):
 PSYoungGen      total 238592K, used 0K [0x00000000d5580000, 0x00000000e4e00000, 0x0000000100000000)
  eden space 224768K, 0% used [0x00000000d5580000,0x00000000d5580000,0x00000000e3100000)
  from space 13824K, 0% used [0x00000000e4080000,0x00000000e4080000,0x00000000e4e00000)
  to   space 14848K, 0% used [0x00000000e3100000,0x00000000e3100000,0x00000000e3f80000)
 ParOldGen       total 89600K, used 14973K [0x0000000080000000, 0x0000000085780000, 0x00000000d5580000)
  object space 89600K, 16% used [0x0000000080000000,0x0000000080e9f7b8,0x0000000085780000)
 Metaspace       used 33974K, capacity 35240K, committed 35416K, reserved 1079296K
  class space    used 4587K, capacity 4879K, committed 4992K, reserved 1048576K
}

Deoptimization events (10 events):
Event: 3.737 Thread 0x000000001c52b800 Uncommon trap: reason=unstable_if action=reinterpret pc=0x0000000003277828 method=java.net.URLStreamHandler.sameFile(Ljava/net/URL;Ljava/net/URL;)Z @ 63
Event: 3.844 Thread 0x000000001c52b800 Uncommon trap: reason=unstable_if action=reinterpret pc=0x000000000351f3f8 method=org.gradle.internal.reflect.PropertyAccessorType.isGetGetterName(Ljava/lang/String;)Z @ 14
Event: 3.904 Thread 0x000000001c52b800 Uncommon trap: reason=unstable_if action=reinterpret pc=0x000000000338c194 method=java.util.WeakHashMap.put(Ljava/lang/Object;Ljava/lang/Object;)Ljava/lang/Object; @ 59
Event: 3.910 Thread 0x000000001c52b800 Uncommon trap: reason=unstable_if action=reinterpret pc=0x0000000003728600 method=org.codehaus.groovy.reflection.CachedMethod.compareToMethod(Ljava/lang/reflect/Method;)I @ 43
Event: 3.954 Thread 0x000000001c52b800 Uncommon trap: reason=unstable_if action=reinterpret pc=0x0000000003200860 method=java.net.URI.match(CJJ)Z @ 45
Event: 4.180 Thread 0x000000001c52b800 Uncommon trap: reason=unstable_if action=reinterpret pc=0x0000000002f5c774 method=java.lang.String.lastIndexOf([CII[CIII)I @ 118
Event: 4.190 Thread 0x000000001edf5800 Uncommon trap: reason=unstable_if action=reinterpret pc=0x0000000003110ea8 method=java.util.concurrent.ConcurrentHashMap.addCount(JI)V @ 34
Event: 4.197 Thread 0x000000001edee800 Uncommon trap: reason=unstable_if action=reinterpret pc=0x0000000003890f3c method=com.esotericsoftware.kryo.io.Input.readUtf8Length(I)I @ 9
Event: 4.201 Thread 0x000000001edf5800 Uncommon trap: reason=unstable_if action=reinterpret pc=0x00000000030839f8 method=java.util.concurrent.ConcurrentHashMap.addCount(JI)V @ 7
Event: 4.374 Thread 0x000000001c52b800 Uncommon trap: reason=bimorphic action=maybe_recompile pc=0x00000000035617ac method=java.util.AbstractCollection.addAll(Ljava/util/Collection;)Z @ 29

Classes redefined (0 events):
No events

Internal exceptions (10 events):
Event: 3.901 Thread 0x000000001c52b800 Exception <a 'java/lang/ClassNotFoundException': org/gradle/api/internal/DefaultNamedDomainObjectCollectionBeanInfo> (0x00000000d94718e0) thrown at [C:\src\AOSP-openjdk-git\hotspot\src\share\vm\classfile\systemDictionary.cpp, line 210]
Event: 3.902 Thread 0x000000001c52b800 Exception <a 'java/lang/ClassNotFoundException': org/gradle/api/internal/DefaultDomainObjectCollectionBeanInfo> (0x00000000d94a5d20) thrown at [C:\src\AOSP-openjdk-git\hotspot\src\share\vm\classfile\systemDictionary.cpp, line 210]
Event: 3.902 Thread 0x000000001c52b800 Exception <a 'java/lang/ClassNotFoundException': org/gradle/api/internal/DefaultDomainObjectCollectionCustomizer> (0x00000000d94dae28) thrown at [C:\src\AOSP-openjdk-git\hotspot\src\share\vm\classfile\systemDictionary.cpp, line 210]
Event: 3.903 Thread 0x000000001c52b800 Exception <a 'java/lang/ClassNotFoundException': org/gradle/api/internal/DefaultNamedDomainObjectCollectionCustomizer> (0x00000000d9539198) thrown at [C:\src\AOSP-openjdk-git\hotspot\src\share\vm\classfile\systemDictionary.cpp, line 210]
Event: 3.905 Thread 0x000000001c52b800 Exception <a 'java/lang/ClassNotFoundException': org/gradle/api/internal/DefaultNamedDomainObjectListCustomizer> (0x00000000d95a8140) thrown at [C:\src\AOSP-openjdk-git\hotspot\src\share\vm\classfile\systemDictionary.cpp, line 210]
Event: 3.906 Thread 0x000000001c52b800 Exception <a 'java/lang/ClassNotFoundException': org/gradle/api/internal/artifacts/DefaultArtifactRepositoryContainerCustomizer> (0x00000000d961c548) thrown at [C:\src\AOSP-openjdk-git\hotspot\src\share\vm\classfile\systemDictionary.cpp, line 210]
Event: 3.907 Thread 0x000000001c52b800 Exception <a 'java/lang/ClassNotFoundException': org/gradle/api/internal/artifacts/dsl/DefaultRepositoryHandlerCustomizer> (0x00000000d96819b8) thrown at [C:\src\AOSP-openjdk-git\hotspot\src\share\vm\classfile\systemDictionary.cpp, line 210]
Event: 3.909 Thread 0x000000001c52b800 Exception <a 'java/lang/ClassNotFoundException': org/gradle/api/internal/artifacts/dsl/DefaultRepositoryHandler_DecoratedCustomizer> (0x00000000d97058e0) thrown at [C:\src\AOSP-openjdk-git\hotspot\src\share\vm\classfile\systemDictionary.cpp, line 210]
Event: 4.372 Thread 0x000000001c52b800 Exception <a 'java/lang/ClassNotFoundException': build_6qm8k9wksinpmlwsumtk74skxBeanInfo> (0x00000000dbbd2700) thrown at [C:\src\AOSP-openjdk-git\hotspot\src\share\vm\classfile\systemDictionary.cpp, line 210]
Event: 4.372 Thread 0x000000001c52b800 Exception <a 'java/lang/ClassNotFoundException': build_6qm8k9wksinpmlwsumtk74skxCustomizer> (0x00000000dbbde2e0) thrown at [C:\src\AOSP-openjdk-git\hotspot\src\share\vm\classfile\systemDictionary.cpp, line 210]

Events (10 events):
Event: 4.378 loading class org/gradle/api/internal/tasks/DefaultTaskContainer$1
Event: 4.378 loading class org/gradle/api/internal/tasks/DefaultTaskContainer$1 done
Event: 4.378 loading class org/gradle/internal/Describables$1
Event: 4.378 loading class org/gradle/internal/Describables$1 done
Event: 4.378 loading class org/gradle/api/internal/project/taskfactory/TaskFactory$1
Event: 4.378 loading class org/gradle/api/internal/project/taskfactory/TaskFactory$1 done
Event: 4.379 loading class org/gradle/api/services/BuildService
Event: 4.379 loading class org/gradle/api/services/BuildService done
Event: 4.380 loading class org/gradle/api/tasks/TaskAction
Event: 4.380 loading class org/gradle/api/tasks/TaskAction done


Dynamic libraries:
0x00007ff7bc220000 - 0x00007ff7bc251000 	C:\Program Files\Android\Android Studio\jre\bin\java.exe
0x00007ffba64b0000 - 0x00007ffba66a5000 	C:\WINDOWS\SYSTEM32\ntdll.dll
0x00007ffba6380000 - 0x00007ffba643d000 	C:\WINDOWS\System32\KERNEL32.DLL
0x00007ffba3f20000 - 0x00007ffba41e7000 	C:\WINDOWS\System32\KERNELBASE.dll
0x00007ffba5a80000 - 0x00007ffba5b2a000 	C:\WINDOWS\System32\ADVAPI32.dll
0x00007ffba60c0000 - 0x00007ffba615e000 	C:\WINDOWS\System32\msvcrt.dll
0x00007ffba61c0000 - 0x00007ffba625b000 	C:\WINDOWS\System32\sechost.dll
0x00007ffba47f0000 - 0x00007ffba4913000 	C:\WINDOWS\System32\RPCRT4.dll
0x00007ffba4650000 - 0x00007ffba47f0000 	C:\WINDOWS\System32\USER32.dll
0x00007ffba3c00000 - 0x00007ffba3c22000 	C:\WINDOWS\System32\win32u.dll
0x00007ffba62d0000 - 0x00007ffba62fa000 	C:\WINDOWS\System32\GDI32.dll
0x00007ffba3c30000 - 0x00007ffba3d3a000 	C:\WINDOWS\System32\gdi32full.dll
0x00007ffba4320000 - 0x00007ffba43bd000 	C:\WINDOWS\System32\msvcp_win.dll
0x00007ffba3d40000 - 0x00007ffba3e40000 	C:\WINDOWS\System32\ucrtbase.dll
0x00007ffb8df00000 - 0x00007ffb8e19a000 	C:\WINDOWS\WinSxS\amd64_microsoft.windows.common-controls_6595b64144ccf1df_6.0.19041.1_none_b555e41d4684ddec\COMCTL32.dll
0x00007ffba6440000 - 0x00007ffba6470000 	C:\WINDOWS\System32\IMM32.DLL
0x0000000060940000 - 0x0000000060a12000 	C:\Program Files\Android\Android Studio\jre\jre\bin\msvcr100.dll
0x000000005fde0000 - 0x000000006062b000 	C:\Program Files\Android\Android Studio\jre\jre\bin\server\jvm.dll
0x00007ffba6260000 - 0x00007ffba6268000 	C:\WINDOWS\System32\PSAPI.DLL
0x00007ffb82150000 - 0x00007ffb82159000 	C:\WINDOWS\SYSTEM32\WSOCK32.dll
0x00007ffb9d140000 - 0x00007ffb9d14a000 	C:\WINDOWS\SYSTEM32\VERSION.dll
0x00007ffb8e350000 - 0x00007ffb8e377000 	C:\WINDOWS\SYSTEM32\WINMM.dll
0x00007ffba5be0000 - 0x00007ffba5c4b000 	C:\WINDOWS\System32\WS2_32.dll
0x00007ffb8aaa0000 - 0x00007ffb8aaaf000 	C:\Program Files\Android\Android Studio\jre\jre\bin\verify.dll
0x00007ffb74400000 - 0x00007ffb74429000 	C:\Program Files\Android\Android Studio\jre\jre\bin\java.dll
0x00007ffb6c790000 - 0x00007ffb6c7a6000 	C:\Program Files\Android\Android Studio\jre\jre\bin\zip.dll
0x00007ffba5340000 - 0x00007ffba5a80000 	C:\WINDOWS\System32\SHELL32.dll
0x00007ffba1d80000 - 0x00007ffba2511000 	C:\WINDOWS\SYSTEM32\windows.storage.dll
0x00007ffba4fe0000 - 0x00007ffba5333000 	C:\WINDOWS\System32\combase.dll
0x00007ffba3680000 - 0x00007ffba36ac000 	C:\WINDOWS\SYSTEM32\Wldp.dll
0x00007ffba5b30000 - 0x00007ffba5bde000 	C:\WINDOWS\System32\SHCORE.dll
0x00007ffba6160000 - 0x00007ffba61b5000 	C:\WINDOWS\System32\shlwapi.dll
0x00007ffba3b40000 - 0x00007ffba3b5f000 	C:\WINDOWS\SYSTEM32\profapi.dll
0x00007ffb6c770000 - 0x00007ffb6c78a000 	C:\Program Files\Android\Android Studio\jre\jre\bin\net.dll
0x00007ffba3400000 - 0x00007ffba346a000 	C:\WINDOWS\system32\mswsock.dll
0x00007ffb6c750000 - 0x00007ffb6c763000 	C:\Program Files\Android\Android Studio\jre\jre\bin\nio.dll
0x00007ffb40c40000 - 0x00007ffb40c67000 	C:\Users\WILLY\.gradle\native\f6784746aeab05261644944871eae4fe03e0ef1612fff0a4a95f87b438bc6780\windows-amd64\native-platform.dll
0x00007ffb87870000 - 0x00007ffb8787d000 	C:\Program Files\Android\Android Studio\jre\jre\bin\management.dll
0x00007ffba35e0000 - 0x00007ffba35f8000 	C:\WINDOWS\SYSTEM32\CRYPTSP.dll
0x00007ffba2d20000 - 0x00007ffba2d54000 	C:\WINDOWS\system32\rsaenh.dll
0x00007ffba3e40000 - 0x00007ffba3e67000 	C:\WINDOWS\System32\bcrypt.dll
0x00007ffba3b00000 - 0x00007ffba3b2e000 	C:\WINDOWS\SYSTEM32\USERENV.dll
0x00007ffba42a0000 - 0x00007ffba431f000 	C:\WINDOWS\System32\bcryptprimitives.dll
0x00007ffba35d0000 - 0x00007ffba35dc000 	C:\WINDOWS\SYSTEM32\CRYPTBASE.dll
0x00007ffba30a0000 - 0x00007ffba30db000 	C:\WINDOWS\SYSTEM32\IPHLPAPI.DLL
0x00007ffba5c60000 - 0x00007ffba5c69000 	C:\WINDOWS\System32\NSI.dll
0x00007ffb94fd0000 - 0x00007ffb94fe7000 	C:\WINDOWS\SYSTEM32\dhcpcsvc6.DLL
0x00007ffb95010000 - 0x00007ffb9502d000 	C:\WINDOWS\SYSTEM32\dhcpcsvc.DLL
0x00007ffba30f0000 - 0x00007ffba31ba000 	C:\WINDOWS\SYSTEM32\DNSAPI.dll
0x00007ffb97a50000 - 0x00007ffb97a5b000 	C:\WINDOWS\SYSTEM32\WINNSI.DLL

VM Arguments:
jvm_args: -Xmx2048m -Dfile.encoding=UTF-8 -Duser.country=US -Duser.language=en -Duser.variant 
java_command: org.gradle.launcher.daemon.bootstrap.GradleDaemon 6.5
java_class_path (initial): C:\Users\WILLY\.gradle\wrapper\dists\gradle-6.5-bin\6nifqtx7604sqp1q6g8wikw7p\gradle-6.5\lib\gradle-launcher-6.5.jar
Launcher Type: SUN_STANDARD

Environment Variables:
PATH=C:\Program Files (x86)\Common Files\Oracle\Java\javapath;C:\Python38\Scripts\;C:\Python38\;C:\WINDOWS\system32;C:\WINDOWS;C:\WINDOWS\System32\Wbem;C:\WINDOWS\System32\WindowsPowerShell\v1.0\;C:\WINDOWS\System32\OpenSSH\;C:\ProgramData\chocolatey\bin;C:\Program Files\nodejs\;C:\Program Files\TortoiseSVN\bin;C:\Program Files\VisualSVN Server\bin;C:\Program Files\Inkscape\bin;C:\Program Files\Git\cmd;C:\Users\WILLY\AppData\Local\Microsoft\WindowsApps;C:\Users\WILLY\AppData\Local\Programs\Microsoft VS Code\bin;C:\Users\WILLY\AppData\Roaming\npm;C:\Users\WILLY\AppData\Local\GitHubDesktop\bin;C:\Users\WILLY\AppData\Local\Android\Sdk\platform-tools;
USERNAME=WILLY
OS=Windows_NT
PROCESSOR_IDENTIFIER=Intel64 Family 6 Model 142 Stepping 11, GenuineIntel



---------------  S Y S T E M  ---------------

OS: Windows 10.0 , 64 bit Build 19041 (10.0.19041.292)

CPU:total 8 (initial active 8) (4 cores per cpu, 2 threads per core) family 6 model 142 stepping 11, cmov, cx8, fxsr, mmx, sse, sse2, sse3, ssse3, sse4.1, sse4.2, popcnt, avx, avx2, aes, clmul, erms, 3dnowpref, lzcnt, ht, tsc, tscinvbit, bmi1, bmi2, adx

Memory: 4k page, physical 16644896k(5169592k free), swap 18180896k(5796k free)

vm_info: OpenJDK 64-Bit Server VM (25.242-b01) for windows-amd64 JRE (1.8.0_242-release-1644-b01), built by "builder" with MS VC++ 10.0 (VS2010)

time: Thu Jan 21 19:29:21 2021
timezone: E. Africa Standard Time
elapsed time: 4 seconds (0d 0h 0m 4s)

