#
# There is insufficient memory for the Java Runtime Environment to continue.
# Native memory allocation (malloc) failed to allocate 820176 bytes for Chunk::new
# Possible reasons:
#   The system is out of physical RAM or swap space
#   The process is running with CompressedOops enabled, and the Java Heap may be blocking the growth of the native heap
# Possible solutions:
#   Reduce memory load on the system
#   Increase physical memory or swap space
#   Check if swap backing store is full
#   Decrease Java heap size (-Xmx/-Xms)
#   Decrease number of Java threads
#   Decrease Java thread stack sizes (-Xss)
#   Set larger code cache with -XX:ReservedCodeCacheSize=
#   JVM is running with Unscaled Compressed Oops mode in which the Java heap is
#     placed in the first 4GB address space. The Java Heap base address is the
#     maximum limit for the native heap growth. Please use -XX:HeapBaseMinAddress
#     to set the Java Heap base and to place the Java Heap above 4GB virtual address.
# This output file may be truncated or incomplete.
#
#  Out of Memory Error (allocation.cpp:389), pid=15996, tid=0x0000000000003588
#
# JRE version: OpenJDK Runtime Environment (8.0_242-b01) (build 1.8.0_242-release-1644-b01)
# Java VM: OpenJDK 64-Bit Server VM (25.242-b01 mixed mode windows-amd64 compressed oops)
# Failed to write core dump. Minidumps are not enabled by default on client versions of Windows
#

---------------  T H R E A D  ---------------

Current thread (0x0000000019672000):  JavaThread "C2 CompilerThread0" daemon [_thread_in_native, id=13704, stack(0x0000000019f40000,0x000000001a040000)]

Stack: [0x0000000019f40000,0x000000001a040000]
[error occurred during error reporting (printing stack bounds), id 0xc0000005]

Native frames: (J=compiled Java code, j=interpreted, Vv=VM code, C=native code)


Current CompileTask:
C2:   3164 2591       4       groovy.lang.MetaClassImpl$1MOPIter::methodNameAction (325 bytes)


---------------  P R O C E S S  ---------------

Java Threads: ( => current thread )
  0x000000001c36e000 JavaThread "Cache worker for file content cache (C:\Users\WILLY\.gradle\caches\6.5\fileContent)" [_thread_blocked, id=9020, stack(0x0000000022970000,0x0000000022a70000)]
  0x000000001c374000 JavaThread "jar transforms" [_thread_blocked, id=20160, stack(0x0000000022870000,0x0000000022970000)]
  0x000000001c373000 JavaThread "Cache worker for execution history cache (C:\Users\WILLY\.gradle\caches\6.5\executionHistory)" [_thread_blocked, id=17348, stack(0x0000000022170000,0x0000000022270000)]
  0x000000001c36d000 JavaThread "Cache worker for cache directory md-rule (C:\Users\WILLY\.gradle\caches\6.5\md-rule)" [_thread_blocked, id=13764, stack(0x0000000022070000,0x0000000022170000)]
  0x000000001c371800 JavaThread "Cache worker for cache directory md-supplier (C:\Users\WILLY\.gradle\caches\6.5\md-supplier)" [_thread_blocked, id=7768, stack(0x0000000021f70000,0x0000000022070000)]
  0x000000001c372800 JavaThread "Cache worker for checksums cache (C:\Users\WILLY\AndroidStudioProjects\MedicalApp\.gradle\checksums)" [_thread_blocked, id=9984, stack(0x0000000020dc0000,0x0000000020ec0000)]
  0x000000001c36f800 JavaThread "Cache worker for file hash cache (C:\Users\WILLY\AndroidStudioProjects\MedicalApp\.gradle\6.5\fileHashes)" [_thread_blocked, id=13692, stack(0x0000000020ab0000,0x0000000020bb0000)]
  0x000000001c370000 JavaThread "Cache worker for file hash cache (C:\Users\WILLY\.gradle\caches\6.5\fileHashes)" [_thread_blocked, id=11904, stack(0x000000001e560000,0x000000001e660000)]
  0x000000001c371000 JavaThread "File lock request listener" [_thread_in_native, id=9832, stack(0x000000001e460000,0x000000001e560000)]
  0x000000001a732000 JavaThread "Cache worker for journal cache (C:\Users\WILLY\.gradle\caches\journal-1)" [_thread_blocked, id=16492, stack(0x000000001e360000,0x000000001e460000)]
  0x000000001c0fa800 JavaThread "Thread-9" [_thread_blocked, id=13572, stack(0x000000001e060000,0x000000001e160000)]
  0x000000001c105000 JavaThread "Stdin handler" [_thread_blocked, id=12804, stack(0x000000001df60000,0x000000001e060000)]
  0x000000001c10c000 JavaThread "Asynchronous log dispatcher for DefaultDaemonConnection: socket connection from /127.0.0.1:65185 to /127.0.0.1:65186" [_thread_blocked, id=10348, stack(0x000000001de60000,0x000000001df60000)]
  0x000000001c13b000 JavaThread "Daemon worker" [_thread_in_vm, id=7652, stack(0x000000001dd60000,0x000000001de60000)]
  0x000000001c13a000 JavaThread "Cancel handler" [_thread_blocked, id=3008, stack(0x000000001dc60000,0x000000001dd60000)]
  0x000000001c0db800 JavaThread "Handler for socket connection from /127.0.0.1:65185 to /127.0.0.1:65186" [_thread_in_native, id=9032, stack(0x000000001d960000,0x000000001da60000)]
  0x000000001c0d9000 JavaThread "Daemon" [_thread_blocked, id=4132, stack(0x000000001d860000,0x000000001d960000)]
  0x000000001c0a3800 JavaThread "Daemon periodic checks" [_thread_blocked, id=8048, stack(0x000000001d760000,0x000000001d860000)]
  0x000000001c03e800 JavaThread "Incoming local TCP Connector on port 65185" [_thread_in_native, id=9796, stack(0x000000001d520000,0x000000001d620000)]
  0x000000001bfc2000 JavaThread "Daemon health stats" [_thread_blocked, id=9692, stack(0x000000001cee0000,0x000000001cfe0000)]
  0x00000000196ff000 JavaThread "Service Thread" daemon [_thread_blocked, id=12268, stack(0x000000001a340000,0x000000001a440000)]
  0x000000001967b800 JavaThread "C1 CompilerThread3" daemon [_thread_blocked, id=14624, stack(0x000000001a240000,0x000000001a340000)]
  0x0000000019677800 JavaThread "C2 CompilerThread2" daemon [_thread_in_native, id=16616, stack(0x000000001a140000,0x000000001a240000)]
  0x000000001785c000 JavaThread "C2 CompilerThread1" daemon [_thread_in_native, id=10956, stack(0x000000001a040000,0x000000001a140000)]
=>0x0000000019672000 JavaThread "C2 CompilerThread0" daemon [_thread_in_native, id=13704, stack(0x0000000019f40000,0x000000001a040000)]
  0x0000000019671000 JavaThread "Attach Listener" daemon [_thread_blocked, id=4556, stack(0x0000000019e40000,0x0000000019f40000)]
  0x0000000019670000 JavaThread "Signal Dispatcher" daemon [_thread_blocked, id=19040, stack(0x0000000019d40000,0x0000000019e40000)]
  0x00000000027dc800 JavaThread "Finalizer" daemon [_thread_blocked, id=19416, stack(0x0000000019b40000,0x0000000019c40000)]
  0x0000000019660800 JavaThread "Reference Handler" daemon [_thread_blocked, id=20456, stack(0x0000000019a40000,0x0000000019b40000)]
  0x00000000025de000 JavaThread "main" [_thread_blocked, id=15184, stack(0x00000000025e0000,0x00000000026e0000)]

Other Threads:
  0x0000000017848000 VMThread [stack: 0x0000000019540000,0x0000000019640000] [id=8512]
  0x0000000019700000 WatcherThread [stack: 0x000000001a440000,0x000000001a540000] [id=15728]

VM state:not at safepoint (normal execution)

VM Mutex/Monitor currently owned by a thread: None

heap address: 0x0000000080000000, size: 2048 MB, Compressed Oops mode: 32-bit
Narrow klass base: 0x0000000000000000, Narrow klass shift: 3
Compressed class space size: 1073741824 Address: 0x0000000100000000

Heap:
 PSYoungGen      total 140800K, used 16896K [0x00000000d5580000, 0x00000000e4700000, 0x0000000100000000)
  eden space 130048K, 4% used [0x00000000d5580000,0x00000000d5b83078,0x00000000dd480000)
  from space 10752K, 99% used [0x00000000dd480000,0x00000000ddefd378,0x00000000ddf00000)
  to   space 15872K, 0% used [0x00000000e3780000,0x00000000e3780000,0x00000000e4700000)
 ParOldGen       total 93696K, used 10627K [0x0000000080000000, 0x0000000085b80000, 0x00000000d5580000)
  object space 93696K, 11% used [0x0000000080000000,0x0000000080a60de8,0x0000000085b80000)
 Metaspace       used 33160K, capacity 34256K, committed 34608K, reserved 1079296K
  class space    used 4544K, capacity 4793K, committed 4912K, reserved 1048576K

Card table byte_map: [0x0000000011ba0000,0x0000000011fb0000] byte_map_base: 0x00000000117a0000

Marking Bits: (ParMarkBitMap*) 0x00000000605af030
 Begin Bits: [0x0000000012a60000, 0x0000000014a60000)
 End Bits:   [0x0000000014a60000, 0x0000000016a60000)

Polling page: 0x0000000002460000

CodeCache: size=245760Kb used=10157Kb max_used=10157Kb free=235602Kb
 bounds [0x00000000027e0000, 0x00000000031d0000, 0x00000000117e0000]
 total_blobs=3348 nmethods=2665 adapters=596
 compilation: enabled

Compilation events (10 events):
Event: 3.161 Thread 0x000000001967b800 nmethod 2665 0x00000000031cca50 code [0x00000000031ccba0, 0x00000000031ccd70]
Event: 3.161 Thread 0x000000001967b800 2666       3       org.gradle.internal.instantiation.generator.AbstractClassGenerator$PropertyMetadata::addGetter (129 bytes)
Event: 3.162 Thread 0x000000001967b800 nmethod 2666 0x00000000031cce10 code [0x00000000031cd080, 0x00000000031ce6a8]
Event: 3.162 Thread 0x000000001967b800 2671       3       sun.reflect.generics.scope.ClassScope::make (9 bytes)
Event: 3.162 Thread 0x000000001967b800 nmethod 2671 0x00000000031cebd0 code [0x00000000031ced40, 0x00000000031ceff0]
Event: 3.162 Thread 0x000000001967b800 2672       3       org.gradle.internal.instantiation.generator.AbstractClassGenerator$PropertyMetadata::isReadable (13 bytes)
Event: 3.162 Thread 0x000000001967b800 nmethod 2672 0x00000000031cf150 code [0x00000000031cf2a0, 0x00000000031cf450]
Event: 3.162 Thread 0x000000001967b800 2673       3       org.gradle.internal.instantiation.generator.AbstractClassGenerator$PropertyMetadata::isWritable (18 bytes)
Event: 3.163 Thread 0x000000001967b800 nmethod 2673 0x00000000031cf4d0 code [0x00000000031cf640, 0x00000000031cf8a8]
Event: 3.163 Thread 0x000000001967b800 2674       3       com.google.common.collect.Hashing::closedTableSize (37 bytes)

GC Heap History (10 events):
Event: 1.708 GC heap before
{Heap before GC invocations=2 (full 0):
 PSYoungGen      total 75776K, used 70667K [0x00000000d5580000, 0x00000000daa00000, 0x0000000100000000)
  eden space 65024K, 100% used [0x00000000d5580000,0x00000000d9500000,0x00000000d9500000)
  from space 10752K, 52% used [0x00000000d9500000,0x00000000d9a82fe8,0x00000000d9f80000)
  to   space 10752K, 0% used [0x00000000d9f80000,0x00000000d9f80000,0x00000000daa00000)
 ParOldGen       total 173568K, used 16K [0x0000000080000000, 0x000000008a980000, 0x00000000d5580000)
  object space 173568K, 0% used [0x0000000080000000,0x0000000080004000,0x000000008a980000)
 Metaspace       used 14179K, capacity 14622K, committed 14976K, reserved 1062912K
  class space    used 1951K, capacity 2083K, committed 2176K, reserved 1048576K
Event: 1.715 GC heap after
Heap after GC invocations=2 (full 0):
 PSYoungGen      total 75776K, used 8990K [0x00000000d5580000, 0x00000000daa00000, 0x0000000100000000)
  eden space 65024K, 0% used [0x00000000d5580000,0x00000000d5580000,0x00000000d9500000)
  from space 10752K, 83% used [0x00000000d9f80000,0x00000000da847a28,0x00000000daa00000)
  to   space 10752K, 0% used [0x00000000d9500000,0x00000000d9500000,0x00000000d9f80000)
 ParOldGen       total 173568K, used 24K [0x0000000080000000, 0x000000008a980000, 0x00000000d5580000)
  object space 173568K, 0% used [0x0000000080000000,0x0000000080006000,0x000000008a980000)
 Metaspace       used 14179K, capacity 14622K, committed 14976K, reserved 1062912K
  class space    used 1951K, capacity 2083K, committed 2176K, reserved 1048576K
}
Event: 2.166 GC heap before
{Heap before GC invocations=3 (full 0):
 PSYoungGen      total 75776K, used 74014K [0x00000000d5580000, 0x00000000daa00000, 0x0000000100000000)
  eden space 65024K, 100% used [0x00000000d5580000,0x00000000d9500000,0x00000000d9500000)
  from space 10752K, 83% used [0x00000000d9f80000,0x00000000da847a28,0x00000000daa00000)
  to   space 10752K, 0% used [0x00000000d9500000,0x00000000d9500000,0x00000000d9f80000)
 ParOldGen       total 173568K, used 24K [0x0000000080000000, 0x000000008a980000, 0x00000000d5580000)
  object space 173568K, 0% used [0x0000000080000000,0x0000000080006000,0x000000008a980000)
 Metaspace       used 19955K, capacity 20574K, committed 20736K, reserved 1067008K
  class space    used 2777K, capacity 2945K, committed 3072K, reserved 1048576K
Event: 2.175 GC heap after
Heap after GC invocations=3 (full 0):
 PSYoungGen      total 75776K, used 10747K [0x00000000d5580000, 0x00000000de980000, 0x0000000100000000)
  eden space 65024K, 0% used [0x00000000d5580000,0x00000000d5580000,0x00000000d9500000)
  from space 10752K, 99% used [0x00000000d9500000,0x00000000d9f7ed60,0x00000000d9f80000)
  to   space 10752K, 0% used [0x00000000ddf00000,0x00000000ddf00000,0x00000000de980000)
 ParOldGen       total 173568K, used 808K [0x0000000080000000, 0x000000008a980000, 0x00000000d5580000)
  object space 173568K, 0% used [0x0000000080000000,0x00000000800ca2d0,0x000000008a980000)
 Metaspace       used 19955K, capacity 20574K, committed 20736K, reserved 1067008K
  class space    used 2777K, capacity 2945K, committed 3072K, reserved 1048576K
}
Event: 2.236 GC heap before
{Heap before GC invocations=4 (full 0):
 PSYoungGen      total 75776K, used 21739K [0x00000000d5580000, 0x00000000de980000, 0x0000000100000000)
  eden space 65024K, 16% used [0x00000000d5580000,0x00000000d603c198,0x00000000d9500000)
  from space 10752K, 99% used [0x00000000d9500000,0x00000000d9f7ed60,0x00000000d9f80000)
  to   space 10752K, 0% used [0x00000000ddf00000,0x00000000ddf00000,0x00000000de980000)
 ParOldGen       total 173568K, used 808K [0x0000000080000000, 0x000000008a980000, 0x00000000d5580000)
  object space 173568K, 0% used [0x0000000080000000,0x00000000800ca2d0,0x000000008a980000)
 Metaspace       used 20591K, capacity 21224K, committed 21296K, reserved 1067008K
  class space    used 2877K, capacity 3076K, committed 3120K, reserved 1048576K
Event: 2.242 GC heap after
Heap after GC invocations=4 (full 0):
 PSYoungGen      total 140800K, used 7382K [0x00000000d5580000, 0x00000000de980000, 0x0000000100000000)
  eden space 130048K, 0% used [0x00000000d5580000,0x00000000d5580000,0x00000000dd480000)
  from space 10752K, 68% used [0x00000000ddf00000,0x00000000de635888,0x00000000de980000)
  to   space 10752K, 0% used [0x00000000dd480000,0x00000000dd480000,0x00000000ddf00000)
 ParOldGen       total 173568K, used 816K [0x0000000080000000, 0x000000008a980000, 0x00000000d5580000)
  object space 173568K, 0% used [0x0000000080000000,0x00000000800cc2d0,0x000000008a980000)
 Metaspace       used 20591K, capacity 21224K, committed 21296K, reserved 1067008K
  class space    used 2877K, capacity 3076K, committed 3120K, reserved 1048576K
}
Event: 2.242 GC heap before
{Heap before GC invocations=5 (full 1):
 PSYoungGen      total 140800K, used 7382K [0x00000000d5580000, 0x00000000de980000, 0x0000000100000000)
  eden space 130048K, 0% used [0x00000000d5580000,0x00000000d5580000,0x00000000dd480000)
  from space 10752K, 68% used [0x00000000ddf00000,0x00000000de635888,0x00000000de980000)
  to   space 10752K, 0% used [0x00000000dd480000,0x00000000dd480000,0x00000000ddf00000)
 ParOldGen       total 173568K, used 816K [0x0000000080000000, 0x000000008a980000, 0x00000000d5580000)
  object space 173568K, 0% used [0x0000000080000000,0x00000000800cc2d0,0x000000008a980000)
 Metaspace       used 20591K, capacity 21224K, committed 21296K, reserved 1067008K
  class space    used 2877K, capacity 3076K, committed 3120K, reserved 1048576K
Event: 2.274 GC heap after
Heap after GC invocations=5 (full 1):
 PSYoungGen      total 140800K, used 0K [0x00000000d5580000, 0x00000000de980000, 0x0000000100000000)
  eden space 130048K, 0% used [0x00000000d5580000,0x00000000d5580000,0x00000000dd480000)
  from space 10752K, 0% used [0x00000000ddf00000,0x00000000ddf00000,0x00000000de980000)
  to   space 10752K, 0% used [0x00000000dd480000,0x00000000dd480000,0x00000000ddf00000)
 ParOldGen       total 93696K, used 7249K [0x0000000080000000, 0x0000000085b80000, 0x00000000d5580000)
  object space 93696K, 7% used [0x0000000080000000,0x00000000807145b0,0x0000000085b80000)
 Metaspace       used 20591K, capacity 21224K, committed 21296K, reserved 1067008K
  class space    used 2877K, capacity 3076K, committed 3120K, reserved 1048576K
}
Event: 3.105 GC heap before
{Heap before GC invocations=6 (full 1):
 PSYoungGen      total 140800K, used 130048K [0x00000000d5580000, 0x00000000de980000, 0x0000000100000000)
  eden space 130048K, 100% used [0x00000000d5580000,0x00000000dd480000,0x00000000dd480000)
  from space 10752K, 0% used [0x00000000ddf00000,0x00000000ddf00000,0x00000000de980000)
  to   space 10752K, 0% used [0x00000000dd480000,0x00000000dd480000,0x00000000ddf00000)
 ParOldGen       total 93696K, used 7249K [0x0000000080000000, 0x0000000085b80000, 0x00000000d5580000)
  object space 93696K, 7% used [0x0000000080000000,0x00000000807145b0,0x0000000085b80000)
 Metaspace       used 32758K, capacity 33796K, committed 33968K, reserved 1079296K
  class space    used 4481K, capacity 4750K, committed 4784K, reserved 1048576K
Event: 3.117 GC heap after
Heap after GC invocations=6 (full 1):
 PSYoungGen      total 140800K, used 10740K [0x00000000d5580000, 0x00000000e4700000, 0x0000000100000000)
  eden space 130048K, 0% used [0x00000000d5580000,0x00000000d5580000,0x00000000dd480000)
  from space 10752K, 99% used [0x00000000dd480000,0x00000000ddefd378,0x00000000ddf00000)
  to   space 15872K, 0% used [0x00000000e3780000,0x00000000e3780000,0x00000000e4700000)
 ParOldGen       total 93696K, used 10627K [0x0000000080000000, 0x0000000085b80000, 0x00000000d5580000)
  object space 93696K, 11% used [0x0000000080000000,0x0000000080a60de8,0x0000000085b80000)
 Metaspace       used 32758K, capacity 33796K, committed 33968K, reserved 1079296K
  class space    used 4481K, capacity 4750K, committed 4784K, reserved 1048576K
}

Deoptimization events (10 events):
Event: 2.731 Thread 0x000000001a732000 Uncommon trap: reason=bimorphic action=maybe_recompile pc=0x0000000002eecfc0 method=java.io.DataInputStream.readInt()I @ 4
Event: 2.745 Thread 0x000000001c13b000 Uncommon trap: reason=unstable_if action=reinterpret pc=0x0000000002de321c method=java.net.URLClassLoader.defineClass(Ljava/lang/String;Lsun/misc/Resource;)Ljava/lang/Class; @ 21
Event: 2.745 Thread 0x000000001c13b000 Uncommon trap: reason=unstable_if action=reinterpret pc=0x0000000002cd5e34 method=java.lang.ClassLoader.getClassLoadingLock(Ljava/lang/String;)Ljava/lang/Object; @ 6
Event: 2.910 Thread 0x000000001c13b000 Uncommon trap: reason=unstable_if action=reinterpret pc=0x0000000002d77484 method=java.util.HashMap.getNode(ILjava/lang/Object;)Ljava/util/HashMap$Node; @ 53
Event: 2.910 Thread 0x000000001c13b000 Uncommon trap: reason=unstable_if action=reinterpret pc=0x0000000002d85eb4 method=java.util.HashMap.putVal(ILjava/lang/Object;Ljava/lang/Object;ZZ)Ljava/lang/Object; @ 85
Event: 2.958 Thread 0x000000001c13b000 Uncommon trap: reason=unstable_if action=reinterpret pc=0x00000000030ecdc4 method=org.gradle.internal.reflect.PropertyAccessorType.isGetGetterName(Ljava/lang/String;)Z @ 14
Event: 2.972 Thread 0x000000001c13b000 Uncommon trap: reason=unstable_if action=reinterpret pc=0x0000000002ed9a80 method=org.objectweb.asm.ByteVector.putShort(I)Lorg/objectweb/asm/ByteVector; @ 13
Event: 3.016 Thread 0x000000001c13b000 Uncommon trap: reason=unstable_if action=reinterpret pc=0x0000000002e24c1c method=java.net.URLClassLoader.defineClass(Ljava/lang/String;Lsun/misc/Resource;)Ljava/lang/Class; @ 21
Event: 3.057 Thread 0x000000001c13b000 Uncommon trap: reason=unstable_if action=reinterpret pc=0x000000000317b448 method=org.codehaus.groovy.runtime.metaclass.MetaMethodIndex.addMethodToList(Ljava/lang/Object;Lgroovy/lang/MetaMethod;)Ljava/lang/Object; @ 226
Event: 3.118 Thread 0x0000000019660800 Uncommon trap: reason=unstable_if action=reinterpret pc=0x0000000002dd65bc method=java.lang.ref.Reference.tryHandlePending(Z)Z @ 104

Classes redefined (0 events):
No events

Internal exceptions (10 events):
Event: 3.069 Thread 0x000000001c13b000 Exception <a 'java/lang/ClassNotFoundException': org/gradle/api/internal/DefaultNamedDomainObjectCollectionBeanInfo> (0x00000000dce27908) thrown at [C:\src\AOSP-openjdk-git\hotspot\src\share\vm\classfile\systemDictionary.cpp, line 210]
Event: 3.070 Thread 0x000000001c13b000 Exception <a 'java/lang/ClassNotFoundException': org/gradle/api/internal/DefaultDomainObjectCollectionBeanInfo> (0x00000000dce5bd48) thrown at [C:\src\AOSP-openjdk-git\hotspot\src\share\vm\classfile\systemDictionary.cpp, line 210]
Event: 3.070 Thread 0x000000001c13b000 Exception <a 'java/lang/ClassNotFoundException': java/util/AbstractCollectionBeanInfo> (0x00000000dce60518) thrown at [C:\src\AOSP-openjdk-git\hotspot\src\share\vm\classfile\systemDictionary.cpp, line 210]
Event: 3.070 Thread 0x000000001c13b000 Exception <a 'java/lang/ClassNotFoundException': java/util/AbstractCollectionCustomizer> (0x00000000dce64c80) thrown at [C:\src\AOSP-openjdk-git\hotspot\src\share\vm\classfile\systemDictionary.cpp, line 210]
Event: 3.072 Thread 0x000000001c13b000 Exception <a 'java/lang/ClassNotFoundException': org/gradle/api/internal/DefaultDomainObjectCollectionCustomizer> (0x00000000dcea4ba0) thrown at [C:\src\AOSP-openjdk-git\hotspot\src\share\vm\classfile\systemDictionary.cpp, line 210]
Event: 3.074 Thread 0x000000001c13b000 Exception <a 'java/lang/ClassNotFoundException': org/gradle/api/internal/DefaultNamedDomainObjectCollectionCustomizer> (0x00000000dcf02f80) thrown at [C:\src\AOSP-openjdk-git\hotspot\src\share\vm\classfile\systemDictionary.cpp, line 210]
Event: 3.076 Thread 0x000000001c13b000 Exception <a 'java/lang/ClassNotFoundException': org/gradle/api/internal/DefaultNamedDomainObjectListCustomizer> (0x00000000dcf77938) thrown at [C:\src\AOSP-openjdk-git\hotspot\src\share\vm\classfile\systemDictionary.cpp, line 210]
Event: 3.078 Thread 0x000000001c13b000 Exception <a 'java/lang/ClassNotFoundException': org/gradle/api/internal/artifacts/DefaultArtifactRepositoryContainerCustomizer> (0x00000000dcfec6b8) thrown at [C:\src\AOSP-openjdk-git\hotspot\src\share\vm\classfile\systemDictionary.cpp, line 210]
Event: 3.080 Thread 0x000000001c13b000 Exception <a 'java/lang/ClassNotFoundException': org/gradle/api/internal/artifacts/dsl/DefaultRepositoryHandlerCustomizer> (0x00000000dd051970) thrown at [C:\src\AOSP-openjdk-git\hotspot\src\share\vm\classfile\systemDictionary.cpp, line 210]
Event: 3.082 Thread 0x000000001c13b000 Exception <a 'java/lang/ClassNotFoundException': org/gradle/api/internal/artifacts/dsl/DefaultRepositoryHandler_DecoratedCustomizer> (0x00000000dd0d4fd0) thrown at [C:\src\AOSP-openjdk-git\hotspot\src\share\vm\classfile\systemDictionary.cpp, line 210]

Events (10 events):
Event: 3.160 loading class org/gradle/api/internal/artifacts/configurations/PublishArtifactSetProvider
Event: 3.160 loading class org/gradle/api/internal/artifacts/configurations/PublishArtifactSetProvider done
Event: 3.160 loading class org/gradle/api/internal/artifacts/configurations/DefaultConfiguration$ConfigurationArtifactCollection
Event: 3.160 loading class org/gradle/api/internal/artifacts/configurations/DefaultConfiguration$ConfigurationArtifactCollection done
Event: 3.160 loading class org/gradle/api/internal/artifacts/configurations/ArtifactCollectionInternal
Event: 3.160 loading class org/gradle/api/internal/artifacts/configurations/ArtifactCollectionInternal done
Event: 3.161 loading class org/gradle/api/internal/artifacts/configurations/DefaultConfiguration$ConfigurationDescription
Event: 3.161 loading class org/gradle/api/internal/artifacts/configurations/DefaultConfiguration$ConfigurationDescription done
Event: 3.161 loading class org/gradle/internal/Describables$MemoizingDescribable
Event: 3.161 loading class org/gradle/internal/Describables$MemoizingDescribable done


Dynamic libraries:
0x00007ff7bc220000 - 0x00007ff7bc251000 	C:\Program Files\Android\Android Studio\jre\bin\java.exe
0x00007ffba64b0000 - 0x00007ffba66a5000 	C:\WINDOWS\SYSTEM32\ntdll.dll
0x00007ffba6380000 - 0x00007ffba643d000 	C:\WINDOWS\System32\KERNEL32.DLL
0x00007ffba3f20000 - 0x00007ffba41e7000 	C:\WINDOWS\System32\KERNELBASE.dll
0x00007ffba5a80000 - 0x00007ffba5b2a000 	C:\WINDOWS\System32\ADVAPI32.dll
0x00007ffba60c0000 - 0x00007ffba615e000 	C:\WINDOWS\System32\msvcrt.dll
0x00007ffba61c0000 - 0x00007ffba625b000 	C:\WINDOWS\System32\sechost.dll
0x00007ffba47f0000 - 0x00007ffba4913000 	C:\WINDOWS\System32\RPCRT4.dll
0x00007ffba4650000 - 0x00007ffba47f0000 	C:\WINDOWS\System32\USER32.dll
0x00007ffba3c00000 - 0x00007ffba3c22000 	C:\WINDOWS\System32\win32u.dll
0x00007ffba62d0000 - 0x00007ffba62fa000 	C:\WINDOWS\System32\GDI32.dll
0x00007ffba3c30000 - 0x00007ffba3d3a000 	C:\WINDOWS\System32\gdi32full.dll
0x00007ffba4320000 - 0x00007ffba43bd000 	C:\WINDOWS\System32\msvcp_win.dll
0x00007ffba3d40000 - 0x00007ffba3e40000 	C:\WINDOWS\System32\ucrtbase.dll
0x00007ffb8df00000 - 0x00007ffb8e19a000 	C:\WINDOWS\WinSxS\amd64_microsoft.windows.common-controls_6595b64144ccf1df_6.0.19041.1_none_b555e41d4684ddec\COMCTL32.dll
0x00007ffba6440000 - 0x00007ffba6470000 	C:\WINDOWS\System32\IMM32.DLL
0x0000000060940000 - 0x0000000060a12000 	C:\Program Files\Android\Android Studio\jre\jre\bin\msvcr100.dll
0x000000005fde0000 - 0x000000006062b000 	C:\Program Files\Android\Android Studio\jre\jre\bin\server\jvm.dll
0x00007ffba6260000 - 0x00007ffba6268000 	C:\WINDOWS\System32\PSAPI.DLL
0x00007ffb82150000 - 0x00007ffb82159000 	C:\WINDOWS\SYSTEM32\WSOCK32.dll
0x00007ffb8e350000 - 0x00007ffb8e377000 	C:\WINDOWS\SYSTEM32\WINMM.dll
0x00007ffb9d140000 - 0x00007ffb9d14a000 	C:\WINDOWS\SYSTEM32\VERSION.dll
0x00007ffba5be0000 - 0x00007ffba5c4b000 	C:\WINDOWS\System32\WS2_32.dll
0x00007ffb8aaa0000 - 0x00007ffb8aaaf000 	C:\Program Files\Android\Android Studio\jre\jre\bin\verify.dll
0x00007ffb74400000 - 0x00007ffb74429000 	C:\Program Files\Android\Android Studio\jre\jre\bin\java.dll
0x00007ffb6c790000 - 0x00007ffb6c7a6000 	C:\Program Files\Android\Android Studio\jre\jre\bin\zip.dll
0x00007ffba5340000 - 0x00007ffba5a80000 	C:\WINDOWS\System32\SHELL32.dll
0x00007ffba1d80000 - 0x00007ffba2511000 	C:\WINDOWS\SYSTEM32\windows.storage.dll
0x00007ffba4fe0000 - 0x00007ffba5333000 	C:\WINDOWS\System32\combase.dll
0x00007ffba3680000 - 0x00007ffba36ac000 	C:\WINDOWS\SYSTEM32\Wldp.dll
0x00007ffba5b30000 - 0x00007ffba5bde000 	C:\WINDOWS\System32\SHCORE.dll
0x00007ffba6160000 - 0x00007ffba61b5000 	C:\WINDOWS\System32\shlwapi.dll
0x00007ffba3b40000 - 0x00007ffba3b5f000 	C:\WINDOWS\SYSTEM32\profapi.dll
0x00007ffb6c770000 - 0x00007ffb6c78a000 	C:\Program Files\Android\Android Studio\jre\jre\bin\net.dll
0x00007ffba3400000 - 0x00007ffba346a000 	C:\WINDOWS\system32\mswsock.dll
0x00007ffb6c750000 - 0x00007ffb6c763000 	C:\Program Files\Android\Android Studio\jre\jre\bin\nio.dll
0x00007ffb40c40000 - 0x00007ffb40c67000 	C:\Users\WILLY\.gradle\native\f6784746aeab05261644944871eae4fe03e0ef1612fff0a4a95f87b438bc6780\windows-amd64\native-platform.dll
0x00007ffb87870000 - 0x00007ffb8787d000 	C:\Program Files\Android\Android Studio\jre\jre\bin\management.dll
0x00007ffba35e0000 - 0x00007ffba35f8000 	C:\WINDOWS\SYSTEM32\CRYPTSP.dll
0x00007ffba2d20000 - 0x00007ffba2d54000 	C:\WINDOWS\system32\rsaenh.dll
0x00007ffba3e40000 - 0x00007ffba3e67000 	C:\WINDOWS\System32\bcrypt.dll
0x00007ffba3b00000 - 0x00007ffba3b2e000 	C:\WINDOWS\SYSTEM32\USERENV.dll
0x00007ffba42a0000 - 0x00007ffba431f000 	C:\WINDOWS\System32\bcryptprimitives.dll
0x00007ffba35d0000 - 0x00007ffba35dc000 	C:\WINDOWS\SYSTEM32\CRYPTBASE.dll
0x00007ffba30a0000 - 0x00007ffba30db000 	C:\WINDOWS\SYSTEM32\IPHLPAPI.DLL
0x00007ffba5c60000 - 0x00007ffba5c69000 	C:\WINDOWS\System32\NSI.dll
0x00007ffb94fd0000 - 0x00007ffb94fe7000 	C:\WINDOWS\SYSTEM32\dhcpcsvc6.DLL
0x00007ffb95010000 - 0x00007ffb9502d000 	C:\WINDOWS\SYSTEM32\dhcpcsvc.DLL
0x00007ffba30f0000 - 0x00007ffba31ba000 	C:\WINDOWS\SYSTEM32\DNSAPI.dll
0x00007ffb97a50000 - 0x00007ffb97a5b000 	C:\WINDOWS\SYSTEM32\WINNSI.DLL

VM Arguments:
jvm_args: -Xmx2048m -Dfile.encoding=UTF-8 -Duser.country=US -Duser.language=en -Duser.variant 
java_command: org.gradle.launcher.daemon.bootstrap.GradleDaemon 6.5
java_class_path (initial): C:\Users\WILLY\.gradle\wrapper\dists\gradle-6.5-bin\6nifqtx7604sqp1q6g8wikw7p\gradle-6.5\lib\gradle-launcher-6.5.jar
Launcher Type: SUN_STANDARD

Environment Variables:
PATH=C:\Program Files (x86)\Common Files\Oracle\Java\javapath;C:\Python38\Scripts\;C:\Python38\;C:\WINDOWS\system32;C:\WINDOWS;C:\WINDOWS\System32\Wbem;C:\WINDOWS\System32\WindowsPowerShell\v1.0\;C:\WINDOWS\System32\OpenSSH\;C:\ProgramData\chocolatey\bin;C:\Program Files\nodejs\;C:\Program Files\TortoiseSVN\bin;C:\Program Files\VisualSVN Server\bin;C:\Program Files\Inkscape\bin;C:\Program Files\Git\cmd;C:\Users\WILLY\AppData\Local\Microsoft\WindowsApps;C:\Users\WILLY\AppData\Local\Programs\Microsoft VS Code\bin;C:\Users\WILLY\AppData\Roaming\npm;C:\Users\WILLY\AppData\Local\GitHubDesktop\bin;C:\Users\WILLY\AppData\Local\Android\Sdk\platform-tools;
USERNAME=WILLY
OS=Windows_NT
PROCESSOR_IDENTIFIER=Intel64 Family 6 Model 142 Stepping 11, GenuineIntel



---------------  S Y S T E M  ---------------

OS: Windows 10.0 , 64 bit Build 19041 (10.0.19041.292)

CPU:total 8 (initial active 8) (4 cores per cpu, 2 threads per core) family 6 model 142 stepping 11, cmov, cx8, fxsr, mmx, sse, sse2, sse3, ssse3, sse4.1, sse4.2, popcnt, avx, avx2, aes, clmul, erms, 3dnowpref, lzcnt, ht, tsc, tscinvbit, bmi1, bmi2, adx

Memory: 4k page, physical 16644896k(5194992k free), swap 18180896k(5244k free)

vm_info: OpenJDK 64-Bit Server VM (25.242-b01) for windows-amd64 JRE (1.8.0_242-release-1644-b01), built by "builder" with MS VC++ 10.0 (VS2010)

time: Thu Jan 21 19:29:37 2021
timezone: E. Africa Standard Time
elapsed time: 3 seconds (0d 0h 0m 3s)

