#
# There is insufficient memory for the Java Runtime Environment to continue.
# Native memory allocation (malloc) failed to allocate 1050816 bytes for Chunk::new
# Possible reasons:
#   The system is out of physical RAM or swap space
#   The process is running with CompressedOops enabled, and the Java Heap may be blocking the growth of the native heap
# Possible solutions:
#   Reduce memory load on the system
#   Increase physical memory or swap space
#   Check if swap backing store is full
#   Decrease Java heap size (-Xmx/-Xms)
#   Decrease number of Java threads
#   Decrease Java thread stack sizes (-Xss)
#   Set larger code cache with -XX:ReservedCodeCacheSize=
#   JVM is running with Unscaled Compressed Oops mode in which the Java heap is
#     placed in the first 4GB address space. The Java Heap base address is the
#     maximum limit for the native heap growth. Please use -XX:HeapBaseMinAddress
#     to set the Java Heap base and to place the Java Heap above 4GB virtual address.
# This output file may be truncated or incomplete.
#
#  Out of Memory Error (allocation.cpp:389), pid=13540, tid=0x0000000000001774
#
# JRE version: OpenJDK Runtime Environment (8.0_242-b01) (build 1.8.0_242-release-1644-b01)
# Java VM: OpenJDK 64-Bit Server VM (25.242-b01 mixed mode windows-amd64 compressed oops)
# Failed to write core dump. Minidumps are not enabled by default on client versions of Windows
#

---------------  T H R E A D  ---------------

Current thread (0x00000000195c2000):  JavaThread "C2 CompilerThread2" daemon [_thread_in_native, id=6004, stack(0x000000001a080000,0x000000001a180000)]

Stack: [0x000000001a080000,0x000000001a180000]
[error occurred during error reporting (printing stack bounds), id 0xc0000005]

Native frames: (J=compiled Java code, j=interpreted, Vv=VM code, C=native code)


Current CompileTask:
C2:  20221 8643   !   4       java.io.ObjectInputStream::readObject0 (671 bytes)


---------------  P R O C E S S  ---------------

Java Threads: ( => current thread )
  0x000000001f35e800 JavaThread "stdout" [_thread_in_native, id=10904, stack(0x000000002e130000,0x000000002e230000)]
  0x000000001f35d800 JavaThread "stderr" [_thread_in_native, id=8008, stack(0x000000002e030000,0x000000002e130000)]
  0x000000001f360000 JavaThread "stdout" [_thread_in_native, id=10012, stack(0x000000002df30000,0x000000002e030000)]
  0x000000001f361800 JavaThread "stderr" [_thread_in_native, id=5796, stack(0x000000002dd30000,0x000000002de30000)]
  0x000000001f369800 JavaThread "stdout" [_thread_in_native, id=11320, stack(0x000000002e830000,0x000000002e930000)]
  0x000000001f368000 JavaThread "stderr" [_thread_in_native, id=17496, stack(0x000000002e730000,0x000000002e830000)]
  0x000000001f360800 JavaThread "stdout" [_thread_in_native, id=19312, stack(0x000000002de30000,0x000000002df30000)]
  0x000000001c976000 JavaThread "pool-2-thread-1" [_thread_blocked, id=13408, stack(0x000000002d840000,0x000000002d940000)]
  0x000000001c978000 JavaThread "MarlinRenderer Disposer" daemon [_thread_blocked, id=1344, stack(0x000000002da30000,0x000000002db30000)]
  0x000000001c976800 JavaThread "Java2D Disposer" daemon [_thread_blocked, id=13996, stack(0x000000002cd00000,0x000000002ce00000)]
  0x000000001c97c000 JavaThread "WorkerExecutor Queue Thread 8" [_thread_blocked, id=13748, stack(0x000000002d540000,0x000000002d640000)]
  0x000000001c97b000 JavaThread "WorkerExecutor Queue Thread 7" [_thread_blocked, id=7064, stack(0x000000002d440000,0x000000002d540000)]
  0x000000001c979800 JavaThread "WorkerExecutor Queue Thread 6" [_thread_blocked, id=7604, stack(0x000000002d340000,0x000000002d440000)]
  0x000000001c97a800 JavaThread "WorkerExecutor Queue Thread 5" [_thread_blocked, id=14468, stack(0x000000002d240000,0x000000002d340000)]
  0x000000001c979000 JavaThread "WorkerExecutor Queue Thread 4" [_thread_blocked, id=9564, stack(0x000000002d140000,0x000000002d240000)]
  0x000000001c96e800 JavaThread "WorkerExecutor Queue Thread 3" [_thread_blocked, id=17820, stack(0x000000002d040000,0x000000002d140000)]
  0x000000001c975000 JavaThread "WorkerExecutor Queue Thread 2" [_thread_blocked, id=15564, stack(0x000000002cf40000,0x000000002d040000)]
  0x000000001c96f000 JavaThread "WorkerExecutor Queue" [_thread_blocked, id=11876, stack(0x000000002ce40000,0x000000002cf40000)]
  0x000000001c973800 JavaThread "Cache worker for execution history cache (C:\Users\WILLY\AndroidStudioProjects\MedicalApp\.gradle\6.5\executionHistory)" [_thread_blocked, id=8852, stack(0x000000002c800000,0x000000002c900000)]
  0x000000001c971800 JavaThread "Execution worker for ':' Thread 7" [_thread_blocked, id=2092, stack(0x000000002c600000,0x000000002c700000)]
  0x000000001c972000 JavaThread "Execution worker for ':' Thread 6" [_thread_blocked, id=19708, stack(0x000000002c500000,0x000000002c600000)]
  0x000000001c970000 JavaThread "Execution worker for ':' Thread 5" [_thread_blocked, id=15280, stack(0x000000002c400000,0x000000002c500000)]
  0x000000001fd5b800 JavaThread "Execution worker for ':' Thread 4" [_thread_blocked, id=3748, stack(0x000000002c300000,0x000000002c400000)]
  0x000000001fd53800 JavaThread "Execution worker for ':' Thread 3" [_thread_blocked, id=12656, stack(0x000000002c200000,0x000000002c300000)]
  0x000000001fd5a800 JavaThread "Execution worker for ':' Thread 2" [_thread_blocked, id=18548, stack(0x000000002c100000,0x000000002c200000)]
  0x000000001fd59000 JavaThread "Execution worker for ':'" [_thread_blocked, id=8440, stack(0x000000002c000000,0x000000002c100000)]
  0x000000001fd57800 JavaThread "Cache worker for file content cache (C:\Users\WILLY\AndroidStudioProjects\MedicalApp\.gradle\6.5\fileContent)" [_thread_blocked, id=8684, stack(0x000000002bf00000,0x000000002c000000)]
  0x000000001fd56000 JavaThread "Memory manager" [_thread_blocked, id=4400, stack(0x000000002a780000,0x000000002a880000)]
  0x000000001fd55000 JavaThread "Cache worker for Build Output Cleanup Cache (C:\Users\WILLY\AndroidStudioProjects\MedicalApp\.gradle\buildOutputCleanup)" [_thread_blocked, id=9860, stack(0x000000002ab50000,0x000000002ac50000)]
  0x000000001fd54800 JavaThread "jar transforms Thread 94" [_thread_blocked, id=12888, stack(0x000000002a480000,0x000000002a580000)]
  0x000000001fd58000 JavaThread "jar transforms Thread 93" [_thread_blocked, id=8656, stack(0x000000002a380000,0x000000002a480000)]
  0x000000001fd59800 JavaThread "jar transforms Thread 92" [_thread_blocked, id=7948, stack(0x000000002a280000,0x000000002a380000)]
  0x000000001fd4c000 JavaThread "jar transforms Thread 91" [_thread_blocked, id=11092, stack(0x000000002a180000,0x000000002a280000)]
  0x000000001fd52000 JavaThread "jar transforms Thread 90" [_thread_blocked, id=19648, stack(0x000000002a080000,0x000000002a180000)]
  0x000000001fd51800 JavaThread "jar transforms Thread 89" [_thread_blocked, id=20052, stack(0x0000000029f80000,0x000000002a080000)]
  0x000000001fd50800 JavaThread "jar transforms Thread 88" [_thread_blocked, id=17252, stack(0x0000000029e80000,0x0000000029f80000)]
  0x000000001fd4e800 JavaThread "jar transforms Thread 87" [_thread_blocked, id=1512, stack(0x0000000029d80000,0x0000000029e80000)]
  0x000000001fd50000 JavaThread "jar transforms Thread 86" [_thread_blocked, id=16720, stack(0x0000000029c80000,0x0000000029d80000)]
  0x000000001fd4f000 JavaThread "jar transforms Thread 85" [_thread_blocked, id=17028, stack(0x0000000029b80000,0x0000000029c80000)]
  0x000000001fd4d800 JavaThread "jar transforms Thread 84" [_thread_blocked, id=17432, stack(0x0000000029a80000,0x0000000029b80000)]
  0x000000001fd53000 JavaThread "jar transforms Thread 83" [_thread_blocked, id=14016, stack(0x0000000029980000,0x0000000029a80000)]
  0x000000001fd4d000 JavaThread "jar transforms Thread 82" [_thread_blocked, id=7688, stack(0x0000000029880000,0x0000000029980000)]
  0x000000001c3fd800 JavaThread "jar transforms Thread 81" [_thread_blocked, id=18824, stack(0x0000000029780000,0x0000000029880000)]
  0x000000001c404800 JavaThread "jar transforms Thread 80" [_thread_blocked, id=17836, stack(0x0000000029680000,0x0000000029780000)]
  0x000000001c3ff000 JavaThread "jar transforms Thread 79" [_thread_blocked, id=6784, stack(0x0000000029580000,0x0000000029680000)]
  0x000000001c403800 JavaThread "jar transforms Thread 78" [_thread_blocked, id=14664, stack(0x0000000029480000,0x0000000029580000)]
  0x000000001c400800 JavaThread "jar transforms Thread 77" [_thread_blocked, id=16564, stack(0x0000000029380000,0x0000000029480000)]
  0x000000001c403000 JavaThread "jar transforms Thread 76" [_thread_blocked, id=14624, stack(0x0000000029280000,0x0000000029380000)]
  0x000000001c401800 JavaThread "jar transforms Thread 75" [_thread_blocked, id=3008, stack(0x0000000029180000,0x0000000029280000)]
  0x000000001c3fe800 JavaThread "jar transforms Thread 74" [_thread_blocked, id=17288, stack(0x0000000029080000,0x0000000029180000)]
  0x000000001c402000 JavaThread "jar transforms Thread 73" [_thread_blocked, id=19008, stack(0x0000000028f80000,0x0000000029080000)]
  0x000000001c400000 JavaThread "jar transforms Thread 72" [_thread_blocked, id=15008, stack(0x0000000028e80000,0x0000000028f80000)]
  0x000000001c3f6000 JavaThread "jar transforms Thread 71" [_thread_blocked, id=12804, stack(0x0000000028d80000,0x0000000028e80000)]
  0x000000001c3f8000 JavaThread "jar transforms Thread 70" [_thread_blocked, id=4980, stack(0x0000000028c80000,0x0000000028d80000)]
  0x000000001c3f7800 JavaThread "jar transforms Thread 69" [_thread_blocked, id=12784, stack(0x0000000028b80000,0x0000000028c80000)]
  0x000000001c3fd000 JavaThread "jar transforms Thread 68" [_thread_blocked, id=18068, stack(0x0000000028a80000,0x0000000028b80000)]
  0x000000001c3f9000 JavaThread "jar transforms Thread 67" [_thread_blocked, id=2960, stack(0x0000000028980000,0x0000000028a80000)]
  0x000000001c3f5000 JavaThread "jar transforms Thread 66" [_thread_blocked, id=18664, stack(0x0000000028880000,0x0000000028980000)]
  0x000000001c3fc000 JavaThread "jar transforms Thread 65" [_thread_blocked, id=13440, stack(0x0000000028780000,0x0000000028880000)]
  0x000000001c3fb000 JavaThread "jar transforms Thread 64" [_thread_blocked, id=4448, stack(0x0000000028680000,0x0000000028780000)]
  0x000000001c3f6800 JavaThread "jar transforms Thread 63" [_thread_blocked, id=19024, stack(0x0000000028580000,0x0000000028680000)]
  0x000000001c3fa800 JavaThread "jar transforms Thread 62" [_thread_blocked, id=14672, stack(0x0000000028480000,0x0000000028580000)]
  0x000000001c3f9800 JavaThread "jar transforms Thread 61" [_thread_blocked, id=20432, stack(0x0000000028380000,0x0000000028480000)]
  0x000000001ca62800 JavaThread "jar transforms Thread 60" [_thread_blocked, id=14920, stack(0x0000000028280000,0x0000000028380000)]
  0x000000001ca61000 JavaThread "jar transforms Thread 59" [_thread_blocked, id=9744, stack(0x0000000028180000,0x0000000028280000)]
  0x000000001ca64000 JavaThread "jar transforms Thread 58" [_thread_blocked, id=1356, stack(0x0000000028080000,0x0000000028180000)]
  0x000000001ca61800 JavaThread "jar transforms Thread 57" [_thread_blocked, id=16744, stack(0x0000000027f80000,0x0000000028080000)]
  0x000000001ca60000 JavaThread "jar transforms Thread 56" [_thread_blocked, id=19276, stack(0x0000000027e80000,0x0000000027f80000)]
  0x000000001ca5f800 JavaThread "jar transforms Thread 55" [_thread_blocked, id=7920, stack(0x0000000027d80000,0x0000000027e80000)]
  0x000000001ca63000 JavaThread "jar transforms Thread 54" [_thread_blocked, id=10264, stack(0x0000000027c80000,0x0000000027d80000)]
  0x000000001ca64800 JavaThread "jar transforms Thread 53" [_thread_blocked, id=20160, stack(0x0000000027b80000,0x0000000027c80000)]
  0x000000001ca58800 JavaThread "jar transforms Thread 52" [_thread_blocked, id=17660, stack(0x0000000027a80000,0x0000000027b80000)]
  0x000000001ca5e800 JavaThread "jar transforms Thread 51" [_thread_blocked, id=20088, stack(0x0000000027980000,0x0000000027a80000)]
  0x000000001ca5e000 JavaThread "jar transforms Thread 50" [_thread_blocked, id=19888, stack(0x0000000027880000,0x0000000027980000)]
  0x000000001ca5d000 JavaThread "jar transforms Thread 49" [_thread_blocked, id=20084, stack(0x0000000027780000,0x0000000027880000)]
  0x000000001ca56800 JavaThread "jar transforms Thread 48" [_thread_blocked, id=14076, stack(0x0000000027680000,0x0000000027780000)]
  0x000000001ca58000 JavaThread "jar transforms Thread 47" [_thread_blocked, id=19136, stack(0x0000000027580000,0x0000000027680000)]
  0x000000001ca5b800 JavaThread "jar transforms Thread 46" [_thread_blocked, id=19132, stack(0x0000000027480000,0x0000000027580000)]
  0x000000001ca57000 JavaThread "jar transforms Thread 45" [_thread_blocked, id=8456, stack(0x0000000027380000,0x0000000027480000)]
  0x000000001ca55800 JavaThread "jar transforms Thread 44" [_thread_blocked, id=5960, stack(0x0000000027280000,0x0000000027380000)]
  0x000000001ca59800 JavaThread "jar transforms Thread 43" [_thread_blocked, id=2032, stack(0x0000000027180000,0x0000000027280000)]
  0x000000001ca5b000 JavaThread "jar transforms Thread 42" [_thread_blocked, id=15112, stack(0x0000000027080000,0x0000000027180000)]
  0x000000001ca5a000 JavaThread "jar transforms Thread 41" [_thread_blocked, id=11196, stack(0x0000000026f80000,0x0000000027080000)]
  0x000000001ca5c800 JavaThread "jar transforms Thread 40" [_thread_blocked, id=18328, stack(0x0000000026e80000,0x0000000026f80000)]
  0x00000000218d2000 JavaThread "jar transforms Thread 39" [_thread_blocked, id=17536, stack(0x0000000026d80000,0x0000000026e80000)]
  0x00000000218d0800 JavaThread "jar transforms Thread 38" [_thread_blocked, id=6644, stack(0x0000000026c80000,0x0000000026d80000)]
  0x00000000218cf800 JavaThread "jar transforms Thread 37" [_thread_blocked, id=14708, stack(0x0000000026b80000,0x0000000026c80000)]
  0x00000000218cf000 JavaThread "jar transforms Thread 36" [_thread_blocked, id=19672, stack(0x0000000026a80000,0x0000000026b80000)]
  0x00000000218d1000 JavaThread "jar transforms Thread 35" [_thread_blocked, id=5104, stack(0x0000000026980000,0x0000000026a80000)]
  0x00000000218c7800 JavaThread "jar transforms Thread 34" [_thread_blocked, id=9212, stack(0x0000000026880000,0x0000000026980000)]
  0x00000000218ce000 JavaThread "jar transforms Thread 33" [_thread_blocked, id=16648, stack(0x0000000026780000,0x0000000026880000)]
  0x00000000218cc000 JavaThread "jar transforms Thread 32" [_thread_blocked, id=13428, stack(0x0000000026680000,0x0000000026780000)]
  0x00000000218cc800 JavaThread "jar transforms Thread 31" [_thread_blocked, id=11728, stack(0x0000000026580000,0x0000000026680000)]
  0x00000000218cb000 JavaThread "jar transforms Thread 30" [_thread_blocked, id=18652, stack(0x0000000026480000,0x0000000026580000)]
  0x00000000218cd800 JavaThread "jar transforms Thread 29" [_thread_blocked, id=11912, stack(0x0000000026380000,0x0000000026480000)]
  0x00000000218c6000 JavaThread "jar transforms Thread 28" [_thread_blocked, id=15376, stack(0x0000000026280000,0x0000000026380000)]
  0x00000000218c3800 JavaThread "jar transforms Thread 27" [_thread_blocked, id=16188, stack(0x0000000026180000,0x0000000026280000)]
  0x00000000218c4800 JavaThread "jar transforms Thread 26" [_thread_blocked, id=8928, stack(0x0000000026080000,0x0000000026180000)]
  0x00000000218c6800 JavaThread "jar transforms Thread 25" [_thread_blocked, id=15740, stack(0x0000000025f80000,0x0000000026080000)]
  0x00000000218ca800 JavaThread "jar transforms Thread 24" [_thread_blocked, id=2024, stack(0x0000000025e80000,0x0000000025f80000)]
  0x00000000218c9800 JavaThread "jar transforms Thread 23" [_thread_blocked, id=15388, stack(0x0000000025d80000,0x0000000025e80000)]
  0x00000000218c9000 JavaThread "jar transforms Thread 22" [_thread_blocked, id=18472, stack(0x0000000025c80000,0x0000000025d80000)]
  0x00000000218c5000 JavaThread "jar transforms Thread 21" [_thread_blocked, id=9712, stack(0x0000000025b80000,0x0000000025c80000)]
  0x00000000218c3000 JavaThread "jar transforms Thread 20" [_thread_blocked, id=11456, stack(0x0000000025a80000,0x0000000025b80000)]
  0x00000000218c8000 JavaThread "jar transforms Thread 19" [_thread_blocked, id=9112, stack(0x0000000025980000,0x0000000025a80000)]
  0x000000001a83f800 JavaThread "jar transforms Thread 18" [_thread_blocked, id=15628, stack(0x0000000025880000,0x0000000025980000)]
  0x000000001a83f000 JavaThread "jar transforms Thread 17" [_thread_blocked, id=16172, stack(0x0000000025780000,0x0000000025880000)]
  0x000000001a841000 JavaThread "jar transforms Thread 16" [_thread_blocked, id=17812, stack(0x0000000025680000,0x0000000025780000)]
  0x000000001a83e000 JavaThread "jar transforms Thread 15" [_thread_blocked, id=18924, stack(0x0000000025580000,0x0000000025680000)]
  0x000000001a83d800 JavaThread "jar transforms Thread 14" [_thread_blocked, id=7652, stack(0x0000000025480000,0x0000000025580000)]
  0x000000001a840800 JavaThread "jar transforms Thread 13" [_thread_blocked, id=6500, stack(0x0000000025380000,0x0000000025480000)]
  0x000000001a836000 JavaThread "jar transforms Thread 12" [_thread_blocked, id=20300, stack(0x0000000025280000,0x0000000025380000)]
  0x000000001a83c800 JavaThread "jar transforms Thread 11" [_thread_blocked, id=17876, stack(0x0000000025180000,0x0000000025280000)]
  0x000000001a83c000 JavaThread "jar transforms Thread 10" [_thread_blocked, id=19004, stack(0x0000000025080000,0x0000000025180000)]
  0x000000001a83b000 JavaThread "jar transforms Thread 9" [_thread_blocked, id=18384, stack(0x0000000024f80000,0x0000000025080000)]
  0x000000001a83a800 JavaThread "jar transforms Thread 8" [_thread_blocked, id=16548, stack(0x0000000024e80000,0x0000000024f80000)]
  0x000000001a839000 JavaThread "jar transforms Thread 7" [_thread_blocked, id=13956, stack(0x0000000024d80000,0x0000000024e80000)]
  0x000000001a839800 JavaThread "jar transforms Thread 6" [_thread_blocked, id=5548, stack(0x0000000024c80000,0x0000000024d80000)]
  0x000000001a832000 JavaThread "jar transforms Thread 5" [_thread_blocked, id=2228, stack(0x0000000024b80000,0x0000000024c80000)]
  0x000000001a834800 JavaThread "jar transforms Thread 4" [_thread_blocked, id=6740, stack(0x0000000024a80000,0x0000000024b80000)]
  0x000000001a838000 JavaThread "jar transforms Thread 3" [_thread_blocked, id=9444, stack(0x0000000024980000,0x0000000024a80000)]
  0x000000001a833800 JavaThread "jar transforms Thread 2" [_thread_blocked, id=15852, stack(0x0000000024880000,0x0000000024980000)]
  0x000000001a833000 JavaThread "Build operations Thread 8" [_thread_blocked, id=14356, stack(0x0000000024680000,0x0000000024780000)]
  0x000000001a837800 JavaThread "Build operations Thread 7" [_thread_blocked, id=13224, stack(0x0000000024580000,0x0000000024680000)]
  0x000000001a836800 JavaThread "Build operations Thread 6" [_thread_blocked, id=18424, stack(0x0000000024480000,0x0000000024580000)]
  0x000000001a835000 JavaThread "Build operations Thread 5" [_thread_blocked, id=19152, stack(0x0000000024380000,0x0000000024480000)]
  0x000000001baf8000 JavaThread "Build operations Thread 4" [_thread_blocked, id=10588, stack(0x0000000024280000,0x0000000024380000)]
  0x000000001baf6800 JavaThread "Build operations Thread 3" [_thread_in_native, id=19644, stack(0x0000000024180000,0x0000000024280000)]
  0x000000001bafd800 JavaThread "Build operations Thread 2" [_thread_blocked, id=10176, stack(0x0000000024080000,0x0000000024180000)]
  0x000000001bafc800 JavaThread "Build operations" [_thread_blocked, id=5556, stack(0x0000000023f80000,0x0000000024080000)]
  0x000000001baf9000 JavaThread "Cache worker for file content cache (C:\Users\WILLY\.gradle\caches\6.5\fileContent)" [_thread_blocked, id=4552, stack(0x00000000228b0000,0x00000000229b0000)]
  0x00000000195c6800 JavaThread "jar transforms" [_thread_blocked, id=12948, stack(0x00000000227b0000,0x00000000228b0000)]
  0x00000000195ca800 JavaThread "Cache worker for execution history cache (C:\Users\WILLY\.gradle\caches\6.5\executionHistory)" [_thread_in_Java, id=12116, stack(0x00000000220b0000,0x00000000221b0000)]
  0x00000000195c8000 JavaThread "Cache worker for cache directory md-rule (C:\Users\WILLY\.gradle\caches\6.5\md-rule)" [_thread_blocked, id=17016, stack(0x0000000021fb0000,0x00000000220b0000)]
  0x00000000195c6000 JavaThread "Cache worker for cache directory md-supplier (C:\Users\WILLY\.gradle\caches\6.5\md-supplier)" [_thread_blocked, id=3572, stack(0x0000000021eb0000,0x0000000021fb0000)]
  0x00000000195cc000 JavaThread "Cache worker for checksums cache (C:\Users\WILLY\AndroidStudioProjects\MedicalApp\.gradle\checksums)" [_thread_blocked, id=14488, stack(0x0000000020d00000,0x0000000020e00000)]
  0x00000000195c9800 JavaThread "Cache worker for file hash cache (C:\Users\WILLY\AndroidStudioProjects\MedicalApp\.gradle\6.5\fileHashes)" [_thread_blocked, id=16892, stack(0x00000000209e0000,0x0000000020ae0000)]
  0x00000000195cc800 JavaThread "Cache worker for file hash cache (C:\Users\WILLY\.gradle\caches\6.5\fileHashes)" [_thread_blocked, id=9176, stack(0x000000001e4a0000,0x000000001e5a0000)]
  0x00000000195c9000 JavaThread "File lock request listener" [_thread_in_native, id=14576, stack(0x000000001e3a0000,0x000000001e4a0000)]
  0x000000001c2c4000 JavaThread "Cache worker for journal cache (C:\Users\WILLY\.gradle\caches\journal-1)" [_thread_blocked, id=18668, stack(0x000000001e2a0000,0x000000001e3a0000)]
  0x000000001c151800 JavaThread "Thread-9" [_thread_blocked, id=11836, stack(0x000000001dfa0000,0x000000001e0a0000)]
  0x000000001c12e000 JavaThread "Stdin handler" [_thread_blocked, id=15304, stack(0x000000001dea0000,0x000000001dfa0000)]
  0x000000001c0a3800 JavaThread "Asynchronous log dispatcher for DefaultDaemonConnection: socket connection from /127.0.0.1:64963 to /127.0.0.1:64964" [_thread_blocked, id=8388, stack(0x000000001dda0000,0x000000001dea0000)]
  0x000000001c207800 JavaThread "Daemon worker" [_thread_blocked, id=2504, stack(0x000000001dca0000,0x000000001dda0000)]
  0x000000001c0ad800 JavaThread "Cancel handler" [_thread_blocked, id=12472, stack(0x000000001dba0000,0x000000001dca0000)]
  0x000000001c138000 JavaThread "Handler for socket connection from /127.0.0.1:64963 to /127.0.0.1:64964" [_thread_in_native, id=16708, stack(0x000000001daa0000,0x000000001dba0000)]
  0x000000001c09d800 JavaThread "Daemon" [_thread_blocked, id=18984, stack(0x000000001d9a0000,0x000000001daa0000)]
  0x000000001c0c6800 JavaThread "Daemon periodic checks" [_thread_blocked, id=15272, stack(0x000000001d6a0000,0x000000001d7a0000)]
  0x000000001c0c4800 JavaThread "Incoming local TCP Connector on port 64963" [_thread_in_native, id=308, stack(0x000000001d460000,0x000000001d560000)]
  0x000000001bfdf800 JavaThread "Daemon health stats" [_thread_blocked, id=13644, stack(0x000000001ce20000,0x000000001cf20000)]
  0x0000000019652800 JavaThread "Service Thread" daemon [_thread_blocked, id=10164, stack(0x000000001a280000,0x000000001a380000)]
  0x00000000195c7800 JavaThread "C1 CompilerThread3" daemon [_thread_blocked, id=12448, stack(0x000000001a180000,0x000000001a280000)]
=>0x00000000195c2000 JavaThread "C2 CompilerThread2" daemon [_thread_in_native, id=6004, stack(0x000000001a080000,0x000000001a180000)]
  0x00000000177ac000 JavaThread "C2 CompilerThread1" daemon [_thread_in_native, id=1428, stack(0x0000000019f80000,0x000000001a080000)]
  0x00000000195b2800 JavaThread "C2 CompilerThread0" daemon [_thread_in_native, id=19692, stack(0x0000000019e80000,0x0000000019f80000)]
  0x00000000195b1800 JavaThread "Attach Listener" daemon [_thread_blocked, id=10956, stack(0x0000000019d80000,0x0000000019e80000)]
  0x00000000195b1000 JavaThread "Signal Dispatcher" daemon [_thread_blocked, id=19268, stack(0x0000000019c80000,0x0000000019d80000)]
  0x00000000195a1000 JavaThread "Finalizer" daemon [_thread_blocked, id=1052, stack(0x0000000019a80000,0x0000000019b80000)]
  0x000000001779c800 JavaThread "Reference Handler" daemon [_thread_blocked, id=1564, stack(0x0000000019980000,0x0000000019a80000)]
  0x000000000262e000 JavaThread "main" [_thread_blocked, id=3604, stack(0x00000000024a0000,0x00000000025a0000)]

Other Threads:
  0x0000000017798000 VMThread [stack: 0x0000000019480000,0x0000000019580000] [id=4856]
  0x0000000019657000 WatcherThread [stack: 0x000000001a380000,0x000000001a480000] [id=2536]

VM state:not at safepoint (normal execution)

VM Mutex/Monitor currently owned by a thread: None

OutOfMemory and StackOverflow Exception counts:
StackOverflowErrors=1

heap address: 0x0000000080000000, size: 2048 MB, Compressed Oops mode: 32-bit
Narrow klass base: 0x0000000000000000, Narrow klass shift: 3
Compressed class space size: 1073741824 Address: 0x0000000100000000

Heap:
 PSYoungGen      total 230912K, used 167580K [0x00000000d5580000, 0x00000000e7480000, 0x0000000100000000)
  eden space 210944K, 70% used [0x00000000d5580000,0x00000000de6352f8,0x00000000e2380000)
  from space 19968K, 97% used [0x00000000e2380000,0x00000000e3671fb0,0x00000000e3700000)
  to   space 22016K, 0% used [0x00000000e5f00000,0x00000000e5f00000,0x00000000e7480000)
 ParOldGen       total 212480K, used 36416K [0x0000000080000000, 0x000000008cf80000, 0x00000000d5580000)
  object space 212480K, 17% used [0x0000000080000000,0x0000000082390390,0x000000008cf80000)
 Metaspace       used 68595K, capacity 71822K, committed 71960K, reserved 1112064K
  class space    used 9333K, capacity 9967K, committed 10032K, reserved 1048576K

Card table byte_map: [0x0000000011af0000,0x0000000011f00000] byte_map_base: 0x00000000116f0000

Marking Bits: (ParMarkBitMap*) 0x00000000605af030
 Begin Bits: [0x00000000129b0000, 0x00000000149b0000)
 End Bits:   [0x00000000149b0000, 0x00000000169b0000)

Polling page: 0x0000000000c00000

CodeCache: size=245760Kb used=25690Kb max_used=25690Kb free=220069Kb
 bounds [0x0000000002730000, 0x0000000004060000, 0x0000000011730000]
 total_blobs=8621 nmethods=7710 adapters=822
 compilation: disabled (not enough contiguous free space left)

Compilation events (10 events):
Event: 20.214 Thread 0x00000000195c7800 nmethod 8843 0x0000000004057250 code [0x00000000040573a0, 0x0000000004057510]
Event: 20.214 Thread 0x00000000195c7800 8844       2       java.io.BufferedReader::<init> (62 bytes)
Event: 20.215 Thread 0x00000000195c7800 nmethod 8844 0x0000000004057590 code [0x0000000004057720, 0x0000000004057af8]
Event: 20.215 Thread 0x00000000195c7800 8846       2       org.gradle.api.internal.changedetection.state.DefaultFileAccessTimeJournal::setLastAccessTime (15 bytes)
Event: 20.215 Thread 0x00000000195c7800 nmethod 8846 0x0000000004057c90 code [0x0000000004057e00, 0x0000000004057fb8]
Event: 20.215 Thread 0x00000000195c7800 8847       2       org.gradle.cache.internal.CrossProcessSynchronizingCache::put (23 bytes)
Event: 20.215 Thread 0x00000000195c7800 nmethod 8847 0x0000000004058090 code [0x0000000004058200, 0x00000000040583b8]
Event: 20.215 Thread 0x00000000195c7800 8848       2       org.gradle.internal.vfs.impl.DefaultVirtualFileSystem::snapshot (186 bytes)
Event: 20.218 Thread 0x00000000195c7800 nmethod 8848 0x0000000004058490 code [0x0000000004058700, 0x0000000004059158]
Event: 20.218 Thread 0x00000000195c7800 8845   !   2       org.gradle.api.internal.artifacts.transform.AbstractCachingTransformationWorkspaceProvider::withWorkspace (28 bytes)

GC Heap History (10 events):
Event: 9.598 GC heap before
{Heap before GC invocations=10 (full 2):
 PSYoungGen      total 120320K, used 108544K [0x00000000d5580000, 0x00000000e2500000, 0x0000000100000000)
  eden space 108544K, 100% used [0x00000000d5580000,0x00000000dbf80000,0x00000000dbf80000)
  from space 11776K, 0% used [0x00000000dbf80000,0x00000000dbf80000,0x00000000dcb00000)
  to   space 11776K, 0% used [0x00000000e1980000,0x00000000e1980000,0x00000000e2500000)
 ParOldGen       total 136704K, used 14504K [0x0000000080000000, 0x0000000088580000, 0x00000000d5580000)
  object space 136704K, 10% used [0x0000000080000000,0x0000000080e2a0f8,0x0000000088580000)
 Metaspace       used 38119K, capacity 39796K, committed 39976K, reserved 1083392K
  class space    used 5260K, capacity 5584K, committed 5680K, reserved 1048576K
Event: 9.609 GC heap after
Heap after GC invocations=10 (full 2):
 PSYoungGen      total 173568K, used 8687K [0x00000000d5580000, 0x00000000e2200000, 0x0000000100000000)
  eden space 164864K, 0% used [0x00000000d5580000,0x00000000d5580000,0x00000000df680000)
  from space 8704K, 99% used [0x00000000e1980000,0x00000000e21fbee8,0x00000000e2200000)
  to   space 11264K, 0% used [0x00000000e0c00000,0x00000000e0c00000,0x00000000e1700000)
 ParOldGen       total 136704K, used 14512K [0x0000000080000000, 0x0000000088580000, 0x00000000d5580000)
  object space 136704K, 10% used [0x0000000080000000,0x0000000080e2c0f8,0x0000000088580000)
 Metaspace       used 38119K, capacity 39796K, committed 39976K, reserved 1083392K
  class space    used 5260K, capacity 5584K, committed 5680K, reserved 1048576K
}
Event: 12.382 GC heap before
{Heap before GC invocations=11 (full 2):
 PSYoungGen      total 173568K, used 173551K [0x00000000d5580000, 0x00000000e2200000, 0x0000000100000000)
  eden space 164864K, 100% used [0x00000000d5580000,0x00000000df680000,0x00000000df680000)
  from space 8704K, 99% used [0x00000000e1980000,0x00000000e21fbee8,0x00000000e2200000)
  to   space 11264K, 0% used [0x00000000e0c00000,0x00000000e0c00000,0x00000000e1700000)
 ParOldGen       total 136704K, used 14512K [0x0000000080000000, 0x0000000088580000, 0x00000000d5580000)
  object space 136704K, 10% used [0x0000000080000000,0x0000000080e2c0f8,0x0000000088580000)
 Metaspace       used 52368K, capacity 54400K, committed 54568K, reserved 1095680K
  class space    used 7015K, capacity 7428K, committed 7472K, reserved 1048576K
Event: 12.410 GC heap after
Heap after GC invocations=11 (full 2):
 PSYoungGen      total 198144K, used 11236K [0x00000000d5580000, 0x00000000e4880000, 0x0000000100000000)
  eden space 186880K, 0% used [0x00000000d5580000,0x00000000d5580000,0x00000000e0c00000)
  from space 11264K, 99% used [0x00000000e0c00000,0x00000000e16f92f0,0x00000000e1700000)
  to   space 17920K, 0% used [0x00000000e3700000,0x00000000e3700000,0x00000000e4880000)
 ParOldGen       total 136704K, used 28319K [0x0000000080000000, 0x0000000088580000, 0x00000000d5580000)
  object space 136704K, 20% used [0x0000000080000000,0x0000000081ba7f48,0x0000000088580000)
 Metaspace       used 52368K, capacity 54400K, committed 54568K, reserved 1095680K
  class space    used 7015K, capacity 7428K, committed 7472K, reserved 1048576K
}
Event: 13.769 GC heap before
{Heap before GC invocations=12 (full 2):
 PSYoungGen      total 198144K, used 81731K [0x00000000d5580000, 0x00000000e4880000, 0x0000000100000000)
  eden space 186880K, 37% used [0x00000000d5580000,0x00000000d9a57c60,0x00000000e0c00000)
  from space 11264K, 99% used [0x00000000e0c00000,0x00000000e16f92f0,0x00000000e1700000)
  to   space 17920K, 0% used [0x00000000e3700000,0x00000000e3700000,0x00000000e4880000)
 ParOldGen       total 136704K, used 28319K [0x0000000080000000, 0x0000000088580000, 0x00000000d5580000)
  object space 136704K, 20% used [0x0000000080000000,0x0000000081ba7f48,0x0000000088580000)
 Metaspace       used 56709K, capacity 59092K, committed 59160K, reserved 1099776K
  class space    used 7772K, capacity 8234K, committed 8240K, reserved 1048576K
Event: 13.794 GC heap after
Heap after GC invocations=12 (full 2):
 PSYoungGen      total 228864K, used 17896K [0x00000000d5580000, 0x00000000e6800000, 0x0000000100000000)
  eden space 210944K, 0% used [0x00000000d5580000,0x00000000d5580000,0x00000000e2380000)
  from space 17920K, 99% used [0x00000000e3700000,0x00000000e487a388,0x00000000e4880000)
  to   space 19968K, 0% used [0x00000000e2380000,0x00000000e2380000,0x00000000e3700000)
 ParOldGen       total 136704K, used 28903K [0x0000000080000000, 0x0000000088580000, 0x00000000d5580000)
  object space 136704K, 21% used [0x0000000080000000,0x0000000081c39d40,0x0000000088580000)
 Metaspace       used 56709K, capacity 59092K, committed 59160K, reserved 1099776K
  class space    used 7772K, capacity 8234K, committed 8240K, reserved 1048576K
}
Event: 13.794 GC heap before
{Heap before GC invocations=13 (full 3):
 PSYoungGen      total 228864K, used 17896K [0x00000000d5580000, 0x00000000e6800000, 0x0000000100000000)
  eden space 210944K, 0% used [0x00000000d5580000,0x00000000d5580000,0x00000000e2380000)
  from space 17920K, 99% used [0x00000000e3700000,0x00000000e487a388,0x00000000e4880000)
  to   space 19968K, 0% used [0x00000000e2380000,0x00000000e2380000,0x00000000e3700000)
 ParOldGen       total 136704K, used 28903K [0x0000000080000000, 0x0000000088580000, 0x00000000d5580000)
  object space 136704K, 21% used [0x0000000080000000,0x0000000081c39d40,0x0000000088580000)
 Metaspace       used 56709K, capacity 59092K, committed 59160K, reserved 1099776K
  class space    used 7772K, capacity 8234K, committed 8240K, reserved 1048576K
Event: 14.178 GC heap after
Heap after GC invocations=13 (full 3):
 PSYoungGen      total 228864K, used 0K [0x00000000d5580000, 0x00000000e6800000, 0x0000000100000000)
  eden space 210944K, 0% used [0x00000000d5580000,0x00000000d5580000,0x00000000e2380000)
  from space 17920K, 0% used [0x00000000e3700000,0x00000000e3700000,0x00000000e4880000)
  to   space 19968K, 0% used [0x00000000e2380000,0x00000000e2380000,0x00000000e3700000)
 ParOldGen       total 212480K, used 36408K [0x0000000080000000, 0x000000008cf80000, 0x00000000d5580000)
  object space 212480K, 17% used [0x0000000080000000,0x000000008238e390,0x000000008cf80000)
 Metaspace       used 56677K, capacity 58984K, committed 59160K, reserved 1099776K
  class space    used 7762K, capacity 8216K, committed 8240K, reserved 1048576K
}
Event: 17.774 GC heap before
{Heap before GC invocations=14 (full 3):
 PSYoungGen      total 228864K, used 210944K [0x00000000d5580000, 0x00000000e6800000, 0x0000000100000000)
  eden space 210944K, 100% used [0x00000000d5580000,0x00000000e2380000,0x00000000e2380000)
  from space 17920K, 0% used [0x00000000e3700000,0x00000000e3700000,0x00000000e4880000)
  to   space 19968K, 0% used [0x00000000e2380000,0x00000000e2380000,0x00000000e3700000)
 ParOldGen       total 212480K, used 36408K [0x0000000080000000, 0x000000008cf80000, 0x00000000d5580000)
  object space 212480K, 17% used [0x0000000080000000,0x000000008238e390,0x000000008cf80000)
 Metaspace       used 64722K, capacity 67950K, committed 68248K, reserved 1107968K
  class space    used 8941K, capacity 9585K, committed 9648K, reserved 1048576K
Event: 17.801 GC heap after
Heap after GC invocations=14 (full 3):
 PSYoungGen      total 230912K, used 19399K [0x00000000d5580000, 0x00000000e7480000, 0x0000000100000000)
  eden space 210944K, 0% used [0x00000000d5580000,0x00000000d5580000,0x00000000e2380000)
  from space 19968K, 97% used [0x00000000e2380000,0x00000000e3671fb0,0x00000000e3700000)
  to   space 22016K, 0% used [0x00000000e5f00000,0x00000000e5f00000,0x00000000e7480000)
 ParOldGen       total 212480K, used 36416K [0x0000000080000000, 0x000000008cf80000, 0x00000000d5580000)
  object space 212480K, 17% used [0x0000000080000000,0x0000000082390390,0x000000008cf80000)
 Metaspace       used 64722K, capacity 67950K, committed 68248K, reserved 1107968K
  class space    used 8941K, capacity 9585K, committed 9648K, reserved 1048576K
}

Deoptimization events (10 events):
Event: 20.089 Thread 0x000000001c979000 Uncommon trap: reason=class_check action=maybe_recompile pc=0x0000000002cee180 method=java.lang.Throwable.<init>(Ljava/lang/String;Ljava/lang/Throwable;)V @ 24
Event: 20.090 Thread 0x000000001c96f000 Uncommon trap: reason=class_check action=maybe_recompile pc=0x0000000002cee180 method=java.lang.Throwable.<init>(Ljava/lang/String;Ljava/lang/Throwable;)V @ 24
Event: 20.091 Thread 0x000000001c151800 Uncommon trap: reason=class_check action=maybe_recompile pc=0x0000000004010d18 method=java.io.ObjectOutputStream$BlockDataOutputStream.write([BIIZ)V @ 23
Event: 20.091 Thread 0x000000001c151800 Uncommon trap: reason=class_check action=maybe_recompile pc=0x0000000004010d18 method=java.io.ObjectOutputStream$BlockDataOutputStream.write([BIIZ)V @ 23
Event: 20.092 Thread 0x000000001c151800 Uncommon trap: reason=class_check action=maybe_recompile pc=0x0000000004004bf4 method=java.io.ObjectOutputStream$BlockDataOutputStream.write([BIIZ)V @ 23
Event: 20.092 Thread 0x000000001c151800 Uncommon trap: reason=class_check action=maybe_recompile pc=0x0000000004010d18 method=java.io.ObjectOutputStream$BlockDataOutputStream.write([BIIZ)V @ 23
Event: 20.092 Thread 0x000000001c151800 Uncommon trap: reason=class_check action=maybe_recompile pc=0x0000000004004bf4 method=java.io.ObjectOutputStream$BlockDataOutputStream.write([BIIZ)V @ 23
Event: 20.092 Thread 0x000000001c151800 Uncommon trap: reason=class_check action=maybe_recompile pc=0x0000000004010d18 method=java.io.ObjectOutputStream$BlockDataOutputStream.write([BIIZ)V @ 23
Event: 20.098 Thread 0x000000001c973800 Uncommon trap: reason=unstable_if action=reinterpret pc=0x00000000034fd430 method=com.google.common.collect.MapMakerInternalMap$Segment.drainKeyReferenceQueue(Ljava/lang/ref/ReferenceQueue;)V @ 8
Event: 20.100 Thread 0x000000001fd5a800 Uncommon trap: reason=unstable_if action=reinterpret pc=0x000000000327ea3c method=com.google.common.collect.MapMakerInternalMap$Segment.drainKeyReferenceQueue(Ljava/lang/ref/ReferenceQueue;)V @ 8

Classes redefined (0 events):
No events

Internal exceptions (10 events):
Event: 19.808 Thread 0x000000001fd59000 Exception <a 'java/lang/NoSuchMethodError': <clinit>> (0x00000000dd0ce778) thrown at [C:\src\AOSP-openjdk-git\hotspot\src\share\vm\prims\jni.cpp, line 1615]
Event: 19.814 Thread 0x000000001fd59000 Exception <a 'java/lang/NoSuchMethodError': <clinit>> (0x00000000dd147600) thrown at [C:\src\AOSP-openjdk-git\hotspot\src\share\vm\prims\jni.cpp, line 1615]
Event: 20.029 Thread 0x000000001f360000 StackOverflowError at 0x000000000285dae0
Event: 20.029 Thread 0x000000001f360000 Exception <a 'java/lang/StackOverflowError'> (0x00000000dd88bad0) thrown at [C:\src\AOSP-openjdk-git\hotspot\src\share\vm\runtime\sharedRuntime.cpp, line 605]
Event: 20.029 Thread 0x000000001f360000 Exception <a 'java/lang/StackOverflowError'> (0x00000000dd88bad0) thrown at [C:\src\AOSP-openjdk-git\hotspot\src\share\vm\prims\jvm.cpp, line 1506]
Event: 20.046 Thread 0x000000001c97a800 Exception <a 'java/io/IOException'> (0x00000000dd567200) thrown at [C:\src\AOSP-openjdk-git\hotspot\src\share\vm\prims\jni.cpp, line 710]
Event: 20.090 Thread 0x000000001c96f000 Exception <a 'java/io/IOException'> (0x00000000dd855e60) thrown at [C:\src\AOSP-openjdk-git\hotspot\src\share\vm\prims\jni.cpp, line 710]
Event: 20.090 Thread 0x000000001c979000 Exception <a 'java/io/IOException'> (0x00000000dd847468) thrown at [C:\src\AOSP-openjdk-git\hotspot\src\share\vm\prims\jni.cpp, line 710]
Event: 20.098 Thread 0x000000001c97c000 Exception <a 'java/io/IOException'> (0x00000000dd7940a8) thrown at [C:\src\AOSP-openjdk-git\hotspot\src\share\vm\prims\jni.cpp, line 710]
Event: 20.102 Thread 0x000000001fd5a800 Exception <a 'java/lang/NoSuchMethodError': <clinit>> (0x00000000d9168ec0) thrown at [C:\src\AOSP-openjdk-git\hotspot\src\share\vm\prims\jni.cpp, line 1615]

Events (10 events):
Event: 20.105 Thread 0x000000001f35d800 Thread added: 0x000000001f35d800
Event: 20.105 Thread 0x000000001f35e800 Thread added: 0x000000001f35e800
Event: 20.106 Thread 0x00000000195c7800 flushing nmethod 0x000000000316e550
Event: 20.109 Thread 0x00000000195c7800 flushing nmethod 0x00000000034a63d0
Event: 20.109 loading class org/gradle/internal/snapshot/UnknownSnapshot
Event: 20.109 loading class org/gradle/internal/snapshot/UnknownSnapshot done
Event: 20.121 loading class com/android/build/gradle/tasks/ProcessApplicationManifest$optionalFeaturesString$1
Event: 20.121 loading class com/android/build/gradle/tasks/ProcessApplicationManifest$optionalFeaturesString$1 done
Event: 20.172 loading class com/android/builder/internal/aapt/v2/Aapt2DaemonImpl$WaitForTaskCompletion$Result
Event: 20.172 loading class com/android/builder/internal/aapt/v2/Aapt2DaemonImpl$WaitForTaskCompletion$Result done


Dynamic libraries:
0x00007ff7bc220000 - 0x00007ff7bc251000 	C:\Program Files\Android\Android Studio\jre\bin\java.exe
0x00007ffba64b0000 - 0x00007ffba66a5000 	C:\WINDOWS\SYSTEM32\ntdll.dll
0x00007ffba6380000 - 0x00007ffba643d000 	C:\WINDOWS\System32\KERNEL32.DLL
0x00007ffba3f20000 - 0x00007ffba41e7000 	C:\WINDOWS\System32\KERNELBASE.dll
0x00007ffba5a80000 - 0x00007ffba5b2a000 	C:\WINDOWS\System32\ADVAPI32.dll
0x00007ffba60c0000 - 0x00007ffba615e000 	C:\WINDOWS\System32\msvcrt.dll
0x00007ffba61c0000 - 0x00007ffba625b000 	C:\WINDOWS\System32\sechost.dll
0x00007ffba47f0000 - 0x00007ffba4913000 	C:\WINDOWS\System32\RPCRT4.dll
0x00007ffba4650000 - 0x00007ffba47f0000 	C:\WINDOWS\System32\USER32.dll
0x00007ffba3c00000 - 0x00007ffba3c22000 	C:\WINDOWS\System32\win32u.dll
0x00007ffba62d0000 - 0x00007ffba62fa000 	C:\WINDOWS\System32\GDI32.dll
0x00007ffba3c30000 - 0x00007ffba3d3a000 	C:\WINDOWS\System32\gdi32full.dll
0x00007ffba4320000 - 0x00007ffba43bd000 	C:\WINDOWS\System32\msvcp_win.dll
0x00007ffba3d40000 - 0x00007ffba3e40000 	C:\WINDOWS\System32\ucrtbase.dll
0x00007ffb8df00000 - 0x00007ffb8e19a000 	C:\WINDOWS\WinSxS\amd64_microsoft.windows.common-controls_6595b64144ccf1df_6.0.19041.1_none_b555e41d4684ddec\COMCTL32.dll
0x00007ffba6440000 - 0x00007ffba6470000 	C:\WINDOWS\System32\IMM32.DLL
0x0000000060940000 - 0x0000000060a12000 	C:\Program Files\Android\Android Studio\jre\jre\bin\msvcr100.dll
0x000000005fde0000 - 0x000000006062b000 	C:\Program Files\Android\Android Studio\jre\jre\bin\server\jvm.dll
0x00007ffba6260000 - 0x00007ffba6268000 	C:\WINDOWS\System32\PSAPI.DLL
0x00007ffb82150000 - 0x00007ffb82159000 	C:\WINDOWS\SYSTEM32\WSOCK32.dll
0x00007ffb8e350000 - 0x00007ffb8e377000 	C:\WINDOWS\SYSTEM32\WINMM.dll
0x00007ffb9d140000 - 0x00007ffb9d14a000 	C:\WINDOWS\SYSTEM32\VERSION.dll
0x00007ffba5be0000 - 0x00007ffba5c4b000 	C:\WINDOWS\System32\WS2_32.dll
0x00007ffb8aaa0000 - 0x00007ffb8aaaf000 	C:\Program Files\Android\Android Studio\jre\jre\bin\verify.dll
0x00007ffb74400000 - 0x00007ffb74429000 	C:\Program Files\Android\Android Studio\jre\jre\bin\java.dll
0x00007ffb6c790000 - 0x00007ffb6c7a6000 	C:\Program Files\Android\Android Studio\jre\jre\bin\zip.dll
0x00007ffba5340000 - 0x00007ffba5a80000 	C:\WINDOWS\System32\SHELL32.dll
0x00007ffba1d80000 - 0x00007ffba2511000 	C:\WINDOWS\SYSTEM32\windows.storage.dll
0x00007ffba4fe0000 - 0x00007ffba5333000 	C:\WINDOWS\System32\combase.dll
0x00007ffba3680000 - 0x00007ffba36ac000 	C:\WINDOWS\SYSTEM32\Wldp.dll
0x00007ffba5b30000 - 0x00007ffba5bde000 	C:\WINDOWS\System32\SHCORE.dll
0x00007ffba6160000 - 0x00007ffba61b5000 	C:\WINDOWS\System32\shlwapi.dll
0x00007ffba3b40000 - 0x00007ffba3b5f000 	C:\WINDOWS\SYSTEM32\profapi.dll
0x00007ffb6c770000 - 0x00007ffb6c78a000 	C:\Program Files\Android\Android Studio\jre\jre\bin\net.dll
0x00007ffba3400000 - 0x00007ffba346a000 	C:\WINDOWS\system32\mswsock.dll
0x00007ffb6c750000 - 0x00007ffb6c763000 	C:\Program Files\Android\Android Studio\jre\jre\bin\nio.dll
0x00007ffb40c40000 - 0x00007ffb40c67000 	C:\Users\WILLY\.gradle\native\f6784746aeab05261644944871eae4fe03e0ef1612fff0a4a95f87b438bc6780\windows-amd64\native-platform.dll
0x00007ffb87870000 - 0x00007ffb8787d000 	C:\Program Files\Android\Android Studio\jre\jre\bin\management.dll
0x00007ffba35e0000 - 0x00007ffba35f8000 	C:\WINDOWS\SYSTEM32\CRYPTSP.dll
0x00007ffba2d20000 - 0x00007ffba2d54000 	C:\WINDOWS\system32\rsaenh.dll
0x00007ffba3e40000 - 0x00007ffba3e67000 	C:\WINDOWS\System32\bcrypt.dll
0x00007ffba3b00000 - 0x00007ffba3b2e000 	C:\WINDOWS\SYSTEM32\USERENV.dll
0x00007ffba42a0000 - 0x00007ffba431f000 	C:\WINDOWS\System32\bcryptprimitives.dll
0x00007ffba35d0000 - 0x00007ffba35dc000 	C:\WINDOWS\SYSTEM32\CRYPTBASE.dll
0x00007ffba30a0000 - 0x00007ffba30db000 	C:\WINDOWS\SYSTEM32\IPHLPAPI.DLL
0x00007ffba5c60000 - 0x00007ffba5c69000 	C:\WINDOWS\System32\NSI.dll
0x00007ffb94fd0000 - 0x00007ffb94fe7000 	C:\WINDOWS\SYSTEM32\dhcpcsvc6.DLL
0x00007ffb95010000 - 0x00007ffb9502d000 	C:\WINDOWS\SYSTEM32\dhcpcsvc.DLL
0x00007ffba30f0000 - 0x00007ffba31ba000 	C:\WINDOWS\SYSTEM32\DNSAPI.dll
0x00007ffb97a50000 - 0x00007ffb97a5b000 	C:\WINDOWS\SYSTEM32\WINNSI.DLL
0x00007ffb3ce00000 - 0x00007ffb3cf9c000 	C:\Program Files\Android\Android Studio\jre\jre\bin\awt.dll
0x00007ffba4520000 - 0x00007ffba45ed000 	C:\WINDOWS\System32\OLEAUT32.dll
0x00007ffba11c0000 - 0x00007ffba11ef000 	C:\WINDOWS\SYSTEM32\dwmapi.dll
0x00007ffb9fc90000 - 0x00007ffba0250000 	C:\WINDOWS\SYSTEM32\d2d1.dll
0x00007ffba0e30000 - 0x00007ffba0ec0000 	C:\WINDOWS\SYSTEM32\apphelp.dll
0x00007ffba0fe0000 - 0x00007ffba107f000 	C:\WINDOWS\system32\uxtheme.dll

VM Arguments:
jvm_args: -Xmx2048m -Dfile.encoding=UTF-8 -Duser.country=US -Duser.language=en -Duser.variant 
java_command: org.gradle.launcher.daemon.bootstrap.GradleDaemon 6.5
java_class_path (initial): C:\Users\WILLY\.gradle\wrapper\dists\gradle-6.5-bin\6nifqtx7604sqp1q6g8wikw7p\gradle-6.5\lib\gradle-launcher-6.5.jar
Launcher Type: SUN_STANDARD

Environment Variables:
PATH=C:\Program Files (x86)\Common Files\Oracle\Java\javapath;C:\Python38\Scripts\;C:\Python38\;C:\WINDOWS\system32;C:\WINDOWS;C:\WINDOWS\System32\Wbem;C:\WINDOWS\System32\WindowsPowerShell\v1.0\;C:\WINDOWS\System32\OpenSSH\;C:\ProgramData\chocolatey\bin;C:\Program Files\nodejs\;C:\Program Files\TortoiseSVN\bin;C:\Program Files\VisualSVN Server\bin;C:\Program Files\Inkscape\bin;C:\Program Files\Git\cmd;C:\Users\WILLY\AppData\Local\Microsoft\WindowsApps;C:\Users\WILLY\AppData\Local\Programs\Microsoft VS Code\bin;C:\Users\WILLY\AppData\Roaming\npm;C:\Users\WILLY\AppData\Local\GitHubDesktop\bin;C:\Users\WILLY\AppData\Local\Android\Sdk\platform-tools;
USERNAME=WILLY
OS=Windows_NT
PROCESSOR_IDENTIFIER=Intel64 Family 6 Model 142 Stepping 11, GenuineIntel



---------------  S Y S T E M  ---------------

OS: Windows 10.0 , 64 bit Build 19041 (10.0.19041.292)

CPU:total 8 (initial active 8) (4 cores per cpu, 2 threads per core) family 6 model 142 stepping 11, cmov, cx8, fxsr, mmx, sse, sse2, sse3, ssse3, sse4.1, sse4.2, popcnt, avx, avx2, aes, clmul, erms, 3dnowpref, lzcnt, ht, tsc, tscinvbit, bmi1, bmi2, adx

Memory: 4k page, physical 16644896k(5472984k free), swap 18180896k(3100k free)

vm_info: OpenJDK 64-Bit Server VM (25.242-b01) for windows-amd64 JRE (1.8.0_242-release-1644-b01), built by "builder" with MS VC++ 10.0 (VS2010)

time: Thu Jan 21 18:55:24 2021
timezone: E. Africa Standard Time
elapsed time: 20 seconds (0d 0h 0m 20s)

