#
# There is insufficient memory for the Java Runtime Environment to continue.
# Native memory allocation (malloc) failed to allocate 801616 bytes for Chunk::new
# Possible reasons:
#   The system is out of physical RAM or swap space
#   The process is running with CompressedOops enabled, and the Java Heap may be blocking the growth of the native heap
# Possible solutions:
#   Reduce memory load on the system
#   Increase physical memory or swap space
#   Check if swap backing store is full
#   Decrease Java heap size (-Xmx/-Xms)
#   Decrease number of Java threads
#   Decrease Java thread stack sizes (-Xss)
#   Set larger code cache with -XX:ReservedCodeCacheSize=
#   JVM is running with Unscaled Compressed Oops mode in which the Java heap is
#     placed in the first 4GB address space. The Java Heap base address is the
#     maximum limit for the native heap growth. Please use -XX:HeapBaseMinAddress
#     to set the Java Heap base and to place the Java Heap above 4GB virtual address.
# This output file may be truncated or incomplete.
#
#  Out of Memory Error (allocation.cpp:389), pid=15144, tid=0x00000000000039fc
#
# JRE version: OpenJDK Runtime Environment (8.0_242-b01) (build 1.8.0_242-release-1644-b01)
# Java VM: OpenJDK 64-Bit Server VM (25.242-b01 mixed mode windows-amd64 compressed oops)
# Failed to write core dump. Minidumps are not enabled by default on client versions of Windows
#

---------------  T H R E A D  ---------------

Current thread (0x000000001a19f800):  JavaThread "C2 CompilerThread0" daemon [_thread_in_native, id=14844, stack(0x000000001aa70000,0x000000001ab70000)]

Stack: [0x000000001aa70000,0x000000001ab70000]
[error occurred during error reporting (printing stack bounds), id 0xc0000005]

Native frames: (J=compiled Java code, j=interpreted, Vv=VM code, C=native code)


Current CompileTask:
C2: 396239 11895       4       com.android.utils.XmlUtils::append (639 bytes)


---------------  P R O C E S S  ---------------

Java Threads: ( => current thread )
  0x000000002c143800 JavaThread "stdout" [_thread_in_native, id=19892, stack(0x000000002fa10000,0x000000002fb10000)]
  0x000000002c142000 JavaThread "stderr" [_thread_in_native, id=15024, stack(0x000000002f910000,0x000000002fa10000)]
  0x000000002c148800 JavaThread "stdout" [_thread_in_native, id=6472, stack(0x000000002f810000,0x000000002f910000)]
  0x000000002c141000 JavaThread "stderr" [_thread_in_native, id=11692, stack(0x000000002f610000,0x000000002f710000)]
  0x000000002c148000 JavaThread "stdout" [_thread_in_native, id=17112, stack(0x000000002f410000,0x000000002f510000)]
  0x000000002c147000 JavaThread "stderr" [_thread_in_native, id=17308, stack(0x000000002f110000,0x000000002f210000)]
  0x000000002c13f800 JavaThread "stdout" [_thread_in_native, id=20236, stack(0x000000002f010000,0x000000002f110000)]
  0x000000002c146800 JavaThread "stderr" [_thread_in_native, id=13080, stack(0x000000002ebb0000,0x000000002ecb0000)]
  0x000000002c145000 JavaThread "WorkerExecutor Queue Thread 4" [_thread_blocked, id=14344, stack(0x000000002eab0000,0x000000002ebb0000)]
  0x000000002c144000 JavaThread "pool-4-thread-1" [_thread_blocked, id=9480, stack(0x000000002e9b0000,0x000000002eab0000)]
  0x000000002c140800 JavaThread "WorkerExecutor Queue Thread 3" [_thread_blocked, id=17592, stack(0x000000002e660000,0x000000002e760000)]
  0x000000002c145800 JavaThread "WorkerExecutor Queue Thread 2" [_thread_blocked, id=13620, stack(0x000000002e560000,0x000000002e660000)]
  0x000000001d269000 JavaThread "WorkerExecutor Queue" [_thread_blocked, id=16924, stack(0x000000002e460000,0x000000002e560000)]
  0x000000001d267800 JavaThread "Cache worker for execution history cache (C:\Users\WILLY\AndroidStudioProjects\MedicalApp\.gradle\6.5\executionHistory)" [_thread_blocked, id=16356, stack(0x000000002d0b0000,0x000000002d1b0000)]
  0x000000001d267000 JavaThread "Execution worker for ':' Thread 7" [_thread_blocked, id=4888, stack(0x000000002cfb0000,0x000000002d0b0000)]
  0x000000001d266000 JavaThread "Execution worker for ':' Thread 6" [_thread_blocked, id=16024, stack(0x000000002ceb0000,0x000000002cfb0000)]
  0x000000001d265800 JavaThread "Execution worker for ':' Thread 5" [_thread_blocked, id=16220, stack(0x000000002cbb0000,0x000000002ccb0000)]
  0x000000001d264800 JavaThread "Execution worker for ':' Thread 4" [_thread_blocked, id=14484, stack(0x000000002cab0000,0x000000002cbb0000)]
  0x000000001d25e000 JavaThread "Execution worker for ':' Thread 3" [_thread_blocked, id=10836, stack(0x000000002b720000,0x000000002b820000)]
  0x000000001d264000 JavaThread "Execution worker for ':' Thread 2" [_thread_blocked, id=9088, stack(0x000000002a4e0000,0x000000002a5e0000)]
  0x000000001d25e800 JavaThread "Execution worker for ':'" [_thread_blocked, id=19944, stack(0x000000002a3e0000,0x000000002a4e0000)]
  0x000000001d262800 JavaThread "Cache worker for file content cache (C:\Users\WILLY\AndroidStudioProjects\MedicalApp\.gradle\6.5\fileContent)" [_thread_blocked, id=12084, stack(0x000000002a2e0000,0x000000002a3e0000)]
  0x000000001d261800 JavaThread "Cache worker for Build Output Cleanup Cache (C:\Users\WILLY\AndroidStudioProjects\MedicalApp\.gradle\buildOutputCleanup)" [_thread_blocked, id=15064, stack(0x000000002a1e0000,0x000000002a2e0000)]
  0x000000001d261000 JavaThread "jar transforms Thread 188" [_thread_blocked, id=16988, stack(0x000000002a0e0000,0x000000002a1e0000)]
  0x000000001d263000 JavaThread "jar transforms Thread 187" [_thread_blocked, id=8072, stack(0x0000000029fe0000,0x000000002a0e0000)]
  0x000000001d25a000 JavaThread "jar transforms Thread 186" [_thread_blocked, id=3304, stack(0x0000000029ee0000,0x0000000029fe0000)]
  0x000000001d25b800 JavaThread "jar transforms Thread 185" [_thread_blocked, id=5328, stack(0x0000000029de0000,0x0000000029ee0000)]
  0x000000001d25b000 JavaThread "jar transforms Thread 184" [_thread_blocked, id=6560, stack(0x0000000029ce0000,0x0000000029de0000)]
  0x000000001d25c800 JavaThread "jar transforms Thread 183" [_thread_blocked, id=11668, stack(0x0000000029be0000,0x0000000029ce0000)]
  0x000000001d25f800 JavaThread "jar transforms Thread 182" [_thread_blocked, id=18940, stack(0x0000000029ae0000,0x0000000029be0000)]
  0x000000001d260000 JavaThread "jar transforms Thread 181" [_thread_blocked, id=19368, stack(0x00000000299e0000,0x0000000029ae0000)]
  0x000000001f77a800 JavaThread "jar transforms Thread 180" [_thread_blocked, id=16020, stack(0x00000000298e0000,0x00000000299e0000)]
  0x000000001f777000 JavaThread "jar transforms Thread 179" [_thread_blocked, id=19932, stack(0x00000000297e0000,0x00000000298e0000)]
  0x000000001f775800 JavaThread "jar transforms Thread 178" [_thread_blocked, id=14908, stack(0x00000000296e0000,0x00000000297e0000)]
  0x000000001f773800 JavaThread "jar transforms Thread 177" [_thread_blocked, id=19768, stack(0x00000000295e0000,0x00000000296e0000)]
  0x000000001f772800 JavaThread "jar transforms Thread 176" [_thread_blocked, id=18276, stack(0x00000000294e0000,0x00000000295e0000)]
  0x000000001f779800 JavaThread "jar transforms Thread 175" [_thread_blocked, id=14692, stack(0x00000000293e0000,0x00000000294e0000)]
  0x000000001f776800 JavaThread "jar transforms Thread 174" [_thread_blocked, id=12640, stack(0x00000000292e0000,0x00000000293e0000)]
  0x000000001f778000 JavaThread "jar transforms Thread 173" [_thread_blocked, id=18212, stack(0x00000000291e0000,0x00000000292e0000)]
  0x000000001f778800 JavaThread "jar transforms Thread 172" [_thread_blocked, id=18284, stack(0x00000000290e0000,0x00000000291e0000)]
  0x000000001f774000 JavaThread "jar transforms Thread 171" [_thread_blocked, id=5752, stack(0x0000000028fe0000,0x00000000290e0000)]
  0x000000001f775000 JavaThread "jar transforms Thread 170" [_thread_blocked, id=12580, stack(0x0000000028ee0000,0x0000000028fe0000)]
  0x000000001f76b000 JavaThread "jar transforms Thread 169" [_thread_blocked, id=14892, stack(0x0000000028de0000,0x0000000028ee0000)]
  0x000000001f772000 JavaThread "jar transforms Thread 168" [_thread_blocked, id=7740, stack(0x0000000028ce0000,0x0000000028de0000)]
  0x000000001f771000 JavaThread "jar transforms Thread 167" [_thread_blocked, id=7824, stack(0x0000000028be0000,0x0000000028ce0000)]
  0x000000001f770800 JavaThread "jar transforms Thread 166" [_thread_blocked, id=19860, stack(0x0000000028ae0000,0x0000000028be0000)]
  0x000000001f76c800 JavaThread "jar transforms Thread 165" [_thread_blocked, id=17636, stack(0x00000000289e0000,0x0000000028ae0000)]
  0x000000001f76f800 JavaThread "jar transforms Thread 164" [_thread_blocked, id=8296, stack(0x00000000288e0000,0x00000000289e0000)]
  0x000000001f76c000 JavaThread "jar transforms Thread 163" [_thread_blocked, id=17060, stack(0x00000000287e0000,0x00000000288e0000)]
  0x000000001f76d800 JavaThread "jar transforms Thread 162" [_thread_blocked, id=17984, stack(0x0000000028450000,0x0000000028550000)]
  0x000000001f76f000 JavaThread "jar transforms Thread 161" [_thread_blocked, id=15644, stack(0x0000000028350000,0x0000000028450000)]
  0x000000001f76e000 JavaThread "jar transforms Thread 160" [_thread_blocked, id=6568, stack(0x0000000028250000,0x0000000028350000)]
  0x000000001bfe4800 JavaThread "jar transforms Thread 159" [_thread_blocked, id=4696, stack(0x0000000028150000,0x0000000028250000)]
  0x000000001bfe4000 JavaThread "jar transforms Thread 158" [_thread_blocked, id=11080, stack(0x0000000028050000,0x0000000028150000)]
  0x000000001bfe7000 JavaThread "jar transforms Thread 157" [_thread_blocked, id=5220, stack(0x0000000027f50000,0x0000000028050000)]
  0x000000001bfe9000 JavaThread "jar transforms Thread 156" [_thread_blocked, id=9824, stack(0x0000000027e50000,0x0000000027f50000)]
  0x000000001bfe5800 JavaThread "jar transforms Thread 155" [_thread_blocked, id=20388, stack(0x0000000027d50000,0x0000000027e50000)]
  0x000000001bfe8800 JavaThread "jar transforms Thread 154" [_thread_blocked, id=9528, stack(0x0000000027c50000,0x0000000027d50000)]
  0x000000001bfe7800 JavaThread "jar transforms Thread 153" [_thread_blocked, id=9816, stack(0x0000000027b50000,0x0000000027c50000)]
  0x000000001bfe6000 JavaThread "jar transforms Thread 152" [_thread_blocked, id=13456, stack(0x0000000027a50000,0x0000000027b50000)]
  0x000000001bfe3000 JavaThread "jar transforms Thread 151" [_thread_blocked, id=17168, stack(0x0000000027950000,0x0000000027a50000)]
  0x000000001bfe2800 JavaThread "jar transforms Thread 150" [_thread_blocked, id=17204, stack(0x0000000027850000,0x0000000027950000)]
  0x000000001cd05000 JavaThread "jar transforms Thread 149" [_thread_blocked, id=17116, stack(0x0000000027750000,0x0000000027850000)]
  0x000000001cd03800 JavaThread "jar transforms Thread 148" [_thread_blocked, id=16488, stack(0x0000000027650000,0x0000000027750000)]
  0x000000001cd02000 JavaThread "jar transforms Thread 147" [_thread_blocked, id=19676, stack(0x0000000027550000,0x0000000027650000)]
  0x000000001ccff000 JavaThread "jar transforms Thread 146" [_thread_blocked, id=8596, stack(0x0000000027450000,0x0000000027550000)]
  0x000000001cd03000 JavaThread "jar transforms Thread 145" [_thread_blocked, id=19876, stack(0x0000000027350000,0x0000000027450000)]
  0x000000002055e000 JavaThread "jar transforms Thread 144" [_thread_blocked, id=19404, stack(0x0000000027250000,0x0000000027350000)]
  0x000000002055f000 JavaThread "jar transforms Thread 143" [_thread_blocked, id=2380, stack(0x0000000027150000,0x0000000027250000)]
  0x0000000020556000 JavaThread "jar transforms Thread 142" [_thread_blocked, id=15876, stack(0x0000000027050000,0x0000000027150000)]
  0x000000002055c000 JavaThread "jar transforms Thread 141" [_thread_blocked, id=4040, stack(0x0000000026f50000,0x0000000027050000)]
  0x000000002055a800 JavaThread "jar transforms Thread 140" [_thread_blocked, id=7328, stack(0x0000000026e50000,0x0000000026f50000)]
  0x0000000020559800 JavaThread "jar transforms Thread 139" [_thread_blocked, id=19116, stack(0x0000000026d50000,0x0000000026e50000)]
  0x0000000020559000 JavaThread "jar transforms Thread 138" [_thread_blocked, id=11376, stack(0x0000000026c50000,0x0000000026d50000)]
  0x000000002055c800 JavaThread "jar transforms Thread 137" [_thread_blocked, id=2244, stack(0x0000000026b50000,0x0000000026c50000)]
  0x0000000020552000 JavaThread "jar transforms Thread 136" [_thread_blocked, id=14900, stack(0x0000000026a50000,0x0000000026b50000)]
  0x0000000020557800 JavaThread "jar transforms Thread 135" [_thread_blocked, id=19576, stack(0x0000000026950000,0x0000000026a50000)]
  0x0000000020553800 JavaThread "jar transforms Thread 134" [_thread_blocked, id=18460, stack(0x0000000026850000,0x0000000026950000)]
  0x0000000020558000 JavaThread "jar transforms Thread 133" [_thread_blocked, id=6300, stack(0x0000000026750000,0x0000000026850000)]
  0x0000000020550000 JavaThread "jar transforms Thread 132" [_thread_blocked, id=10720, stack(0x0000000026650000,0x0000000026750000)]
  0x0000000020551800 JavaThread "jar transforms Thread 131" [_thread_blocked, id=20276, stack(0x0000000026550000,0x0000000026650000)]
  0x0000000020556800 JavaThread "jar transforms Thread 130" [_thread_blocked, id=6852, stack(0x0000000026450000,0x0000000026550000)]
  0x0000000020550800 JavaThread "jar transforms Thread 129" [_thread_blocked, id=14000, stack(0x0000000026350000,0x0000000026450000)]
  0x0000000022190000 JavaThread "jar transforms Thread 128" [_thread_blocked, id=6748, stack(0x0000000026250000,0x0000000026350000)]
  0x0000000022191800 JavaThread "jar transforms Thread 127" [_thread_blocked, id=8168, stack(0x0000000026150000,0x0000000026250000)]
  0x000000002218f800 JavaThread "jar transforms Thread 126" [_thread_blocked, id=14176, stack(0x0000000026050000,0x0000000026150000)]
  0x000000002218e800 JavaThread "jar transforms Thread 125" [_thread_blocked, id=16712, stack(0x0000000025f50000,0x0000000026050000)]
  0x000000002218e000 JavaThread "jar transforms Thread 124" [_thread_blocked, id=3256, stack(0x0000000025e50000,0x0000000025f50000)]
  0x0000000022191000 JavaThread "jar transforms Thread 123" [_thread_blocked, id=7992, stack(0x0000000025d50000,0x0000000025e50000)]
  0x0000000022192800 JavaThread "jar transforms Thread 122" [_thread_blocked, id=11772, stack(0x0000000025c50000,0x0000000025d50000)]
  0x0000000022186000 JavaThread "jar transforms Thread 121" [_thread_blocked, id=10204, stack(0x0000000025b50000,0x0000000025c50000)]
  0x000000002218d000 JavaThread "jar transforms Thread 120" [_thread_blocked, id=18368, stack(0x0000000025a50000,0x0000000025b50000)]
  0x000000002218c000 JavaThread "jar transforms Thread 119" [_thread_blocked, id=9692, stack(0x0000000025950000,0x0000000025a50000)]
  0x000000002218b800 JavaThread "jar transforms Thread 118" [_thread_blocked, id=7796, stack(0x0000000025850000,0x0000000025950000)]
  0x0000000022184000 JavaThread "jar transforms Thread 117" [_thread_blocked, id=17184, stack(0x0000000025750000,0x0000000025850000)]
  0x000000002218a000 JavaThread "jar transforms Thread 116" [_thread_blocked, id=14680, stack(0x0000000025650000,0x0000000025750000)]
  0x000000002218a800 JavaThread "jar transforms Thread 115" [_thread_blocked, id=16508, stack(0x0000000025550000,0x0000000025650000)]
  0x0000000022185800 JavaThread "jar transforms Thread 114" [_thread_blocked, id=18684, stack(0x0000000025450000,0x0000000025550000)]
  0x0000000022189000 JavaThread "jar transforms Thread 113" [_thread_blocked, id=2608, stack(0x0000000025350000,0x0000000025450000)]
  0x0000000022184800 JavaThread "jar transforms Thread 112" [_thread_blocked, id=1020, stack(0x0000000025250000,0x0000000025350000)]
  0x0000000022187000 JavaThread "jar transforms Thread 111" [_thread_blocked, id=15096, stack(0x0000000025150000,0x0000000025250000)]
  0x000000002c479000 JavaThread "jar transforms Thread 110" [_thread_blocked, id=16776, stack(0x0000000025050000,0x0000000025150000)]
  0x000000002c478800 JavaThread "jar transforms Thread 109" [_thread_blocked, id=6156, stack(0x0000000024f50000,0x0000000025050000)]
  0x000000002c477800 JavaThread "jar transforms Thread 108" [_thread_blocked, id=8812, stack(0x0000000024e50000,0x0000000024f50000)]
  0x000000002c477000 JavaThread "jar transforms Thread 107" [_thread_blocked, id=17056, stack(0x0000000024d50000,0x0000000024e50000)]
  0x000000002c46f800 JavaThread "jar transforms Thread 106" [_thread_blocked, id=3204, stack(0x0000000024c50000,0x0000000024d50000)]
  0x000000002c476000 JavaThread "jar transforms Thread 105" [_thread_blocked, id=7820, stack(0x0000000024b50000,0x0000000024c50000)]
  0x000000002c475800 JavaThread "jar transforms Thread 104" [_thread_blocked, id=2600, stack(0x0000000024a50000,0x0000000024b50000)]
  0x000000002c474800 JavaThread "jar transforms Thread 103" [_thread_blocked, id=384, stack(0x0000000024950000,0x0000000024a50000)]
  0x000000002c474000 JavaThread "jar transforms Thread 102" [_thread_blocked, id=6536, stack(0x0000000024850000,0x0000000024950000)]
  0x000000002c473000 JavaThread "jar transforms Thread 101" [_thread_blocked, id=6704, stack(0x00000000245e0000,0x00000000246e0000)]
  0x000000002c46b800 JavaThread "jar transforms Thread 100" [_thread_blocked, id=15276, stack(0x00000000244e0000,0x00000000245e0000)]
  0x000000002c46d000 JavaThread "jar transforms Thread 99" [_thread_blocked, id=17348, stack(0x00000000243e0000,0x00000000244e0000)]
  0x000000002c46c800 JavaThread "jar transforms Thread 98" [_thread_blocked, id=18428, stack(0x00000000242e0000,0x00000000243e0000)]
  0x000000002c46e800 JavaThread "jar transforms Thread 97" [_thread_blocked, id=16576, stack(0x00000000241e0000,0x00000000242e0000)]
  0x000000002c472800 JavaThread "jar transforms Thread 96" [_thread_blocked, id=16252, stack(0x00000000240e0000,0x00000000241e0000)]
  0x000000002c46e000 JavaThread "jar transforms Thread 95" [_thread_blocked, id=14260, stack(0x0000000023fe0000,0x00000000240e0000)]
  0x000000002c46b000 JavaThread "Build operations Thread 8" [_thread_blocked, id=13788, stack(0x0000000023ee0000,0x0000000023fe0000)]
  0x000000002c46a000 JavaThread "Build operations Thread 7" [_thread_in_Java, id=6672, stack(0x0000000023de0000,0x0000000023ee0000)]
  0x0000000022953800 JavaThread "Build operations Thread 6" [_thread_blocked, id=10792, stack(0x00000000233e0000,0x00000000234e0000)]
  0x0000000022954000 JavaThread "Build operations Thread 5" [_thread_blocked, id=18980, stack(0x0000000022be0000,0x0000000022ce0000)]
  0x0000000022957000 JavaThread "Build operations Thread 4" [_thread_in_native, id=17680, stack(0x0000000021a30000,0x0000000021b30000)]
  0x0000000022956800 JavaThread "Build operations Thread 3" [_thread_blocked, id=3384, stack(0x0000000021670000,0x0000000021770000)]
  0x0000000022955000 JavaThread "Build operations Thread 2" [_thread_blocked, id=20104, stack(0x000000001f190000,0x000000001f290000)]
  0x0000000022952800 JavaThread "Build operations" [_thread_blocked, id=19688, stack(0x000000001eb90000,0x000000001ec90000)]
  0x000000002294a800 JavaThread "Cache worker for cache directory md-rule (C:\Users\WILLY\.gradle\caches\6.5\md-rule)" [_thread_blocked, id=6360, stack(0x000000001ea90000,0x000000001eb90000)]
  0x0000000022951000 JavaThread "Cache worker for cache directory md-supplier (C:\Users\WILLY\.gradle\caches\6.5\md-supplier)" [_thread_blocked, id=14716, stack(0x000000001e990000,0x000000001ea90000)]
  0x000000002294f800 JavaThread "Cache worker for checksums cache (C:\Users\WILLY\AndroidStudioProjects\MedicalApp\.gradle\checksums)" [_thread_blocked, id=9280, stack(0x000000001e890000,0x000000001e990000)]
  0x000000002294f000 JavaThread "Cache worker for file hash cache (C:\Users\WILLY\AndroidStudioProjects\MedicalApp\.gradle\6.5\fileHashes)" [_thread_blocked, id=13752, stack(0x000000001e790000,0x000000001e890000)]
  0x000000002294e000 JavaThread "Thread-147" [_thread_blocked, id=14108, stack(0x000000001e690000,0x000000001e790000)]
  0x0000000022950800 JavaThread "Stdin handler" [_thread_blocked, id=18092, stack(0x000000001e590000,0x000000001e690000)]
  0x0000000022949800 JavaThread "Asynchronous log dispatcher for DefaultDaemonConnection: socket connection from /127.0.0.1:64932 to /127.0.0.1:64958" [_thread_in_native, id=19040, stack(0x000000001df50000,0x000000001e050000)]
  0x0000000022949000 JavaThread "Daemon worker Thread 2" [_thread_blocked, id=18712, stack(0x000000001de50000,0x000000001df50000)]
  0x0000000022948000 JavaThread "Cancel handler" [_thread_blocked, id=17524, stack(0x0000000001700000,0x0000000001800000)]
  0x000000002294b000 JavaThread "Handler for socket connection from /127.0.0.1:64932 to /127.0.0.1:64958" [_thread_in_native, id=17640, stack(0x0000000001600000,0x0000000001700000)]
  0x000000002294c000 JavaThread "Daemon Thread 2" [_thread_blocked, id=17040, stack(0x0000000001500000,0x0000000001600000)]
  0x000000002055b000 JavaThread "MarlinRenderer Disposer" daemon [_thread_blocked, id=18552, stack(0x000000002f710000,0x000000002f810000)]
  0x000000002055d800 JavaThread "Java2D Disposer" daemon [_thread_blocked, id=18672, stack(0x000000002f510000,0x000000002f610000)]
  0x000000002294d800 JavaThread "Memory manager" [_thread_blocked, id=9856, stack(0x000000002ac10000,0x000000002ad10000)]
  0x000000001cd00000 JavaThread "Cache worker for file content cache (C:\Users\WILLY\.gradle\caches\6.5\fileContent)" [_thread_blocked, id=9084, stack(0x00000000234e0000,0x00000000235e0000)]
  0x000000001ccfe800 JavaThread "Cache worker for execution history cache (C:\Users\WILLY\.gradle\caches\6.5\executionHistory)" [_thread_blocked, id=8936, stack(0x0000000022ce0000,0x0000000022de0000)]
  0x000000001cd00800 JavaThread "Cache worker for file hash cache (C:\Users\WILLY\.gradle\caches\6.5\fileHashes)" [_thread_blocked, id=17180, stack(0x000000001f090000,0x000000001f190000)]
  0x000000001cd04800 JavaThread "File lock request listener" [_thread_in_native, id=7204, stack(0x000000001ef90000,0x000000001f090000)]
  0x000000001cdd9800 JavaThread "Cache worker for journal cache (C:\Users\WILLY\.gradle\caches\journal-1)" [_thread_in_native, id=20452, stack(0x000000001ee90000,0x000000001ef90000)]
  0x000000001cc33000 JavaThread "Daemon periodic checks" [_thread_blocked, id=14268, stack(0x000000001e290000,0x000000001e390000)]
  0x000000001cbd8000 JavaThread "Incoming local TCP Connector on port 64932" [_thread_in_native, id=15268, stack(0x000000001e050000,0x000000001e150000)]
  0x000000001cb36000 JavaThread "Daemon health stats" [_thread_blocked, id=8364, stack(0x000000001da10000,0x000000001db10000)]
  0x000000001a233000 JavaThread "Service Thread" daemon [_thread_blocked, id=15080, stack(0x000000001ae70000,0x000000001af70000)]
  0x000000001a1b1800 JavaThread "C1 CompilerThread3" daemon [_thread_blocked, id=18844, stack(0x000000001ad70000,0x000000001ae70000)]
  0x000000001a1a8800 JavaThread "C2 CompilerThread2" daemon [_thread_in_native, id=18588, stack(0x000000001ac70000,0x000000001ad70000)]
  0x000000001a1a7000 JavaThread "C2 CompilerThread1" daemon [_thread_in_native, id=13840, stack(0x000000001ab70000,0x000000001ac70000)]
=>0x000000001a19f800 JavaThread "C2 CompilerThread0" daemon [_thread_in_native, id=14844, stack(0x000000001aa70000,0x000000001ab70000)]
  0x000000001a19e000 JavaThread "Attach Listener" daemon [_thread_blocked, id=17748, stack(0x000000001a970000,0x000000001aa70000)]
  0x00000000183ae000 JavaThread "Signal Dispatcher" daemon [_thread_blocked, id=20448, stack(0x000000001a870000,0x000000001a970000)]
  0x000000001a191000 JavaThread "Finalizer" daemon [_thread_blocked, id=20248, stack(0x000000001a670000,0x000000001a770000)]
  0x000000001a190800 JavaThread "Reference Handler" daemon [_thread_blocked, id=19976, stack(0x000000001a570000,0x000000001a670000)]
  0x00000000018de000 JavaThread "main" [_thread_blocked, id=10644, stack(0x0000000003130000,0x0000000003230000)]

Other Threads:
  0x0000000018398000 VMThread [stack: 0x000000001a070000,0x000000001a170000] [id=9568]
  0x000000001a1ee000 WatcherThread [stack: 0x000000001af70000,0x000000001b070000] [id=15608]

VM state:not at safepoint (normal execution)

VM Mutex/Monitor currently owned by a thread: None

heap address: 0x0000000080000000, size: 2048 MB, Compressed Oops mode: 32-bit
Narrow klass base: 0x0000000000000000, Narrow klass shift: 3
Compressed class space size: 1073741824 Address: 0x0000000100000000

Heap:
 PSYoungGen      total 258560K, used 120576K [0x00000000d5580000, 0x00000000e8f80000, 0x0000000100000000)
  eden space 236032K, 41% used [0x00000000d5580000,0x00000000db5415f0,0x00000000e3c00000)
  from space 22528K, 99% used [0x00000000e3c00000,0x00000000e51fea38,0x00000000e5200000)
  to   space 27136K, 0% used [0x00000000e7500000,0x00000000e7500000,0x00000000e8f80000)
 ParOldGen       total 215552K, used 38627K [0x0000000080000000, 0x000000008d280000, 0x00000000d5580000)
  object space 215552K, 17% used [0x0000000080000000,0x00000000825b8fe0,0x000000008d280000)
 Metaspace       used 77268K, capacity 80999K, committed 81304K, reserved 1120256K
  class space    used 10156K, capacity 10866K, committed 10928K, reserved 1048576K

Card table byte_map: [0x00000000126f0000,0x0000000012b00000] byte_map_base: 0x00000000122f0000

Marking Bits: (ParMarkBitMap*) 0x00000000605af030
 Begin Bits: [0x00000000135b0000, 0x00000000155b0000)
 End Bits:   [0x00000000155b0000, 0x00000000175b0000)

Polling page: 0x00000000018e0000

CodeCache: size=245760Kb used=32580Kb max_used=32732Kb free=213179Kb
 bounds [0x0000000003330000, 0x0000000005360000, 0x0000000012330000]
 total_blobs=10853 nmethods=9925 adapters=840
 compilation: enabled

Compilation events (10 events):
Event: 396.232 Thread 0x000000001a1b1800 11954   !   3       org.gradle.api.internal.tasks.properties.ValidationActions::validate (46 bytes)
Event: 396.234 Thread 0x000000001a1b1800 nmethod 11954 0x0000000004a2f250 code [0x0000000004a2f4a0, 0x0000000004a30508]
Event: 396.234 Thread 0x000000001a1b1800 11951       3       org.gradle.api.internal.tasks.properties.bean.RuntimeBeanNodeFactory::createRoot (22 bytes)
Event: 396.235 Thread 0x000000001a1b1800 nmethod 11951 0x00000000039f7550 code [0x00000000039f7720, 0x00000000039f7ef8]
Event: 396.235 Thread 0x000000001a1b1800 11952       3       org.gradle.api.internal.tasks.properties.bean.RootRuntimeBeanNode::<init> (9 bytes)
Event: 396.236 Thread 0x000000001a1b1800 nmethod 11952 0x0000000004e78d50 code [0x0000000004e78f00, 0x0000000004e79598]
Event: 396.236 Thread 0x000000001a1b1800 11956       1       org.gradle.api.internal.file.FileCollectionStructureVisitor::prepareForVisit (4 bytes)
Event: 396.236 Thread 0x000000001a1b1800 nmethod 11956 0x0000000004802590 code [0x00000000048026e0, 0x00000000048027f0]
Event: 396.236 Thread 0x000000001a1b1800 11953       1       org.gradle.api.internal.tasks.execution.DefaultTaskExecutionContext::getTaskExecutionMode (5 bytes)
Event: 396.236 Thread 0x000000001a1b1800 nmethod 11953 0x0000000004550fd0 code [0x0000000004551120, 0x0000000004551230]

GC Heap History (10 events):
Event: 14.102 GC heap before
{Heap before GC invocations=12 (full 2):
 PSYoungGen      total 193024K, used 77669K [0x00000000d5580000, 0x00000000e4080000, 0x0000000100000000)
  eden space 181248K, 36% used [0x00000000d5580000,0x00000000d95de1d8,0x00000000e0680000)
  from space 11776K, 99% used [0x00000000e0680000,0x00000000e11fb310,0x00000000e1200000)
  to   space 17920K, 0% used [0x00000000e2f00000,0x00000000e2f00000,0x00000000e4080000)
 ParOldGen       total 141824K, used 27536K [0x0000000080000000, 0x0000000088a80000, 0x00000000d5580000)
  object space 141824K, 19% used [0x0000000080000000,0x0000000081ae4250,0x0000000088a80000)
 Metaspace       used 56521K, capacity 58997K, committed 59160K, reserved 1099776K
  class space    used 7733K, capacity 8240K, committed 8240K, reserved 1048576K
Event: 14.139 GC heap after
Heap after GC invocations=12 (full 2):
 PSYoungGen      total 220672K, used 17914K [0x00000000d5580000, 0x00000000e6480000, 0x0000000100000000)
  eden space 202752K, 0% used [0x00000000d5580000,0x00000000d5580000,0x00000000e1b80000)
  from space 17920K, 99% used [0x00000000e2f00000,0x00000000e407ea50,0x00000000e4080000)
  to   space 19968K, 0% used [0x00000000e1b80000,0x00000000e1b80000,0x00000000e2f00000)
 ParOldGen       total 141824K, used 28058K [0x0000000080000000, 0x0000000088a80000, 0x00000000d5580000)
  object space 141824K, 19% used [0x0000000080000000,0x0000000081b66b28,0x0000000088a80000)
 Metaspace       used 56521K, capacity 58997K, committed 59160K, reserved 1099776K
  class space    used 7733K, capacity 8240K, committed 8240K, reserved 1048576K
}
Event: 14.139 GC heap before
{Heap before GC invocations=13 (full 3):
 PSYoungGen      total 220672K, used 17914K [0x00000000d5580000, 0x00000000e6480000, 0x0000000100000000)
  eden space 202752K, 0% used [0x00000000d5580000,0x00000000d5580000,0x00000000e1b80000)
  from space 17920K, 99% used [0x00000000e2f00000,0x00000000e407ea50,0x00000000e4080000)
  to   space 19968K, 0% used [0x00000000e1b80000,0x00000000e1b80000,0x00000000e2f00000)
 ParOldGen       total 141824K, used 28058K [0x0000000080000000, 0x0000000088a80000, 0x00000000d5580000)
  object space 141824K, 19% used [0x0000000080000000,0x0000000081b66b28,0x0000000088a80000)
 Metaspace       used 56521K, capacity 58997K, committed 59160K, reserved 1099776K
  class space    used 7733K, capacity 8240K, committed 8240K, reserved 1048576K
Event: 14.559 GC heap after
Heap after GC invocations=13 (full 3):
 PSYoungGen      total 220672K, used 0K [0x00000000d5580000, 0x00000000e6480000, 0x0000000100000000)
  eden space 202752K, 0% used [0x00000000d5580000,0x00000000d5580000,0x00000000e1b80000)
  from space 17920K, 0% used [0x00000000e2f00000,0x00000000e2f00000,0x00000000e4080000)
  to   space 19968K, 0% used [0x00000000e1b80000,0x00000000e1b80000,0x00000000e2f00000)
 ParOldGen       total 215552K, used 34471K [0x0000000080000000, 0x000000008d280000, 0x00000000d5580000)
  object space 215552K, 15% used [0x0000000080000000,0x00000000821a9e38,0x000000008d280000)
 Metaspace       used 56475K, capacity 58841K, committed 59160K, reserved 1099776K
  class space    used 7719K, capacity 8214K, committed 8240K, reserved 1048576K
}
Event: 22.337 GC heap before
{Heap before GC invocations=14 (full 3):
 PSYoungGen      total 220672K, used 202752K [0x00000000d5580000, 0x00000000e6480000, 0x0000000100000000)
  eden space 202752K, 100% used [0x00000000d5580000,0x00000000e1b80000,0x00000000e1b80000)
  from space 17920K, 0% used [0x00000000e2f00000,0x00000000e2f00000,0x00000000e4080000)
  to   space 19968K, 0% used [0x00000000e1b80000,0x00000000e1b80000,0x00000000e2f00000)
 ParOldGen       total 215552K, used 34471K [0x0000000080000000, 0x000000008d280000, 0x00000000d5580000)
  object space 215552K, 15% used [0x0000000080000000,0x00000000821a9e38,0x000000008d280000)
 Metaspace       used 64726K, capacity 67837K, committed 67992K, reserved 1107968K
  class space    used 8934K, capacity 9555K, committed 9648K, reserved 1048576K
Event: 22.373 GC heap after
Heap after GC invocations=14 (full 3):
 PSYoungGen      total 222720K, used 17215K [0x00000000d5580000, 0x00000000e6b80000, 0x0000000100000000)
  eden space 202752K, 0% used [0x00000000d5580000,0x00000000d5580000,0x00000000e1b80000)
  from space 19968K, 86% used [0x00000000e1b80000,0x00000000e2c4fc00,0x00000000e2f00000)
  to   space 21504K, 0% used [0x00000000e5680000,0x00000000e5680000,0x00000000e6b80000)
 ParOldGen       total 215552K, used 34479K [0x0000000080000000, 0x000000008d280000, 0x00000000d5580000)
  object space 215552K, 15% used [0x0000000080000000,0x00000000821abe38,0x000000008d280000)
 Metaspace       used 64726K, capacity 67837K, committed 67992K, reserved 1107968K
  class space    used 8934K, capacity 9555K, committed 9648K, reserved 1048576K
}
Event: 37.501 GC heap before
{Heap before GC invocations=15 (full 3):
 PSYoungGen      total 222720K, used 219967K [0x00000000d5580000, 0x00000000e6b80000, 0x0000000100000000)
  eden space 202752K, 100% used [0x00000000d5580000,0x00000000e1b80000,0x00000000e1b80000)
  from space 19968K, 86% used [0x00000000e1b80000,0x00000000e2c4fc00,0x00000000e2f00000)
  to   space 21504K, 0% used [0x00000000e5680000,0x00000000e5680000,0x00000000e6b80000)
 ParOldGen       total 215552K, used 34479K [0x0000000080000000, 0x000000008d280000, 0x00000000d5580000)
  object space 215552K, 15% used [0x0000000080000000,0x00000000821abe38,0x000000008d280000)
 Metaspace       used 70462K, capacity 73817K, committed 74008K, reserved 1114112K
  class space    used 9569K, capacity 10221K, committed 10288K, reserved 1048576K
Event: 37.542 GC heap after
Heap after GC invocations=15 (full 3):
 PSYoungGen      total 253952K, used 17754K [0x00000000d5580000, 0x00000000e6800000, 0x0000000100000000)
  eden space 236032K, 0% used [0x00000000d5580000,0x00000000d5580000,0x00000000e3c00000)
  from space 17920K, 99% used [0x00000000e5680000,0x00000000e67d69b8,0x00000000e6800000)
  to   space 22528K, 0% used [0x00000000e3c00000,0x00000000e3c00000,0x00000000e5200000)
 ParOldGen       total 215552K, used 34487K [0x0000000080000000, 0x000000008d280000, 0x00000000d5580000)
  object space 215552K, 15% used [0x0000000080000000,0x00000000821ade38,0x000000008d280000)
 Metaspace       used 70462K, capacity 73817K, committed 74008K, reserved 1114112K
  class space    used 9569K, capacity 10221K, committed 10288K, reserved 1048576K
}
Event: 394.315 GC heap before
{Heap before GC invocations=16 (full 3):
 PSYoungGen      total 253952K, used 253786K [0x00000000d5580000, 0x00000000e6800000, 0x0000000100000000)
  eden space 236032K, 100% used [0x00000000d5580000,0x00000000e3c00000,0x00000000e3c00000)
  from space 17920K, 99% used [0x00000000e5680000,0x00000000e67d69b8,0x00000000e6800000)
  to   space 22528K, 0% used [0x00000000e3c00000,0x00000000e3c00000,0x00000000e5200000)
 ParOldGen       total 215552K, used 34487K [0x0000000080000000, 0x000000008d280000, 0x00000000d5580000)
  object space 215552K, 15% used [0x0000000080000000,0x00000000821ade38,0x000000008d280000)
 Metaspace       used 77020K, capacity 80699K, committed 80792K, reserved 1120256K
  class space    used 10145K, capacity 10858K, committed 10928K, reserved 1048576K
Event: 394.348 GC heap after
Heap after GC invocations=16 (full 3):
 PSYoungGen      total 258560K, used 22522K [0x00000000d5580000, 0x00000000e8f80000, 0x0000000100000000)
  eden space 236032K, 0% used [0x00000000d5580000,0x00000000d5580000,0x00000000e3c00000)
  from space 22528K, 99% used [0x00000000e3c00000,0x00000000e51fea38,0x00000000e5200000)
  to   space 27136K, 0% used [0x00000000e7500000,0x00000000e7500000,0x00000000e8f80000)
 ParOldGen       total 215552K, used 38627K [0x0000000080000000, 0x000000008d280000, 0x00000000d5580000)
  object space 215552K, 17% used [0x0000000080000000,0x00000000825b8fe0,0x000000008d280000)
 Metaspace       used 77020K, capacity 80699K, committed 80792K, reserved 1120256K
  class space    used 10145K, capacity 10858K, committed 10928K, reserved 1048576K
}

Deoptimization events (10 events):
Event: 395.000 Thread 0x000000001d25e800 Uncommon trap: reason=bimorphic action=maybe_recompile pc=0x0000000003ebda40 method=com.sun.org.apache.xerces.internal.dom.ElementImpl.getAttributes()Lorg/w3c/dom/NamedNodeMap; @ 8
Event: 395.105 Thread 0x000000001d25e800 Uncommon trap: reason=unstable_if action=reinterpret pc=0x0000000004966d58 method=com.android.ide.common.resources.DataItem.isRemoved()Z @ 6
Event: 395.119 Thread 0x000000001d25e800 Uncommon trap: reason=unstable_if action=reinterpret pc=0x0000000004b859f0 method=com.android.ide.common.resources.DataItem.isWritten()Z @ 7
Event: 395.141 Thread 0x000000001d25e800 Uncommon trap: reason=unstable_if action=reinterpret pc=0x00000000035c2758 method=com.google.gson.stream.JsonReader.nextQuotedValue(C)Ljava/lang/String; @ 96
Event: 395.146 Thread 0x000000001d25e800 Uncommon trap: reason=unstable_if action=reinterpret pc=0x0000000004d34ee8 method=java.util.concurrent.ConcurrentHashMap.replaceNode(Ljava/lang/Object;Ljava/lang/Object;Ljava/lang/Object;)Ljava/lang/Object; @ 136
Event: 395.904 Thread 0x000000001d25e800 Uncommon trap: reason=unstable_if action=reinterpret pc=0x0000000003dec6e8 method=com.sun.org.apache.xerces.internal.dom.CharacterDataImpl.getNodeValue()Ljava/lang/String; @ 4
Event: 395.906 Thread 0x000000001d25e800 Uncommon trap: reason=unstable_if action=reinterpret pc=0x000000000391f628 method=com.sun.org.apache.xerces.internal.dom.ElementNSImpl.getNamespaceURI()Ljava/lang/String; @ 4
Event: 396.147 Thread 0x0000000022956800 Uncommon trap: reason=unstable_if action=reinterpret pc=0x0000000003901a18 method=java.util.concurrent.ConcurrentLinkedQueue.updateHead(Ljava/util/concurrent/ConcurrentLinkedQueue$Node;Ljava/util/concurrent/ConcurrentLinkedQueue$Node;)V @ 11
Event: 396.216 Thread 0x000000001d264000 Uncommon trap: reason=unstable_if action=reinterpret pc=0x0000000003f15528 method=org.gradle.internal.snapshot.PathUtil.equalChars(CCLorg/gradle/internal/snapshot/CaseSensitivity;)Z @ 40
Event: 396.216 Thread 0x000000001d264000 Uncommon trap: reason=unstable_if action=reinterpret pc=0x0000000003cf4bfc method=org.gradle.internal.snapshot.PathUtil.equalChars(CCLorg/gradle/internal/snapshot/CaseSensitivity;)Z @ 40

Classes redefined (0 events):
No events

Internal exceptions (10 events):
Event: 47.345 Thread 0x000000001cc3d800 Exception <a 'java/lang/NoSuchMethodError': <clinit>> (0x00000000e109ef48) thrown at [C:\src\AOSP-openjdk-git\hotspot\src\share\vm\prims\jni.cpp, line 1615]
Event: 47.345 Thread 0x000000001cc3d800 Exception <a 'java/lang/NoSuchMethodError': <clinit>> (0x00000000e10a13f8) thrown at [C:\src\AOSP-openjdk-git\hotspot\src\share\vm\prims\jni.cpp, line 1615]
Event: 47.349 Thread 0x000000001cc3d800 Exception <a 'java/lang/NoSuchMethodError': <clinit>> (0x00000000e10b1518) thrown at [C:\src\AOSP-openjdk-git\hotspot\src\share\vm\prims\jni.cpp, line 1615]
Event: 47.350 Thread 0x000000001cc3d800 Exception <a 'java/lang/NoSuchMethodError': <clinit>> (0x00000000e10bc8c8) thrown at [C:\src\AOSP-openjdk-git\hotspot\src\share\vm\prims\jni.cpp, line 1615]
Event: 47.353 Thread 0x000000001cc3d800 Exception <a 'java/lang/NoSuchMethodError': <clinit>> (0x00000000e10cf858) thrown at [C:\src\AOSP-openjdk-git\hotspot\src\share\vm\prims\jni.cpp, line 1615]
Event: 47.355 Thread 0x000000001cc3d800 Exception <a 'java/lang/NoSuchMethodError': <clinit>> (0x00000000e10e90a8) thrown at [C:\src\AOSP-openjdk-git\hotspot\src\share\vm\prims\jni.cpp, line 1615]
Event: 47.356 Thread 0x000000001cc3d800 Exception <a 'java/lang/NoSuchMethodError': <clinit>> (0x00000000e10f9d38) thrown at [C:\src\AOSP-openjdk-git\hotspot\src\share\vm\prims\jni.cpp, line 1615]
Event: 393.888 Thread 0x0000000022949000 Implicit null exception at 0x0000000004aafbb1 to 0x0000000004ab2b79
Event: 394.305 Thread 0x0000000022949000 Exception <a 'sun/nio/fs/WindowsException'> (0x00000000e3b57c58) thrown at [C:\src\AOSP-openjdk-git\hotspot\src\share\vm\prims\jni.cpp, line 710]
Event: 394.943 Thread 0x000000001d25e800 Implicit null exception at 0x00000000040a43de to 0x00000000040a4561

Events (10 events):
Event: 396.216 Thread 0x000000001d264000 DEOPT PACKING pc=0x0000000003cf4bfc sp=0x000000002a5dcef0
Event: 396.217 Thread 0x000000001d264000 DEOPT UNPACKING pc=0x000000000337557b sp=0x000000002a5dcea0 mode 2
Event: 396.219 Thread 0x000000001a1b1800 flushing nmethod 0x0000000004cbaf90
Event: 396.219 Thread 0x000000001a1b1800 flushing nmethod 0x0000000004cc1dd0
Event: 396.219 Thread 0x000000001a1b1800 flushing nmethod 0x0000000004cca4d0
Event: 396.219 Thread 0x000000001a1b1800 flushing nmethod 0x0000000004ccabd0
Event: 396.221 Thread 0x000000001a1b1800 flushing nmethod 0x0000000004e78d50
Event: 396.221 Thread 0x000000001a1b1800 flushing nmethod 0x0000000004f0ec10
Event: 396.222 Thread 0x000000001a1b1800 flushing nmethod 0x0000000004f26f10
Event: 396.222 Thread 0x000000001a1b1800 flushing nmethod 0x0000000004f7cf50


Dynamic libraries:
0x00007ff7bc220000 - 0x00007ff7bc251000 	C:\Program Files\Android\Android Studio\jre\bin\java.exe
0x00007ffba64b0000 - 0x00007ffba66a5000 	C:\WINDOWS\SYSTEM32\ntdll.dll
0x00007ffba6380000 - 0x00007ffba643d000 	C:\WINDOWS\System32\KERNEL32.DLL
0x00007ffba3f20000 - 0x00007ffba41e7000 	C:\WINDOWS\System32\KERNELBASE.dll
0x00007ffba5a80000 - 0x00007ffba5b2a000 	C:\WINDOWS\System32\ADVAPI32.dll
0x00007ffba60c0000 - 0x00007ffba615e000 	C:\WINDOWS\System32\msvcrt.dll
0x00007ffba61c0000 - 0x00007ffba625b000 	C:\WINDOWS\System32\sechost.dll
0x00007ffba47f0000 - 0x00007ffba4913000 	C:\WINDOWS\System32\RPCRT4.dll
0x00007ffba4650000 - 0x00007ffba47f0000 	C:\WINDOWS\System32\USER32.dll
0x00007ffba3c00000 - 0x00007ffba3c22000 	C:\WINDOWS\System32\win32u.dll
0x00007ffba62d0000 - 0x00007ffba62fa000 	C:\WINDOWS\System32\GDI32.dll
0x00007ffba3c30000 - 0x00007ffba3d3a000 	C:\WINDOWS\System32\gdi32full.dll
0x00007ffba4320000 - 0x00007ffba43bd000 	C:\WINDOWS\System32\msvcp_win.dll
0x00007ffba3d40000 - 0x00007ffba3e40000 	C:\WINDOWS\System32\ucrtbase.dll
0x00007ffb8df00000 - 0x00007ffb8e19a000 	C:\WINDOWS\WinSxS\amd64_microsoft.windows.common-controls_6595b64144ccf1df_6.0.19041.1_none_b555e41d4684ddec\COMCTL32.dll
0x00007ffba6440000 - 0x00007ffba6470000 	C:\WINDOWS\System32\IMM32.DLL
0x0000000060940000 - 0x0000000060a12000 	C:\Program Files\Android\Android Studio\jre\jre\bin\msvcr100.dll
0x000000005fde0000 - 0x000000006062b000 	C:\Program Files\Android\Android Studio\jre\jre\bin\server\jvm.dll
0x00007ffba6260000 - 0x00007ffba6268000 	C:\WINDOWS\System32\PSAPI.DLL
0x00007ffb82150000 - 0x00007ffb82159000 	C:\WINDOWS\SYSTEM32\WSOCK32.dll
0x00007ffb9d140000 - 0x00007ffb9d14a000 	C:\WINDOWS\SYSTEM32\VERSION.dll
0x00007ffb8e350000 - 0x00007ffb8e377000 	C:\WINDOWS\SYSTEM32\WINMM.dll
0x00007ffba5be0000 - 0x00007ffba5c4b000 	C:\WINDOWS\System32\WS2_32.dll
0x00007ffb8aaa0000 - 0x00007ffb8aaaf000 	C:\Program Files\Android\Android Studio\jre\jre\bin\verify.dll
0x00007ffb74400000 - 0x00007ffb74429000 	C:\Program Files\Android\Android Studio\jre\jre\bin\java.dll
0x00007ffb6c790000 - 0x00007ffb6c7a6000 	C:\Program Files\Android\Android Studio\jre\jre\bin\zip.dll
0x00007ffba5340000 - 0x00007ffba5a80000 	C:\WINDOWS\System32\SHELL32.dll
0x00007ffba1d80000 - 0x00007ffba2511000 	C:\WINDOWS\SYSTEM32\windows.storage.dll
0x00007ffba4fe0000 - 0x00007ffba5333000 	C:\WINDOWS\System32\combase.dll
0x00007ffba3680000 - 0x00007ffba36ac000 	C:\WINDOWS\SYSTEM32\Wldp.dll
0x00007ffba5b30000 - 0x00007ffba5bde000 	C:\WINDOWS\System32\SHCORE.dll
0x00007ffba6160000 - 0x00007ffba61b5000 	C:\WINDOWS\System32\shlwapi.dll
0x00007ffba3b40000 - 0x00007ffba3b5f000 	C:\WINDOWS\SYSTEM32\profapi.dll
0x00007ffb6c770000 - 0x00007ffb6c78a000 	C:\Program Files\Android\Android Studio\jre\jre\bin\net.dll
0x00007ffba3400000 - 0x00007ffba346a000 	C:\WINDOWS\system32\mswsock.dll
0x00007ffb6c750000 - 0x00007ffb6c763000 	C:\Program Files\Android\Android Studio\jre\jre\bin\nio.dll
0x00007ffb40c40000 - 0x00007ffb40c67000 	C:\Users\WILLY\.gradle\native\f6784746aeab05261644944871eae4fe03e0ef1612fff0a4a95f87b438bc6780\windows-amd64\native-platform.dll
0x00007ffb87870000 - 0x00007ffb8787d000 	C:\Program Files\Android\Android Studio\jre\jre\bin\management.dll
0x00007ffba35e0000 - 0x00007ffba35f8000 	C:\WINDOWS\SYSTEM32\CRYPTSP.dll
0x00007ffba2d20000 - 0x00007ffba2d54000 	C:\WINDOWS\system32\rsaenh.dll
0x00007ffba3e40000 - 0x00007ffba3e67000 	C:\WINDOWS\System32\bcrypt.dll
0x00007ffba3b00000 - 0x00007ffba3b2e000 	C:\WINDOWS\SYSTEM32\USERENV.dll
0x00007ffba42a0000 - 0x00007ffba431f000 	C:\WINDOWS\System32\bcryptprimitives.dll
0x00007ffba35d0000 - 0x00007ffba35dc000 	C:\WINDOWS\SYSTEM32\CRYPTBASE.dll
0x00007ffba30a0000 - 0x00007ffba30db000 	C:\WINDOWS\SYSTEM32\IPHLPAPI.DLL
0x00007ffba5c60000 - 0x00007ffba5c69000 	C:\WINDOWS\System32\NSI.dll
0x00007ffb94fd0000 - 0x00007ffb94fe7000 	C:\WINDOWS\SYSTEM32\dhcpcsvc6.DLL
0x00007ffb95010000 - 0x00007ffb9502d000 	C:\WINDOWS\SYSTEM32\dhcpcsvc.DLL
0x00007ffba30f0000 - 0x00007ffba31ba000 	C:\WINDOWS\SYSTEM32\DNSAPI.dll
0x00007ffb97a50000 - 0x00007ffb97a5b000 	C:\WINDOWS\SYSTEM32\WINNSI.DLL
0x00007ffb3ce00000 - 0x00007ffb3cf9c000 	C:\Program Files\Android\Android Studio\jre\jre\bin\awt.dll
0x00007ffba4520000 - 0x00007ffba45ed000 	C:\WINDOWS\System32\OLEAUT32.dll
0x00007ffba11c0000 - 0x00007ffba11ef000 	C:\WINDOWS\SYSTEM32\dwmapi.dll
0x00007ffb9fc90000 - 0x00007ffba0250000 	C:\WINDOWS\SYSTEM32\d2d1.dll
0x00007ffba0e30000 - 0x00007ffba0ec0000 	C:\WINDOWS\SYSTEM32\apphelp.dll
0x00007ffba0fe0000 - 0x00007ffba107f000 	C:\WINDOWS\system32\uxtheme.dll

VM Arguments:
jvm_args: -Xmx2048m -Dfile.encoding=UTF-8 -Duser.country=US -Duser.language=en -Duser.variant 
java_command: org.gradle.launcher.daemon.bootstrap.GradleDaemon 6.5
java_class_path (initial): C:\Users\WILLY\.gradle\wrapper\dists\gradle-6.5-bin\6nifqtx7604sqp1q6g8wikw7p\gradle-6.5\lib\gradle-launcher-6.5.jar
Launcher Type: SUN_STANDARD

Environment Variables:
PATH=C:\Program Files (x86)\Common Files\Oracle\Java\javapath;C:\Python38\Scripts\;C:\Python38\;C:\WINDOWS\system32;C:\WINDOWS;C:\WINDOWS\System32\Wbem;C:\WINDOWS\System32\WindowsPowerShell\v1.0\;C:\WINDOWS\System32\OpenSSH\;C:\ProgramData\chocolatey\bin;C:\Program Files\nodejs\;C:\Program Files\TortoiseSVN\bin;C:\Program Files\VisualSVN Server\bin;C:\Program Files\Inkscape\bin;C:\Program Files\Git\cmd;C:\Users\WILLY\AppData\Local\Microsoft\WindowsApps;C:\Users\WILLY\AppData\Local\Programs\Microsoft VS Code\bin;C:\Users\WILLY\AppData\Roaming\npm;C:\Users\WILLY\AppData\Local\GitHubDesktop\bin;C:\Users\WILLY\AppData\Local\Android\Sdk\platform-tools;
USERNAME=WILLY
OS=Windows_NT
PROCESSOR_IDENTIFIER=Intel64 Family 6 Model 142 Stepping 11, GenuineIntel



---------------  S Y S T E M  ---------------

OS: Windows 10.0 , 64 bit Build 19041 (10.0.19041.292)

CPU:total 8 (initial active 8) (4 cores per cpu, 2 threads per core) family 6 model 142 stepping 11, cmov, cx8, fxsr, mmx, sse, sse2, sse3, ssse3, sse4.1, sse4.2, popcnt, avx, avx2, aes, clmul, erms, 3dnowpref, lzcnt, ht, tsc, tscinvbit, bmi1, bmi2, adx

Memory: 4k page, physical 16644896k(5482036k free), swap 18180896k(5124k free)

vm_info: OpenJDK 64-Bit Server VM (25.242-b01) for windows-amd64 JRE (1.8.0_242-release-1644-b01), built by "builder" with MS VC++ 10.0 (VS2010)

time: Thu Jan 21 18:54:54 2021
timezone: E. Africa Standard Time
elapsed time: 396 seconds (0d 0h 6m 36s)

