#
# There is insufficient memory for the Java Runtime Environment to continue.
# Native memory allocation (malloc) failed to allocate 1314256 bytes for Chunk::new
# Possible reasons:
#   The system is out of physical RAM or swap space
#   The process is running with CompressedOops enabled, and the Java Heap may be blocking the growth of the native heap
# Possible solutions:
#   Reduce memory load on the system
#   Increase physical memory or swap space
#   Check if swap backing store is full
#   Decrease Java heap size (-Xmx/-Xms)
#   Decrease number of Java threads
#   Decrease Java thread stack sizes (-Xss)
#   Set larger code cache with -XX:ReservedCodeCacheSize=
#   JVM is running with Unscaled Compressed Oops mode in which the Java heap is
#     placed in the first 4GB address space. The Java Heap base address is the
#     maximum limit for the native heap growth. Please use -XX:HeapBaseMinAddress
#     to set the Java Heap base and to place the Java Heap above 4GB virtual address.
# This output file may be truncated or incomplete.
#
#  Out of Memory Error (allocation.cpp:389), pid=13520, tid=0x0000000000004884
#
# JRE version: OpenJDK Runtime Environment (8.0_242-b01) (build 1.8.0_242-release-1644-b01)
# Java VM: OpenJDK 64-Bit Server VM (25.242-b01 mixed mode windows-amd64 compressed oops)
# Failed to write core dump. Minidumps are not enabled by default on client versions of Windows
#

---------------  T H R E A D  ---------------

Current thread (0x000000001839e000):  JavaThread "C2 CompilerThread1" daemon [_thread_in_native, id=18564, stack(0x000000001ab50000,0x000000001ac50000)]

Stack: [0x000000001ab50000,0x000000001ac50000]
[error occurred during error reporting (printing stack bounds), id 0xc0000005]

Native frames: (J=compiled Java code, j=interpreted, Vv=VM code, C=native code)


Current CompileTask:
C2:   3249 2586       4       groovy.lang.MetaClassImpl$1MOPIter::methodNameAction (325 bytes)


---------------  P R O C E S S  ---------------

Java Threads: ( => current thread )
  0x000000001d1f6800 JavaThread "Cache worker for file content cache (C:\Users\WILLY\.gradle\caches\6.5\fileContent)" [_thread_blocked, id=20148, stack(0x0000000023410000,0x0000000023510000)]
  0x000000001d1f6000 JavaThread "jar transforms" [_thread_blocked, id=17856, stack(0x0000000022b70000,0x0000000022c70000)]
  0x000000001d1fb000 JavaThread "Cache worker for execution history cache (C:\Users\WILLY\.gradle\caches\6.5\executionHistory)" [_thread_blocked, id=19920, stack(0x0000000022a70000,0x0000000022b70000)]
  0x000000001d1fc000 JavaThread "Cache worker for cache directory md-rule (C:\Users\WILLY\.gradle\caches\6.5\md-rule)" [_thread_blocked, id=20080, stack(0x0000000022970000,0x0000000022a70000)]
  0x000000001d1f8000 JavaThread "Cache worker for cache directory md-supplier (C:\Users\WILLY\.gradle\caches\6.5\md-supplier)" [_thread_blocked, id=6360, stack(0x0000000021620000,0x0000000021720000)]
  0x000000001d1f9000 JavaThread "Cache worker for checksums cache (C:\Users\WILLY\AndroidStudioProjects\MedicalApp\.gradle\checksums)" [_thread_blocked, id=10948, stack(0x0000000021520000,0x0000000021620000)]
  0x000000001d1fc800 JavaThread "Cache worker for file hash cache (C:\Users\WILLY\AndroidStudioProjects\MedicalApp\.gradle\6.5\fileHashes)" [_thread_blocked, id=13404, stack(0x0000000022d10000,0x0000000022e10000)]
  0x000000001d1fa800 JavaThread "Cache worker for file hash cache (C:\Users\WILLY\.gradle\caches\6.5\fileHashes)" [_thread_blocked, id=6760, stack(0x000000001f080000,0x000000001f180000)]
  0x000000001d1f9800 JavaThread "File lock request listener" [_thread_in_native, id=18004, stack(0x000000001ef80000,0x000000001f080000)]
  0x000000001b0fe000 JavaThread "Cache worker for journal cache (C:\Users\WILLY\.gradle\caches\journal-1)" [_thread_blocked, id=6852, stack(0x000000001ee80000,0x000000001ef80000)]
  0x000000001d18f000 JavaThread "Thread-9" [_thread_blocked, id=17768, stack(0x000000001eb80000,0x000000001ec80000)]
  0x000000001d197800 JavaThread "Stdin handler" [_thread_blocked, id=18312, stack(0x000000001ea80000,0x000000001eb80000)]
  0x000000001d196000 JavaThread "Asynchronous log dispatcher for DefaultDaemonConnection: socket connection from /127.0.0.1:65210 to /127.0.0.1:65211" [_thread_blocked, id=12664, stack(0x000000001e980000,0x000000001ea80000)]
  0x000000001d101000 JavaThread "Daemon worker" [_thread_in_Java, id=11644, stack(0x000000001e880000,0x000000001e980000)]
  0x000000001d177000 JavaThread "Cancel handler" [_thread_blocked, id=17548, stack(0x000000001e780000,0x000000001e880000)]
  0x000000001b84a000 JavaThread "Handler for socket connection from /127.0.0.1:65210 to /127.0.0.1:65211" [_thread_in_native, id=1344, stack(0x000000001e680000,0x000000001e780000)]
  0x000000001d0f2800 JavaThread "Daemon" [_thread_blocked, id=6784, stack(0x000000001e580000,0x000000001e680000)]
  0x000000001d0e7800 JavaThread "Daemon periodic checks" [_thread_blocked, id=13992, stack(0x000000001e280000,0x000000001e380000)]
  0x000000001d076800 JavaThread "Incoming local TCP Connector on port 65210" [_thread_in_native, id=13008, stack(0x000000001e040000,0x000000001e140000)]
  0x000000001d044800 JavaThread "Daemon health stats" [_thread_blocked, id=13684, stack(0x000000001c820000,0x000000001c920000)]
  0x000000001a219800 JavaThread "Service Thread" daemon [_thread_blocked, id=17144, stack(0x000000001ae50000,0x000000001af50000)]
  0x000000001a197800 JavaThread "C1 CompilerThread3" daemon [_thread_blocked, id=15828, stack(0x000000001ad50000,0x000000001ae50000)]
  0x000000001a190800 JavaThread "C2 CompilerThread2" daemon [_thread_in_native, id=13436, stack(0x000000001ac50000,0x000000001ad50000)]
=>0x000000001839e000 JavaThread "C2 CompilerThread1" daemon [_thread_in_native, id=18564, stack(0x000000001ab50000,0x000000001ac50000)]
  0x000000001a182000 JavaThread "C2 CompilerThread0" daemon [_thread_in_native, id=20116, stack(0x000000001aa50000,0x000000001ab50000)]
  0x000000001a181000 JavaThread "Attach Listener" daemon [_thread_blocked, id=8296, stack(0x000000001a950000,0x000000001aa50000)]
  0x000000001a180000 JavaThread "Signal Dispatcher" daemon [_thread_blocked, id=18936, stack(0x000000001a850000,0x000000001a950000)]
  0x000000000331c800 JavaThread "Finalizer" daemon [_thread_blocked, id=3180, stack(0x000000001a650000,0x000000001a750000)]
  0x000000001a170800 JavaThread "Reference Handler" daemon [_thread_blocked, id=12960, stack(0x000000001a550000,0x000000001a650000)]
  0x000000000318e000 JavaThread "main" [_thread_blocked, id=18952, stack(0x0000000003060000,0x0000000003160000)]

Other Threads:
  0x0000000018388000 VMThread [stack: 0x000000001a050000,0x000000001a150000] [id=15144]
  0x000000001a21a000 WatcherThread [stack: 0x000000001af50000,0x000000001b050000] [id=17888]

VM state:not at safepoint (normal execution)

VM Mutex/Monitor currently owned by a thread: None

heap address: 0x0000000080000000, size: 2048 MB, Compressed Oops mode: 32-bit
Narrow klass base: 0x0000000000000000, Narrow klass shift: 3
Compressed class space size: 1073741824 Address: 0x0000000100000000

Heap:
 PSYoungGen      total 140800K, used 1928K [0x00000000d5580000, 0x00000000de980000, 0x0000000100000000)
  eden space 130048K, 1% used [0x00000000d5580000,0x00000000d5762088,0x00000000dd480000)
  from space 10752K, 0% used [0x00000000ddf00000,0x00000000ddf00000,0x00000000de980000)
  to   space 10752K, 0% used [0x00000000dd480000,0x00000000dd480000,0x00000000ddf00000)
 ParOldGen       total 154624K, used 14699K [0x0000000080000000, 0x0000000089700000, 0x00000000d5580000)
  object space 154624K, 9% used [0x0000000080000000,0x0000000080e5ae70,0x0000000089700000)
 Metaspace       used 34299K, capacity 35468K, committed 35752K, reserved 1079296K
  class space    used 4723K, capacity 5003K, committed 5040K, reserved 1048576K

Card table byte_map: [0x00000000126e0000,0x0000000012af0000] byte_map_base: 0x00000000122e0000

Marking Bits: (ParMarkBitMap*) 0x00000000605af030
 Begin Bits: [0x00000000135a0000, 0x00000000155a0000)
 End Bits:   [0x00000000155a0000, 0x00000000175a0000)

Polling page: 0x0000000001490000

CodeCache: size=245760Kb used=10439Kb max_used=10439Kb free=235320Kb
 bounds [0x0000000003320000, 0x0000000003d60000, 0x0000000012320000]
 total_blobs=3395 nmethods=2706 adapters=600
 compilation: enabled

Compilation events (10 events):
Event: 3.099 Thread 0x000000001a197800 2708       3       java.util.concurrent.locks.ReentrantLock$NonfairSync::tryAcquire (6 bytes)
Event: 3.099 Thread 0x000000001a197800 nmethod 2708 0x0000000003d49010 code [0x0000000003d49180, 0x0000000003d49388]
Event: 3.100 Thread 0x000000001a197800 2710       3       jdk.internal.org.objectweb.asm.FieldWriter::getSize (262 bytes)
Event: 3.101 Thread 0x000000001a197800 nmethod 2710 0x0000000003d49410 code [0x0000000003d496a0, 0x0000000003d4a5a8]
Event: 3.123 Thread 0x000000001a197800 2711   !   3       java.lang.invoke.MethodHandleNatives::linkMethodHandleConstant (154 bytes)
Event: 3.124 Thread 0x000000001a197800 nmethod 2711 0x0000000003d4ad50 code [0x0000000003d4afa0, 0x0000000003d4bb58]
Event: 3.124 Thread 0x000000001a197800 2712       3       java.lang.invoke.MethodHandles$Lookup::linkMethodHandleConstant (185 bytes)
Event: 3.125 Thread 0x000000001a197800 nmethod 2712 0x0000000003d4c150 code [0x0000000003d4c400, 0x0000000003d4d8b8]
Event: 3.161 Thread 0x000000001a197800 2713       1       org.slf4j.impl.StaticLoggerBinder::getLoggerFactory (5 bytes)
Event: 3.161 Thread 0x000000001a197800 nmethod 2713 0x0000000003d4e1d0 code [0x0000000003d4e320, 0x0000000003d4e430]

GC Heap History (10 events):
Event: 2.078 GC heap before
{Heap before GC invocations=4 (full 0):
 PSYoungGen      total 75776K, used 21574K [0x00000000d5580000, 0x00000000de980000, 0x0000000100000000)
  eden space 65024K, 16% used [0x00000000d5580000,0x00000000d6011b28,0x00000000d9500000)
  from space 10752K, 99% used [0x00000000d9500000,0x00000000d9f7ff40,0x00000000d9f80000)
  to   space 10752K, 0% used [0x00000000ddf00000,0x00000000ddf00000,0x00000000de980000)
 ParOldGen       total 173568K, used 827K [0x0000000080000000, 0x000000008a980000, 0x00000000d5580000)
  object space 173568K, 0% used [0x0000000080000000,0x00000000800ced20,0x000000008a980000)
 Metaspace       used 20554K, capacity 21208K, committed 21296K, reserved 1067008K
  class space    used 2874K, capacity 3076K, committed 3120K, reserved 1048576K
Event: 2.084 GC heap after
Heap after GC invocations=4 (full 0):
 PSYoungGen      total 140800K, used 7397K [0x00000000d5580000, 0x00000000de980000, 0x0000000100000000)
  eden space 130048K, 0% used [0x00000000d5580000,0x00000000d5580000,0x00000000dd480000)
  from space 10752K, 68% used [0x00000000ddf00000,0x00000000de639458,0x00000000de980000)
  to   space 10752K, 0% used [0x00000000dd480000,0x00000000dd480000,0x00000000ddf00000)
 ParOldGen       total 173568K, used 835K [0x0000000080000000, 0x000000008a980000, 0x00000000d5580000)
  object space 173568K, 0% used [0x0000000080000000,0x00000000800d0d20,0x000000008a980000)
 Metaspace       used 20554K, capacity 21208K, committed 21296K, reserved 1067008K
  class space    used 2874K, capacity 3076K, committed 3120K, reserved 1048576K
}
Event: 2.084 GC heap before
{Heap before GC invocations=5 (full 1):
 PSYoungGen      total 140800K, used 7397K [0x00000000d5580000, 0x00000000de980000, 0x0000000100000000)
  eden space 130048K, 0% used [0x00000000d5580000,0x00000000d5580000,0x00000000dd480000)
  from space 10752K, 68% used [0x00000000ddf00000,0x00000000de639458,0x00000000de980000)
  to   space 10752K, 0% used [0x00000000dd480000,0x00000000dd480000,0x00000000ddf00000)
 ParOldGen       total 173568K, used 835K [0x0000000080000000, 0x000000008a980000, 0x00000000d5580000)
  object space 173568K, 0% used [0x0000000080000000,0x00000000800d0d20,0x000000008a980000)
 Metaspace       used 20554K, capacity 21208K, committed 21296K, reserved 1067008K
  class space    used 2874K, capacity 3076K, committed 3120K, reserved 1048576K
Event: 2.115 GC heap after
Heap after GC invocations=5 (full 1):
 PSYoungGen      total 140800K, used 0K [0x00000000d5580000, 0x00000000de980000, 0x0000000100000000)
  eden space 130048K, 0% used [0x00000000d5580000,0x00000000d5580000,0x00000000dd480000)
  from space 10752K, 0% used [0x00000000ddf00000,0x00000000ddf00000,0x00000000de980000)
  to   space 10752K, 0% used [0x00000000dd480000,0x00000000dd480000,0x00000000ddf00000)
 ParOldGen       total 96256K, used 7175K [0x0000000080000000, 0x0000000085e00000, 0x00000000d5580000)
  object space 96256K, 7% used [0x0000000080000000,0x0000000080701f98,0x0000000085e00000)
 Metaspace       used 20554K, capacity 21208K, committed 21296K, reserved 1067008K
  class space    used 2874K, capacity 3076K, committed 3120K, reserved 1048576K
}
Event: 2.951 GC heap before
{Heap before GC invocations=6 (full 1):
 PSYoungGen      total 140800K, used 130048K [0x00000000d5580000, 0x00000000de980000, 0x0000000100000000)
  eden space 130048K, 100% used [0x00000000d5580000,0x00000000dd480000,0x00000000dd480000)
  from space 10752K, 0% used [0x00000000ddf00000,0x00000000ddf00000,0x00000000de980000)
  to   space 10752K, 0% used [0x00000000dd480000,0x00000000dd480000,0x00000000ddf00000)
 ParOldGen       total 96256K, used 7175K [0x0000000080000000, 0x0000000085e00000, 0x00000000d5580000)
  object space 96256K, 7% used [0x0000000080000000,0x0000000080701f98,0x0000000085e00000)
 Metaspace       used 32714K, capacity 33690K, committed 33968K, reserved 1079296K
  class space    used 4473K, capacity 4719K, committed 4784K, reserved 1048576K
Event: 2.962 GC heap after
Heap after GC invocations=6 (full 1):
 PSYoungGen      total 140800K, used 10746K [0x00000000d5580000, 0x00000000de980000, 0x0000000100000000)
  eden space 130048K, 0% used [0x00000000d5580000,0x00000000d5580000,0x00000000dd480000)
  from space 10752K, 99% used [0x00000000dd480000,0x00000000ddefeb58,0x00000000ddf00000)
  to   space 10752K, 0% used [0x00000000ddf00000,0x00000000ddf00000,0x00000000de980000)
 ParOldGen       total 96256K, used 10557K [0x0000000080000000, 0x0000000085e00000, 0x00000000d5580000)
  object space 96256K, 10% used [0x0000000080000000,0x0000000080a4f548,0x0000000085e00000)
 Metaspace       used 32714K, capacity 33690K, committed 33968K, reserved 1079296K
  class space    used 4473K, capacity 4719K, committed 4784K, reserved 1048576K
}
Event: 3.177 GC heap before
{Heap before GC invocations=7 (full 1):
 PSYoungGen      total 140800K, used 42305K [0x00000000d5580000, 0x00000000de980000, 0x0000000100000000)
  eden space 130048K, 24% used [0x00000000d5580000,0x00000000d7451ba8,0x00000000dd480000)
  from space 10752K, 99% used [0x00000000dd480000,0x00000000ddefeb58,0x00000000ddf00000)
  to   space 10752K, 0% used [0x00000000ddf00000,0x00000000ddf00000,0x00000000de980000)
 ParOldGen       total 96256K, used 10557K [0x0000000080000000, 0x0000000085e00000, 0x00000000d5580000)
  object space 96256K, 10% used [0x0000000080000000,0x0000000080a4f548,0x0000000085e00000)
 Metaspace       used 34265K, capacity 35398K, committed 35496K, reserved 1079296K
  class space    used 4718K, capacity 5002K, committed 5040K, reserved 1048576K
Event: 3.185 GC heap after
Heap after GC invocations=7 (full 1):
 PSYoungGen      total 140800K, used 8281K [0x00000000d5580000, 0x00000000de980000, 0x0000000100000000)
  eden space 130048K, 0% used [0x00000000d5580000,0x00000000d5580000,0x00000000dd480000)
  from space 10752K, 77% used [0x00000000ddf00000,0x00000000de716528,0x00000000de980000)
  to   space 10752K, 0% used [0x00000000dd480000,0x00000000dd480000,0x00000000ddf00000)
 ParOldGen       total 96256K, used 10565K [0x0000000080000000, 0x0000000085e00000, 0x00000000d5580000)
  object space 96256K, 10% used [0x0000000080000000,0x0000000080a51548,0x0000000085e00000)
 Metaspace       used 34265K, capacity 35398K, committed 35496K, reserved 1079296K
  class space    used 4718K, capacity 5002K, committed 5040K, reserved 1048576K
}
Event: 3.185 GC heap before
{Heap before GC invocations=8 (full 2):
 PSYoungGen      total 140800K, used 8281K [0x00000000d5580000, 0x00000000de980000, 0x0000000100000000)
  eden space 130048K, 0% used [0x00000000d5580000,0x00000000d5580000,0x00000000dd480000)
  from space 10752K, 77% used [0x00000000ddf00000,0x00000000de716528,0x00000000de980000)
  to   space 10752K, 0% used [0x00000000dd480000,0x00000000dd480000,0x00000000ddf00000)
 ParOldGen       total 96256K, used 10565K [0x0000000080000000, 0x0000000085e00000, 0x00000000d5580000)
  object space 96256K, 10% used [0x0000000080000000,0x0000000080a51548,0x0000000085e00000)
 Metaspace       used 34265K, capacity 35398K, committed 35496K, reserved 1079296K
  class space    used 4718K, capacity 5002K, committed 5040K, reserved 1048576K
Event: 3.245 GC heap after
Heap after GC invocations=8 (full 2):
 PSYoungGen      total 140800K, used 0K [0x00000000d5580000, 0x00000000de980000, 0x0000000100000000)
  eden space 130048K, 0% used [0x00000000d5580000,0x00000000d5580000,0x00000000dd480000)
  from space 10752K, 0% used [0x00000000ddf00000,0x00000000ddf00000,0x00000000de980000)
  to   space 10752K, 0% used [0x00000000dd480000,0x00000000dd480000,0x00000000ddf00000)
 ParOldGen       total 154624K, used 14699K [0x0000000080000000, 0x0000000089700000, 0x00000000d5580000)
  object space 154624K, 9% used [0x0000000080000000,0x0000000080e5ae70,0x0000000089700000)
 Metaspace       used 34265K, capacity 35398K, committed 35496K, reserved 1079296K
  class space    used 4718K, capacity 5002K, committed 5040K, reserved 1048576K
}

Deoptimization events (10 events):
Event: 2.586 Thread 0x000000001d101000 Uncommon trap: reason=unstable_if action=reinterpret pc=0x000000000391f568 method=java.net.URLClassLoader.defineClass(Ljava/lang/String;Lsun/misc/Resource;)Ljava/lang/Class; @ 21
Event: 2.586 Thread 0x000000001d101000 Uncommon trap: reason=unstable_if action=reinterpret pc=0x0000000003815bb4 method=java.lang.ClassLoader.getClassLoadingLock(Ljava/lang/String;)Ljava/lang/Object; @ 6
Event: 2.747 Thread 0x000000001d101000 Uncommon trap: reason=unstable_if action=reinterpret pc=0x00000000038cca84 method=java.util.HashMap.getNode(ILjava/lang/Object;)Ljava/util/HashMap$Node; @ 53
Event: 2.747 Thread 0x000000001d101000 Uncommon trap: reason=unstable_if action=reinterpret pc=0x0000000003a4d6bc method=java.util.HashMap.putVal(ILjava/lang/Object;Ljava/lang/Object;ZZ)Ljava/lang/Object; @ 85
Event: 2.799 Thread 0x000000001d101000 Uncommon trap: reason=unstable_if action=reinterpret pc=0x0000000003c2f284 method=org.gradle.internal.reflect.PropertyAccessorType.isGetGetterName(Ljava/lang/String;)Z @ 14
Event: 2.814 Thread 0x000000001d101000 Uncommon trap: reason=unstable_if action=reinterpret pc=0x0000000003a10940 method=org.objectweb.asm.ByteVector.putShort(I)Lorg/objectweb/asm/ByteVector; @ 13
Event: 2.868 Thread 0x000000001d101000 Uncommon trap: reason=unstable_if action=reinterpret pc=0x000000000396ae74 method=java.net.URLClassLoader.defineClass(Ljava/lang/String;Lsun/misc/Resource;)Ljava/lang/Class; @ 21
Event: 2.907 Thread 0x000000001d101000 Uncommon trap: reason=unstable_if action=reinterpret pc=0x0000000003ccca80 method=org.codehaus.groovy.runtime.metaclass.MetaMethodIndex.addMethodToList(Ljava/lang/Object;Lgroovy/lang/MetaMethod;)Ljava/lang/Object; @ 226
Event: 2.963 Thread 0x000000001a170800 Uncommon trap: reason=unstable_if action=reinterpret pc=0x000000000391457c method=java.lang.ref.Reference.tryHandlePending(Z)Z @ 104
Event: 2.967 Thread 0x000000001d101000 Uncommon trap: reason=range_check action=make_not_entrant pc=0x0000000003ca8a24 method=java.lang.String.charAt(I)C @ 27

Classes redefined (0 events):
No events

Internal exceptions (10 events):
Event: 2.927 Thread 0x000000001d101000 Exception <a 'java/lang/ClassNotFoundException': org/gradle/api/internal/DefaultNamedDomainObjectCollectionCustomizer> (0x00000000dcf92908) thrown at [C:\src\AOSP-openjdk-git\hotspot\src\share\vm\classfile\systemDictionary.cpp, line 210]
Event: 2.929 Thread 0x000000001d101000 Exception <a 'java/lang/ClassNotFoundException': org/gradle/api/internal/DefaultNamedDomainObjectListCustomizer> (0x00000000dd0073c0) thrown at [C:\src\AOSP-openjdk-git\hotspot\src\share\vm\classfile\systemDictionary.cpp, line 210]
Event: 2.931 Thread 0x000000001d101000 Exception <a 'java/lang/ClassNotFoundException': org/gradle/api/internal/artifacts/DefaultArtifactRepositoryContainerCustomizer> (0x00000000dd07c1f0) thrown at [C:\src\AOSP-openjdk-git\hotspot\src\share\vm\classfile\systemDictionary.cpp, line 210]
Event: 2.932 Thread 0x000000001d101000 Exception <a 'java/lang/ClassNotFoundException': org/gradle/api/internal/artifacts/dsl/DefaultRepositoryHandlerCustomizer> (0x00000000dd0e15b8) thrown at [C:\src\AOSP-openjdk-git\hotspot\src\share\vm\classfile\systemDictionary.cpp, line 210]
Event: 2.934 Thread 0x000000001d101000 Exception <a 'java/lang/ClassNotFoundException': org/gradle/api/internal/artifacts/dsl/DefaultRepositoryHandler_DecoratedCustomizer> (0x00000000dd164d68) thrown at [C:\src\AOSP-openjdk-git\hotspot\src\share\vm\classfile\systemDictionary.cpp, line 210]
Event: 3.034 Thread 0x000000001d101000 Exception <a 'java/lang/ClassNotFoundException': org/gradle/api/internal/artifacts/dsl/dependencies/DefaultDependencyHandler_DecoratedBeanInfo> (0x00000000d6029d88) thrown at [C:\src\AOSP-openjdk-git\hotspot\src\share\vm\classfile\systemDictionary.cpp, li
Event: 3.036 Thread 0x000000001d101000 Exception <a 'java/lang/ClassNotFoundException': org/gradle/api/internal/artifacts/dsl/dependencies/DefaultDependencyHandlerBeanInfo> (0x00000000d60826c8) thrown at [C:\src\AOSP-openjdk-git\hotspot\src\share\vm\classfile\systemDictionary.cpp, line 210]
Event: 3.037 Thread 0x000000001d101000 Exception <a 'java/lang/ClassNotFoundException': org/gradle/api/internal/artifacts/dsl/dependencies/DefaultDependencyHandlerCustomizer> (0x00000000d60dc308) thrown at [C:\src\AOSP-openjdk-git\hotspot\src\share\vm\classfile\systemDictionary.cpp, line 210]
Event: 3.039 Thread 0x000000001d101000 Exception <a 'java/lang/ClassNotFoundException': org/gradle/api/internal/artifacts/dsl/dependencies/DefaultDependencyHandler_DecoratedCustomizer> (0x00000000d61670d8) thrown at [C:\src\AOSP-openjdk-git\hotspot\src\share\vm\classfile\systemDictionary.cpp, 
Event: 3.097 Thread 0x000000001d101000 Exception <a 'java/lang/NoSuchMethodError': java.lang.Object.lambda$static$0(Lorg/gradle/api/internal/artifacts/configurations/MutationValidator$MutationType;)V> (0x00000000d682dbe0) thrown at [C:\src\AOSP-openjdk-git\hotspot\src\share\vm\interpreter\link

Events (10 events):
Event: 3.175 loading class org/gradle/api/internal/artifacts/ivyservice/ivyresolve/ErrorHandlingModuleComponentRepository
Event: 3.175 loading class org/gradle/api/internal/artifacts/ivyservice/ivyresolve/ErrorHandlingModuleComponentRepository done
Event: 3.176 loading class org/gradle/api/internal/artifacts/ivyservice/ivyresolve/ErrorHandlingModuleComponentRepository$ErrorHandlingModuleComponentRepositoryAccess
Event: 3.176 loading class org/gradle/api/internal/artifacts/ivyservice/ivyresolve/ErrorHandlingModuleComponentRepository$ErrorHandlingModuleComponentRepositoryAccess done
Event: 3.176 Executing VM operation: CollectForMetadataAllocation
Event: 3.245 Executing VM operation: CollectForMetadataAllocation done
Event: 3.246 loading class org/gradle/api/internal/artifacts/ivyservice/ivyresolve/RepositoryBlacklister$NoOpBlacklister
Event: 3.246 loading class org/gradle/api/internal/artifacts/ivyservice/ivyresolve/RepositoryBlacklister$NoOpBlacklister done
Event: 3.247 loading class org/gradle/api/internal/artifacts/repositories/DefaultMavenRepositoryContentDescriptor
Event: 3.247 loading class org/gradle/api/internal/artifacts/repositories/DefaultMavenRepositoryContentDescriptor done


Dynamic libraries:
0x00007ff7bc220000 - 0x00007ff7bc251000 	C:\Program Files\Android\Android Studio\jre\bin\java.exe
0x00007ffba64b0000 - 0x00007ffba66a5000 	C:\WINDOWS\SYSTEM32\ntdll.dll
0x00007ffba6380000 - 0x00007ffba643d000 	C:\WINDOWS\System32\KERNEL32.DLL
0x00007ffba3f20000 - 0x00007ffba41e7000 	C:\WINDOWS\System32\KERNELBASE.dll
0x00007ffba5a80000 - 0x00007ffba5b2a000 	C:\WINDOWS\System32\ADVAPI32.dll
0x00007ffba60c0000 - 0x00007ffba615e000 	C:\WINDOWS\System32\msvcrt.dll
0x00007ffba61c0000 - 0x00007ffba625b000 	C:\WINDOWS\System32\sechost.dll
0x00007ffba47f0000 - 0x00007ffba4913000 	C:\WINDOWS\System32\RPCRT4.dll
0x00007ffba4650000 - 0x00007ffba47f0000 	C:\WINDOWS\System32\USER32.dll
0x00007ffba3c00000 - 0x00007ffba3c22000 	C:\WINDOWS\System32\win32u.dll
0x00007ffba62d0000 - 0x00007ffba62fa000 	C:\WINDOWS\System32\GDI32.dll
0x00007ffba3c30000 - 0x00007ffba3d3a000 	C:\WINDOWS\System32\gdi32full.dll
0x00007ffba4320000 - 0x00007ffba43bd000 	C:\WINDOWS\System32\msvcp_win.dll
0x00007ffba3d40000 - 0x00007ffba3e40000 	C:\WINDOWS\System32\ucrtbase.dll
0x00007ffb8df00000 - 0x00007ffb8e19a000 	C:\WINDOWS\WinSxS\amd64_microsoft.windows.common-controls_6595b64144ccf1df_6.0.19041.1_none_b555e41d4684ddec\COMCTL32.dll
0x00007ffba6440000 - 0x00007ffba6470000 	C:\WINDOWS\System32\IMM32.DLL
0x0000000060940000 - 0x0000000060a12000 	C:\Program Files\Android\Android Studio\jre\jre\bin\msvcr100.dll
0x000000005fde0000 - 0x000000006062b000 	C:\Program Files\Android\Android Studio\jre\jre\bin\server\jvm.dll
0x00007ffba6260000 - 0x00007ffba6268000 	C:\WINDOWS\System32\PSAPI.DLL
0x00007ffb82150000 - 0x00007ffb82159000 	C:\WINDOWS\SYSTEM32\WSOCK32.dll
0x00007ffba5be0000 - 0x00007ffba5c4b000 	C:\WINDOWS\System32\WS2_32.dll
0x00007ffb8e350000 - 0x00007ffb8e377000 	C:\WINDOWS\SYSTEM32\WINMM.dll
0x00007ffb9d140000 - 0x00007ffb9d14a000 	C:\WINDOWS\SYSTEM32\VERSION.dll
0x00007ffb8aaa0000 - 0x00007ffb8aaaf000 	C:\Program Files\Android\Android Studio\jre\jre\bin\verify.dll
0x00007ffb74400000 - 0x00007ffb74429000 	C:\Program Files\Android\Android Studio\jre\jre\bin\java.dll
0x00007ffb6c790000 - 0x00007ffb6c7a6000 	C:\Program Files\Android\Android Studio\jre\jre\bin\zip.dll
0x00007ffba5340000 - 0x00007ffba5a80000 	C:\WINDOWS\System32\SHELL32.dll
0x00007ffba1d80000 - 0x00007ffba2511000 	C:\WINDOWS\SYSTEM32\windows.storage.dll
0x00007ffba4fe0000 - 0x00007ffba5333000 	C:\WINDOWS\System32\combase.dll
0x00007ffba3680000 - 0x00007ffba36ac000 	C:\WINDOWS\SYSTEM32\Wldp.dll
0x00007ffba5b30000 - 0x00007ffba5bde000 	C:\WINDOWS\System32\SHCORE.dll
0x00007ffba6160000 - 0x00007ffba61b5000 	C:\WINDOWS\System32\shlwapi.dll
0x00007ffba3b40000 - 0x00007ffba3b5f000 	C:\WINDOWS\SYSTEM32\profapi.dll
0x00007ffb6c770000 - 0x00007ffb6c78a000 	C:\Program Files\Android\Android Studio\jre\jre\bin\net.dll
0x00007ffba3400000 - 0x00007ffba346a000 	C:\WINDOWS\system32\mswsock.dll
0x00007ffb6c750000 - 0x00007ffb6c763000 	C:\Program Files\Android\Android Studio\jre\jre\bin\nio.dll
0x00007ffb40c40000 - 0x00007ffb40c67000 	C:\Users\WILLY\.gradle\native\f6784746aeab05261644944871eae4fe03e0ef1612fff0a4a95f87b438bc6780\windows-amd64\native-platform.dll
0x00007ffb87870000 - 0x00007ffb8787d000 	C:\Program Files\Android\Android Studio\jre\jre\bin\management.dll
0x00007ffba35e0000 - 0x00007ffba35f8000 	C:\WINDOWS\SYSTEM32\CRYPTSP.dll
0x00007ffba2d20000 - 0x00007ffba2d54000 	C:\WINDOWS\system32\rsaenh.dll
0x00007ffba3e40000 - 0x00007ffba3e67000 	C:\WINDOWS\System32\bcrypt.dll
0x00007ffba3b00000 - 0x00007ffba3b2e000 	C:\WINDOWS\SYSTEM32\USERENV.dll
0x00007ffba42a0000 - 0x00007ffba431f000 	C:\WINDOWS\System32\bcryptprimitives.dll
0x00007ffba35d0000 - 0x00007ffba35dc000 	C:\WINDOWS\SYSTEM32\CRYPTBASE.dll
0x00007ffba30a0000 - 0x00007ffba30db000 	C:\WINDOWS\SYSTEM32\IPHLPAPI.DLL
0x00007ffba5c60000 - 0x00007ffba5c69000 	C:\WINDOWS\System32\NSI.dll
0x00007ffb94fd0000 - 0x00007ffb94fe7000 	C:\WINDOWS\SYSTEM32\dhcpcsvc6.DLL
0x00007ffb95010000 - 0x00007ffb9502d000 	C:\WINDOWS\SYSTEM32\dhcpcsvc.DLL
0x00007ffba30f0000 - 0x00007ffba31ba000 	C:\WINDOWS\SYSTEM32\DNSAPI.dll
0x00007ffb97a50000 - 0x00007ffb97a5b000 	C:\WINDOWS\SYSTEM32\WINNSI.DLL

VM Arguments:
jvm_args: -Xmx2048m -Dfile.encoding=UTF-8 -Duser.country=US -Duser.language=en -Duser.variant 
java_command: org.gradle.launcher.daemon.bootstrap.GradleDaemon 6.5
java_class_path (initial): C:\Users\WILLY\.gradle\wrapper\dists\gradle-6.5-all\2oz4ud9k3tuxjg84bbf55q0tn\gradle-6.5\lib\gradle-launcher-6.5.jar
Launcher Type: SUN_STANDARD

Environment Variables:
PATH=C:\Program Files (x86)\Common Files\Oracle\Java\javapath;C:\Python38\Scripts\;C:\Python38\;C:\WINDOWS\system32;C:\WINDOWS;C:\WINDOWS\System32\Wbem;C:\WINDOWS\System32\WindowsPowerShell\v1.0\;C:\WINDOWS\System32\OpenSSH\;C:\ProgramData\chocolatey\bin;C:\Program Files\nodejs\;C:\Program Files\TortoiseSVN\bin;C:\Program Files\VisualSVN Server\bin;C:\Program Files\Inkscape\bin;C:\Program Files\Git\cmd;C:\Users\WILLY\AppData\Local\Microsoft\WindowsApps;C:\Users\WILLY\AppData\Local\Programs\Microsoft VS Code\bin;C:\Users\WILLY\AppData\Roaming\npm;C:\Users\WILLY\AppData\Local\GitHubDesktop\bin;C:\Users\WILLY\AppData\Local\Android\Sdk\platform-tools;
USERNAME=WILLY
OS=Windows_NT
PROCESSOR_IDENTIFIER=Intel64 Family 6 Model 142 Stepping 11, GenuineIntel



---------------  S Y S T E M  ---------------

OS: Windows 10.0 , 64 bit Build 19041 (10.0.19041.292)

CPU:total 8 (initial active 8) (4 cores per cpu, 2 threads per core) family 6 model 142 stepping 11, cmov, cx8, fxsr, mmx, sse, sse2, sse3, ssse3, sse4.1, sse4.2, popcnt, avx, avx2, aes, clmul, erms, 3dnowpref, lzcnt, ht, tsc, tscinvbit, bmi1, bmi2, adx

Memory: 4k page, physical 16644896k(5193480k free), swap 18180896k(5256k free)

vm_info: OpenJDK 64-Bit Server VM (25.242-b01) for windows-amd64 JRE (1.8.0_242-release-1644-b01), built by "builder" with MS VC++ 10.0 (VS2010)

time: Thu Jan 21 19:30:44 2021
timezone: E. Africa Standard Time
elapsed time: 3 seconds (0d 0h 0m 3s)

