#
# There is insufficient memory for the Java Runtime Environment to continue.
# Native memory allocation (malloc) failed to allocate 1992016 bytes for Chunk::new
# Possible reasons:
#   The system is out of physical RAM or swap space
#   The process is running with CompressedOops enabled, and the Java Heap may be blocking the growth of the native heap
# Possible solutions:
#   Reduce memory load on the system
#   Increase physical memory or swap space
#   Check if swap backing store is full
#   Decrease Java heap size (-Xmx/-Xms)
#   Decrease number of Java threads
#   Decrease Java thread stack sizes (-Xss)
#   Set larger code cache with -XX:ReservedCodeCacheSize=
#   JVM is running with Unscaled Compressed Oops mode in which the Java heap is
#     placed in the first 4GB address space. The Java Heap base address is the
#     maximum limit for the native heap growth. Please use -XX:HeapBaseMinAddress
#     to set the Java Heap base and to place the Java Heap above 4GB virtual address.
# This output file may be truncated or incomplete.
#
#  Out of Memory Error (allocation.cpp:389), pid=15584, tid=0x0000000000002dac
#
# JRE version: OpenJDK Runtime Environment (8.0_242-b01) (build 1.8.0_242-release-1644-b01)
# Java VM: OpenJDK 64-Bit Server VM (25.242-b01 mixed mode windows-amd64 compressed oops)
# Failed to write core dump. Minidumps are not enabled by default on client versions of Windows
#

---------------  T H R E A D  ---------------

Current thread (0x0000000019767000):  JavaThread "C2 CompilerThread1" daemon [_thread_in_native, id=11692, stack(0x000000001a130000,0x000000001a230000)]

Stack: [0x000000001a130000,0x000000001a230000]
[error occurred during error reporting (printing stack bounds), id 0xc0000005]

Native frames: (J=compiled Java code, j=interpreted, Vv=VM code, C=native code)


Current CompileTask:
C2:   3396 2562       4       groovy.lang.MetaClassImpl$1MOPIter::methodNameAction (325 bytes)


---------------  P R O C E S S  ---------------

Java Threads: ( => current thread )
  0x000000001f0e8800 JavaThread "jar transforms Thread 7" [_thread_new, id=19308, stack(0x0000000000000000,0x0000000000000000)]
  0x000000001f0eb800 JavaThread "jar transforms Thread 6" [_thread_blocked, id=18520, stack(0x0000000024d60000,0x0000000024e60000)]
  0x000000001f0ea000 JavaThread "jar transforms Thread 5" [_thread_blocked, id=3480, stack(0x0000000024c60000,0x0000000024d60000)]
  0x000000001f0ec000 JavaThread "jar transforms Thread 4" [_thread_blocked, id=19004, stack(0x0000000024b60000,0x0000000024c60000)]
  0x000000001f0ef000 JavaThread "jar transforms Thread 3" [_thread_blocked, id=9808, stack(0x0000000024a60000,0x0000000024b60000)]
  0x000000001f0e2800 JavaThread "jar transforms Thread 2" [_thread_blocked, id=7740, stack(0x0000000024960000,0x0000000024a60000)]
  0x000000001f0e9000 JavaThread "Build operations Thread 8" [_thread_blocked, id=1716, stack(0x0000000024760000,0x0000000024860000)]
  0x000000001f0e1800 JavaThread "Build operations Thread 7" [_thread_blocked, id=19916, stack(0x0000000024660000,0x0000000024760000)]
  0x000000001f0e1000 JavaThread "Build operations Thread 6" [_thread_blocked, id=19652, stack(0x0000000024560000,0x0000000024660000)]
  0x000000001f0e3000 JavaThread "Build operations Thread 5" [_thread_blocked, id=18088, stack(0x0000000024460000,0x0000000024560000)]
  0x000000001f0e7800 JavaThread "Build operations Thread 4" [_thread_blocked, id=12404, stack(0x0000000024360000,0x0000000024460000)]
  0x000000001f0e0000 JavaThread "Build operations Thread 3" [_thread_blocked, id=2944, stack(0x0000000024260000,0x0000000024360000)]
  0x000000001f0e7000 JavaThread "Build operations Thread 2" [_thread_blocked, id=14860, stack(0x0000000024160000,0x0000000024260000)]
  0x000000001f0e6000 JavaThread "Build operations" [_thread_blocked, id=19880, stack(0x0000000024060000,0x0000000024160000)]
  0x000000001c34d000 JavaThread "Cache worker for file content cache (C:\Users\WILLY\.gradle\caches\6.5\fileContent)" [_thread_blocked, id=20424, stack(0x0000000022990000,0x0000000022a90000)]
  0x000000001c34a800 JavaThread "jar transforms" [_thread_blocked, id=11472, stack(0x0000000022890000,0x0000000022990000)]
  0x000000001c34c000 JavaThread "Cache worker for execution history cache (C:\Users\WILLY\.gradle\caches\6.5\executionHistory)" [_thread_blocked, id=13588, stack(0x0000000022190000,0x0000000022290000)]
  0x000000001c34a000 JavaThread "Cache worker for cache directory md-rule (C:\Users\WILLY\.gradle\caches\6.5\md-rule)" [_thread_blocked, id=18536, stack(0x0000000022090000,0x0000000022190000)]
  0x000000001c349000 JavaThread "Cache worker for cache directory md-supplier (C:\Users\WILLY\.gradle\caches\6.5\md-supplier)" [_thread_blocked, id=18708, stack(0x0000000020d30000,0x0000000020e30000)]
  0x000000001c34b800 JavaThread "Cache worker for checksums cache (C:\Users\WILLY\AndroidStudioProjects\MedicalApp\.gradle\checksums)" [_thread_blocked, id=6128, stack(0x0000000020c30000,0x0000000020d30000)]
  0x000000001c348800 JavaThread "Cache worker for file hash cache (C:\Users\WILLY\AndroidStudioProjects\MedicalApp\.gradle\6.5\fileHashes)" [_thread_blocked, id=11324, stack(0x000000001e750000,0x000000001e850000)]
  0x000000001c34f000 JavaThread "Cache worker for file hash cache (C:\Users\WILLY\.gradle\caches\6.5\fileHashes)" [_thread_in_native, id=5328, stack(0x000000001e650000,0x000000001e750000)]
  0x000000001c34d800 JavaThread "File lock request listener" [_thread_in_native, id=6300, stack(0x000000001e550000,0x000000001e650000)]
  0x0000000019889800 JavaThread "Cache worker for journal cache (C:\Users\WILLY\.gradle\caches\journal-1)" [_thread_blocked, id=16564, stack(0x000000001e450000,0x000000001e550000)]
  0x000000001c2fc800 JavaThread "Thread-9" [_thread_blocked, id=17572, stack(0x000000001e150000,0x000000001e250000)]
  0x000000001c2f2000 JavaThread "Stdin handler" [_thread_blocked, id=13800, stack(0x000000001e050000,0x000000001e150000)]
  0x000000001c2c2800 JavaThread "Asynchronous log dispatcher for DefaultDaemonConnection: socket connection from /127.0.0.1:65059 to /127.0.0.1:65060" [_thread_blocked, id=2244, stack(0x000000001df50000,0x000000001e050000)]
  0x000000001c2dd800 JavaThread "Daemon worker" [_thread_in_vm, id=16656, stack(0x000000001de50000,0x000000001df50000)]
  0x000000001c2be000 JavaThread "Cancel handler" [_thread_blocked, id=16992, stack(0x000000001dd50000,0x000000001de50000)]
  0x000000001c2ab000 JavaThread "Handler for socket connection from /127.0.0.1:65059 to /127.0.0.1:65060" [_thread_in_native, id=13484, stack(0x000000001dc50000,0x000000001dd50000)]
  0x000000001c2ae800 JavaThread "Daemon" [_thread_blocked, id=7536, stack(0x000000001db50000,0x000000001dc50000)]
  0x000000001c29d800 JavaThread "Daemon periodic checks" [_thread_blocked, id=17940, stack(0x000000001d850000,0x000000001d950000)]
  0x000000001c230000 JavaThread "Incoming local TCP Connector on port 65059" [_thread_in_native, id=5844, stack(0x000000001d610000,0x000000001d710000)]
  0x000000001c157800 JavaThread "Daemon health stats" [_thread_blocked, id=14924, stack(0x000000001cfd0000,0x000000001d0d0000)]
  0x00000000197ef800 JavaThread "Service Thread" daemon [_thread_blocked, id=9364, stack(0x000000001a430000,0x000000001a530000)]
  0x000000001976d000 JavaThread "C1 CompilerThread3" daemon [_thread_in_native, id=15344, stack(0x000000001a330000,0x000000001a430000)]
  0x0000000019768800 JavaThread "C2 CompilerThread2" daemon [_thread_in_native, id=16864, stack(0x000000001a230000,0x000000001a330000)]
=>0x0000000019767000 JavaThread "C2 CompilerThread1" daemon [_thread_in_native, id=11692, stack(0x000000001a130000,0x000000001a230000)]
  0x000000001975f800 JavaThread "C2 CompilerThread0" daemon [_thread_blocked, id=11112, stack(0x000000001a030000,0x000000001a130000)]
  0x000000001975e000 JavaThread "Attach Listener" daemon [_thread_blocked, id=18988, stack(0x0000000019f30000,0x000000001a030000)]
  0x000000001795e000 JavaThread "Signal Dispatcher" daemon [_thread_blocked, id=9772, stack(0x0000000019e30000,0x0000000019f30000)]
  0x0000000019751000 JavaThread "Finalizer" daemon [_thread_blocked, id=14692, stack(0x0000000019c30000,0x0000000019d30000)]
  0x0000000019750800 JavaThread "Reference Handler" daemon [_thread_blocked, id=19704, stack(0x0000000019b30000,0x0000000019c30000)]
  0x00000000027de000 JavaThread "main" [_thread_blocked, id=13396, stack(0x0000000002660000,0x0000000002760000)]

Other Threads:
  0x0000000017948000 VMThread [stack: 0x0000000019630000,0x0000000019730000] [id=14960]
  0x00000000197f0800 WatcherThread [stack: 0x000000001a530000,0x000000001a630000] [id=16572]

VM state:not at safepoint (normal execution)

VM Mutex/Monitor currently owned by a thread: None

heap address: 0x0000000080000000, size: 2048 MB, Compressed Oops mode: 32-bit
Narrow klass base: 0x0000000000000000, Narrow klass shift: 3
Compressed class space size: 1073741824 Address: 0x0000000100000000

Heap:
 PSYoungGen      total 233984K, used 52009K [0x00000000d5580000, 0x00000000e4c80000, 0x0000000100000000)
  eden space 218112K, 23% used [0x00000000d5580000,0x00000000d884a448,0x00000000e2a80000)
  from space 15872K, 0% used [0x00000000e3980000,0x00000000e3980000,0x00000000e4900000)
  to   space 15360K, 0% used [0x00000000e2a80000,0x00000000e2a80000,0x00000000e3980000)
 ParOldGen       total 139264K, used 14740K [0x0000000080000000, 0x0000000088800000, 0x00000000d5580000)
  object space 139264K, 10% used [0x0000000080000000,0x0000000080e65048,0x0000000088800000)
 Metaspace       used 36268K, capacity 37812K, committed 37928K, reserved 1081344K
  class space    used 4997K, capacity 5341K, committed 5424K, reserved 1048576K

Card table byte_map: [0x0000000011ca0000,0x00000000120b0000] byte_map_base: 0x00000000118a0000

Marking Bits: (ParMarkBitMap*) 0x00000000605af030
 Begin Bits: [0x0000000012b60000, 0x0000000014b60000)
 End Bits:   [0x0000000014b60000, 0x0000000016b60000)

Polling page: 0x0000000002640000

CodeCache: size=245760Kb used=11706Kb max_used=11717Kb free=234053Kb
 bounds [0x00000000028e0000, 0x0000000003460000, 0x00000000118e0000]
 total_blobs=4062 nmethods=3362 adapters=613
 compilation: enabled

Compilation events (10 events):
Event: 3.395 Thread 0x0000000019768800 3353       4       java.util.regex.Pattern::peek (26 bytes)
Event: 3.395 Thread 0x000000001976d000 nmethod 3351 0x000000000344d950 code [0x000000000344db00, 0x000000000344e0e8]
Event: 3.395 Thread 0x000000001976d000 3354       3       java.lang.Character::isBmpCodePoint (13 bytes)
Event: 3.395 Thread 0x000000001976d000 nmethod 3354 0x000000000344e2d0 code [0x000000000344e420, 0x000000000344e5b0]
Event: 3.395 Thread 0x000000001976d000 3356   !   3       org.gradle.cache.internal.LockOnDemandCrossProcessCacheAccess::decrementLockCount (86 bytes)
Event: 3.395 Thread 0x000000001976d000 nmethod 3356 0x000000000344e610 code [0x000000000344e7e0, 0x000000000344edc8]
Event: 3.395 Thread 0x000000001976d000 3355       3       java.util.regex.Pattern$Curly::study (153 bytes)
Event: 3.395 Thread 0x0000000019768800 nmethod 3353 0x0000000003451d10 code [0x0000000003451e40, 0x0000000003451f18]
Event: 3.395 Thread 0x000000001976d000 nmethod 3355 0x0000000003451410 code [0x00000000034515a0, 0x0000000003451b58]
Event: 3.395 Thread 0x000000001976d000 3358       3       java.math.BigInteger::longValue (32 bytes)

GC Heap History (10 events):
Event: 1.950 GC heap before
{Heap before GC invocations=4 (full 0):
 PSYoungGen      total 75776K, used 20855K [0x00000000d5580000, 0x00000000de980000, 0x0000000100000000)
  eden space 65024K, 15% used [0x00000000d5580000,0x00000000d5f5e8a0,0x00000000d9500000)
  from space 10752K, 99% used [0x00000000d9500000,0x00000000d9f7f5c8,0x00000000d9f80000)
  to   space 10752K, 0% used [0x00000000ddf00000,0x00000000ddf00000,0x00000000de980000)
 ParOldGen       total 173568K, used 765K [0x0000000080000000, 0x000000008a980000, 0x00000000d5580000)
  object space 173568K, 0% used [0x0000000080000000,0x00000000800bf5a0,0x000000008a980000)
 Metaspace       used 20555K, capacity 21212K, committed 21296K, reserved 1067008K
  class space    used 2874K, capacity 3076K, committed 3120K, reserved 1048576K
Event: 1.956 GC heap after
Heap after GC invocations=4 (full 0):
 PSYoungGen      total 140800K, used 7382K [0x00000000d5580000, 0x00000000de980000, 0x0000000100000000)
  eden space 130048K, 0% used [0x00000000d5580000,0x00000000d5580000,0x00000000dd480000)
  from space 10752K, 68% used [0x00000000ddf00000,0x00000000de6358a8,0x00000000de980000)
  to   space 10752K, 0% used [0x00000000dd480000,0x00000000dd480000,0x00000000ddf00000)
 ParOldGen       total 173568K, used 773K [0x0000000080000000, 0x000000008a980000, 0x00000000d5580000)
  object space 173568K, 0% used [0x0000000080000000,0x00000000800c15a0,0x000000008a980000)
 Metaspace       used 20555K, capacity 21212K, committed 21296K, reserved 1067008K
  class space    used 2874K, capacity 3076K, committed 3120K, reserved 1048576K
}
Event: 1.956 GC heap before
{Heap before GC invocations=5 (full 1):
 PSYoungGen      total 140800K, used 7382K [0x00000000d5580000, 0x00000000de980000, 0x0000000100000000)
  eden space 130048K, 0% used [0x00000000d5580000,0x00000000d5580000,0x00000000dd480000)
  from space 10752K, 68% used [0x00000000ddf00000,0x00000000de6358a8,0x00000000de980000)
  to   space 10752K, 0% used [0x00000000dd480000,0x00000000dd480000,0x00000000ddf00000)
 ParOldGen       total 173568K, used 773K [0x0000000080000000, 0x000000008a980000, 0x00000000d5580000)
  object space 173568K, 0% used [0x0000000080000000,0x00000000800c15a0,0x000000008a980000)
 Metaspace       used 20555K, capacity 21212K, committed 21296K, reserved 1067008K
  class space    used 2874K, capacity 3076K, committed 3120K, reserved 1048576K
Event: 1.983 GC heap after
Heap after GC invocations=5 (full 1):
 PSYoungGen      total 140800K, used 0K [0x00000000d5580000, 0x00000000de980000, 0x0000000100000000)
  eden space 130048K, 0% used [0x00000000d5580000,0x00000000d5580000,0x00000000dd480000)
  from space 10752K, 0% used [0x00000000ddf00000,0x00000000ddf00000,0x00000000de980000)
  to   space 10752K, 0% used [0x00000000dd480000,0x00000000dd480000,0x00000000ddf00000)
 ParOldGen       total 92672K, used 7193K [0x0000000080000000, 0x0000000085a80000, 0x00000000d5580000)
  object space 92672K, 7% used [0x0000000080000000,0x0000000080706518,0x0000000085a80000)
 Metaspace       used 20555K, capacity 21212K, committed 21296K, reserved 1067008K
  class space    used 2874K, capacity 3076K, committed 3120K, reserved 1048576K
}
Event: 2.793 GC heap before
{Heap before GC invocations=6 (full 1):
 PSYoungGen      total 140800K, used 130048K [0x00000000d5580000, 0x00000000de980000, 0x0000000100000000)
  eden space 130048K, 100% used [0x00000000d5580000,0x00000000dd480000,0x00000000dd480000)
  from space 10752K, 0% used [0x00000000ddf00000,0x00000000ddf00000,0x00000000de980000)
  to   space 10752K, 0% used [0x00000000dd480000,0x00000000dd480000,0x00000000ddf00000)
 ParOldGen       total 92672K, used 7193K [0x0000000080000000, 0x0000000085a80000, 0x00000000d5580000)
  object space 92672K, 7% used [0x0000000080000000,0x0000000080706518,0x0000000085a80000)
 Metaspace       used 32727K, capacity 33752K, committed 33968K, reserved 1079296K
  class space    used 4474K, capacity 4718K, committed 4784K, reserved 1048576K
Event: 2.804 GC heap after
Heap after GC invocations=6 (full 1):
 PSYoungGen      total 140800K, used 10720K [0x00000000d5580000, 0x00000000e4900000, 0x0000000100000000)
  eden space 130048K, 0% used [0x00000000d5580000,0x00000000d5580000,0x00000000dd480000)
  from space 10752K, 99% used [0x00000000dd480000,0x00000000ddef80f8,0x00000000ddf00000)
  to   space 15872K, 0% used [0x00000000e3980000,0x00000000e3980000,0x00000000e4900000)
 ParOldGen       total 92672K, used 10580K [0x0000000080000000, 0x0000000085a80000, 0x00000000d5580000)
  object space 92672K, 11% used [0x0000000080000000,0x0000000080a55090,0x0000000085a80000)
 Metaspace       used 32727K, capacity 33752K, committed 33968K, reserved 1079296K
  class space    used 4474K, capacity 4718K, committed 4784K, reserved 1048576K
}
Event: 2.984 GC heap before
{Heap before GC invocations=7 (full 1):
 PSYoungGen      total 140800K, used 42812K [0x00000000d5580000, 0x00000000e4900000, 0x0000000100000000)
  eden space 130048K, 24% used [0x00000000d5580000,0x00000000d74d7150,0x00000000dd480000)
  from space 10752K, 99% used [0x00000000dd480000,0x00000000ddef80f8,0x00000000ddf00000)
  to   space 15872K, 0% used [0x00000000e3980000,0x00000000e3980000,0x00000000e4900000)
 ParOldGen       total 92672K, used 10580K [0x0000000080000000, 0x0000000085a80000, 0x00000000d5580000)
  object space 92672K, 11% used [0x0000000080000000,0x0000000080a55090,0x0000000085a80000)
 Metaspace       used 34335K, capacity 35408K, committed 35496K, reserved 1079296K
  class space    used 4727K, capacity 5003K, committed 5040K, reserved 1048576K
Event: 2.993 GC heap after
Heap after GC invocations=7 (full 1):
 PSYoungGen      total 233984K, used 8346K [0x00000000d5580000, 0x00000000e4c80000, 0x0000000100000000)
  eden space 218112K, 0% used [0x00000000d5580000,0x00000000d5580000,0x00000000e2a80000)
  from space 15872K, 52% used [0x00000000e3980000,0x00000000e41a6908,0x00000000e4900000)
  to   space 15360K, 0% used [0x00000000e2a80000,0x00000000e2a80000,0x00000000e3980000)
 ParOldGen       total 92672K, used 10588K [0x0000000080000000, 0x0000000085a80000, 0x00000000d5580000)
  object space 92672K, 11% used [0x0000000080000000,0x0000000080a57090,0x0000000085a80000)
 Metaspace       used 34335K, capacity 35408K, committed 35496K, reserved 1079296K
  class space    used 4727K, capacity 5003K, committed 5040K, reserved 1048576K
}
Event: 2.993 GC heap before
{Heap before GC invocations=8 (full 2):
 PSYoungGen      total 233984K, used 8346K [0x00000000d5580000, 0x00000000e4c80000, 0x0000000100000000)
  eden space 218112K, 0% used [0x00000000d5580000,0x00000000d5580000,0x00000000e2a80000)
  from space 15872K, 52% used [0x00000000e3980000,0x00000000e41a6908,0x00000000e4900000)
  to   space 15360K, 0% used [0x00000000e2a80000,0x00000000e2a80000,0x00000000e3980000)
 ParOldGen       total 92672K, used 10588K [0x0000000080000000, 0x0000000085a80000, 0x00000000d5580000)
  object space 92672K, 11% used [0x0000000080000000,0x0000000080a57090,0x0000000085a80000)
 Metaspace       used 34335K, capacity 35408K, committed 35496K, reserved 1079296K
  class space    used 4727K, capacity 5003K, committed 5040K, reserved 1048576K
Event: 3.032 GC heap after
Heap after GC invocations=8 (full 2):
 PSYoungGen      total 233984K, used 0K [0x00000000d5580000, 0x00000000e4c80000, 0x0000000100000000)
  eden space 218112K, 0% used [0x00000000d5580000,0x00000000d5580000,0x00000000e2a80000)
  from space 15872K, 0% used [0x00000000e3980000,0x00000000e3980000,0x00000000e4900000)
  to   space 15360K, 0% used [0x00000000e2a80000,0x00000000e2a80000,0x00000000e3980000)
 ParOldGen       total 139264K, used 14740K [0x0000000080000000, 0x0000000088800000, 0x00000000d5580000)
  object space 139264K, 10% used [0x0000000080000000,0x0000000080e65048,0x0000000088800000)
 Metaspace       used 34335K, capacity 35408K, committed 35496K, reserved 1079296K
  class space    used 4727K, capacity 5003K, committed 5040K, reserved 1048576K
}

Deoptimization events (10 events):
Event: 2.669 Thread 0x000000001c2dd800 Uncommon trap: reason=unstable_if action=reinterpret pc=0x0000000002fbf5c0 method=org.objectweb.asm.ByteVector.putShort(I)Lorg/objectweb/asm/ByteVector; @ 13
Event: 2.714 Thread 0x000000001c2dd800 Uncommon trap: reason=unstable_if action=reinterpret pc=0x0000000002f16698 method=java.net.URLClassLoader.defineClass(Ljava/lang/String;Lsun/misc/Resource;)Ljava/lang/Class; @ 21
Event: 2.753 Thread 0x000000001c2dd800 Uncommon trap: reason=unstable_if action=reinterpret pc=0x000000000326c7bc method=org.codehaus.groovy.runtime.metaclass.MetaMethodIndex.addMethodToList(Ljava/lang/Object;Lgroovy/lang/MetaMethod;)Ljava/lang/Object; @ 226
Event: 2.768 Thread 0x000000001c2dd800 Uncommon trap: reason=class_check action=maybe_recompile pc=0x000000000302f4ac method=java.util.WeakHashMap.eq(Ljava/lang/Object;Ljava/lang/Object;)Z @ 7
Event: 2.770 Thread 0x000000001c2dd800 Uncommon trap: reason=class_check action=maybe_recompile pc=0x000000000302f4ac method=java.util.WeakHashMap.eq(Ljava/lang/Object;Ljava/lang/Object;)Z @ 7
Event: 2.805 Thread 0x0000000019750800 Uncommon trap: reason=unstable_if action=reinterpret pc=0x0000000002ea32bc method=java.lang.ref.Reference.tryHandlePending(Z)Z @ 104
Event: 3.328 Thread 0x000000001c2dd800 Uncommon trap: reason=unstable_if action=reinterpret pc=0x0000000002ca1134 method=java.lang.String.lastIndexOf([CII[CIII)I @ 118
Event: 3.361 Thread 0x000000001f0e3000 Uncommon trap: reason=unstable_if action=reinterpret pc=0x00000000033f149c method=com.esotericsoftware.kryo.io.Input.readUtf8Length(I)I @ 9
Event: 3.364 Thread 0x000000001f0e1800 Uncommon trap: reason=unstable_if action=reinterpret pc=0x0000000002dacd9c method=java.util.concurrent.ConcurrentHashMap.addCount(JI)V @ 34
Event: 3.364 Thread 0x000000001f0e1000 Uncommon trap: reason=unstable_if action=reinterpret pc=0x0000000002e334e8 method=java.util.concurrent.ConcurrentHashMap.addCount(JI)V @ 34

Classes redefined (0 events):
No events

Internal exceptions (10 events):
Event: 2.872 Thread 0x000000001c2dd800 Exception <a 'java/lang/ClassNotFoundException': org/gradle/api/internal/artifacts/dsl/dependencies/DefaultDependencyHandler_DecoratedBeanInfo> (0x00000000d6034e90) thrown at [C:\src\AOSP-openjdk-git\hotspot\src\share\vm\classfile\systemDictionary.cpp, li
Event: 2.873 Thread 0x000000001c2dd800 Exception <a 'java/lang/ClassNotFoundException': org/gradle/api/internal/artifacts/dsl/dependencies/DefaultDependencyHandlerBeanInfo> (0x00000000d608d7d0) thrown at [C:\src\AOSP-openjdk-git\hotspot\src\share\vm\classfile\systemDictionary.cpp, line 210]
Event: 2.873 Thread 0x000000001c2dd800 Exception <a 'java/lang/ClassNotFoundException': org/gradle/api/internal/artifacts/dsl/dependencies/DefaultDependencyHandlerCustomizer> (0x00000000d60e7410) thrown at [C:\src\AOSP-openjdk-git\hotspot\src\share\vm\classfile\systemDictionary.cpp, line 210]
Event: 2.875 Thread 0x000000001c2dd800 Exception <a 'java/lang/ClassNotFoundException': org/gradle/api/internal/artifacts/dsl/dependencies/DefaultDependencyHandler_DecoratedCustomizer> (0x00000000d6172140) thrown at [C:\src\AOSP-openjdk-git\hotspot\src\share\vm\classfile\systemDictionary.cpp, 
Event: 2.920 Thread 0x000000001c2dd800 Exception <a 'java/lang/NoSuchMethodError': java.lang.Object.lambda$static$0(Lorg/gradle/api/internal/artifacts/configurations/MutationValidator$MutationType;)V> (0x00000000d67e1120) thrown at [C:\src\AOSP-openjdk-git\hotspot\src\share\vm\interpreter\link
Event: 3.041 Thread 0x000000001c2dd800 Exception <a 'java/lang/NoSuchMethodError': java.lang.Object.lambda$static$0(Lorg/gradle/internal/component/model/DependencyMetadata;)Lorg/gradle/api/internal/artifacts/ivyservice/dependencysubstitution/DependencySubstitutionApplicator$SubstitutionResult;
Event: 3.067 Thread 0x000000001c2dd800 Exception <a 'java/lang/IncompatibleClassChangeError': Found class java.lang.Object, but interface was expected> (0x00000000d5b7fef0) thrown at [C:\src\AOSP-openjdk-git\hotspot\src\share\vm\interpreter\linkResolver.cpp, line 653]
Event: 3.068 Thread 0x000000001c2dd800 Exception <a 'java/lang/NoSuchMethodError': java.lang.Object.lambda$thenComparing$36697e65$1(Ljava/util/Comparator;Ljava/lang/Object;Ljava/lang/Object;)I> (0x00000000d5b8b820) thrown at [C:\src\AOSP-openjdk-git\hotspot\src\share\vm\interpreter\linkResolve
Event: 3.201 Thread 0x000000001c2dd800 Exception <a 'java/lang/NoSuchMethodError': java.lang.Object.lambda$static$0()Z> (0x00000000d675c1e8) thrown at [C:\src\AOSP-openjdk-git\hotspot\src\share\vm\interpreter\linkResolver.cpp, line 620]
Event: 3.348 Thread 0x000000001c2dd800 Exception <a 'java/lang/NoSuchMethodError': java.lang.Object.lambda$static$0(Lorg/gradle/api/internal/artifacts/ivyservice/resolveengine/artifact/ArtifactVisitor;)V> (0x00000000d752c8d8) thrown at [C:\src\AOSP-openjdk-git\hotspot\src\share\vm\interpreter\

Events (10 events):
Event: 3.393 loading class org/gradle/internal/snapshot/VfsRelativePath done
Event: 3.393 loading class org/gradle/internal/snapshot/FileSystemNode
Event: 3.393 loading class org/gradle/internal/snapshot/FileSystemNode done
Event: 3.393 loading class org/gradle/internal/snapshot/VfsRelativePath
Event: 3.393 loading class org/gradle/internal/snapshot/VfsRelativePath done
Event: 3.394 loading class org/gradle/internal/snapshot/SearchUtil
Event: 3.394 loading class org/gradle/internal/snapshot/SearchUtil done
Event: 3.394 Thread 0x000000001f0e2800 Thread added: 0x000000001f0e2800
Event: 3.395 Thread 0x000000001f0ef000 Thread added: 0x000000001f0ef000
Event: 3.395 Thread 0x000000001f0ec000 Thread added: 0x000000001f0ec000


Dynamic libraries:
0x00007ff7bc220000 - 0x00007ff7bc251000 	C:\Program Files\Android\Android Studio\jre\bin\java.exe
0x00007ffba64b0000 - 0x00007ffba66a5000 	C:\WINDOWS\SYSTEM32\ntdll.dll
0x00007ffba6380000 - 0x00007ffba643d000 	C:\WINDOWS\System32\KERNEL32.DLL
0x00007ffba3f20000 - 0x00007ffba41e7000 	C:\WINDOWS\System32\KERNELBASE.dll
0x00007ffba5a80000 - 0x00007ffba5b2a000 	C:\WINDOWS\System32\ADVAPI32.dll
0x00007ffba60c0000 - 0x00007ffba615e000 	C:\WINDOWS\System32\msvcrt.dll
0x00007ffba61c0000 - 0x00007ffba625b000 	C:\WINDOWS\System32\sechost.dll
0x00007ffba47f0000 - 0x00007ffba4913000 	C:\WINDOWS\System32\RPCRT4.dll
0x00007ffba4650000 - 0x00007ffba47f0000 	C:\WINDOWS\System32\USER32.dll
0x00007ffba3c00000 - 0x00007ffba3c22000 	C:\WINDOWS\System32\win32u.dll
0x00007ffba62d0000 - 0x00007ffba62fa000 	C:\WINDOWS\System32\GDI32.dll
0x00007ffba3c30000 - 0x00007ffba3d3a000 	C:\WINDOWS\System32\gdi32full.dll
0x00007ffba4320000 - 0x00007ffba43bd000 	C:\WINDOWS\System32\msvcp_win.dll
0x00007ffba3d40000 - 0x00007ffba3e40000 	C:\WINDOWS\System32\ucrtbase.dll
0x00007ffb8df00000 - 0x00007ffb8e19a000 	C:\WINDOWS\WinSxS\amd64_microsoft.windows.common-controls_6595b64144ccf1df_6.0.19041.1_none_b555e41d4684ddec\COMCTL32.dll
0x00007ffba6440000 - 0x00007ffba6470000 	C:\WINDOWS\System32\IMM32.DLL
0x0000000060940000 - 0x0000000060a12000 	C:\Program Files\Android\Android Studio\jre\jre\bin\msvcr100.dll
0x000000005fde0000 - 0x000000006062b000 	C:\Program Files\Android\Android Studio\jre\jre\bin\server\jvm.dll
0x00007ffba6260000 - 0x00007ffba6268000 	C:\WINDOWS\System32\PSAPI.DLL
0x00007ffb82150000 - 0x00007ffb82159000 	C:\WINDOWS\SYSTEM32\WSOCK32.dll
0x00007ffb9d140000 - 0x00007ffb9d14a000 	C:\WINDOWS\SYSTEM32\VERSION.dll
0x00007ffb8e350000 - 0x00007ffb8e377000 	C:\WINDOWS\SYSTEM32\WINMM.dll
0x00007ffba5be0000 - 0x00007ffba5c4b000 	C:\WINDOWS\System32\WS2_32.dll
0x00007ffb8aaa0000 - 0x00007ffb8aaaf000 	C:\Program Files\Android\Android Studio\jre\jre\bin\verify.dll
0x00007ffb74400000 - 0x00007ffb74429000 	C:\Program Files\Android\Android Studio\jre\jre\bin\java.dll
0x00007ffb6c790000 - 0x00007ffb6c7a6000 	C:\Program Files\Android\Android Studio\jre\jre\bin\zip.dll
0x00007ffba5340000 - 0x00007ffba5a80000 	C:\WINDOWS\System32\SHELL32.dll
0x00007ffba1d80000 - 0x00007ffba2511000 	C:\WINDOWS\SYSTEM32\windows.storage.dll
0x00007ffba4fe0000 - 0x00007ffba5333000 	C:\WINDOWS\System32\combase.dll
0x00007ffba3680000 - 0x00007ffba36ac000 	C:\WINDOWS\SYSTEM32\Wldp.dll
0x00007ffba5b30000 - 0x00007ffba5bde000 	C:\WINDOWS\System32\SHCORE.dll
0x00007ffba6160000 - 0x00007ffba61b5000 	C:\WINDOWS\System32\shlwapi.dll
0x00007ffba3b40000 - 0x00007ffba3b5f000 	C:\WINDOWS\SYSTEM32\profapi.dll
0x00007ffb6c770000 - 0x00007ffb6c78a000 	C:\Program Files\Android\Android Studio\jre\jre\bin\net.dll
0x00007ffba3400000 - 0x00007ffba346a000 	C:\WINDOWS\system32\mswsock.dll
0x00007ffb6c750000 - 0x00007ffb6c763000 	C:\Program Files\Android\Android Studio\jre\jre\bin\nio.dll
0x00007ffb40c40000 - 0x00007ffb40c67000 	C:\Users\WILLY\.gradle\native\f6784746aeab05261644944871eae4fe03e0ef1612fff0a4a95f87b438bc6780\windows-amd64\native-platform.dll
0x00007ffb87870000 - 0x00007ffb8787d000 	C:\Program Files\Android\Android Studio\jre\jre\bin\management.dll
0x00007ffba35e0000 - 0x00007ffba35f8000 	C:\WINDOWS\SYSTEM32\CRYPTSP.dll
0x00007ffba2d20000 - 0x00007ffba2d54000 	C:\WINDOWS\system32\rsaenh.dll
0x00007ffba3e40000 - 0x00007ffba3e67000 	C:\WINDOWS\System32\bcrypt.dll
0x00007ffba3b00000 - 0x00007ffba3b2e000 	C:\WINDOWS\SYSTEM32\USERENV.dll
0x00007ffba42a0000 - 0x00007ffba431f000 	C:\WINDOWS\System32\bcryptprimitives.dll
0x00007ffba35d0000 - 0x00007ffba35dc000 	C:\WINDOWS\SYSTEM32\CRYPTBASE.dll
0x00007ffba30a0000 - 0x00007ffba30db000 	C:\WINDOWS\SYSTEM32\IPHLPAPI.DLL
0x00007ffba5c60000 - 0x00007ffba5c69000 	C:\WINDOWS\System32\NSI.dll
0x00007ffb94fd0000 - 0x00007ffb94fe7000 	C:\WINDOWS\SYSTEM32\dhcpcsvc6.DLL
0x00007ffb95010000 - 0x00007ffb9502d000 	C:\WINDOWS\SYSTEM32\dhcpcsvc.DLL
0x00007ffba30f0000 - 0x00007ffba31ba000 	C:\WINDOWS\SYSTEM32\DNSAPI.dll
0x00007ffb97a50000 - 0x00007ffb97a5b000 	C:\WINDOWS\SYSTEM32\WINNSI.DLL

VM Arguments:
jvm_args: -Xmx2048m -Dfile.encoding=UTF-8 -Duser.country=US -Duser.language=en -Duser.variant 
java_command: org.gradle.launcher.daemon.bootstrap.GradleDaemon 6.5
java_class_path (initial): C:\Users\WILLY\.gradle\wrapper\dists\gradle-6.5-bin\6nifqtx7604sqp1q6g8wikw7p\gradle-6.5\lib\gradle-launcher-6.5.jar
Launcher Type: SUN_STANDARD

Environment Variables:
PATH=C:\Program Files (x86)\Common Files\Oracle\Java\javapath;C:\Python38\Scripts\;C:\Python38\;C:\WINDOWS\system32;C:\WINDOWS;C:\WINDOWS\System32\Wbem;C:\WINDOWS\System32\WindowsPowerShell\v1.0\;C:\WINDOWS\System32\OpenSSH\;C:\ProgramData\chocolatey\bin;C:\Program Files\nodejs\;C:\Program Files\TortoiseSVN\bin;C:\Program Files\VisualSVN Server\bin;C:\Program Files\Inkscape\bin;C:\Program Files\Git\cmd;C:\Users\WILLY\AppData\Local\Microsoft\WindowsApps;C:\Users\WILLY\AppData\Local\Programs\Microsoft VS Code\bin;C:\Users\WILLY\AppData\Roaming\npm;C:\Users\WILLY\AppData\Local\GitHubDesktop\bin;C:\Users\WILLY\AppData\Local\Android\Sdk\platform-tools;
USERNAME=WILLY
OS=Windows_NT
PROCESSOR_IDENTIFIER=Intel64 Family 6 Model 142 Stepping 11, GenuineIntel



---------------  S Y S T E M  ---------------

OS: Windows 10.0 , 64 bit Build 19041 (10.0.19041.292)

CPU:total 8 (initial active 8) (4 cores per cpu, 2 threads per core) family 6 model 142 stepping 11, cmov, cx8, fxsr, mmx, sse, sse2, sse3, ssse3, sse4.1, sse4.2, popcnt, avx, avx2, aes, clmul, erms, 3dnowpref, lzcnt, ht, tsc, tscinvbit, bmi1, bmi2, adx

Memory: 4k page, physical 16644896k(5267580k free), swap 18180896k(6716k free)

vm_info: OpenJDK 64-Bit Server VM (25.242-b01) for windows-amd64 JRE (1.8.0_242-release-1644-b01), built by "builder" with MS VC++ 10.0 (VS2010)

time: Thu Jan 21 19:28:59 2021
timezone: E. Africa Standard Time
elapsed time: 3 seconds (0d 0h 0m 3s)

