#
# There is insufficient memory for the Java Runtime Environment to continue.
# Native memory allocation (malloc) failed to allocate 1635104 bytes for Chunk::new
# Possible reasons:
#   The system is out of physical RAM or swap space
#   The process is running with CompressedOops enabled, and the Java Heap may be blocking the growth of the native heap
# Possible solutions:
#   Reduce memory load on the system
#   Increase physical memory or swap space
#   Check if swap backing store is full
#   Decrease Java heap size (-Xmx/-Xms)
#   Decrease number of Java threads
#   Decrease Java thread stack sizes (-Xss)
#   Set larger code cache with -XX:ReservedCodeCacheSize=
#   JVM is running with Unscaled Compressed Oops mode in which the Java heap is
#     placed in the first 4GB address space. The Java Heap base address is the
#     maximum limit for the native heap growth. Please use -XX:HeapBaseMinAddress
#     to set the Java Heap base and to place the Java Heap above 4GB virtual address.
# This output file may be truncated or incomplete.
#
#  Out of Memory Error (allocation.cpp:389), pid=18700, tid=0x0000000000000b20
#
# JRE version: OpenJDK Runtime Environment (8.0_242-b01) (build 1.8.0_242-release-1644-b01)
# Java VM: OpenJDK 64-Bit Server VM (25.242-b01 mixed mode windows-amd64 compressed oops)
# Failed to write core dump. Minidumps are not enabled by default on client versions of Windows
#

---------------  T H R E A D  ---------------

Current thread (0x000000001a232800):  JavaThread "C2 CompilerThread0" daemon [_thread_in_native, id=2848, stack(0x000000001ab00000,0x000000001ac00000)]

Stack: [0x000000001ab00000,0x000000001ac00000]
[error occurred during error reporting (printing stack bounds), id 0xc0000005]

Native frames: (J=compiled Java code, j=interpreted, Vv=VM code, C=native code)


Current CompileTask:
C2:  14118 5180       4       sun.reflect.generics.parser.SignatureParser::parseFieldTypeSignature (73 bytes)


---------------  P R O C E S S  ---------------

Java Threads: ( => current thread )
  0x000000001cf57000 JavaThread "Cache worker for file content cache (C:\Users\WILLY\AndroidStudioProjects\MedicalApp\.gradle\6.5\fileContent)" [_thread_blocked, id=18852, stack(0x000000002c490000,0x000000002c590000)]
  0x000000001cf4e800 JavaThread "Memory manager" [_thread_blocked, id=17436, stack(0x000000002bb70000,0x000000002bc70000)]
  0x000000001cf55800 JavaThread "Cache worker for Build Output Cleanup Cache (C:\Users\WILLY\AndroidStudioProjects\MedicalApp\.gradle\buildOutputCleanup)" [_thread_blocked, id=9076, stack(0x000000002b1f0000,0x000000002b2f0000)]
  0x000000001cf54800 JavaThread "jar transforms Thread 94" [_thread_blocked, id=13004, stack(0x000000002b0f0000,0x000000002b1f0000)]
  0x000000001cf52800 JavaThread "jar transforms Thread 93" [_thread_blocked, id=1676, stack(0x000000002aff0000,0x000000002b0f0000)]
  0x000000001cf54000 JavaThread "jar transforms Thread 92" [_thread_blocked, id=19420, stack(0x000000002aef0000,0x000000002aff0000)]
  0x000000001cf4d000 JavaThread "jar transforms Thread 91" [_thread_blocked, id=7112, stack(0x000000002adf0000,0x000000002aef0000)]
  0x000000001cf53000 JavaThread "jar transforms Thread 90" [_thread_blocked, id=15184, stack(0x000000002acf0000,0x000000002adf0000)]
  0x000000001cf51800 JavaThread "jar transforms Thread 89" [_thread_blocked, id=19612, stack(0x000000002abf0000,0x000000002acf0000)]
  0x000000001cf4a800 JavaThread "jar transforms Thread 88" [_thread_blocked, id=11192, stack(0x000000002aaf0000,0x000000002abf0000)]
  0x000000001cf4a000 JavaThread "jar transforms Thread 87" [_thread_blocked, id=1584, stack(0x000000002a9f0000,0x000000002aaf0000)]
  0x000000001cf50000 JavaThread "jar transforms Thread 86" [_thread_blocked, id=14440, stack(0x000000002a8f0000,0x000000002a9f0000)]
  0x000000001cf4f800 JavaThread "jar transforms Thread 85" [_thread_blocked, id=9648, stack(0x000000002a7f0000,0x000000002a8f0000)]
  0x000000001cf51000 JavaThread "jar transforms Thread 84" [_thread_blocked, id=16420, stack(0x000000002a6f0000,0x000000002a7f0000)]
  0x000000001cf4c000 JavaThread "jar transforms Thread 83" [_thread_blocked, id=17020, stack(0x000000002a5f0000,0x000000002a6f0000)]
  0x000000001cf4b800 JavaThread "jar transforms Thread 82" [_thread_blocked, id=13728, stack(0x000000002a4f0000,0x000000002a5f0000)]
  0x000000001d1d6800 JavaThread "jar transforms Thread 81" [_thread_blocked, id=17504, stack(0x000000002a3f0000,0x000000002a4f0000)]
  0x000000001d1d5000 JavaThread "jar transforms Thread 80" [_thread_blocked, id=15412, stack(0x000000002a2f0000,0x000000002a3f0000)]
  0x000000001d1d2000 JavaThread "jar transforms Thread 79" [_thread_blocked, id=3104, stack(0x000000002a1f0000,0x000000002a2f0000)]
  0x000000001d1d4800 JavaThread "jar transforms Thread 78" [_thread_blocked, id=1528, stack(0x000000002a0f0000,0x000000002a1f0000)]
  0x000000001d1d6000 JavaThread "jar transforms Thread 77" [_thread_blocked, id=9132, stack(0x0000000029ff0000,0x000000002a0f0000)]
  0x000000001d1d3000 JavaThread "jar transforms Thread 76" [_thread_blocked, id=8284, stack(0x0000000029ef0000,0x0000000029ff0000)]
  0x000000001d1d3800 JavaThread "jar transforms Thread 75" [_thread_blocked, id=10368, stack(0x0000000029df0000,0x0000000029ef0000)]
  0x000000001d1ca800 JavaThread "jar transforms Thread 74" [_thread_blocked, id=11268, stack(0x0000000029cf0000,0x0000000029df0000)]
  0x000000001d1d1800 JavaThread "jar transforms Thread 73" [_thread_blocked, id=9064, stack(0x0000000029bf0000,0x0000000029cf0000)]
  0x000000001d1d0800 JavaThread "jar transforms Thread 72" [_thread_blocked, id=6112, stack(0x0000000029af0000,0x0000000029bf0000)]
  0x000000001d1d0000 JavaThread "jar transforms Thread 71" [_thread_blocked, id=19696, stack(0x00000000299f0000,0x0000000029af0000)]
  0x000000001d1c8800 JavaThread "jar transforms Thread 70" [_thread_blocked, id=12188, stack(0x00000000298f0000,0x00000000299f0000)]
  0x000000001d1ce800 JavaThread "jar transforms Thread 69" [_thread_blocked, id=4028, stack(0x00000000297f0000,0x00000000298f0000)]
  0x000000001d1c9000 JavaThread "jar transforms Thread 68" [_thread_blocked, id=12256, stack(0x00000000296f0000,0x00000000297f0000)]
  0x000000001d1cd800 JavaThread "jar transforms Thread 67" [_thread_blocked, id=14328, stack(0x00000000295f0000,0x00000000296f0000)]
  0x000000001d1cb800 JavaThread "jar transforms Thread 66" [_thread_blocked, id=14552, stack(0x00000000294f0000,0x00000000295f0000)]
  0x000000001d1cf000 JavaThread "jar transforms Thread 65" [_thread_blocked, id=11304, stack(0x00000000293f0000,0x00000000294f0000)]
  0x000000001d1cd000 JavaThread "jar transforms Thread 64" [_thread_blocked, id=8776, stack(0x00000000292f0000,0x00000000293f0000)]
  0x000000001d1ca000 JavaThread "jar transforms Thread 63" [_thread_blocked, id=17516, stack(0x00000000291f0000,0x00000000292f0000)]
  0x000000001d1c7800 JavaThread "jar transforms Thread 62" [_thread_blocked, id=14640, stack(0x00000000290f0000,0x00000000291f0000)]
  0x000000001d1cc000 JavaThread "jar transforms Thread 61" [_thread_blocked, id=13200, stack(0x0000000028ff0000,0x00000000290f0000)]
  0x0000000020676000 JavaThread "jar transforms Thread 60" [_thread_blocked, id=2408, stack(0x0000000028ef0000,0x0000000028ff0000)]
  0x0000000020675800 JavaThread "jar transforms Thread 59" [_thread_blocked, id=8524, stack(0x0000000028df0000,0x0000000028ef0000)]
  0x0000000020674800 JavaThread "jar transforms Thread 58" [_thread_blocked, id=12872, stack(0x0000000028cf0000,0x0000000028df0000)]
  0x0000000020674000 JavaThread "jar transforms Thread 57" [_thread_blocked, id=11584, stack(0x0000000028bf0000,0x0000000028cf0000)]
  0x0000000020673000 JavaThread "jar transforms Thread 56" [_thread_blocked, id=19952, stack(0x0000000028af0000,0x0000000028bf0000)]
  0x0000000020672800 JavaThread "jar transforms Thread 55" [_thread_blocked, id=7732, stack(0x00000000289f0000,0x0000000028af0000)]
  0x000000002066b000 JavaThread "jar transforms Thread 54" [_thread_blocked, id=19488, stack(0x00000000288f0000,0x00000000289f0000)]
  0x0000000020671800 JavaThread "jar transforms Thread 53" [_thread_blocked, id=13764, stack(0x00000000287f0000,0x00000000288f0000)]
  0x0000000020671000 JavaThread "jar transforms Thread 52" [_thread_blocked, id=18536, stack(0x00000000286f0000,0x00000000287f0000)]
  0x0000000020669800 JavaThread "jar transforms Thread 51" [_thread_blocked, id=3644, stack(0x00000000285f0000,0x00000000286f0000)]
  0x0000000020670000 JavaThread "jar transforms Thread 50" [_thread_blocked, id=3184, stack(0x00000000284f0000,0x00000000285f0000)]
  0x000000002066f800 JavaThread "jar transforms Thread 49" [_thread_blocked, id=11352, stack(0x00000000283f0000,0x00000000284f0000)]
  0x0000000020668000 JavaThread "jar transforms Thread 48" [_thread_blocked, id=20356, stack(0x00000000282f0000,0x00000000283f0000)]
  0x000000002066e800 JavaThread "jar transforms Thread 47" [_thread_blocked, id=11464, stack(0x00000000281f0000,0x00000000282f0000)]
  0x0000000020667000 JavaThread "jar transforms Thread 46" [_thread_blocked, id=20120, stack(0x00000000280f0000,0x00000000281f0000)]
  0x0000000020668800 JavaThread "jar transforms Thread 45" [_thread_blocked, id=11288, stack(0x0000000027ff0000,0x00000000280f0000)]
  0x000000002066b800 JavaThread "jar transforms Thread 44" [_thread_blocked, id=12916, stack(0x0000000027ef0000,0x0000000027ff0000)]
  0x000000002066d000 JavaThread "jar transforms Thread 43" [_thread_blocked, id=2796, stack(0x0000000027df0000,0x0000000027ef0000)]
  0x000000002066e000 JavaThread "jar transforms Thread 42" [_thread_blocked, id=12800, stack(0x0000000027cf0000,0x0000000027df0000)]
  0x000000002066c800 JavaThread "jar transforms Thread 41" [_thread_blocked, id=15132, stack(0x0000000027bf0000,0x0000000027cf0000)]
  0x000000002066a000 JavaThread "jar transforms Thread 40" [_thread_blocked, id=17872, stack(0x0000000027af0000,0x0000000027bf0000)]
  0x0000000022ac8800 JavaThread "jar transforms Thread 39" [_thread_blocked, id=11868, stack(0x00000000279f0000,0x0000000027af0000)]
  0x0000000022ac7800 JavaThread "jar transforms Thread 38" [_thread_blocked, id=9468, stack(0x00000000278f0000,0x00000000279f0000)]
  0x0000000022ac6000 JavaThread "jar transforms Thread 37" [_thread_blocked, id=14312, stack(0x00000000277f0000,0x00000000278f0000)]
  0x0000000022ac4000 JavaThread "jar transforms Thread 36" [_thread_blocked, id=14112, stack(0x00000000276f0000,0x00000000277f0000)]
  0x0000000022ac1000 JavaThread "jar transforms Thread 35" [_thread_blocked, id=19600, stack(0x00000000275f0000,0x00000000276f0000)]
  0x0000000022ac5800 JavaThread "jar transforms Thread 34" [_thread_blocked, id=19996, stack(0x00000000274f0000,0x00000000275f0000)]
  0x0000000022ac3000 JavaThread "jar transforms Thread 33" [_thread_blocked, id=12064, stack(0x00000000273f0000,0x00000000274f0000)]
  0x0000000022ac7000 JavaThread "jar transforms Thread 32" [_thread_blocked, id=20384, stack(0x00000000272f0000,0x00000000273f0000)]
  0x0000000022ac2800 JavaThread "jar transforms Thread 31" [_thread_blocked, id=20152, stack(0x00000000271f0000,0x00000000272f0000)]
  0x0000000022ac4800 JavaThread "jar transforms Thread 30" [_thread_blocked, id=13360, stack(0x00000000270f0000,0x00000000271f0000)]
  0x0000000022ac1800 JavaThread "jar transforms Thread 29" [_thread_blocked, id=1780, stack(0x0000000026ff0000,0x00000000270f0000)]
  0x0000000022ab9000 JavaThread "jar transforms Thread 28" [_thread_blocked, id=20148, stack(0x0000000026ef0000,0x0000000026ff0000)]
  0x0000000022aba800 JavaThread "jar transforms Thread 27" [_thread_blocked, id=16612, stack(0x0000000026df0000,0x0000000026ef0000)]
  0x0000000022ac0000 JavaThread "jar transforms Thread 26" [_thread_blocked, id=5824, stack(0x0000000026cf0000,0x0000000026df0000)]
  0x0000000022abf800 JavaThread "jar transforms Thread 25" [_thread_blocked, id=17216, stack(0x0000000026bf0000,0x0000000026cf0000)]
  0x0000000022abe800 JavaThread "jar transforms Thread 24" [_thread_blocked, id=3012, stack(0x0000000026af0000,0x0000000026bf0000)]
  0x0000000022aba000 JavaThread "jar transforms Thread 23" [_thread_blocked, id=15532, stack(0x00000000269f0000,0x0000000026af0000)]
  0x0000000022abb800 JavaThread "jar transforms Thread 22" [_thread_blocked, id=14812, stack(0x00000000268f0000,0x00000000269f0000)]
  0x0000000022abc000 JavaThread "jar transforms Thread 21" [_thread_blocked, id=19160, stack(0x00000000267f0000,0x00000000268f0000)]
  0x0000000022abd000 JavaThread "jar transforms Thread 20" [_thread_blocked, id=18964, stack(0x00000000266f0000,0x00000000267f0000)]
  0x0000000022abe000 JavaThread "jar transforms Thread 19" [_thread_blocked, id=11292, stack(0x00000000265f0000,0x00000000266f0000)]
  0x000000001c69b800 JavaThread "jar transforms Thread 18" [_thread_blocked, id=17864, stack(0x00000000264f0000,0x00000000265f0000)]
  0x000000001c69d000 JavaThread "jar transforms Thread 17" [_thread_blocked, id=16572, stack(0x00000000263f0000,0x00000000264f0000)]
  0x000000001c69e800 JavaThread "jar transforms Thread 16" [_thread_blocked, id=15500, stack(0x00000000262f0000,0x00000000263f0000)]
  0x000000001c6a1800 JavaThread "jar transforms Thread 15" [_thread_blocked, id=20132, stack(0x00000000261f0000,0x00000000262f0000)]
  0x000000001c69a800 JavaThread "jar transforms Thread 14" [_thread_blocked, id=6580, stack(0x00000000260f0000,0x00000000261f0000)]
  0x000000001c69d800 JavaThread "jar transforms Thread 13" [_thread_blocked, id=17148, stack(0x0000000025ff0000,0x00000000260f0000)]
  0x000000001c69c000 JavaThread "jar transforms Thread 12" [_thread_blocked, id=12856, stack(0x0000000025ef0000,0x0000000025ff0000)]
  0x000000001c6a0000 JavaThread "jar transforms Thread 11" [_thread_blocked, id=17756, stack(0x0000000025df0000,0x0000000025ef0000)]
  0x000000001c6a0800 JavaThread "jar transforms Thread 10" [_thread_blocked, id=17376, stack(0x0000000025cf0000,0x0000000025df0000)]
  0x000000001c69f000 JavaThread "jar transforms Thread 9" [_thread_blocked, id=3236, stack(0x0000000025bf0000,0x0000000025cf0000)]
  0x0000000021fe8000 JavaThread "jar transforms Thread 8" [_thread_blocked, id=16280, stack(0x0000000025af0000,0x0000000025bf0000)]
  0x0000000021fee800 JavaThread "jar transforms Thread 7" [_thread_blocked, id=13512, stack(0x00000000259f0000,0x0000000025af0000)]
  0x0000000021fe7000 JavaThread "jar transforms Thread 6" [_thread_blocked, id=18584, stack(0x00000000258f0000,0x00000000259f0000)]
  0x0000000021fee000 JavaThread "jar transforms Thread 5" [_thread_blocked, id=15612, stack(0x00000000257f0000,0x00000000258f0000)]
  0x0000000021feb800 JavaThread "jar transforms Thread 4" [_thread_blocked, id=6908, stack(0x00000000256f0000,0x00000000257f0000)]
  0x0000000021fec800 JavaThread "jar transforms Thread 3" [_thread_blocked, id=4628, stack(0x00000000255f0000,0x00000000256f0000)]
  0x0000000021fe9800 JavaThread "jar transforms Thread 2" [_thread_blocked, id=748, stack(0x00000000254f0000,0x00000000255f0000)]
  0x0000000021fe6800 JavaThread "Build operations Thread 8" [_thread_blocked, id=18372, stack(0x00000000252f0000,0x00000000253f0000)]
  0x0000000021fe8800 JavaThread "Build operations Thread 7" [_thread_blocked, id=15984, stack(0x00000000251f0000,0x00000000252f0000)]
  0x0000000021fed000 JavaThread "Build operations Thread 6" [_thread_blocked, id=19924, stack(0x00000000250f0000,0x00000000251f0000)]
  0x0000000021feb000 JavaThread "Build operations Thread 5" [_thread_blocked, id=14420, stack(0x0000000024ff0000,0x00000000250f0000)]
  0x0000000021fea000 JavaThread "Build operations Thread 4" [_thread_blocked, id=16752, stack(0x0000000024ef0000,0x0000000024ff0000)]
  0x0000000021fe0800 JavaThread "Build operations Thread 3" [_thread_blocked, id=18036, stack(0x0000000024df0000,0x0000000024ef0000)]
  0x0000000021fe4000 JavaThread "Build operations Thread 2" [_thread_blocked, id=19904, stack(0x0000000024cf0000,0x0000000024df0000)]
  0x0000000021fdf800 JavaThread "Build operations" [_thread_blocked, id=17796, stack(0x0000000024bf0000,0x0000000024cf0000)]
  0x000000001a247000 JavaThread "Cache worker for file content cache (C:\Users\WILLY\.gradle\caches\6.5\fileContent)" [_thread_blocked, id=3896, stack(0x0000000023520000,0x0000000023620000)]
  0x000000001a24b800 JavaThread "jar transforms" [_thread_blocked, id=4752, stack(0x0000000023420000,0x0000000023520000)]
  0x000000001a246800 JavaThread "Cache worker for execution history cache (C:\Users\WILLY\.gradle\caches\6.5\executionHistory)" [_thread_blocked, id=14388, stack(0x0000000022d20000,0x0000000022e20000)]
  0x000000001a245800 JavaThread "Cache worker for cache directory md-rule (C:\Users\WILLY\.gradle\caches\6.5\md-rule)" [_thread_blocked, id=19168, stack(0x0000000022c20000,0x0000000022d20000)]
  0x000000001a249800 JavaThread "Cache worker for cache directory md-supplier (C:\Users\WILLY\.gradle\caches\6.5\md-supplier)" [_thread_blocked, id=13020, stack(0x0000000022b20000,0x0000000022c20000)]
  0x000000001a24b000 JavaThread "Cache worker for checksums cache (C:\Users\WILLY\AndroidStudioProjects\MedicalApp\.gradle\checksums)" [_thread_blocked, id=19724, stack(0x0000000021970000,0x0000000021a70000)]
  0x000000001a248800 JavaThread "Cache worker for file hash cache (C:\Users\WILLY\AndroidStudioProjects\MedicalApp\.gradle\6.5\fileHashes)" [_thread_blocked, id=9340, stack(0x0000000021670000,0x0000000021770000)]
  0x000000001a24a000 JavaThread "Cache worker for file hash cache (C:\Users\WILLY\.gradle\caches\6.5\fileHashes)" [_thread_blocked, id=17548, stack(0x000000001f120000,0x000000001f220000)]
  0x000000001a248000 JavaThread "File lock request listener" [_thread_in_native, id=5128, stack(0x000000001f020000,0x000000001f120000)]
  0x000000001a358800 JavaThread "Cache worker for journal cache (C:\Users\WILLY\.gradle\caches\journal-1)" [_thread_blocked, id=18988, stack(0x000000001ef20000,0x000000001f020000)]
  0x000000001cdd7000 JavaThread "Thread-9" [_thread_blocked, id=18936, stack(0x000000001ec20000,0x000000001ed20000)]
  0x000000001cdce000 JavaThread "Stdin handler" [_thread_blocked, id=2232, stack(0x000000001eb20000,0x000000001ec20000)]
  0x000000001cdd8000 JavaThread "Asynchronous log dispatcher for DefaultDaemonConnection: socket connection from /127.0.0.1:64973 to /127.0.0.1:64974" [_thread_blocked, id=17892, stack(0x000000001ea20000,0x000000001eb20000)]
  0x000000001cd1d800 JavaThread "Daemon worker" [_thread_in_Java, id=13404, stack(0x000000001e920000,0x000000001ea20000)]
  0x000000001cd8f000 JavaThread "Cancel handler" [_thread_blocked, id=11252, stack(0x000000001e820000,0x000000001e920000)]
  0x000000001cd84800 JavaThread "Handler for socket connection from /127.0.0.1:64973 to /127.0.0.1:64974" [_thread_in_native, id=17284, stack(0x000000001e720000,0x000000001e820000)]
  0x000000001ccd2800 JavaThread "Daemon" [_thread_blocked, id=16324, stack(0x000000001e620000,0x000000001e720000)]
  0x000000001cd80800 JavaThread "Daemon periodic checks" [_thread_blocked, id=6380, stack(0x000000001e320000,0x000000001e420000)]
  0x000000001ccd0000 JavaThread "Incoming local TCP Connector on port 64973" [_thread_in_native, id=16808, stack(0x000000001e0e0000,0x000000001e1e0000)]
  0x000000001cca5800 JavaThread "Daemon health stats" [_thread_blocked, id=5676, stack(0x000000001daa0000,0x000000001dba0000)]
  0x000000001a293000 JavaThread "Service Thread" daemon [_thread_blocked, id=13520, stack(0x000000001af00000,0x000000001b000000)]
  0x000000001a24c800 JavaThread "C1 CompilerThread3" daemon [_thread_blocked, id=4564, stack(0x000000001ae00000,0x000000001af00000)]
  0x000000001a23f800 JavaThread "C2 CompilerThread2" daemon [_thread_in_native, id=19500, stack(0x000000001ad00000,0x000000001ae00000)]
  0x000000001844c000 JavaThread "C2 CompilerThread1" daemon [_thread_in_native, id=14832, stack(0x000000001ac00000,0x000000001ad00000)]
=>0x000000001a232800 JavaThread "C2 CompilerThread0" daemon [_thread_in_native, id=2848, stack(0x000000001ab00000,0x000000001ac00000)]
  0x000000001a231000 JavaThread "Attach Listener" daemon [_thread_blocked, id=20140, stack(0x000000001aa00000,0x000000001ab00000)]
  0x000000001a230000 JavaThread "Signal Dispatcher" daemon [_thread_blocked, id=14948, stack(0x000000001a900000,0x000000001aa00000)]
  0x000000001a221800 JavaThread "Finalizer" daemon [_thread_blocked, id=14052, stack(0x000000001a700000,0x000000001a800000)]
  0x000000001a220800 JavaThread "Reference Handler" daemon [_thread_blocked, id=3200, stack(0x000000001a600000,0x000000001a700000)]
  0x000000000143e000 JavaThread "main" [_thread_blocked, id=20032, stack(0x00000000030f0000,0x00000000031f0000)]

Other Threads:
  0x0000000018438000 VMThread [stack: 0x000000001a100000,0x000000001a200000] [id=11384]
  0x000000001a294000 WatcherThread [stack: 0x000000001b000000,0x000000001b100000] [id=11368]

VM state:not at safepoint (normal execution)

VM Mutex/Monitor currently owned by a thread: None

heap address: 0x0000000080000000, size: 2048 MB, Compressed Oops mode: 32-bit
Narrow klass base: 0x0000000000000000, Narrow klass shift: 3
Compressed class space size: 1073741824 Address: 0x0000000100000000

Heap:
 PSYoungGen      total 239616K, used 23182K [0x00000000d5580000, 0x00000000e7280000, 0x0000000100000000)
  eden space 221184K, 10% used [0x00000000d5580000,0x00000000d6c239c8,0x00000000e2d80000)
  from space 18432K, 0% used [0x00000000e3f80000,0x00000000e3f80000,0x00000000e5180000)
  to   space 18432K, 0% used [0x00000000e2d80000,0x00000000e2d80000,0x00000000e3f80000)
 ParOldGen       total 214016K, used 43326K [0x0000000080000000, 0x000000008d100000, 0x00000000d5580000)
  object space 214016K, 20% used [0x0000000080000000,0x0000000082a4fa00,0x000000008d100000)
 Metaspace       used 58326K, capacity 60702K, committed 60824K, reserved 1101824K
  class space    used 8062K, capacity 8575K, committed 8624K, reserved 1048576K

Card table byte_map: [0x0000000012790000,0x0000000012ba0000] byte_map_base: 0x0000000012390000

Marking Bits: (ParMarkBitMap*) 0x00000000605af030
 Begin Bits: [0x0000000013650000, 0x0000000015650000)
 End Bits:   [0x0000000015650000, 0x0000000017650000)

Polling page: 0x0000000001450000

CodeCache: size=245760Kb used=16606Kb max_used=16687Kb free=229153Kb
 bounds [0x00000000033d0000, 0x0000000004440000, 0x00000000123d0000]
 total_blobs=5554 nmethods=4779 adapters=687
 compilation: enabled

Compilation events (10 events):
Event: 14.091 Thread 0x000000001a24c800 5260       3       sun.misc.ProxyGenerator::access$500 (6 bytes)
Event: 14.091 Thread 0x000000001a24c800 nmethod 5260 0x00000000038f5a10 code [0x00000000038f5b80, 0x00000000038f5ce8]
Event: 14.091 Thread 0x000000001a24c800 5261       3       sun.misc.ProxyGenerator::getMethodDescriptor (37 bytes)
Event: 14.091 Thread 0x000000001a24c800 nmethod 5261 0x0000000003770310 code [0x00000000037704e0, 0x0000000003770ca8]
Event: 14.091 Thread 0x000000001a24c800 5262       3       sun.misc.ProxyGenerator$ConstantPool::getInterfaceMethodRef (33 bytes)
Event: 14.092 Thread 0x000000001a24c800 nmethod 5262 0x000000000393d510 code [0x000000000393d7a0, 0x000000000393e528]
Event: 14.092 Thread 0x000000001a24c800 5263       3       sun.misc.ProxyGenerator::access$1100 (5 bytes)
Event: 14.092 Thread 0x000000001a24c800 nmethod 5263 0x000000000441a810 code [0x000000000441a980, 0x000000000441aae8]
Event: 14.101 Thread 0x000000001a24c800 5266       3       sun.reflect.annotation.AnnotationParser::parseConst (208 bytes)
Event: 14.104 Thread 0x000000001a24c800 nmethod 5266 0x000000000365e5d0 code [0x000000000365e9c0, 0x0000000003660628]

GC Heap History (10 events):
Event: 8.091 GC heap before
{Heap before GC invocations=9 (full 2):
 PSYoungGen      total 121344K, used 8255K [0x00000000d5580000, 0x00000000e2a00000, 0x0000000100000000)
  eden space 109568K, 0% used [0x00000000d5580000,0x00000000d5580000,0x00000000dc080000)
  from space 11776K, 70% used [0x00000000dc080000,0x00000000dc88fc50,0x00000000dcc00000)
  to   space 11776K, 0% used [0x00000000e1e80000,0x00000000e1e80000,0x00000000e2a00000)
 ParOldGen       total 92160K, used 7233K [0x0000000080000000, 0x0000000085a00000, 0x00000000d5580000)
  object space 92160K, 7% used [0x0000000080000000,0x0000000080710520,0x0000000085a00000)
 Metaspace       used 34355K, capacity 35412K, committed 35496K, reserved 1079296K
  class space    used 4733K, capacity 5003K, committed 5040K, reserved 1048576K
Event: 8.156 GC heap after
Heap after GC invocations=9 (full 2):
 PSYoungGen      total 121344K, used 0K [0x00000000d5580000, 0x00000000e2a00000, 0x0000000100000000)
  eden space 109568K, 0% used [0x00000000d5580000,0x00000000d5580000,0x00000000dc080000)
  from space 11776K, 0% used [0x00000000dc080000,0x00000000dc080000,0x00000000dcc00000)
  to   space 11776K, 0% used [0x00000000e1e80000,0x00000000e1e80000,0x00000000e2a00000)
 ParOldGen       total 134144K, used 14644K [0x0000000080000000, 0x0000000088300000, 0x00000000d5580000)
  object space 134144K, 10% used [0x0000000080000000,0x0000000080e4d0f0,0x0000000088300000)
 Metaspace       used 34355K, capacity 35412K, committed 35496K, reserved 1079296K
  class space    used 4733K, capacity 5003K, committed 5040K, reserved 1048576K
}
Event: 9.613 GC heap before
{Heap before GC invocations=10 (full 2):
 PSYoungGen      total 121344K, used 109568K [0x00000000d5580000, 0x00000000e2a00000, 0x0000000100000000)
  eden space 109568K, 100% used [0x00000000d5580000,0x00000000dc080000,0x00000000dc080000)
  from space 11776K, 0% used [0x00000000dc080000,0x00000000dc080000,0x00000000dcc00000)
  to   space 11776K, 0% used [0x00000000e1e80000,0x00000000e1e80000,0x00000000e2a00000)
 ParOldGen       total 134144K, used 14644K [0x0000000080000000, 0x0000000088300000, 0x00000000d5580000)
  object space 134144K, 10% used [0x0000000080000000,0x0000000080e4d0f0,0x0000000088300000)
 Metaspace       used 38831K, capacity 40584K, committed 40872K, reserved 1085440K
  class space    used 5365K, capacity 5736K, committed 5808K, reserved 1048576K
Event: 9.624 GC heap after
Heap after GC invocations=10 (full 2):
 PSYoungGen      total 179200K, used 9461K [0x00000000d5580000, 0x00000000e2800000, 0x0000000100000000)
  eden space 169472K, 0% used [0x00000000d5580000,0x00000000d5580000,0x00000000dfb00000)
  from space 9728K, 97% used [0x00000000e1e80000,0x00000000e27bd5a8,0x00000000e2800000)
  to   space 11776K, 0% used [0x00000000e1100000,0x00000000e1100000,0x00000000e1c80000)
 ParOldGen       total 134144K, used 14652K [0x0000000080000000, 0x0000000088300000, 0x00000000d5580000)
  object space 134144K, 10% used [0x0000000080000000,0x0000000080e4f0f0,0x0000000088300000)
 Metaspace       used 38831K, capacity 40584K, committed 40872K, reserved 1085440K
  class space    used 5365K, capacity 5736K, committed 5808K, reserved 1048576K
}
Event: 12.613 GC heap before
{Heap before GC invocations=11 (full 2):
 PSYoungGen      total 179200K, used 178933K [0x00000000d5580000, 0x00000000e2800000, 0x0000000100000000)
  eden space 169472K, 100% used [0x00000000d5580000,0x00000000dfb00000,0x00000000dfb00000)
  from space 9728K, 97% used [0x00000000e1e80000,0x00000000e27bd5a8,0x00000000e2800000)
  to   space 11776K, 0% used [0x00000000e1100000,0x00000000e1100000,0x00000000e1c80000)
 ParOldGen       total 134144K, used 14652K [0x0000000080000000, 0x0000000088300000, 0x00000000d5580000)
  object space 134144K, 10% used [0x0000000080000000,0x0000000080e4f0f0,0x0000000088300000)
 Metaspace       used 54381K, capacity 56572K, committed 56872K, reserved 1097728K
  class space    used 7399K, capacity 7865K, committed 7984K, reserved 1048576K
Event: 12.639 GC heap after
Heap after GC invocations=11 (full 2):
 PSYoungGen      total 203776K, used 11748K [0x00000000d5580000, 0x00000000e5180000, 0x0000000100000000)
  eden space 192000K, 0% used [0x00000000d5580000,0x00000000d5580000,0x00000000e1100000)
  from space 11776K, 99% used [0x00000000e1100000,0x00000000e1c79330,0x00000000e1c80000)
  to   space 18432K, 0% used [0x00000000e3f80000,0x00000000e3f80000,0x00000000e5180000)
 ParOldGen       total 134144K, used 29525K [0x0000000080000000, 0x0000000088300000, 0x00000000d5580000)
  object space 134144K, 22% used [0x0000000080000000,0x0000000081cd5540,0x0000000088300000)
 Metaspace       used 54381K, capacity 56572K, committed 56872K, reserved 1097728K
  class space    used 7399K, capacity 7865K, committed 7984K, reserved 1048576K
}
Event: 13.364 GC heap before
{Heap before GC invocations=12 (full 2):
 PSYoungGen      total 203776K, used 67186K [0x00000000d5580000, 0x00000000e5180000, 0x0000000100000000)
  eden space 192000K, 28% used [0x00000000d5580000,0x00000000d8ba36b0,0x00000000e1100000)
  from space 11776K, 99% used [0x00000000e1100000,0x00000000e1c79330,0x00000000e1c80000)
  to   space 18432K, 0% used [0x00000000e3f80000,0x00000000e3f80000,0x00000000e5180000)
 ParOldGen       total 134144K, used 29525K [0x0000000080000000, 0x0000000088300000, 0x00000000d5580000)
  object space 134144K, 22% used [0x0000000080000000,0x0000000081cd5540,0x0000000088300000)
 Metaspace       used 56688K, capacity 59050K, committed 59160K, reserved 1099776K
  class space    used 7762K, capacity 8227K, committed 8240K, reserved 1048576K
Event: 13.387 GC heap after
Heap after GC invocations=12 (full 2):
 PSYoungGen      total 239616K, used 12617K [0x00000000d5580000, 0x00000000e7280000, 0x0000000100000000)
  eden space 221184K, 0% used [0x00000000d5580000,0x00000000d5580000,0x00000000e2d80000)
  from space 18432K, 68% used [0x00000000e3f80000,0x00000000e4bd2520,0x00000000e5180000)
  to   space 18432K, 0% used [0x00000000e2d80000,0x00000000e2d80000,0x00000000e3f80000)
 ParOldGen       total 134144K, used 33779K [0x0000000080000000, 0x0000000088300000, 0x00000000d5580000)
  object space 134144K, 25% used [0x0000000080000000,0x00000000820fccd0,0x0000000088300000)
 Metaspace       used 56688K, capacity 59050K, committed 59160K, reserved 1099776K
  class space    used 7762K, capacity 8227K, committed 8240K, reserved 1048576K
}
Event: 13.388 GC heap before
{Heap before GC invocations=13 (full 3):
 PSYoungGen      total 239616K, used 12617K [0x00000000d5580000, 0x00000000e7280000, 0x0000000100000000)
  eden space 221184K, 0% used [0x00000000d5580000,0x00000000d5580000,0x00000000e2d80000)
  from space 18432K, 68% used [0x00000000e3f80000,0x00000000e4bd2520,0x00000000e5180000)
  to   space 18432K, 0% used [0x00000000e2d80000,0x00000000e2d80000,0x00000000e3f80000)
 ParOldGen       total 134144K, used 33779K [0x0000000080000000, 0x0000000088300000, 0x00000000d5580000)
  object space 134144K, 25% used [0x0000000080000000,0x00000000820fccd0,0x0000000088300000)
 Metaspace       used 56688K, capacity 59050K, committed 59160K, reserved 1099776K
  class space    used 7762K, capacity 8227K, committed 8240K, reserved 1048576K
Event: 13.762 GC heap after
Heap after GC invocations=13 (full 3):
 PSYoungGen      total 239616K, used 0K [0x00000000d5580000, 0x00000000e7280000, 0x0000000100000000)
  eden space 221184K, 0% used [0x00000000d5580000,0x00000000d5580000,0x00000000e2d80000)
  from space 18432K, 0% used [0x00000000e3f80000,0x00000000e3f80000,0x00000000e5180000)
  to   space 18432K, 0% used [0x00000000e2d80000,0x00000000e2d80000,0x00000000e3f80000)
 ParOldGen       total 214016K, used 43326K [0x0000000080000000, 0x000000008d100000, 0x00000000d5580000)
  object space 214016K, 20% used [0x0000000080000000,0x0000000082a4fa00,0x000000008d100000)
 Metaspace       used 56668K, capacity 58984K, committed 59160K, reserved 1099776K
  class space    used 7756K, capacity 8216K, committed 8240K, reserved 1048576K
}

Deoptimization events (10 events):
Event: 13.195 Thread 0x000000001cd1d800 Uncommon trap: reason=unstable_if action=reinterpret pc=0x00000000042c3a70 method=java.util.HashMap.getNode(ILjava/lang/Object;)Ljava/util/HashMap$Node; @ 84
Event: 13.195 Thread 0x000000001cd1d800 Uncommon trap: reason=unstable_if action=reinterpret pc=0x00000000042a48e4 method=java.util.HashMap.getNode(ILjava/lang/Object;)Ljava/util/HashMap$Node; @ 84
Event: 13.230 Thread 0x000000001cd1d800 Uncommon trap: reason=unstable_if action=reinterpret pc=0x0000000003d99400 method=java.io.WinNTFileSystem.normalize(Ljava/lang/String;)Ljava/lang/String; @ 74
Event: 13.230 Thread 0x000000001cd1d800 Uncommon trap: reason=unstable_if action=reinterpret pc=0x00000000039af46c method=java.io.WinNTFileSystem.normalize(Ljava/lang/String;II)Ljava/lang/String; @ 103
Event: 13.850 Thread 0x000000001cd1d800 Uncommon trap: reason=unstable_if action=reinterpret pc=0x00000000042029b4 method=java.util.Properties$LineReader.readLine()I @ 37
Event: 13.850 Thread 0x000000001cd1d800 Uncommon trap: reason=unstable_if action=reinterpret pc=0x00000000038f8108 method=java.util.Properties$LineReader.readLine()I @ 105
Event: 13.905 Thread 0x000000001cd1d800 Uncommon trap: reason=bimorphic action=maybe_recompile pc=0x0000000003a0e3d4 method=java.util.regex.Pattern$5.isSatisfiedBy(I)Z @ 16
Event: 13.905 Thread 0x000000001cd1d800 Uncommon trap: reason=bimorphic action=maybe_recompile pc=0x0000000003a0e3d4 method=java.util.regex.Pattern$5.isSatisfiedBy(I)Z @ 16
Event: 13.905 Thread 0x000000001cd1d800 Uncommon trap: reason=bimorphic action=maybe_recompile pc=0x0000000003a0e3d4 method=java.util.regex.Pattern$5.isSatisfiedBy(I)Z @ 16
Event: 13.905 Thread 0x000000001cd1d800 Uncommon trap: reason=bimorphic action=maybe_recompile pc=0x0000000003a0e3d4 method=java.util.regex.Pattern$5.isSatisfiedBy(I)Z @ 16

Classes redefined (0 events):
No events

Internal exceptions (10 events):
Event: 13.095 Thread 0x000000001cd1d800 Exception <a 'java/lang/ClassNotFoundException': com/google/android/gms/dependencies/DependencyInspectorCustomizer> (0x00000000d79db140) thrown at [C:\src\AOSP-openjdk-git\hotspot\src\share\vm\classfile\systemDictionary.cpp, line 210]
Event: 13.099 Thread 0x000000001cd1d800 Exception <a 'java/lang/ClassNotFoundException': org/gradle/invocation/DefaultGradle_DecoratedBeanInfo> (0x00000000d7a4b4c8) thrown at [C:\src\AOSP-openjdk-git\hotspot\src\share\vm\classfile\systemDictionary.cpp, line 210]
Event: 13.099 Thread 0x000000001cd1d800 Exception <a 'java/lang/ClassNotFoundException': org/gradle/invocation/DefaultGradleBeanInfo> (0x00000000d7a61ec0) thrown at [C:\src\AOSP-openjdk-git\hotspot\src\share\vm\classfile\systemDictionary.cpp, line 210]
Event: 13.100 Thread 0x000000001cd1d800 Exception <a 'java/lang/ClassNotFoundException': org/gradle/invocation/DefaultGradleCustomizer> (0x00000000d7a78ed8) thrown at [C:\src\AOSP-openjdk-git\hotspot\src\share\vm\classfile\systemDictionary.cpp, line 210]
Event: 13.102 Thread 0x000000001cd1d800 Exception <a 'java/lang/ClassNotFoundException': org/gradle/invocation/DefaultGradle_DecoratedCustomizer> (0x00000000d7ada560) thrown at [C:\src\AOSP-openjdk-git\hotspot\src\share\vm\classfile\systemDictionary.cpp, line 210]
Event: 13.282 Thread 0x000000001cd1d800 Exception <a 'java/lang/NoSuchMethodError': java.lang.Object.lambda$static$0(Lorg/gradle/api/internal/tasks/TaskDependencyResolveContext;)V> (0x00000000d83e2bc8) thrown at [C:\src\AOSP-openjdk-git\hotspot\src\share\vm\interpreter\linkResolver.cpp, line 62
Event: 13.850 Thread 0x000000001cd1d800 Implicit null exception at 0x00000000038f77bb to 0x00000000038f8099
Event: 13.873 Thread 0x000000001cd1d800 Exception <a 'sun/nio/fs/WindowsException'> (0x00000000d5b090a0) thrown at [C:\src\AOSP-openjdk-git\hotspot\src\share\vm\prims\jni.cpp, line 710]
Event: 13.962 Thread 0x000000001cd1d800 Exception <a 'java/lang/ClassNotFoundException': com/sun/org/glassfish/hk2/osgiresourcelocator/ServiceLoader> (0x00000000d5f15f20) thrown at [C:\src\AOSP-openjdk-git\hotspot\src\share\vm\classfile\systemDictionary.cpp, line 210]
Event: 14.021 Thread 0x000000001cd1d800 Exception <a 'java/lang/NullPointerException'> (0x00000000d639c9f8) thrown at [C:\src\AOSP-openjdk-git\hotspot\src\share\vm\interpreter\linkResolver.cpp, line 1287]

Events (10 events):
Event: 14.113 loading class com/sun/xml/bind/v2/model/core/AttributePropertyInfo
Event: 14.113 loading class com/sun/xml/bind/v2/model/core/AttributePropertyInfo done
Event: 14.114 loading class com/sun/xml/bind/v2/model/impl/SingleTypePropertyInfoImpl
Event: 14.114 loading class com/sun/xml/bind/v2/model/impl/SingleTypePropertyInfoImpl done
Event: 14.114 loading class com/sun/xml/bind/v2/model/impl/RuntimeAttributePropertyInfoImpl
Event: 14.114 loading class com/sun/xml/bind/v2/model/impl/RuntimeAttributePropertyInfoImpl done
Event: 14.115 loading class com/sun/xml/bind/v2/model/runtime/RuntimeAttributePropertyInfo
Event: 14.115 loading class com/sun/xml/bind/v2/model/runtime/RuntimeAttributePropertyInfo done
Event: 14.115 loading class com/sun/xml/bind/v2/model/impl/MapPropertyInfoImpl
Event: 14.115 loading class com/sun/xml/bind/v2/model/impl/MapPropertyInfoImpl done


Dynamic libraries:
0x00007ff7bc220000 - 0x00007ff7bc251000 	C:\Program Files\Android\Android Studio\jre\bin\java.exe
0x00007ffba64b0000 - 0x00007ffba66a5000 	C:\WINDOWS\SYSTEM32\ntdll.dll
0x00007ffba6380000 - 0x00007ffba643d000 	C:\WINDOWS\System32\KERNEL32.DLL
0x00007ffba3f20000 - 0x00007ffba41e7000 	C:\WINDOWS\System32\KERNELBASE.dll
0x00007ffba5a80000 - 0x00007ffba5b2a000 	C:\WINDOWS\System32\ADVAPI32.dll
0x00007ffba60c0000 - 0x00007ffba615e000 	C:\WINDOWS\System32\msvcrt.dll
0x00007ffba61c0000 - 0x00007ffba625b000 	C:\WINDOWS\System32\sechost.dll
0x00007ffba47f0000 - 0x00007ffba4913000 	C:\WINDOWS\System32\RPCRT4.dll
0x00007ffba4650000 - 0x00007ffba47f0000 	C:\WINDOWS\System32\USER32.dll
0x00007ffba3c00000 - 0x00007ffba3c22000 	C:\WINDOWS\System32\win32u.dll
0x00007ffba62d0000 - 0x00007ffba62fa000 	C:\WINDOWS\System32\GDI32.dll
0x00007ffba3c30000 - 0x00007ffba3d3a000 	C:\WINDOWS\System32\gdi32full.dll
0x00007ffba4320000 - 0x00007ffba43bd000 	C:\WINDOWS\System32\msvcp_win.dll
0x00007ffba3d40000 - 0x00007ffba3e40000 	C:\WINDOWS\System32\ucrtbase.dll
0x00007ffb8df00000 - 0x00007ffb8e19a000 	C:\WINDOWS\WinSxS\amd64_microsoft.windows.common-controls_6595b64144ccf1df_6.0.19041.1_none_b555e41d4684ddec\COMCTL32.dll
0x00007ffba6440000 - 0x00007ffba6470000 	C:\WINDOWS\System32\IMM32.DLL
0x0000000060940000 - 0x0000000060a12000 	C:\Program Files\Android\Android Studio\jre\jre\bin\msvcr100.dll
0x000000005fde0000 - 0x000000006062b000 	C:\Program Files\Android\Android Studio\jre\jre\bin\server\jvm.dll
0x00007ffba6260000 - 0x00007ffba6268000 	C:\WINDOWS\System32\PSAPI.DLL
0x00007ffb82150000 - 0x00007ffb82159000 	C:\WINDOWS\SYSTEM32\WSOCK32.dll
0x00007ffb8e350000 - 0x00007ffb8e377000 	C:\WINDOWS\SYSTEM32\WINMM.dll
0x00007ffb9d140000 - 0x00007ffb9d14a000 	C:\WINDOWS\SYSTEM32\VERSION.dll
0x00007ffba5be0000 - 0x00007ffba5c4b000 	C:\WINDOWS\System32\WS2_32.dll
0x00007ffb8aaa0000 - 0x00007ffb8aaaf000 	C:\Program Files\Android\Android Studio\jre\jre\bin\verify.dll
0x00007ffb74400000 - 0x00007ffb74429000 	C:\Program Files\Android\Android Studio\jre\jre\bin\java.dll
0x00007ffb6c790000 - 0x00007ffb6c7a6000 	C:\Program Files\Android\Android Studio\jre\jre\bin\zip.dll
0x00007ffba5340000 - 0x00007ffba5a80000 	C:\WINDOWS\System32\SHELL32.dll
0x00007ffba1d80000 - 0x00007ffba2511000 	C:\WINDOWS\SYSTEM32\windows.storage.dll
0x00007ffba4fe0000 - 0x00007ffba5333000 	C:\WINDOWS\System32\combase.dll
0x00007ffba3680000 - 0x00007ffba36ac000 	C:\WINDOWS\SYSTEM32\Wldp.dll
0x00007ffba5b30000 - 0x00007ffba5bde000 	C:\WINDOWS\System32\SHCORE.dll
0x00007ffba6160000 - 0x00007ffba61b5000 	C:\WINDOWS\System32\shlwapi.dll
0x00007ffba3b40000 - 0x00007ffba3b5f000 	C:\WINDOWS\SYSTEM32\profapi.dll
0x00007ffb6c770000 - 0x00007ffb6c78a000 	C:\Program Files\Android\Android Studio\jre\jre\bin\net.dll
0x00007ffba3400000 - 0x00007ffba346a000 	C:\WINDOWS\system32\mswsock.dll
0x00007ffb6c750000 - 0x00007ffb6c763000 	C:\Program Files\Android\Android Studio\jre\jre\bin\nio.dll
0x00007ffb40c40000 - 0x00007ffb40c67000 	C:\Users\WILLY\.gradle\native\f6784746aeab05261644944871eae4fe03e0ef1612fff0a4a95f87b438bc6780\windows-amd64\native-platform.dll
0x00007ffb87870000 - 0x00007ffb8787d000 	C:\Program Files\Android\Android Studio\jre\jre\bin\management.dll
0x00007ffba35e0000 - 0x00007ffba35f8000 	C:\WINDOWS\SYSTEM32\CRYPTSP.dll
0x00007ffba2d20000 - 0x00007ffba2d54000 	C:\WINDOWS\system32\rsaenh.dll
0x00007ffba3e40000 - 0x00007ffba3e67000 	C:\WINDOWS\System32\bcrypt.dll
0x00007ffba3b00000 - 0x00007ffba3b2e000 	C:\WINDOWS\SYSTEM32\USERENV.dll
0x00007ffba42a0000 - 0x00007ffba431f000 	C:\WINDOWS\System32\bcryptprimitives.dll
0x00007ffba35d0000 - 0x00007ffba35dc000 	C:\WINDOWS\SYSTEM32\CRYPTBASE.dll
0x00007ffba30a0000 - 0x00007ffba30db000 	C:\WINDOWS\SYSTEM32\IPHLPAPI.DLL
0x00007ffba5c60000 - 0x00007ffba5c69000 	C:\WINDOWS\System32\NSI.dll
0x00007ffb94fd0000 - 0x00007ffb94fe7000 	C:\WINDOWS\SYSTEM32\dhcpcsvc6.DLL
0x00007ffb95010000 - 0x00007ffb9502d000 	C:\WINDOWS\SYSTEM32\dhcpcsvc.DLL
0x00007ffba30f0000 - 0x00007ffba31ba000 	C:\WINDOWS\SYSTEM32\DNSAPI.dll
0x00007ffb97a50000 - 0x00007ffb97a5b000 	C:\WINDOWS\SYSTEM32\WINNSI.DLL

VM Arguments:
jvm_args: -Xmx2048m -Dfile.encoding=UTF-8 -Duser.country=US -Duser.language=en -Duser.variant 
java_command: org.gradle.launcher.daemon.bootstrap.GradleDaemon 6.5
java_class_path (initial): C:\Users\WILLY\.gradle\wrapper\dists\gradle-6.5-bin\6nifqtx7604sqp1q6g8wikw7p\gradle-6.5\lib\gradle-launcher-6.5.jar
Launcher Type: SUN_STANDARD

Environment Variables:
PATH=C:\Program Files (x86)\Common Files\Oracle\Java\javapath;C:\Python38\Scripts\;C:\Python38\;C:\WINDOWS\system32;C:\WINDOWS;C:\WINDOWS\System32\Wbem;C:\WINDOWS\System32\WindowsPowerShell\v1.0\;C:\WINDOWS\System32\OpenSSH\;C:\ProgramData\chocolatey\bin;C:\Program Files\nodejs\;C:\Program Files\TortoiseSVN\bin;C:\Program Files\VisualSVN Server\bin;C:\Program Files\Inkscape\bin;C:\Program Files\Git\cmd;C:\Users\WILLY\AppData\Local\Microsoft\WindowsApps;C:\Users\WILLY\AppData\Local\Programs\Microsoft VS Code\bin;C:\Users\WILLY\AppData\Roaming\npm;C:\Users\WILLY\AppData\Local\GitHubDesktop\bin;C:\Users\WILLY\AppData\Local\Android\Sdk\platform-tools;
USERNAME=WILLY
OS=Windows_NT
PROCESSOR_IDENTIFIER=Intel64 Family 6 Model 142 Stepping 11, GenuineIntel



---------------  S Y S T E M  ---------------

OS: Windows 10.0 , 64 bit Build 19041 (10.0.19041.292)

CPU:total 8 (initial active 8) (4 cores per cpu, 2 threads per core) family 6 model 142 stepping 11, cmov, cx8, fxsr, mmx, sse, sse2, sse3, ssse3, sse4.1, sse4.2, popcnt, avx, avx2, aes, clmul, erms, 3dnowpref, lzcnt, ht, tsc, tscinvbit, bmi1, bmi2, adx

Memory: 4k page, physical 16644896k(5494372k free), swap 18180896k(5128k free)

vm_info: OpenJDK 64-Bit Server VM (25.242-b01) for windows-amd64 JRE (1.8.0_242-release-1644-b01), built by "builder" with MS VC++ 10.0 (VS2010)

time: Thu Jan 21 18:55:52 2021
timezone: E. Africa Standard Time
elapsed time: 14 seconds (0d 0h 0m 14s)

